[18:32:19] [main/INFO]: Loading for game Minecraft 1.16.4
[18:32:20] [ForkJoinPool-1-worker-1/WARN]: The mod "autoconfig1u" contains invalid entries in its mod json:
- Unsupported root entry "$schema" at line 2 column 14
[18:32:20] [main/INFO]: [FabricLoader] Loading 48 mods: fabric-renderer-api-v1@0.3.3+a4467d2a95, minecraft@1.16.4, fabric-screen-handler-api-v1@1.1.0+8724984195, fabric-networking-blockentity-v0@0.2.5+b50ffc7b95, fabric-keybindings-v0@0.2.0+3fa9f7c595, cloth-basic-math@0.5.1, fabric-command-api-v1@1.0.9+a4467d2a95, fabricloader@0.10.6+build.214, fabric-tool-attribute-api-v1@1.2.4+2b46237995, fabric-structure-api-v1@1.1.0+f8ac1db295, fabric-renderer-indigo@0.4.3+a4467d2a95, fabric-containers-v0@0.1.8+045df74f95, fabric-object-builder-api-v1@1.9.2+a89534ab95, fabric-item-api-v1@1.2.0+f8ac1db295, fabric-events-interaction-v0@0.4.1+f8ac1db295, fabric-crash-report-info-v1@0.1.2+b7f9825d95, fabric-game-rule-api-v1@1.0.3+a4467d2a95, fabric-api-base@0.2.0+9f0fb4b895, fabric-rendering-v0@1.1.1+f8ac1db295, fabric-rendering-v1@1.3.1+f8ac1db295, fabric-key-binding-api-v1@1.0.1+730711c695, cloth-config2@4.8.1, fabric-rendering-data-attachment-v1@0.1.4+f8ac1db295, autoconfig1u@3.2.2, fabric-resource-loader-v0@0.3.1+facf3bbf95, cloth-dynamic-registry-api-v1@1.4.8, fabric-textures-v0@1.0.5+a4467d2a95, fabric-content-registries-v0@0.1.9+059ea86695, fabric-tag-extensions-v0@1.0.3+ac8e8c5995, fabric-rendering-fluids-v1@0.1.12+f8ac1db295, fabric-biome-api-v1@3.0.0+8367596d95, fabric-registry-sync-v0@0.6.1+a4467d2a95, fabric-commands-v0@0.2.0+52d3083695, fabric-blockrenderlayer-v1@1.1.4+c6a8ea8995, fabric-lifecycle-events-v1@1.2.0+74cc3b2095, vanillaenhanced@1.3.0, fabric-mining-levels-v0@0.1.2+b764ce9995, fabric-renderer-registries-v1@2.2.0+f8ac1db295, fabric-loot-tables-v1@1.0.1+432ea18895, carpet-extra@1.4.14, fabric-events-lifecycle-v0@0.2.0+16acbe5b95, fabric@0.25.0+build.415-1.16, carpet@1.4.12, fabric-particles-v1@0.2.2+fb0d9b0e95, fabric-models-v0@0.1.1+f8ac1db295, fabric-item-groups-v0@0.2.1+a4467d2a95, fabric-networking-v0@0.1.10+e00ecb5f95, fabric-object-builders-v0@0.7.1+a4467d2a95
[18:32:20] [main/INFO]: SpongePowered MIXIN Subsystem Version=0.8.2 Source=file:/C:/Users/bjartur2004/gits/Raudrofur/server%20-1.16.4%20carpetmod/fabric-server-launch.jar Service=Knot/Fabric Env=SERVER
[18:32:29] [main/INFO]: [VanillaEnhanced] Hello there.
[18:32:30] [main/INFO]: Environment: authHost='https://authserver.mojang.com', accountsHost='https://api.mojang.com', sessionHost='https://sessionserver.mojang.com', servicesHost='https://api.minecraftservices.com', name='PROD'
[18:32:32] [main/WARN]: Ambiguity between arguments [teleport, destination] and [teleport, targets] with inputs: [Player, 0123, @e, dd12be42-52a9-4a91-a8a1-11c01849e498]
[18:32:32] [main/WARN]: Ambiguity between arguments [teleport, location] and [teleport, destination] with inputs: [0.1 -0.5 .9, 0 0 0]
[18:32:32] [main/WARN]: Ambiguity between arguments [teleport, location] and [teleport, targets] with inputs: [0.1 -0.5 .9, 0 0 0]
[18:32:32] [main/WARN]: Ambiguity between arguments [teleport, targets] and [teleport, destination] with inputs: [Player, 0123, dd12be42-52a9-4a91-a8a1-11c01849e498]
[18:32:32] [main/WARN]: Ambiguity between arguments [teleport, targets, location] and [teleport, targets, destination] with inputs: [0.1 -0.5 .9, 0 0 0]
[18:32:32] [main/INFO]: Reloading ResourceManager: Default, Fabric Tool Attribute API (v1), VanillaEnhanced, Tools v. Luki2811, Tools by Luki2811, raudrofur.zip
[18:32:34] [Worker-Main-6/INFO]: Loaded 7 recipes
[18:32:34] [Worker-Main-6/ERROR]: Couldn't load function tag minecraft:tick as it is missing following references: example:loop (from raudrofur.zip)
[18:32:34] [Worker-Main-6/INFO]: Loaded 927 advancements
[18:32:35] [main/INFO]: Applied 0 biome modifications to 0 of 85 new biomes in 1.555 ms
[18:32:35] [Server thread/INFO]: Starting minecraft server version 1.16.4
[18:32:35] [Server thread/INFO]: Loading properties
[18:32:35] [Server thread/INFO]: Default game type: SURVIVAL
[18:32:36] [Server thread/INFO]: Generating keypair
[18:32:36] [Server thread/INFO]: Starting Minecraft server on *:25565
[18:32:36] [Server thread/INFO]: Using default channel type
[18:32:39] [Server thread/INFO]: Preparing level "world"
[18:32:39] [Server thread/INFO]: [CM]: loaded setting carpets as true from carpet.conf
[18:32:39] [Server thread/INFO]: [CM]: loaded setting combineXPOrbs as true from carpet.conf
[18:32:39] [Server thread/INFO]: [CM]: loaded setting fastRedstoneDust as true from carpet.conf
[18:32:39] [Server thread/INFO]: [CM]: loaded setting rotatorBlock as true from carpet.conf
[18:32:39] [Server thread/INFO]: [CM]: loaded setting renewableBlackstone as true from carpet.conf
[18:32:39] [Server thread/INFO]: [CM]: loaded setting renewableSponges as true from carpet.conf
[18:32:39] [Server thread/INFO]: [CM]: loaded setting desertShrubs as true from carpet.conf
[18:32:39] [Server thread/INFO]: [CM]: loaded setting missingTools as true from carpet.conf
[18:32:39] [Server thread/INFO]: [CM]: loaded setting hopperCounters as true from carpet.conf
[18:32:39] [Server thread/INFO]: [CM]: loaded setting maxEntityCollisions as 2 from carpet.conf
[18:32:39] [Server thread/INFO]: [CM]: loaded setting commandSpawn as true from carpet.conf
[18:32:39] [Server thread/INFO]: [CM]: loaded setting movableBlockEntities as true from carpet.conf
[18:32:39] [Server thread/INFO]: [CM]: loaded setting accurateBlockPlacement as true from carpet.conf
[18:32:39] [Server thread/INFO]: [CM]: loaded setting huskSpawningInTemples as true from carpet.conf
[18:32:39] [Server thread/INFO]: [CM]: loaded setting renewableCoral as true from carpet.conf
[18:32:39] [Server thread/INFO]: [CM]: loaded setting shulkerSpawningInEndCities as true from carpet.conf
[18:32:39] [Server thread/INFO]: [CM]: loaded setting stackableShulkerBoxes as true from carpet.conf
[18:32:39] [Server thread/INFO]: [CM]: loaded setting onePlayerSleeping as true from carpet.conf
[18:32:39] [Server thread/INFO]: [CM]: loaded setting dispenserPlacesBlocks as true from carpet.conf
[18:32:39] [Server thread/INFO]: [CM]: loaded setting commandTick as ops from carpet.conf
[18:32:39] [Server thread/INFO]: [CM]: loaded setting commandDraw as false from carpet.conf
[18:32:39] [Server thread/INFO]: [CM]: loaded setting portalSurvivalDelay as 1 from carpet.conf
[18:32:39] [Server thread/INFO]: [CM]: loaded setting commandScript as false from carpet.conf
[18:32:39] [Server thread/INFO]: [CM]: loaded setting persistentParrots as true from carpet.conf
[18:32:39] [Server thread/INFO]: [CM]: loaded setting flippinCactus as true from carpet.conf
[18:32:39] [Server thread/INFO]: [CM]: loaded setting lagFreeSpawning as true from carpet.conf
[18:32:39] [Server thread/INFO]: Preparing start region for dimension minecraft:overworld
[18:32:40] [Server thread/INFO]: Preparing spawn area: 0%
[18:32:40] [Server thread/INFO]: Preparing spawn area: 0%
[18:32:40] [Server thread/INFO]: Preparing spawn area: 0%
[18:32:41] [Server thread/INFO]: Preparing spawn area: 1%
[18:32:42] [Server thread/INFO]: Time elapsed: 2415 ms
[18:32:42] [Server thread/INFO]: Done (2.824s)! For help, type "help"
[19:01:03] [User Authenticator #1/INFO]: UUID of player SKAF_PathFinder is 9028ab8d-5e35-442a-a961-4e2492618936
[19:01:03] [Server thread/INFO]: SKAF_PathFinder[/85.220.31.107:53312] logged in with entity id 74 at (-447.3192487809569, 63.0, 857.0689266787228)
[19:01:03] [Server thread/INFO]: SKAF_PathFinder joined the game
[20:02:05] [Server thread/INFO]: SKAF_PathFinder lost connection: Disconnected
[20:02:05] [Server thread/INFO]: SKAF_PathFinder left the game
[20:06:10] [User Authenticator #2/INFO]: UUID of player SKAF_PathFinder is 9028ab8d-5e35-442a-a961-4e2492618936
[20:06:10] [Server thread/INFO]: SKAF_PathFinder[/85.220.31.107:53660] logged in with entity id 6781 at (-410.13414521878076, 64.0, 783.1257410830568)
[20:06:10] [Server thread/INFO]: SKAF_PathFinder joined the game
[20:15:42] [User Authenticator #3/INFO]: UUID of player Hvaaaaluuuurr is eb1b0cb2-26c9-4a4c-ba99-e12080ea53db
[20:15:42] [Server thread/INFO]: Disconnecting com.mojang.authlib.GameProfile@178d2741[id=eb1b0cb2-26c9-4a4c-ba99-e12080ea53db,name=Hvaaaaluuuurr,properties={textures=[com.mojang.authlib.properties.Property@55327bae]},legacy=false] (/185.92.26.225:53146): You are banned from this server.
Reason: java.ConnectException; Connection refused;
[20:15:42] [Server thread/INFO]: com.mojang.authlib.GameProfile@178d2741[id=eb1b0cb2-26c9-4a4c-ba99-e12080ea53db,name=Hvaaaaluuuurr,properties={textures=[com.mojang.authlib.properties.Property@55327bae]},legacy=false] (/185.92.26.225:53146) lost connection: You are banned from this server.
Reason: java.ConnectException; Connection refused;
[20:18:11] [Server thread/INFO]: SKAF_PathFinder lost connection: Disconnected
[20:18:11] [Server thread/INFO]: SKAF_PathFinder left the game
[20:18:45] [User Authenticator #4/INFO]: UUID of player SKAF_PathFinder is 9028ab8d-5e35-442a-a961-4e2492618936
[20:18:45] [Server thread/INFO]: SKAF_PathFinder[/85.220.31.107:53725] logged in with entity id 9982 at (-400.2926870623996, 63.0, 817.9280793861029)
[20:18:45] [Server thread/INFO]: SKAF_PathFinder joined the game
[20:41:19] [Server thread/INFO]: SKAF_PathFinder lost connection: Disconnected
[20:41:19] [Server thread/INFO]: SKAF_PathFinder left the game
[21:02:14] [User Authenticator #5/INFO]: UUID of player _RedHeroGamer_ is 3e9f1702-7662-4b7b-b0f2-fd5432a772eb
[21:02:14] [Server thread/INFO]: _RedHeroGamer_[/89.160.216.16:53382] logged in with entity id 12845 at (-209.82808142362322, 31.0, 904.5082560735185)
[21:02:14] [Server thread/INFO]: _RedHeroGamer_ joined the game
[21:03:15] [Server thread/WARN]: Fetching packet for removed entity class_1542['Golden Sword'/14004, l='ServerLevel[world]', x=-28.73, y=76.00, z=82.05]
[21:04:56] [Server thread/INFO]: _RedHeroGamer_ lost connection: Disconnected
[21:04:56] [Server thread/INFO]: _RedHeroGamer_ left the game
