[17:52:26] [main/INFO]: Loading for game Minecraft 1.16.4
[17:52:27] [ForkJoinPool-1-worker-1/WARN]: The mod "autoconfig1u" contains invalid entries in its mod json:
- Unsupported root entry "$schema" at line 2 column 14
[17:52:28] [main/INFO]: [FabricLoader] Loading 48 mods: fabric-renderer-api-v1@0.3.3+a4467d2a95, minecraft@1.16.4, fabric-screen-handler-api-v1@1.1.0+8724984195, fabric-networking-blockentity-v0@0.2.5+b50ffc7b95, fabric-keybindings-v0@0.2.0+3fa9f7c595, cloth-basic-math@0.5.1, fabric-command-api-v1@1.0.9+a4467d2a95, fabricloader@0.10.6+build.214, fabric-tool-attribute-api-v1@1.2.4+2b46237995, fabric-structure-api-v1@1.1.0+f8ac1db295, fabric-renderer-indigo@0.4.3+a4467d2a95, fabric-containers-v0@0.1.8+045df74f95, fabric-object-builder-api-v1@1.9.2+a89534ab95, fabric-item-api-v1@1.2.0+f8ac1db295, fabric-crash-report-info-v1@0.1.2+b7f9825d95, fabric-events-interaction-v0@0.4.1+f8ac1db295, fabric-game-rule-api-v1@1.0.3+a4467d2a95, fabric-api-base@0.2.0+9f0fb4b895, fabric-rendering-v0@1.1.1+f8ac1db295, fabric-rendering-v1@1.3.1+f8ac1db295, fabric-key-binding-api-v1@1.0.1+730711c695, cloth-config2@4.8.1, fabric-rendering-data-attachment-v1@0.1.4+f8ac1db295, autoconfig1u@3.2.2, fabric-resource-loader-v0@0.3.1+facf3bbf95, cloth-dynamic-registry-api-v1@1.4.8, fabric-textures-v0@1.0.5+a4467d2a95, fabric-content-registries-v0@0.1.9+059ea86695, fabric-tag-extensions-v0@1.0.3+ac8e8c5995, fabric-rendering-fluids-v1@0.1.12+f8ac1db295, fabric-biome-api-v1@3.0.0+8367596d95, fabric-registry-sync-v0@0.6.1+a4467d2a95, fabric-commands-v0@0.2.0+52d3083695, fabric-blockrenderlayer-v1@1.1.4+c6a8ea8995, fabric-lifecycle-events-v1@1.2.0+74cc3b2095, vanillaenhanced@1.3.0, fabric-mining-levels-v0@0.1.2+b764ce9995, fabric-renderer-registries-v1@2.2.0+f8ac1db295, fabric-loot-tables-v1@1.0.1+432ea18895, carpet-extra@1.4.14, fabric-events-lifecycle-v0@0.2.0+16acbe5b95, fabric@0.25.0+build.415-1.16, carpet@1.4.12, fabric-particles-v1@0.2.2+fb0d9b0e95, fabric-models-v0@0.1.1+f8ac1db295, fabric-item-groups-v0@0.2.1+a4467d2a95, fabric-networking-v0@0.1.10+e00ecb5f95, fabric-object-builders-v0@0.7.1+a4467d2a95
[17:52:28] [main/INFO]: SpongePowered MIXIN Subsystem Version=0.8.2 Source=file:/C:/Users/bjartur2004/gits/Raudrofur/server%20-1.16.4%20carpetmod/fabric-server-launch.jar Service=Knot/Fabric Env=SERVER
[17:52:37] [main/INFO]: [VanillaEnhanced] Hello there.
[17:52:38] [main/INFO]: Environment: authHost='https://authserver.mojang.com', accountsHost='https://api.mojang.com', sessionHost='https://sessionserver.mojang.com', servicesHost='https://api.minecraftservices.com', name='PROD'
[17:52:39] [main/WARN]: Ambiguity between arguments [teleport, destination] and [teleport, targets] with inputs: [Player, 0123, @e, dd12be42-52a9-4a91-a8a1-11c01849e498]
[17:52:39] [main/WARN]: Ambiguity between arguments [teleport, location] and [teleport, destination] with inputs: [0.1 -0.5 .9, 0 0 0]
[17:52:39] [main/WARN]: Ambiguity between arguments [teleport, location] and [teleport, targets] with inputs: [0.1 -0.5 .9, 0 0 0]
[17:52:39] [main/WARN]: Ambiguity between arguments [teleport, targets] and [teleport, destination] with inputs: [Player, 0123, dd12be42-52a9-4a91-a8a1-11c01849e498]
[17:52:39] [main/WARN]: Ambiguity between arguments [teleport, targets, location] and [teleport, targets, destination] with inputs: [0.1 -0.5 .9, 0 0 0]
[17:52:39] [main/INFO]: Reloading ResourceManager: Default, Fabric Tool Attribute API (v1), VanillaEnhanced
[17:52:40] [Worker-Main-5/INFO]: Loaded 7 recipes
[17:52:41] [Worker-Main-5/INFO]: Loaded 927 advancements
[17:52:42] [main/INFO]: Applied 0 biome modifications to 0 of 85 new biomes in 1.221 ms
[17:52:42] [Server thread/INFO]: Starting minecraft server version 1.16.4
[17:52:42] [Server thread/INFO]: Loading properties
[17:52:42] [Server thread/INFO]: Default game type: SURVIVAL
[17:52:42] [Server thread/INFO]: Generating keypair
[17:52:42] [Server thread/INFO]: Starting Minecraft server on *:25565
[17:52:42] [Server thread/INFO]: Using default channel type
[17:52:43] [Server thread/INFO]: Preparing level "world"
[17:52:43] [Server thread/INFO]: [CM]: loaded setting huskSpawningInTemples as true from carpet.conf
[17:52:43] [Server thread/INFO]: [CM]: loaded setting renewableCoral as true from carpet.conf
[17:52:43] [Server thread/INFO]: [CM]: loaded setting shulkerSpawningInEndCities as true from carpet.conf
[17:52:43] [Server thread/INFO]: [CM]: loaded setting stackableShulkerBoxes as true from carpet.conf
[17:52:43] [Server thread/INFO]: [CM]: loaded setting onePlayerSleeping as true from carpet.conf
[17:52:43] [Server thread/INFO]: [CM]: loaded setting combineXPOrbs as true from carpet.conf
[17:52:43] [Server thread/INFO]: [CM]: loaded setting dispenserPlacesBlocks as true from carpet.conf
[17:52:43] [Server thread/INFO]: [CM]: loaded setting commandTick as ops from carpet.conf
[17:52:43] [Server thread/INFO]: [CM]: loaded setting fastRedstoneDust as true from carpet.conf
[17:52:43] [Server thread/INFO]: [CM]: loaded setting commandDraw as false from carpet.conf
[17:52:43] [Server thread/INFO]: [CM]: loaded setting rotatorBlock as true from carpet.conf
[17:52:43] [Server thread/INFO]: [CM]: loaded setting renewableBlackstone as true from carpet.conf
[17:52:43] [Server thread/INFO]: [CM]: loaded setting renewableSponges as true from carpet.conf
[17:52:43] [Server thread/INFO]: [CM]: loaded setting portalSurvivalDelay as 1 from carpet.conf
[17:52:43] [Server thread/INFO]: [CM]: loaded setting commandScript as false from carpet.conf
[17:52:43] [Server thread/INFO]: [CM]: loaded setting desertShrubs as true from carpet.conf
[17:52:43] [Server thread/INFO]: [CM]: loaded setting persistentParrots as true from carpet.conf
[17:52:43] [Server thread/INFO]: [CM]: loaded setting hopperCounters as true from carpet.conf
[17:52:43] [Server thread/INFO]: [CM]: loaded setting flippinCactus as true from carpet.conf
[17:52:43] [Server thread/INFO]: [CM]: loaded setting lagFreeSpawning as true from carpet.conf
[17:52:43] [Server thread/INFO]: [CM]: loaded setting maxEntityCollisions as 2 from carpet.conf
[17:52:43] [Server thread/INFO]: [CM]: loaded setting commandSpawn as false from carpet.conf
[17:52:43] [Server thread/INFO]: [CM]: loaded setting movableBlockEntities as true from carpet.conf
[17:52:44] [Server thread/INFO]: Preparing start region for dimension minecraft:overworld
[17:52:45] [Server thread/INFO]: Preparing spawn area: 0%
[17:52:45] [Server thread/INFO]: Preparing spawn area: 0%
[17:52:45] [Server thread/INFO]: Preparing spawn area: 0%
[17:52:45] [Server thread/INFO]: Preparing spawn area: 0%
[17:52:46] [Server thread/INFO]: Time elapsed: 2372 ms
[17:52:46] [Server thread/INFO]: Done (2.723s)! For help, type "help"
[17:53:04] [User Authenticator #1/INFO]: UUID of player SKAF_PathFinder is 9028ab8d-5e35-442a-a961-4e2492618936
[17:53:05] [Server thread/INFO]: SKAF_PathFinder[/85.220.31.107:52136] logged in with entity id 144 at (-249.15463559865773, 71.0, 660.7703881900862)
[17:53:05] [Server thread/INFO]: SKAF_PathFinder joined the game
[17:53:19] [User Authenticator #2/INFO]: UUID of player A11y_UwU is cdf70681-d8c8-4cdb-9b1a-97a236ce8b1a
[17:53:20] [Server thread/INFO]: A11y_UwU[/127.0.0.1:62798] logged in with entity id 454 at (-420.67195497136356, 74.0, 357.78169035796833)
[17:53:20] [Server thread/INFO]: A11y_UwU joined the game
[17:53:23] [Netty Server IO #5/INFO]: Player A11y_UwU joined with a matching carpet client
[17:53:29] [Server thread/WARN]: Can't keep up! Is the server overloaded? Running 2010ms or 40 ticks behind
[17:54:00] [Server thread/WARN]: Can't keep up! Is the server overloaded? Running 16658ms or 333 ticks behind
[17:56:53] [Server thread/INFO]: com.mojang.authlib.GameProfile@4e8c28[id=<null>,name=_Velmca,properties={},legacy=false] (/31.209.159.67:61909) lost connection: Disconnected
[17:57:23] [Server thread/INFO]: A11y_UwU has made the advancement [We Need to Go Deeper]
[17:57:23] [User Authenticator #3/INFO]: UUID of player _Velmca is 27220f5c-cf83-4471-b20b-abf6be098e56
[17:57:23] [Server thread/INFO]: _Velmca[/31.209.159.67:61945] logged in with entity id 1381 at (235.81228029401794, 68.0, -26.670879441083237)
[17:57:23] [Server thread/INFO]: _Velmca joined the game
[17:57:43] [Server thread/INFO]: A11y_UwU has completed the challenge [Return to Sender]
[17:58:08] [Server thread/WARN]: A11y_UwU moved too quickly! 0.4567175835941839,0.04353562014750878,10.297373014266832
[17:58:08] [Server thread/WARN]: Can't keep up! Is the server overloaded? Running 3702ms or 74 ticks behind
[18:06:36] [Server thread/WARN]: Can't keep up! Is the server overloaded? Running 2010ms or 40 ticks behind
[18:08:14] [Server thread/WARN]: A11y_UwU moved too quickly! -1.907191016750403,3.024424088213692,9.496836577370743
[18:08:14] [Server thread/WARN]: Can't keep up! Is the server overloaded? Running 3366ms or 67 ticks behind
[18:10:57] [Server thread/INFO]: _Velmca was slain by Zombie Villager
[18:11:57] [Server thread/INFO]: A11y_UwU lost connection: Disconnected
[18:11:57] [Server thread/INFO]: A11y_UwU left the game
[18:12:06] [User Authenticator #4/INFO]: UUID of player A11y_UwU is cdf70681-d8c8-4cdb-9b1a-97a236ce8b1a
[18:12:06] [Server thread/INFO]: A11y_UwU[/127.0.0.1:63895] logged in with entity id 7196 at (-235.1040573479443, 67.02442408821369, 472.83556414818776)
[18:12:06] [Server thread/INFO]: A11y_UwU joined the game
[18:12:07] [Netty Server IO #3/INFO]: Player A11y_UwU joined with a matching carpet client
[18:13:16] [Server thread/WARN]: A11y_UwU moved too quickly! -4.158159354484567,-0.24918707874468282,-9.31685704297837
[18:13:16] [Server thread/WARN]: Can't keep up! Is the server overloaded? Running 2448ms or 48 ticks behind
[18:15:25] [Server thread/INFO]: A11y_UwU lost connection: Disconnected
[18:15:25] [Server thread/INFO]: A11y_UwU left the game
[18:15:50] [User Authenticator #5/INFO]: UUID of player A11y_UwU is cdf70681-d8c8-4cdb-9b1a-97a236ce8b1a
[18:15:50] [Server thread/INFO]: A11y_UwU[/127.0.0.1:64130] logged in with entity id 8562 at (-454.3245182568641, 74.0, 311.50947850654904)
[18:15:50] [Server thread/INFO]: A11y_UwU joined the game
[18:15:51] [Netty Server IO #6/INFO]: Player A11y_UwU joined with a matching carpet client
[18:18:19] [Server thread/WARN]: SKAF_PathFinder moved too quickly! -8.353171794048762,0.41999998688697815,-5.666046751802924
[18:18:19] [Server thread/WARN]: A11y_UwU moved too quickly! 0.8989703318593456,-0.8378585789729982,-10.011032738479344
[18:18:19] [Server thread/WARN]: Can't keep up! Is the server overloaded? Running 3197ms or 63 ticks behind
[18:21:04] [Server thread/INFO]: SKAF_PathFinder lost connection: Disconnected
[18:21:04] [Server thread/INFO]: SKAF_PathFinder left the game
[18:23:21] [Server thread/WARN]: A11y_UwU moved too quickly! -9.734518307653332,-0.7522033402537289,2.421724611544107
[18:23:21] [Server thread/WARN]: Can't keep up! Is the server overloaded? Running 2014ms or 40 ticks behind
[18:23:22] [Server thread/INFO]: A11y_UwU has made the advancement [Hot Stuff]
[18:43:33] [Server thread/INFO]: _Velmca lost connection: Disconnected
[18:43:33] [Server thread/INFO]: _Velmca left the game
[18:51:00] [Server thread/WARN]: Fetching packet for removed entity class_1542['Air'/16764, l='ServerLevel[world]', x=-461.75, y=76.00, z=286.83]
[18:53:15] [Server thread/INFO]: A11y_UwU lost connection: Disconnected
[18:53:15] [Server thread/INFO]: A11y_UwU left the game
[18:53:19] [User Authenticator #6/INFO]: UUID of player A11y_UwU is cdf70681-d8c8-4cdb-9b1a-97a236ce8b1a
[18:53:19] [Server thread/INFO]: A11y_UwU[/127.0.0.1:49954] logged in with entity id 17217 at (-438.5573464916481, 76.1212968405392, 299.8111655256003)
[18:53:19] [Server thread/INFO]: A11y_UwU joined the game
[18:53:19] [Netty Server IO #4/INFO]: Player A11y_UwU joined with a matching carpet client
[18:53:44] [Server thread/INFO]: A11y_UwU lost connection: Disconnected
[18:53:44] [Server thread/INFO]: A11y_UwU left the game
[18:53:48] [User Authenticator #7/INFO]: UUID of player A11y_UwU is cdf70681-d8c8-4cdb-9b1a-97a236ce8b1a
[18:53:48] [Server thread/INFO]: A11y_UwU[/127.0.0.1:49996] logged in with entity id 17544 at (-370.5229070084198, 64.0, 373.1422332049001)
[18:53:48] [Server thread/INFO]: A11y_UwU joined the game
[18:53:49] [Netty Server IO #7/INFO]: Player A11y_UwU joined with a matching carpet client
[18:54:26] [Server thread/INFO]: A11y_UwU lost connection: Disconnected
[18:54:26] [Server thread/INFO]: A11y_UwU left the game
[19:55:13] [User Authenticator #8/INFO]: UUID of player SKAF_PathFinder is 9028ab8d-5e35-442a-a961-4e2492618936
[19:55:13] [Server thread/INFO]: SKAF_PathFinder[/85.220.31.107:52581] logged in with entity id 17892 at (-232.6734181909757, 71.0, 701.929806871931)
[19:55:13] [Server thread/INFO]: SKAF_PathFinder joined the game
[20:24:15] [Server thread/INFO]: Unknown or incomplete command, see below for error
[20:24:15] [Server thread/INFO]: fjj<--[HERE]
[20:28:53] [Server thread/WARN]: Mismatch in destroy block pos: class_2338{x=-251, y=68, z=664} class_2338{x=-251, y=69, z=664}
[20:28:53] [Server thread/WARN]: Mismatch in destroy block pos: class_2338{x=-251, y=68, z=664} class_2338{x=-251, y=69, z=664}
[20:28:53] [Server thread/WARN]: Mismatch in destroy block pos: class_2338{x=-251, y=68, z=664} class_2338{x=-251, y=69, z=664}
[20:28:53] [Server thread/WARN]: Mismatch in destroy block pos: class_2338{x=-251, y=66, z=664} class_2338{x=-251, y=69, z=664}
[20:28:53] [Server thread/WARN]: Mismatch in destroy block pos: class_2338{x=-251, y=66, z=664} class_2338{x=-251, y=69, z=664}
[20:28:53] [Server thread/WARN]: Mismatch in destroy block pos: class_2338{x=-251, y=66, z=664} class_2338{x=-251, y=69, z=664}
[20:28:53] [Server thread/WARN]: Mismatch in destroy block pos: class_2338{x=-251, y=64, z=664} class_2338{x=-251, y=69, z=664}
[20:28:53] [Server thread/WARN]: Mismatch in destroy block pos: class_2338{x=-251, y=64, z=664} class_2338{x=-251, y=69, z=664}
[20:28:54] [Server thread/WARN]: Mismatch in destroy block pos: class_2338{x=-251, y=64, z=664} class_2338{x=-251, y=69, z=664}
[20:28:54] [Server thread/WARN]: Mismatch in destroy block pos: class_2338{x=-251, y=62, z=664} class_2338{x=-251, y=69, z=664}
[20:28:59] [Server thread/INFO]: Unknown or incomplete command, see below for error
[20:28:59] [Server thread/INFO]: <--[HERE]
[20:39:38] [Server thread/INFO]: [Server] hi
[20:40:53] [Server thread/INFO]: SKAF_PathFinder lost connection: Disconnected
[20:40:53] [Server thread/INFO]: SKAF_PathFinder left the game
[21:53:17] [Server thread/INFO]: [Server] UwU
[22:07:06] [User Authenticator #9/INFO]: UUID of player A11y_UwU is cdf70681-d8c8-4cdb-9b1a-97a236ce8b1a
[22:07:06] [Server thread/INFO]: A11y_UwU[/127.0.0.1:61334] logged in with entity id 25307 at (-468.60671295479125, 78.0, 274.01619723808255)
[22:07:06] [Server thread/INFO]: A11y_UwU joined the game
[22:07:06] [Netty Server IO #2/INFO]: Player A11y_UwU joined with a matching carpet client
[22:09:01] [Server thread/INFO]: [A11y_UwU: Set the time to 1000]
[22:10:38] [Server thread/WARN]: Fetching packet for removed entity class_1542['Air'/26119, l='ServerLevel[world]', x=-461.20, y=76.00, z=286.83]
[22:27:10] [Server thread/WARN]: Fetching packet for removed entity class_1542['Air'/28934, l='ServerLevel[world]', x=-460.83, y=76.00, z=287.77]
[22:32:55] [Server thread/INFO]: Unknown or incomplete command, see below for error
[22:32:55] [Server thread/INFO]: d<--[HERE]
[22:40:46] [Server thread/INFO]: A11y_UwU has made the advancement [Suit Up]
[22:53:24] [Server thread/WARN]: Can't keep up! Is the server overloaded? Running 2315ms or 46 ticks behind
[22:58:27] [Server thread/WARN]: A11y_UwU moved too quickly! 7.293608064738191,2.9893499858739716,-6.355654672767741
[22:58:27] [Server thread/WARN]: Can't keep up! Is the server overloaded? Running 3294ms or 65 ticks behind
[23:05:31] [Server thread/INFO]: A11y_UwU lost connection: Disconnected
[23:05:31] [Server thread/INFO]: A11y_UwU left the game
[23:05:47] [User Authenticator #10/INFO]: UUID of player A11y_UwU is cdf70681-d8c8-4cdb-9b1a-97a236ce8b1a
[23:05:48] [Server thread/INFO]: A11y_UwU[/127.0.0.1:64911] logged in with entity id 37858 at (441.2608058978143, 67.79673560066871, -171.00282642354296)
[23:05:48] [Server thread/INFO]: A11y_UwU joined the game
[23:05:49] [Netty Server IO #5/INFO]: Player A11y_UwU joined with a matching carpet client
[23:11:53] [Server thread/INFO]: A11y_UwU has made the advancement [Best Friends Forever]
[23:13:29] [Server thread/WARN]: A11y_UwU moved too quickly! -2.903981990862235,-1.0,-9.702911752299315
[23:13:29] [Server thread/WARN]: Can't keep up! Is the server overloaded? Running 2215ms or 44 ticks behind
[23:13:39] [Server thread/INFO]: [A11y_UwU: persistentParrots: true, [change permanently?]]
[23:13:41] [Server thread/INFO]: [A11y_UwU: Rule persistentParrots will now default to true]
[23:19:15] [Server thread/INFO]: [A11y_UwU: Set the time to 1000]
[23:30:58] [Server thread/INFO]: [A11y_UwU: Set the time to 1000]
[23:38:00] [Server thread/INFO]: A11y_UwU lost connection: Disconnected
[23:38:00] [Server thread/INFO]: A11y_UwU left the game
[23:40:50] [User Authenticator #11/INFO]: UUID of player A11y_UwU is cdf70681-d8c8-4cdb-9b1a-97a236ce8b1a
[23:40:50] [Server thread/INFO]: A11y_UwU[/127.0.0.1:50577] logged in with entity id 44571 at (-430.3858023972303, 76.0, 318.15993157256713)
[23:40:50] [Server thread/INFO]: A11y_UwU joined the game
[23:40:51] [Netty Server IO #0/INFO]: Player A11y_UwU joined with a matching carpet client
[23:48:55] [Server thread/WARN]: Fetching packet for removed entity class_1542['Air'/45755, l='ServerLevel[world]', x=-461.68, y=76.00, z=287.30]
[23:54:41] [Server thread/WARN]: Fetching packet for removed entity class_1542['Air'/46562, l='ServerLevel[world]', x=-461.31, y=76.00, z=288.17]
[23:58:29] [Server thread/WARN]: Fetching packet for removed entity class_1542['Air'/47164, l='ServerLevel[world]', x=-461.72, y=76.00, z=287.34]
