[22:09:41] [main/INFO]: Loading for game Minecraft 1.16.4
[22:09:41] [ForkJoinPool-1-worker-2/WARN]: The mod "autoconfig1u" contains invalid entries in its mod json:
- Unsupported root entry "$schema" at line 2 column 14
[22:09:42] [main/INFO]: [FabricLoader] Loading 48 mods: fabric-renderer-api-v1@0.3.3+a4467d2a95, fabric-screen-handler-api-v1@1.1.0+8724984195, minecraft@1.16.4, fabric-networking-blockentity-v0@0.2.5+b50ffc7b95, fabric-keybindings-v0@0.2.0+3fa9f7c595, cloth-basic-math@0.5.1, fabric-command-api-v1@1.0.9+a4467d2a95, fabricloader@0.10.6+build.214, fabric-tool-attribute-api-v1@1.2.4+2b46237995, fabric-structure-api-v1@1.1.0+f8ac1db295, fabric-renderer-indigo@0.4.3+a4467d2a95, fabric-containers-v0@0.1.8+045df74f95, fabric-object-builder-api-v1@1.9.2+a89534ab95, fabric-events-interaction-v0@0.4.1+f8ac1db295, fabric-crash-report-info-v1@0.1.2+b7f9825d95, fabric-item-api-v1@1.2.0+f8ac1db295, fabric-game-rule-api-v1@1.0.3+a4467d2a95, fabric-api-base@0.2.0+9f0fb4b895, fabric-rendering-v0@1.1.1+f8ac1db295, fabric-rendering-v1@1.3.1+f8ac1db295, fabric-key-binding-api-v1@1.0.1+730711c695, cloth-config2@4.8.1, fabric-rendering-data-attachment-v1@0.1.4+f8ac1db295, autoconfig1u@3.2.2, fabric-resource-loader-v0@0.3.1+facf3bbf95, cloth-dynamic-registry-api-v1@1.4.8, fabric-textures-v0@1.0.5+a4467d2a95, fabric-content-registries-v0@0.1.9+059ea86695, fabric-tag-extensions-v0@1.0.3+ac8e8c5995, fabric-rendering-fluids-v1@0.1.12+f8ac1db295, fabric-biome-api-v1@3.0.0+8367596d95, fabric-commands-v0@0.2.0+52d3083695, fabric-registry-sync-v0@0.6.1+a4467d2a95, fabric-blockrenderlayer-v1@1.1.4+c6a8ea8995, fabric-lifecycle-events-v1@1.2.0+74cc3b2095, vanillaenhanced@1.3.0, fabric-mining-levels-v0@0.1.2+b764ce9995, fabric-renderer-registries-v1@2.2.0+f8ac1db295, fabric-loot-tables-v1@1.0.1+432ea18895, carpet-extra@1.4.14, fabric-events-lifecycle-v0@0.2.0+16acbe5b95, fabric@0.25.0+build.415-1.16, carpet@1.4.12, fabric-particles-v1@0.2.2+fb0d9b0e95, fabric-item-groups-v0@0.2.1+a4467d2a95, fabric-models-v0@0.1.1+f8ac1db295, fabric-networking-v0@0.1.10+e00ecb5f95, fabric-object-builders-v0@0.7.1+a4467d2a95
[22:09:42] [main/INFO]: SpongePowered MIXIN Subsystem Version=0.8.2 Source=file:/C:/Users/bjartur2004/gits/Raudrofur/server%20-1.16.4%20carpetmod/fabric-server-launch.jar Service=Knot/Fabric Env=SERVER
[22:09:52] [main/INFO]: [VanillaEnhanced] Hello there.
[22:09:54] [main/INFO]: Environment: authHost='https://authserver.mojang.com', accountsHost='https://api.mojang.com', sessionHost='https://sessionserver.mojang.com', servicesHost='https://api.minecraftservices.com', name='PROD'
[22:09:56] [main/WARN]: Ambiguity between arguments [teleport, destination] and [teleport, targets] with inputs: [Player, 0123, @e, dd12be42-52a9-4a91-a8a1-11c01849e498]
[22:09:56] [main/WARN]: Ambiguity between arguments [teleport, location] and [teleport, destination] with inputs: [0.1 -0.5 .9, 0 0 0]
[22:09:56] [main/WARN]: Ambiguity between arguments [teleport, location] and [teleport, targets] with inputs: [0.1 -0.5 .9, 0 0 0]
[22:09:56] [main/WARN]: Ambiguity between arguments [teleport, targets] and [teleport, destination] with inputs: [Player, 0123, dd12be42-52a9-4a91-a8a1-11c01849e498]
[22:09:56] [main/WARN]: Ambiguity between arguments [teleport, targets, location] and [teleport, targets, destination] with inputs: [0.1 -0.5 .9, 0 0 0]
[22:09:56] [main/INFO]: Reloading ResourceManager: Default, Fabric Tool Attribute API (v1), VanillaEnhanced, Tools v. Luki2811, Tools by Luki2811, raudrofur.zip
[22:09:58] [Worker-Main-5/INFO]: Loaded 7 recipes
[22:09:58] [Worker-Main-5/ERROR]: Couldn't load function tag minecraft:tick as it is missing following references: example:loop (from raudrofur.zip)
[22:09:59] [Worker-Main-5/INFO]: Loaded 927 advancements
[22:10:00] [main/INFO]: Applied 0 biome modifications to 0 of 85 new biomes in 6.214 ms
[22:10:00] [Server thread/INFO]: Starting minecraft server version 1.16.4
[22:10:00] [Server thread/INFO]: Loading properties
[22:10:00] [Server thread/INFO]: Default game type: SURVIVAL
[22:10:00] [Server thread/INFO]: Generating keypair
[22:10:00] [Server thread/INFO]: Starting Minecraft server on *:25565
[22:10:00] [Server thread/INFO]: Using default channel type
[22:10:07] [Server thread/INFO]: Preparing level "world"
[22:10:07] [Server thread/INFO]: [CM]: loaded setting carpets as true from carpet.conf
[22:10:07] [Server thread/INFO]: [CM]: loaded setting combineXPOrbs as true from carpet.conf
[22:10:07] [Server thread/INFO]: [CM]: loaded setting fastRedstoneDust as true from carpet.conf
[22:10:07] [Server thread/INFO]: [CM]: loaded setting rotatorBlock as true from carpet.conf
[22:10:07] [Server thread/INFO]: [CM]: loaded setting renewableBlackstone as true from carpet.conf
[22:10:07] [Server thread/INFO]: [CM]: loaded setting renewableSponges as true from carpet.conf
[22:10:08] [Server thread/INFO]: [CM]: loaded setting desertShrubs as true from carpet.conf
[22:10:08] [Server thread/INFO]: [CM]: loaded setting missingTools as true from carpet.conf
[22:10:08] [Server thread/INFO]: [CM]: loaded setting hopperCounters as true from carpet.conf
[22:10:08] [Server thread/INFO]: [CM]: loaded setting maxEntityCollisions as 2 from carpet.conf
[22:10:08] [Server thread/INFO]: [CM]: loaded setting commandSpawn as true from carpet.conf
[22:10:08] [Server thread/INFO]: [CM]: loaded setting movableBlockEntities as true from carpet.conf
[22:10:08] [Server thread/INFO]: [CM]: loaded setting accurateBlockPlacement as true from carpet.conf
[22:10:08] [Server thread/INFO]: [CM]: loaded setting huskSpawningInTemples as true from carpet.conf
[22:10:08] [Server thread/INFO]: [CM]: loaded setting renewableCoral as true from carpet.conf
[22:10:08] [Server thread/INFO]: [CM]: loaded setting shulkerSpawningInEndCities as true from carpet.conf
[22:10:08] [Server thread/INFO]: [CM]: loaded setting stackableShulkerBoxes as true from carpet.conf
[22:10:08] [Server thread/INFO]: [CM]: loaded setting onePlayerSleeping as true from carpet.conf
[22:10:08] [Server thread/INFO]: [CM]: loaded setting dispenserPlacesBlocks as true from carpet.conf
[22:10:08] [Server thread/INFO]: [CM]: loaded setting commandTick as ops from carpet.conf
[22:10:08] [Server thread/INFO]: [CM]: loaded setting commandDraw as false from carpet.conf
[22:10:08] [Server thread/INFO]: [CM]: loaded setting portalSurvivalDelay as 1 from carpet.conf
[22:10:08] [Server thread/INFO]: [CM]: loaded setting commandScript as false from carpet.conf
[22:10:08] [Server thread/INFO]: [CM]: loaded setting persistentParrots as true from carpet.conf
[22:10:08] [Server thread/INFO]: [CM]: loaded setting flippinCactus as true from carpet.conf
[22:10:08] [Server thread/INFO]: [CM]: loaded setting lagFreeSpawning as true from carpet.conf
[22:10:08] [Server thread/INFO]: Preparing start region for dimension minecraft:overworld
[22:10:09] [Server thread/INFO]: Preparing spawn area: 0%
[22:10:09] [Server thread/INFO]: Preparing spawn area: 0%
[22:10:09] [Server thread/INFO]: Preparing spawn area: 0%
[22:10:10] [Server thread/INFO]: Preparing spawn area: 0%
[22:10:11] [Server thread/INFO]: Time elapsed: 3078 ms
[22:10:11] [Server thread/INFO]: Done (4.122s)! For help, type "help"
[23:06:02] [Server thread/INFO]: com.mojang.authlib.GameProfile@54f0ed15[id=<null>,name=A11y_UwU,properties={},legacy=false] (/127.0.0.1:58832) lost connection: Disconnected
[23:06:12] [User Authenticator #1/INFO]: UUID of player A11y_UwU is cdf70681-d8c8-4cdb-9b1a-97a236ce8b1a
[23:06:12] [Server thread/INFO]: A11y_UwU[/127.0.0.1:58853] logged in with entity id 74 at (-426.17063636547874, 75.5, 341.068851578102)
[23:06:13] [Server thread/INFO]: A11y_UwU joined the game
[23:06:13] [Netty Server IO #6/INFO]: Player A11y_UwU joined with a matching carpet client
[23:06:14] [Server thread/WARN]: Can't keep up! Is the server overloaded? Running 2089ms or 41 ticks behind
[23:06:24] [Server thread/INFO]: A11y_UwU lost connection: Disconnected
[23:06:24] [Server thread/INFO]: A11y_UwU left the game
[23:06:26] [User Authenticator #2/INFO]: UUID of player A11y_UwU is cdf70681-d8c8-4cdb-9b1a-97a236ce8b1a
[23:06:27] [Server thread/INFO]: A11y_UwU[/127.0.0.1:58880] logged in with entity id 888 at (-420.2327008895578, 76.0, 323.7551492616153)
[23:06:27] [Server thread/INFO]: A11y_UwU joined the game
[23:06:27] [Netty Server IO #1/INFO]: Player A11y_UwU joined with a matching carpet client
[23:06:33] [Server thread/WARN]: Can't keep up! Is the server overloaded? Running 2235ms or 44 ticks behind
[23:07:02] [Server thread/INFO]: [A11y_UwU: A11y_UwU subscribed to tps.]
[23:10:16] [Server thread/WARN]: A11y_UwU moved too quickly! -2.0175054247950186,5.43337669998327,-17.20903208330992
[23:14:49] [Server thread/WARN]: Can't keep up! Is the server overloaded? Running 2114ms or 42 ticks behind
[23:15:06] [Server thread/INFO]: A11y_UwU lost connection: Disconnected
[23:15:06] [Server thread/INFO]: A11y_UwU left the game
[23:16:10] [User Authenticator #3/INFO]: UUID of player A11y_UwU is cdf70681-d8c8-4cdb-9b1a-97a236ce8b1a
[23:16:10] [Server thread/INFO]: A11y_UwU[/127.0.0.1:59624] logged in with entity id 17409 at (-427.5, 75.0, 337.5)
[23:16:10] [Server thread/INFO]: A11y_UwU joined the game
[23:16:10] [Netty Server IO #4/INFO]: Player A11y_UwU joined with a matching carpet client
[23:18:54] [Server thread/WARN]: Can't keep up! Is the server overloaded? Running 7388ms or 147 ticks behind
[23:33:40] [Server thread/WARN]: Mismatch in destroy block pos: class_2338{x=2753, y=59, z=4608} class_2338{x=2753, y=58, z=4607}
[23:40:35] [Server thread/INFO]: [A11y_UwU: Gave 14 [Obsidian] to A11y_UwU]
[23:41:33] [Server thread/INFO]: [A11y_UwU: Gave 1 [Fire Charge] to A11y_UwU]
[23:49:25] [User Authenticator #4/INFO]: UUID of player togga99 is 3df4725c-55ba-4ca9-a0cd-b0aaef0d3d0a
[23:49:25] [Server thread/INFO]: togga99[/89.160.212.94:63077] logged in with entity id 40536 at (-463.30772233371897, 10.0, 345.30000001192093)
[23:49:25] [Server thread/INFO]: togga99 joined the game
[23:49:30] [Server thread/INFO]: <A11y_UwU> hæææææææææææææææ
[23:49:36] [Server thread/WARN]: Can't keep up! Is the server overloaded? Running 2134ms or 42 ticks behind
[23:50:20] [Server thread/INFO]: <togga99> eg er föst her
[23:50:38] [Server thread/INFO]: <A11y_UwU> hvar.. og villtu koma í spjall?
[23:51:11] [Server thread/WARN]: A11y_UwU moved wrongly!
[23:51:18] [Server thread/INFO]: <togga99> no bitch im dead
[23:51:25] [Server thread/INFO]: <A11y_UwU> ok..
[23:51:38] [Server thread/INFO]: <togga99> til hvers er þetta
[23:51:47] [Server thread/INFO]: <togga99> sem er ofaní öllum holunum
[23:52:01] [Server thread/INFO]: <A11y_UwU> mining vél
[23:52:14] [Server thread/INFO]: <togga99> ok eg ætla að reyna að komast aftur
[23:52:15] [Server thread/INFO]: <A11y_UwU> please dont touch it uwu
[23:52:37] [Server thread/INFO]: <A11y_UwU> setti vatn í holu
[23:53:03] [Server thread/INFO]: <togga99> i am drowning+
[23:54:18] [Server thread/INFO]: <togga99> ok eg ætla að fara að læra
[23:54:23] [Server thread/INFO]: <A11y_UwU> koma í vc?
[23:54:23] [Server thread/INFO]: <togga99> eftir sma+
[23:54:28] [Server thread/INFO]: <A11y_UwU> oh ok
[23:54:43] [Server thread/INFO]: <A11y_UwU> las ekki fyrst uwu
[23:54:54] [Server thread/INFO]: <togga99> kannski a mrg tíndii heyrnatólunum minum og er niðri i stofu
[23:54:59] [Server thread/INFO]: <A11y_UwU> oof
[23:56:41] [Server thread/INFO]: A11y_UwU has made the advancement [War Pigs]
