[20:18:10] [main/INFO]: Loading for game Minecraft 1.16.4
[20:18:10] [ForkJoinPool-1-worker-1/WARN]: The mod "autoconfig1u" contains invalid entries in its mod json:
- Unsupported root entry "$schema" at line 2 column 14
[20:18:10] [main/INFO]: [FabricLoader] Loading 48 mods: fabric-renderer-api-v1@0.3.3+a4467d2a95, fabric-screen-handler-api-v1@1.1.0+8724984195, minecraft@1.16.4, fabric-networking-blockentity-v0@0.2.5+b50ffc7b95, fabric-keybindings-v0@0.2.0+3fa9f7c595, cloth-basic-math@0.5.1, fabric-command-api-v1@1.0.9+a4467d2a95, fabricloader@0.10.6+build.214, fabric-tool-attribute-api-v1@1.2.4+2b46237995, fabric-structure-api-v1@1.1.0+f8ac1db295, fabric-renderer-indigo@0.4.3+a4467d2a95, fabric-containers-v0@0.1.8+045df74f95, fabric-object-builder-api-v1@1.9.2+a89534ab95, fabric-crash-report-info-v1@0.1.2+b7f9825d95, fabric-events-interaction-v0@0.4.1+f8ac1db295, fabric-item-api-v1@1.2.0+f8ac1db295, fabric-game-rule-api-v1@1.0.3+a4467d2a95, fabric-api-base@0.2.0+9f0fb4b895, fabric-rendering-v0@1.1.1+f8ac1db295, fabric-rendering-v1@1.3.1+f8ac1db295, fabric-key-binding-api-v1@1.0.1+730711c695, cloth-config2@4.8.1, fabric-rendering-data-attachment-v1@0.1.4+f8ac1db295, autoconfig1u@3.2.2, fabric-resource-loader-v0@0.3.1+facf3bbf95, cloth-dynamic-registry-api-v1@1.4.8, fabric-textures-v0@1.0.5+a4467d2a95, fabric-content-registries-v0@0.1.9+059ea86695, fabric-tag-extensions-v0@1.0.3+ac8e8c5995, fabric-rendering-fluids-v1@0.1.12+f8ac1db295, fabric-biome-api-v1@3.0.0+8367596d95, fabric-commands-v0@0.2.0+52d3083695, fabric-registry-sync-v0@0.6.1+a4467d2a95, fabric-blockrenderlayer-v1@1.1.4+c6a8ea8995, fabric-lifecycle-events-v1@1.2.0+74cc3b2095, vanillaenhanced@1.3.0, fabric-mining-levels-v0@0.1.2+b764ce9995, fabric-renderer-registries-v1@2.2.0+f8ac1db295, carpet-extra@1.4.14, fabric-loot-tables-v1@1.0.1+432ea18895, fabric-events-lifecycle-v0@0.2.0+16acbe5b95, fabric@0.25.0+build.415-1.16, carpet@1.4.12, fabric-particles-v1@0.2.2+fb0d9b0e95, fabric-models-v0@0.1.1+f8ac1db295, fabric-item-groups-v0@0.2.1+a4467d2a95, fabric-networking-v0@0.1.10+e00ecb5f95, fabric-object-builders-v0@0.7.1+a4467d2a95
[20:18:10] [main/INFO]: SpongePowered MIXIN Subsystem Version=0.8.2 Source=file:/C:/Users/bjartur2004/gits/Raudrofur/server%20-1.16.4%20carpetmod/fabric-server-launch.jar Service=Knot/Fabric Env=SERVER
[20:18:21] [main/INFO]: [VanillaEnhanced] Hello there.
[20:18:23] [main/INFO]: Environment: authHost='https://authserver.mojang.com', accountsHost='https://api.mojang.com', sessionHost='https://sessionserver.mojang.com', servicesHost='https://api.minecraftservices.com', name='PROD'
[20:18:24] [main/WARN]: Ambiguity between arguments [teleport, destination] and [teleport, targets] with inputs: [Player, 0123, @e, dd12be42-52a9-4a91-a8a1-11c01849e498]
[20:18:24] [main/WARN]: Ambiguity between arguments [teleport, location] and [teleport, destination] with inputs: [0.1 -0.5 .9, 0 0 0]
[20:18:24] [main/WARN]: Ambiguity between arguments [teleport, location] and [teleport, targets] with inputs: [0.1 -0.5 .9, 0 0 0]
[20:18:24] [main/WARN]: Ambiguity between arguments [teleport, targets] and [teleport, destination] with inputs: [Player, 0123, dd12be42-52a9-4a91-a8a1-11c01849e498]
[20:18:24] [main/WARN]: Ambiguity between arguments [teleport, targets, location] and [teleport, targets, destination] with inputs: [0.1 -0.5 .9, 0 0 0]
[20:18:24] [main/INFO]: Reloading ResourceManager: Default, Fabric Tool Attribute API (v1), VanillaEnhanced, Tools v. Luki2811, Tools by Luki2811, raudrofur.zip
[20:18:27] [Worker-Main-4/INFO]: Loaded 7 recipes
[20:18:27] [Worker-Main-4/ERROR]: Couldn't load function tag minecraft:tick as it is missing following references: example:loop (from raudrofur.zip)
[20:18:27] [Worker-Main-4/INFO]: Loaded 927 advancements
[20:18:28] [main/INFO]: Applied 0 biome modifications to 0 of 85 new biomes in 1.764 ms
[20:18:28] [Server thread/INFO]: Starting minecraft server version 1.16.4
[20:18:28] [Server thread/INFO]: Loading properties
[20:18:28] [Server thread/INFO]: Default game type: SURVIVAL
[20:18:28] [Server thread/INFO]: Generating keypair
[20:18:29] [Server thread/INFO]: Starting Minecraft server on *:25565
[20:18:29] [Server thread/INFO]: Using default channel type
[20:18:29] [Server thread/INFO]: Preparing level "world"
[20:18:30] [Server thread/INFO]: [CM]: loaded setting carpets as true from carpet.conf
[20:18:30] [Server thread/INFO]: [CM]: loaded setting combineXPOrbs as true from carpet.conf
[20:18:30] [Server thread/INFO]: [CM]: loaded setting fastRedstoneDust as true from carpet.conf
[20:18:30] [Server thread/INFO]: [CM]: loaded setting rotatorBlock as true from carpet.conf
[20:18:30] [Server thread/INFO]: [CM]: loaded setting renewableBlackstone as true from carpet.conf
[20:18:30] [Server thread/INFO]: [CM]: loaded setting renewableSponges as true from carpet.conf
[20:18:30] [Server thread/INFO]: [CM]: loaded setting desertShrubs as true from carpet.conf
[20:18:30] [Server thread/INFO]: [CM]: loaded setting missingTools as true from carpet.conf
[20:18:30] [Server thread/INFO]: [CM]: loaded setting hopperCounters as true from carpet.conf
[20:18:30] [Server thread/INFO]: [CM]: loaded setting maxEntityCollisions as 2 from carpet.conf
[20:18:30] [Server thread/INFO]: [CM]: loaded setting commandSpawn as true from carpet.conf
[20:18:30] [Server thread/INFO]: [CM]: loaded setting movableBlockEntities as true from carpet.conf
[20:18:30] [Server thread/INFO]: [CM]: loaded setting accurateBlockPlacement as true from carpet.conf
[20:18:30] [Server thread/INFO]: [CM]: loaded setting huskSpawningInTemples as true from carpet.conf
[20:18:30] [Server thread/INFO]: [CM]: loaded setting renewableCoral as true from carpet.conf
[20:18:30] [Server thread/INFO]: [CM]: loaded setting shulkerSpawningInEndCities as true from carpet.conf
[20:18:30] [Server thread/INFO]: [CM]: loaded setting stackableShulkerBoxes as true from carpet.conf
[20:18:30] [Server thread/INFO]: [CM]: loaded setting onePlayerSleeping as true from carpet.conf
[20:18:30] [Server thread/INFO]: [CM]: loaded setting dispenserPlacesBlocks as true from carpet.conf
[20:18:30] [Server thread/INFO]: [CM]: loaded setting commandTick as ops from carpet.conf
[20:18:30] [Server thread/INFO]: [CM]: loaded setting commandDraw as false from carpet.conf
[20:18:30] [Server thread/INFO]: [CM]: loaded setting portalSurvivalDelay as 1 from carpet.conf
[20:18:30] [Server thread/INFO]: [CM]: loaded setting commandScript as false from carpet.conf
[20:18:30] [Server thread/INFO]: [CM]: loaded setting persistentParrots as true from carpet.conf
[20:18:30] [Server thread/INFO]: [CM]: loaded setting flippinCactus as true from carpet.conf
[20:18:30] [Server thread/INFO]: [CM]: loaded setting lagFreeSpawning as true from carpet.conf
[20:18:30] [Server thread/INFO]: Preparing start region for dimension minecraft:overworld
[20:18:31] [Server thread/INFO]: Preparing spawn area: 0%
[20:18:31] [Server thread/INFO]: Preparing spawn area: 0%
[20:18:31] [Server thread/INFO]: Preparing spawn area: 0%
[20:18:31] [Server thread/INFO]: Preparing spawn area: 0%
[20:18:33] [Server thread/INFO]: Time elapsed: 3454 ms
[20:18:33] [Server thread/INFO]: Done (3.726s)! For help, type "help"
[20:20:14] [User Authenticator #1/INFO]: UUID of player SKAF_PathFinder is 9028ab8d-5e35-442a-a961-4e2492618936
[20:20:14] [Server thread/INFO]: SKAF_PathFinder[/85.220.31.107:52952] logged in with entity id 77 at (-667.4025704609297, 63.0, 1011.170374893038)
[20:20:14] [Server thread/INFO]: SKAF_PathFinder joined the game
[20:29:38] [Server thread/WARN]: Mismatch in destroy block pos: class_2338{x=-755, y=72, z=1126} class_2338{x=-754, y=71, z=1126}
[20:29:38] [Server thread/WARN]: Mismatch in destroy block pos: class_2338{x=-755, y=72, z=1126} class_2338{x=-754, y=71, z=1126}
[20:30:03] [Server thread/WARN]: Mismatch in destroy block pos: class_2338{x=-752, y=66, z=1121} class_2338{x=-753, y=65, z=1122}
[20:30:37] [Server thread/WARN]: Mismatch in destroy block pos: class_2338{x=-749, y=65, z=1122} class_2338{x=-750, y=64, z=1121}
[20:44:24] [Server thread/WARN]: Mismatch in destroy block pos: class_2338{x=-667, y=47, z=1006} class_2338{x=-668, y=47, z=1006}
[20:44:24] [Server thread/WARN]: Mismatch in destroy block pos: class_2338{x=-667, y=47, z=1006} class_2338{x=-668, y=47, z=1006}
[20:44:24] [Server thread/WARN]: Mismatch in destroy block pos: class_2338{x=-667, y=47, z=1006} class_2338{x=-668, y=47, z=1006}
[20:45:14] [Server thread/WARN]: Mismatch in destroy block pos: class_2338{x=-667, y=40, z=1006} class_2338{x=-667, y=39, z=1006}
[20:45:14] [Server thread/WARN]: Mismatch in destroy block pos: class_2338{x=-667, y=40, z=1006} class_2338{x=-667, y=39, z=1006}
[20:45:14] [Server thread/WARN]: Mismatch in destroy block pos: class_2338{x=-667, y=40, z=1006} class_2338{x=-667, y=39, z=1006}
[20:45:14] [Server thread/WARN]: Mismatch in destroy block pos: class_2338{x=-667, y=40, z=1006} class_2338{x=-667, y=39, z=1006}
[20:46:03] [Server thread/WARN]: Mismatch in destroy block pos: class_2338{x=-665, y=31, z=1005} class_2338{x=-665, y=31, z=1004}
[20:46:35] [Server thread/WARN]: Mismatch in destroy block pos: class_2338{x=-670, y=31, z=1006} class_2338{x=-663, y=30, z=1006}
[20:46:35] [Server thread/WARN]: Mismatch in destroy block pos: class_2338{x=-670, y=31, z=1006} class_2338{x=-663, y=30, z=1006}
[20:46:35] [Server thread/WARN]: Mismatch in destroy block pos: class_2338{x=-670, y=31, z=1006} class_2338{x=-663, y=30, z=1006}
[20:46:35] [Server thread/WARN]: Mismatch in destroy block pos: class_2338{x=-670, y=31, z=1006} class_2338{x=-663, y=30, z=1006}
[20:50:40] [Server thread/WARN]: Mismatch in destroy block pos: class_2338{x=-670, y=62, z=1012} class_2338{x=-667, y=62, z=1015}
[20:51:16] [Server thread/WARN]: Mismatch in destroy block pos: class_2338{x=-673, y=55, z=1011} class_2338{x=-674, y=54, z=1010}
[20:51:16] [Server thread/WARN]: Mismatch in destroy block pos: class_2338{x=-672, y=55, z=1011} class_2338{x=-674, y=54, z=1010}
[20:51:30] [Server thread/WARN]: Mismatch in destroy block pos: class_2338{x=-663, y=54, z=1010} class_2338{x=-662, y=53, z=1010}
[20:51:45] [Server thread/WARN]: Mismatch in destroy block pos: class_2338{x=-669, y=51, z=1011} class_2338{x=-672, y=51, z=1013}
[20:52:04] [Server thread/WARN]: Mismatch in destroy block pos: class_2338{x=-670, y=47, z=1012} class_2338{x=-669, y=47, z=1011}
[20:52:04] [Server thread/WARN]: Mismatch in destroy block pos: class_2338{x=-670, y=47, z=1012} class_2338{x=-669, y=47, z=1011}
[20:52:05] [Server thread/WARN]: Mismatch in destroy block pos: class_2338{x=-670, y=47, z=1012} class_2338{x=-669, y=47, z=1011}
[20:52:05] [Server thread/WARN]: Mismatch in destroy block pos: class_2338{x=-670, y=47, z=1012} class_2338{x=-669, y=47, z=1011}
[20:52:05] [Server thread/WARN]: Mismatch in destroy block pos: class_2338{x=-670, y=47, z=1012} class_2338{x=-669, y=47, z=1011}
[20:52:05] [Server thread/WARN]: Mismatch in destroy block pos: class_2338{x=-670, y=47, z=1012} class_2338{x=-669, y=47, z=1011}
[20:52:05] [Server thread/WARN]: Mismatch in destroy block pos: class_2338{x=-670, y=47, z=1012} class_2338{x=-669, y=47, z=1011}
[20:52:05] [Server thread/WARN]: Mismatch in destroy block pos: class_2338{x=-670, y=47, z=1012} class_2338{x=-669, y=47, z=1011}
[20:52:05] [Server thread/WARN]: Mismatch in destroy block pos: class_2338{x=-670, y=47, z=1012} class_2338{x=-669, y=47, z=1011}
[20:52:05] [Server thread/WARN]: Mismatch in destroy block pos: class_2338{x=-670, y=47, z=1012} class_2338{x=-669, y=47, z=1011}
[20:52:05] [Server thread/WARN]: Mismatch in destroy block pos: class_2338{x=-670, y=47, z=1012} class_2338{x=-669, y=47, z=1011}
[20:52:06] [Server thread/WARN]: Mismatch in destroy block pos: class_2338{x=-666, y=48, z=1013} class_2338{x=-667, y=47, z=1015}
[20:52:16] [Server thread/WARN]: Mismatch in destroy block pos: class_2338{x=-673, y=44, z=1007} class_2338{x=-673, y=45, z=1006}
[20:53:03] [Server thread/WARN]: Mismatch in destroy block pos: class_2338{x=-663, y=32, z=1007} class_2338{x=-662, y=31, z=1007}
[20:53:08] [Server thread/WARN]: Mismatch in destroy block pos: class_2338{x=-665, y=31, z=1011} class_2338{x=-664, y=29, z=1011}
[20:53:31] [Server thread/WARN]: Mismatch in destroy block pos: class_2338{x=-666, y=32, z=1010} class_2338{x=-664, y=31, z=1013}
[20:53:38] [Server thread/WARN]: Mismatch in destroy block pos: class_2338{x=-670, y=31, z=1009} class_2338{x=-669, y=29, z=1009}
[20:53:50] [Server thread/WARN]: Mismatch in destroy block pos: class_2338{x=-673, y=34, z=1008} class_2338{x=-671, y=29, z=1009}
[22:05:26] [Server thread/INFO]: SKAF_PathFinder lost connection: Disconnected
[22:05:26] [Server thread/INFO]: SKAF_PathFinder left the game
[22:05:33] [User Authenticator #2/INFO]: UUID of player SKAF_PathFinder is 9028ab8d-5e35-442a-a961-4e2492618936
[22:05:33] [Server thread/INFO]: SKAF_PathFinder[/85.220.31.107:53641] logged in with entity id 80700 at (-376.0273429741577, 9.0, 701.177306928174)
[22:05:33] [Server thread/INFO]: SKAF_PathFinder joined the game
[22:05:37] [Server thread/INFO]: SKAF_PathFinder lost connection: Disconnected
[22:05:37] [Server thread/INFO]: SKAF_PathFinder left the game
