[20:57:23] [main/INFO]: Loading for game Minecraft 1.16.4
[20:57:24] [ForkJoinPool-1-worker-2/WARN]: The mod "autoconfig1u" contains invalid entries in its mod json:
- Unsupported root entry "$schema" at line 2 column 14
[20:57:24] [main/INFO]: [FabricLoader] Loading 48 mods: fabric-renderer-api-v1@0.3.3+a4467d2a95, fabric-screen-handler-api-v1@1.1.0+8724984195, minecraft@1.16.4, fabric-networking-blockentity-v0@0.2.5+b50ffc7b95, fabric-keybindings-v0@0.2.0+3fa9f7c595, cloth-basic-math@0.5.1, fabric-command-api-v1@1.0.9+a4467d2a95, fabricloader@0.10.6+build.214, fabric-tool-attribute-api-v1@1.2.4+2b46237995, fabric-structure-api-v1@1.1.0+f8ac1db295, fabric-renderer-indigo@0.4.3+a4467d2a95, fabric-containers-v0@0.1.8+045df74f95, fabric-object-builder-api-v1@1.9.2+a89534ab95, fabric-crash-report-info-v1@0.1.2+b7f9825d95, fabric-events-interaction-v0@0.4.1+f8ac1db295, fabric-item-api-v1@1.2.0+f8ac1db295, fabric-game-rule-api-v1@1.0.3+a4467d2a95, fabric-api-base@0.2.0+9f0fb4b895, fabric-rendering-v0@1.1.1+f8ac1db295, fabric-rendering-v1@1.3.1+f8ac1db295, fabric-key-binding-api-v1@1.0.1+730711c695, cloth-config2@4.8.1, fabric-rendering-data-attachment-v1@0.1.4+f8ac1db295, autoconfig1u@3.2.2, fabric-resource-loader-v0@0.3.1+facf3bbf95, cloth-dynamic-registry-api-v1@1.4.8, fabric-textures-v0@1.0.5+a4467d2a95, fabric-content-registries-v0@0.1.9+059ea86695, fabric-tag-extensions-v0@1.0.3+ac8e8c5995, fabric-rendering-fluids-v1@0.1.12+f8ac1db295, fabric-biome-api-v1@3.0.0+8367596d95, fabric-commands-v0@0.2.0+52d3083695, fabric-registry-sync-v0@0.6.1+a4467d2a95, fabric-blockrenderlayer-v1@1.1.4+c6a8ea8995, fabric-lifecycle-events-v1@1.2.0+74cc3b2095, vanillaenhanced@1.3.0, fabric-mining-levels-v0@0.1.2+b764ce9995, fabric-renderer-registries-v1@2.2.0+f8ac1db295, carpet-extra@1.4.14, fabric-loot-tables-v1@1.0.1+432ea18895, fabric-events-lifecycle-v0@0.2.0+16acbe5b95, fabric@0.25.0+build.415-1.16, carpet@1.4.12, fabric-particles-v1@0.2.2+fb0d9b0e95, fabric-models-v0@0.1.1+f8ac1db295, fabric-item-groups-v0@0.2.1+a4467d2a95, fabric-networking-v0@0.1.10+e00ecb5f95, fabric-object-builders-v0@0.7.1+a4467d2a95
[20:57:25] [main/INFO]: SpongePowered MIXIN Subsystem Version=0.8.2 Source=file:/C:/Users/bjartur2004/gits/Raudrofur/server%20-1.16.4%20carpetmod/fabric-server-launch.jar Service=Knot/Fabric Env=SERVER
[20:57:37] [main/INFO]: [VanillaEnhanced] Hello there.
[20:57:38] [main/INFO]: Environment: authHost='https://authserver.mojang.com', accountsHost='https://api.mojang.com', sessionHost='https://sessionserver.mojang.com', servicesHost='https://api.minecraftservices.com', name='PROD'
[20:57:40] [main/WARN]: Ambiguity between arguments [teleport, destination] and [teleport, targets] with inputs: [Player, 0123, @e, dd12be42-52a9-4a91-a8a1-11c01849e498]
[20:57:40] [main/WARN]: Ambiguity between arguments [teleport, location] and [teleport, destination] with inputs: [0.1 -0.5 .9, 0 0 0]
[20:57:40] [main/WARN]: Ambiguity between arguments [teleport, location] and [teleport, targets] with inputs: [0.1 -0.5 .9, 0 0 0]
[20:57:40] [main/WARN]: Ambiguity between arguments [teleport, targets] and [teleport, destination] with inputs: [Player, 0123, dd12be42-52a9-4a91-a8a1-11c01849e498]
[20:57:40] [main/WARN]: Ambiguity between arguments [teleport, targets, location] and [teleport, targets, destination] with inputs: [0.1 -0.5 .9, 0 0 0]
[20:57:41] [main/INFO]: Reloading ResourceManager: Default, Fabric Tool Attribute API (v1), VanillaEnhanced, Tools v. Luki2811, Tools by Luki2811, raudrofur.zip, afk display v1.1.0.zip, dragon drops v1.3.0.zip, durability ping v1.1.0.zip, real time clock v1.1.0.zip
[20:57:44] [Worker-Main-4/INFO]: Loaded 7 recipes
[20:57:44] [Worker-Main-4/WARN]: Found validation problem in {minecraft:entities/ender_dragon}.pools[1].entries[0]: Unknown loot table called minecraft:entities/reference/mmh/ender_dragon
[20:57:44] [Worker-Main-4/ERROR]: Couldn't load function tag minecraft:tick as it is missing following references: example:loop (from raudrofur.zip)
[20:57:44] [Worker-Main-4/INFO]: Loaded 997 advancements
[20:57:46] [main/INFO]: Applied 0 biome modifications to 0 of 85 new biomes in 5.681 ms
[20:57:46] [Server thread/INFO]: Starting minecraft server version 1.16.4
[20:57:46] [Server thread/INFO]: Loading properties
[20:57:46] [Server thread/INFO]: Default game type: SURVIVAL
[20:57:46] [Server thread/INFO]: Generating keypair
[20:57:47] [Server thread/INFO]: Starting Minecraft server on *:25565
[20:57:47] [Server thread/INFO]: Using default channel type
[20:57:54] [Server thread/INFO]: Preparing level "world"
[20:57:54] [Server thread/INFO]: [CM]: loaded setting carpets as true from carpet.conf
[20:57:54] [Server thread/INFO]: [CM]: loaded setting combineXPOrbs as true from carpet.conf
[20:57:54] [Server thread/INFO]: [CM]: loaded setting fastRedstoneDust as true from carpet.conf
[20:57:54] [Server thread/INFO]: [CM]: loaded setting rotatorBlock as true from carpet.conf
[20:57:54] [Server thread/INFO]: [CM]: loaded setting renewableBlackstone as true from carpet.conf
[20:57:54] [Server thread/INFO]: [CM]: loaded setting renewableSponges as true from carpet.conf
[20:57:54] [Server thread/INFO]: [CM]: loaded setting desertShrubs as true from carpet.conf
[20:57:54] [Server thread/INFO]: [CM]: loaded setting missingTools as true from carpet.conf
[20:57:54] [Server thread/INFO]: [CM]: loaded setting hopperCounters as true from carpet.conf
[20:57:54] [Server thread/INFO]: [CM]: loaded setting maxEntityCollisions as 2 from carpet.conf
[20:57:54] [Server thread/INFO]: [CM]: loaded setting commandSpawn as true from carpet.conf
[20:57:54] [Server thread/INFO]: [CM]: loaded setting movableBlockEntities as true from carpet.conf
[20:57:54] [Server thread/INFO]: [CM]: loaded setting accurateBlockPlacement as true from carpet.conf
[20:57:54] [Server thread/INFO]: [CM]: loaded setting huskSpawningInTemples as true from carpet.conf
[20:57:54] [Server thread/INFO]: [CM]: loaded setting renewableCoral as true from carpet.conf
[20:57:54] [Server thread/INFO]: [CM]: loaded setting shulkerSpawningInEndCities as true from carpet.conf
[20:57:54] [Server thread/INFO]: [CM]: loaded setting stackableShulkerBoxes as true from carpet.conf
[20:57:54] [Server thread/INFO]: [CM]: loaded setting onePlayerSleeping as true from carpet.conf
[20:57:54] [Server thread/INFO]: [CM]: loaded setting dispenserPlacesBlocks as true from carpet.conf
[20:57:54] [Server thread/INFO]: [CM]: loaded setting commandTick as ops from carpet.conf
[20:57:54] [Server thread/INFO]: [CM]: loaded setting commandDraw as false from carpet.conf
[20:57:54] [Server thread/INFO]: [CM]: loaded setting portalSurvivalDelay as 1 from carpet.conf
[20:57:54] [Server thread/INFO]: [CM]: loaded setting commandScript as false from carpet.conf
[20:57:54] [Server thread/INFO]: [CM]: loaded setting persistentParrots as true from carpet.conf
[20:57:54] [Server thread/INFO]: [CM]: loaded setting flippinCactus as true from carpet.conf
[20:57:54] [Server thread/INFO]: [CM]: loaded setting lagFreeSpawning as true from carpet.conf
[20:57:55] [Server thread/INFO]: Preparing start region for dimension minecraft:overworld
[20:57:57] [Server thread/INFO]: Preparing spawn area: 0%
[20:57:57] [Server thread/INFO]: Preparing spawn area: 0%
[20:57:57] [Server thread/INFO]: Preparing spawn area: 0%
[20:57:57] [Server thread/INFO]: Preparing spawn area: 0%
[20:57:57] [Server thread/INFO]: Preparing spawn area: 0%
[20:57:57] [Server thread/INFO]: Preparing spawn area: 0%
[20:57:58] [Server thread/INFO]: Preparing spawn area: 48%
[20:58:03] [Server thread/INFO]: Time elapsed: 8298 ms
[20:58:03] [Server thread/INFO]: Done (9.255s)! For help, type "help"
[20:58:35] [User Authenticator #1/INFO]: UUID of player A11y_UwU is cdf70681-d8c8-4cdb-9b1a-97a236ce8b1a
[20:58:36] [Server thread/INFO]: A11y_UwU[/127.0.0.1:56543] logged in with entity id 77 at (-308.14498609682283, 128.0, 139.6661118317838)
[20:58:36] [Server thread/INFO]: A11y_UwU joined the game
[20:58:36] [Netty Server IO #2/INFO]: Player A11y_UwU joined with a matching carpet client
[20:58:41] [Server thread/WARN]: Can't keep up! Is the server overloaded? Running 2024ms or 40 ticks behind
[20:59:00] [Server thread/WARN]: Can't keep up! Is the server overloaded? Running 4405ms or 88 ticks behind
[20:59:45] [Server thread/WARN]: Can't keep up! Is the server overloaded? Running 2192ms or 43 ticks behind
[21:00:07] [Server thread/INFO]: Steve[local] logged in with entity id 938 at (-291.7436806157572, 222.0, 111.37752167141876)
[21:00:07] [Server thread/INFO]: Steve joined the game
[21:00:52] [Server thread/WARN]: A11y_UwU moved too quickly! -0.024417804872030047,-19.500000774860382,0.0
[21:03:02] [Server thread/WARN]: Can't keep up! Is the server overloaded? Running 2166ms or 43 ticks behind
[21:03:04] [Server thread/WARN]: A11y_UwU moved too quickly! 17.18718170495248,-2.797109490521308,3.2226200514259062
[21:03:06] [Server thread/WARN]: A11y_UwU moved wrongly!
[21:03:30] [Server thread/WARN]: Can't keep up! Is the server overloaded? Running 13092ms or 261 ticks behind
[21:05:22] [Server thread/INFO]: A11y_UwU lost connection: Disconnected
[21:05:22] [Server thread/INFO]: A11y_UwU left the game
[23:39:03] [Server thread/INFO]: Unknown or incomplete command, see below for error
[23:39:03] [Server thread/INFO]: s<--[HERE]
