[10:11:39] [main/INFO]: Loading for game Minecraft 1.16.4
[10:11:39] [ForkJoinPool-1-worker-2/WARN]: The mod "autoconfig1u" contains invalid entries in its mod json:
- Unsupported root entry "$schema" at line 2 column 14
[10:11:39] [main/INFO]: [FabricLoader] Loading 48 mods: fabric-renderer-api-v1@0.3.3+a4467d2a95, fabric-screen-handler-api-v1@1.1.0+8724984195, minecraft@1.16.4, fabric-networking-blockentity-v0@0.2.5+b50ffc7b95, fabric-keybindings-v0@0.2.0+3fa9f7c595, cloth-basic-math@0.5.1, fabric-command-api-v1@1.0.9+a4467d2a95, fabricloader@0.10.6+build.214, fabric-tool-attribute-api-v1@1.2.4+2b46237995, fabric-structure-api-v1@1.1.0+f8ac1db295, fabric-renderer-indigo@0.4.3+a4467d2a95, fabric-containers-v0@0.1.8+045df74f95, fabric-object-builder-api-v1@1.9.2+a89534ab95, fabric-crash-report-info-v1@0.1.2+b7f9825d95, fabric-events-interaction-v0@0.4.1+f8ac1db295, fabric-item-api-v1@1.2.0+f8ac1db295, fabric-game-rule-api-v1@1.0.3+a4467d2a95, fabric-api-base@0.2.0+9f0fb4b895, fabric-rendering-v0@1.1.1+f8ac1db295, fabric-rendering-v1@1.3.1+f8ac1db295, fabric-key-binding-api-v1@1.0.1+730711c695, cloth-config2@4.8.1, fabric-rendering-data-attachment-v1@0.1.4+f8ac1db295, autoconfig1u@3.2.2, fabric-resource-loader-v0@0.3.1+facf3bbf95, cloth-dynamic-registry-api-v1@1.4.8, fabric-textures-v0@1.0.5+a4467d2a95, fabric-content-registries-v0@0.1.9+059ea86695, fabric-tag-extensions-v0@1.0.3+ac8e8c5995, fabric-rendering-fluids-v1@0.1.12+f8ac1db295, fabric-biome-api-v1@3.0.0+8367596d95, fabric-commands-v0@0.2.0+52d3083695, fabric-registry-sync-v0@0.6.1+a4467d2a95, fabric-blockrenderlayer-v1@1.1.4+c6a8ea8995, fabric-lifecycle-events-v1@1.2.0+74cc3b2095, vanillaenhanced@1.3.0, fabric-mining-levels-v0@0.1.2+b764ce9995, fabric-renderer-registries-v1@2.2.0+f8ac1db295, carpet-extra@1.4.14, fabric-loot-tables-v1@1.0.1+432ea18895, fabric-events-lifecycle-v0@0.2.0+16acbe5b95, fabric@0.25.0+build.415-1.16, carpet@1.4.12, fabric-particles-v1@0.2.2+fb0d9b0e95, fabric-models-v0@0.1.1+f8ac1db295, fabric-item-groups-v0@0.2.1+a4467d2a95, fabric-networking-v0@0.1.10+e00ecb5f95, fabric-object-builders-v0@0.7.1+a4467d2a95
[10:11:39] [main/INFO]: SpongePowered MIXIN Subsystem Version=0.8.2 Source=file:/C:/Users/bjartur2004/gits/Raudrofur/server%20-1.16.4%20carpetmod/fabric-server-launch.jar Service=Knot/Fabric Env=SERVER
[10:11:47] [main/INFO]: [VanillaEnhanced] Hello there.
[10:11:48] [main/INFO]: Environment: authHost='https://authserver.mojang.com', accountsHost='https://api.mojang.com', sessionHost='https://sessionserver.mojang.com', servicesHost='https://api.minecraftservices.com', name='PROD'
[10:11:49] [main/WARN]: Ambiguity between arguments [teleport, destination] and [teleport, targets] with inputs: [Player, 0123, @e, dd12be42-52a9-4a91-a8a1-11c01849e498]
[10:11:49] [main/WARN]: Ambiguity between arguments [teleport, location] and [teleport, destination] with inputs: [0.1 -0.5 .9, 0 0 0]
[10:11:49] [main/WARN]: Ambiguity between arguments [teleport, location] and [teleport, targets] with inputs: [0.1 -0.5 .9, 0 0 0]
[10:11:50] [main/WARN]: Ambiguity between arguments [teleport, targets] and [teleport, destination] with inputs: [Player, 0123, dd12be42-52a9-4a91-a8a1-11c01849e498]
[10:11:50] [main/WARN]: Ambiguity between arguments [teleport, targets, location] and [teleport, targets, destination] with inputs: [0.1 -0.5 .9, 0 0 0]
[10:11:50] [main/INFO]: Reloading ResourceManager: Default, Fabric Tool Attribute API (v1), VanillaEnhanced, Tools v. Luki2811, Tools by Luki2811, raudrofur.zip
[10:11:51] [Worker-Main-5/INFO]: Loaded 7 recipes
[10:11:51] [Worker-Main-5/ERROR]: Couldn't load function tag minecraft:tick as it is missing following references: example:loop (from raudrofur.zip)
[10:11:51] [Worker-Main-5/INFO]: Loaded 927 advancements
[10:11:52] [main/INFO]: Applied 0 biome modifications to 0 of 85 new biomes in 3.659 ms
[10:11:53] [Server thread/INFO]: Starting minecraft server version 1.16.4
[10:11:53] [Server thread/INFO]: Loading properties
[10:11:53] [Server thread/INFO]: Default game type: SURVIVAL
[10:11:53] [Server thread/INFO]: Generating keypair
[10:11:53] [Server thread/INFO]: Starting Minecraft server on *:25565
[10:11:53] [Server thread/INFO]: Using default channel type
[10:11:54] [Server thread/INFO]: Preparing level "world"
[10:11:54] [Server thread/INFO]: [CM]: loaded setting carpets as true from carpet.conf
[10:11:54] [Server thread/INFO]: [CM]: loaded setting combineXPOrbs as true from carpet.conf
[10:11:54] [Server thread/INFO]: [CM]: loaded setting fastRedstoneDust as true from carpet.conf
[10:11:54] [Server thread/INFO]: [CM]: loaded setting rotatorBlock as true from carpet.conf
[10:11:54] [Server thread/INFO]: [CM]: loaded setting renewableBlackstone as true from carpet.conf
[10:11:54] [Server thread/INFO]: [CM]: loaded setting renewableSponges as true from carpet.conf
[10:11:54] [Server thread/INFO]: [CM]: loaded setting desertShrubs as true from carpet.conf
[10:11:54] [Server thread/INFO]: [CM]: loaded setting missingTools as true from carpet.conf
[10:11:54] [Server thread/INFO]: [CM]: loaded setting hopperCounters as true from carpet.conf
[10:11:54] [Server thread/INFO]: [CM]: loaded setting maxEntityCollisions as 2 from carpet.conf
[10:11:54] [Server thread/INFO]: [CM]: loaded setting commandSpawn as true from carpet.conf
[10:11:54] [Server thread/INFO]: [CM]: loaded setting movableBlockEntities as true from carpet.conf
[10:11:54] [Server thread/INFO]: [CM]: loaded setting accurateBlockPlacement as true from carpet.conf
[10:11:54] [Server thread/INFO]: [CM]: loaded setting huskSpawningInTemples as true from carpet.conf
[10:11:54] [Server thread/INFO]: [CM]: loaded setting renewableCoral as true from carpet.conf
[10:11:54] [Server thread/INFO]: [CM]: loaded setting shulkerSpawningInEndCities as true from carpet.conf
[10:11:54] [Server thread/INFO]: [CM]: loaded setting stackableShulkerBoxes as true from carpet.conf
[10:11:54] [Server thread/INFO]: [CM]: loaded setting onePlayerSleeping as true from carpet.conf
[10:11:54] [Server thread/INFO]: [CM]: loaded setting dispenserPlacesBlocks as true from carpet.conf
[10:11:54] [Server thread/INFO]: [CM]: loaded setting commandTick as ops from carpet.conf
[10:11:54] [Server thread/INFO]: [CM]: loaded setting commandDraw as false from carpet.conf
[10:11:54] [Server thread/INFO]: [CM]: loaded setting portalSurvivalDelay as 1 from carpet.conf
[10:11:54] [Server thread/INFO]: [CM]: loaded setting commandScript as false from carpet.conf
[10:11:54] [Server thread/INFO]: [CM]: loaded setting persistentParrots as true from carpet.conf
[10:11:54] [Server thread/INFO]: [CM]: loaded setting flippinCactus as true from carpet.conf
[10:11:54] [Server thread/INFO]: [CM]: loaded setting lagFreeSpawning as true from carpet.conf
[10:11:54] [Server thread/INFO]: Preparing start region for dimension minecraft:overworld
[10:11:55] [Server thread/INFO]: Preparing spawn area: 0%
[10:11:55] [Server thread/INFO]: Preparing spawn area: 0%
[10:11:55] [Server thread/INFO]: Preparing spawn area: 0%
[10:11:56] [Server thread/INFO]: Time elapsed: 2022 ms
[10:11:56] [Server thread/INFO]: Done (2.554s)! For help, type "help"
[10:12:12] [User Authenticator #1/INFO]: UUID of player SKAF_PathFinder is 9028ab8d-5e35-442a-a961-4e2492618936
[10:12:12] [Server thread/INFO]: SKAF_PathFinder[/85.220.31.107:51576] logged in with entity id 74 at (-381.8133871784188, 64.0, 811.3081271368372)
[10:12:12] [Server thread/INFO]: SKAF_PathFinder joined the game
[10:33:54] [Server thread/WARN]: Mismatch in destroy block pos: class_2338{x=-323, y=68, z=847} class_2338{x=-323, y=67, z=847}
[10:33:54] [Server thread/WARN]: Mismatch in destroy block pos: class_2338{x=-323, y=68, z=847} class_2338{x=-323, y=67, z=847}
[10:33:54] [Server thread/WARN]: Mismatch in destroy block pos: class_2338{x=-323, y=68, z=847} class_2338{x=-323, y=67, z=847}
[10:33:54] [Server thread/WARN]: Mismatch in destroy block pos: class_2338{x=-323, y=68, z=847} class_2338{x=-323, y=67, z=847}
[10:33:55] [Server thread/WARN]: Mismatch in destroy block pos: class_2338{x=-323, y=67, z=844} class_2338{x=-323, y=66, z=844}
[10:33:55] [Server thread/WARN]: Mismatch in destroy block pos: class_2338{x=-323, y=67, z=844} class_2338{x=-323, y=65, z=845}
[10:33:59] [Server thread/WARN]: Mismatch in destroy block pos: class_2338{x=-323, y=64, z=840} class_2338{x=-323, y=63, z=836}
[10:58:02] [Server thread/WARN]: Fetching packet for removed entity class_1542['Air'/14237, l='ServerLevel[world]', x=-422.90, y=77.00, z=959.12]
[11:03:49] [Server thread/INFO]: SKAF_PathFinder lost connection: Disconnected
[11:03:49] [Server thread/INFO]: SKAF_PathFinder left the game
[11:03:56] [User Authenticator #2/INFO]: UUID of player SKAF_PathFinder is 9028ab8d-5e35-442a-a961-4e2492618936
[11:03:56] [Server thread/INFO]: SKAF_PathFinder[/85.220.31.107:51980] logged in with entity id 15277 at (-382.38786231519845, 64.0, 816.7007224288401)
[11:03:56] [Server thread/INFO]: SKAF_PathFinder joined the game
[11:07:24] [Server thread/INFO]: SKAF_PathFinder lost connection: Disconnected
[11:07:24] [Server thread/INFO]: SKAF_PathFinder left the game
[12:34:25] [Server thread/INFO]: Unknown or incomplete command, see below for error
[12:34:25] [Server thread/INFO]: s<--[HERE]
[18:08:28] [User Authenticator #3/INFO]: UUID of player SKAF_PathFinder is 9028ab8d-5e35-442a-a961-4e2492618936
[18:08:28] [Server thread/INFO]: SKAF_PathFinder[/85.220.31.107:50344] logged in with entity id 16257 at (-342.13124832810075, 63.0, 795.7922643345961)
[18:08:28] [Server thread/INFO]: SKAF_PathFinder joined the game
[20:22:56] [Server thread/INFO]: SKAF_PathFinder was slain by Spider
[20:34:58] [User Authenticator #4/INFO]: UUID of player Sminky52 is 78fda775-d5e2-4bda-9ad2-4a579f297e40
[20:34:58] [Server thread/INFO]: Sminky52[/89.17.139.9:58494] logged in with entity id 29151 at (-683.3000000119209, 70.0, 638.3000000119209)
[20:34:58] [Server thread/INFO]: Sminky52 joined the game
[20:37:51] [Server thread/INFO]: Sminky52 lost connection: Disconnected
[20:37:51] [Server thread/INFO]: Sminky52 left the game
[20:37:55] [User Authenticator #5/INFO]: UUID of player Sminky52 is 78fda775-d5e2-4bda-9ad2-4a579f297e40
[20:37:55] [Server thread/INFO]: Sminky52[/89.17.139.9:58529] logged in with entity id 30088 at (-88.03098176206397, 65.0, 52.189302522217325)
[20:37:55] [Server thread/INFO]: Sminky52 joined the game
[20:52:46] [User Authenticator #6/INFO]: UUID of player Ravle1 is 34be5799-440b-49fe-8da9-356b3246eb51
[20:52:46] [Server thread/INFO]: Ravle1[/89.160.178.238:56439] logged in with entity id 33054 at (-729.3557028230136, 53.0, 630.4239982102403)
[20:52:46] [Server thread/INFO]: Ravle1 joined the game
[20:53:38] [Server thread/WARN]: Fetching packet for removed entity class_1303['Experience Orb'/33573, l='ServerLevel[world]', x=-86.25, y=64.00, z=81.25]
[21:07:05] [Server thread/WARN]: Fetching packet for removed entity class_1542['Iron Ingot'/39515, l='ServerLevel[world]', x=-485.68, y=87.85, z=300.69]
[21:08:23] [Server thread/WARN]: Fetching packet for removed entity class_1542['Air'/39994, l='ServerLevel[world]', x=-443.80, y=76.00, z=295.20]
[21:18:59] [Server thread/ERROR]: Can't find any space for item in the inventory
[21:18:59] [Server thread/ERROR]: Can't find any space for item in the inventory
[21:18:59] [Server thread/ERROR]: Can't find any space for item in the inventory
[21:18:59] [Server thread/ERROR]: Can't find any space for item in the inventory
[21:18:59] [Server thread/ERROR]: Can't find any space for item in the inventory
[21:18:59] [Server thread/ERROR]: Can't find any space for item in the inventory
[21:18:59] [Server thread/ERROR]: Can't find any space for item in the inventory
[21:18:59] [Server thread/ERROR]: Can't find any space for item in the inventory
[21:18:59] [Server thread/ERROR]: Can't find any space for item in the inventory
[21:18:59] [Server thread/ERROR]: Can't find any space for item in the inventory
[21:18:59] [Server thread/ERROR]: Can't find any space for item in the inventory
[21:18:59] [Server thread/ERROR]: Can't find any space for item in the inventory
[21:18:59] [Server thread/ERROR]: Can't find any space for item in the inventory
[21:18:59] [Server thread/ERROR]: Can't find any space for item in the inventory
[21:18:59] [Server thread/ERROR]: Can't find any space for item in the inventory
[21:18:59] [Server thread/ERROR]: Can't find any space for item in the inventory
[21:18:59] [Server thread/ERROR]: Can't find any space for item in the inventory
[21:18:59] [Server thread/ERROR]: Can't find any space for item in the inventory
[21:18:59] [Server thread/ERROR]: Can't find any space for item in the inventory
[21:18:59] [Server thread/ERROR]: Can't find any space for item in the inventory
[21:18:59] [Server thread/ERROR]: Can't find any space for item in the inventory
[21:18:59] [Server thread/ERROR]: Can't find any space for item in the inventory
[21:18:59] [Server thread/ERROR]: Can't find any space for item in the inventory
[21:18:59] [Server thread/ERROR]: Can't find any space for item in the inventory
[21:18:59] [Server thread/ERROR]: Can't find any space for item in the inventory
[21:18:59] [Server thread/ERROR]: Can't find any space for item in the inventory
[21:18:59] [Server thread/ERROR]: Can't find any space for item in the inventory
[21:18:59] [Server thread/ERROR]: Can't find any space for item in the inventory
[21:18:59] [Server thread/ERROR]: Can't find any space for item in the inventory
[21:18:59] [Server thread/ERROR]: Can't find any space for item in the inventory
[21:18:59] [Server thread/ERROR]: Can't find any space for item in the inventory
[21:18:59] [Server thread/ERROR]: Can't find any space for item in the inventory
[21:18:59] [Server thread/ERROR]: Can't find any space for item in the inventory
[21:18:59] [Server thread/ERROR]: Can't find any space for item in the inventory
[21:18:59] [Server thread/ERROR]: Can't find any space for item in the inventory
[21:18:59] [Server thread/ERROR]: Can't find any space for item in the inventory
[21:18:59] [Server thread/ERROR]: Can't find any space for item in the inventory
[21:18:59] [Server thread/ERROR]: Can't find any space for item in the inventory
[21:18:59] [Server thread/ERROR]: Can't find any space for item in the inventory
[21:18:59] [Server thread/ERROR]: Can't find any space for item in the inventory
[21:18:59] [Server thread/ERROR]: Can't find any space for item in the inventory
[21:18:59] [Server thread/ERROR]: Can't find any space for item in the inventory
[21:18:59] [Server thread/ERROR]: Can't find any space for item in the inventory
[21:18:59] [Server thread/ERROR]: Can't find any space for item in the inventory
[21:18:59] [Server thread/ERROR]: Can't find any space for item in the inventory
[21:18:59] [Server thread/ERROR]: Can't find any space for item in the inventory
[21:18:59] [Server thread/ERROR]: Can't find any space for item in the inventory
[21:18:59] [Server thread/ERROR]: Can't find any space for item in the inventory
[21:18:59] [Server thread/ERROR]: Can't find any space for item in the inventory
[21:18:59] [Server thread/ERROR]: Can't find any space for item in the inventory
[21:18:59] [Server thread/ERROR]: Can't find any space for item in the inventory
[21:18:59] [Server thread/ERROR]: Can't find any space for item in the inventory
[21:18:59] [Server thread/ERROR]: Can't find any space for item in the inventory
[21:18:59] [Server thread/ERROR]: Can't find any space for item in the inventory
[21:18:59] [Server thread/ERROR]: Can't find any space for item in the inventory
[21:18:59] [Server thread/ERROR]: Can't find any space for item in the inventory
[21:18:59] [Server thread/ERROR]: Can't find any space for item in the inventory
[21:18:59] [Server thread/ERROR]: Can't find any space for item in the inventory
[21:18:59] [Server thread/ERROR]: Can't find any space for item in the inventory
[21:18:59] [Server thread/ERROR]: Can't find any space for item in the inventory
[21:18:59] [Server thread/ERROR]: Can't find any space for item in the inventory
[21:18:59] [Server thread/ERROR]: Can't find any space for item in the inventory
[21:18:59] [Server thread/ERROR]: Can't find any space for item in the inventory
[21:18:59] [Server thread/ERROR]: Can't find any space for item in the inventory
[21:18:59] [Server thread/ERROR]: Can't find any space for item in the inventory
[21:18:59] [Server thread/ERROR]: Can't find any space for item in the inventory
[21:18:59] [Server thread/ERROR]: Can't find any space for item in the inventory
[21:18:59] [Server thread/ERROR]: Can't find any space for item in the inventory
[21:18:59] [Server thread/ERROR]: Can't find any space for item in the inventory
[21:18:59] [Server thread/ERROR]: Can't find any space for item in the inventory
[21:18:59] [Server thread/ERROR]: Can't find any space for item in the inventory
[21:18:59] [Server thread/ERROR]: Can't find any space for item in the inventory
[21:18:59] [Server thread/ERROR]: Can't find any space for item in the inventory
[21:18:59] [Server thread/ERROR]: Can't find any space for item in the inventory
[21:18:59] [Server thread/ERROR]: Can't find any space for item in the inventory
[21:18:59] [Server thread/ERROR]: Can't find any space for item in the inventory
[21:18:59] [Server thread/ERROR]: Can't find any space for item in the inventory
[21:18:59] [Server thread/ERROR]: Can't find any space for item in the inventory
[21:18:59] [Server thread/ERROR]: Can't find any space for item in the inventory
[21:18:59] [Server thread/ERROR]: Can't find any space for item in the inventory
[21:18:59] [Server thread/ERROR]: Can't find any space for item in the inventory
[21:18:59] [Server thread/ERROR]: Can't find any space for item in the inventory
[21:18:59] [Server thread/ERROR]: Can't find any space for item in the inventory
[21:18:59] [Server thread/ERROR]: Can't find any space for item in the inventory
[21:18:59] [Server thread/ERROR]: Can't find any space for item in the inventory
[21:18:59] [Server thread/ERROR]: Can't find any space for item in the inventory
[21:18:59] [Server thread/ERROR]: Can't find any space for item in the inventory
[21:18:59] [Server thread/ERROR]: Can't find any space for item in the inventory
[21:18:59] [Server thread/ERROR]: Can't find any space for item in the inventory
[21:18:59] [Server thread/ERROR]: Can't find any space for item in the inventory
[21:18:59] [Server thread/ERROR]: Can't find any space for item in the inventory
[21:18:59] [Server thread/ERROR]: Can't find any space for item in the inventory
[21:18:59] [Server thread/ERROR]: Can't find any space for item in the inventory
[21:18:59] [Server thread/ERROR]: Can't find any space for item in the inventory
[21:18:59] [Server thread/ERROR]: Can't find any space for item in the inventory
[21:18:59] [Server thread/ERROR]: Can't find any space for item in the inventory
[21:18:59] [Server thread/ERROR]: Can't find any space for item in the inventory
[21:18:59] [Server thread/ERROR]: Can't find any space for item in the inventory
[21:18:59] [Server thread/ERROR]: Can't find any space for item in the inventory
[21:18:59] [Server thread/ERROR]: Can't find any space for item in the inventory
[21:18:59] [Server thread/ERROR]: Can't find any space for item in the inventory
[21:18:59] [Server thread/ERROR]: Can't find any space for item in the inventory
[21:18:59] [Server thread/ERROR]: Can't find any space for item in the inventory
[21:18:59] [Server thread/ERROR]: Can't find any space for item in the inventory
[21:18:59] [Server thread/ERROR]: Can't find any space for item in the inventory
[21:18:59] [Server thread/ERROR]: Can't find any space for item in the inventory
[21:18:59] [Server thread/ERROR]: Can't find any space for item in the inventory
[21:18:59] [Server thread/ERROR]: Can't find any space for item in the inventory
[21:18:59] [Server thread/ERROR]: Can't find any space for item in the inventory
[21:18:59] [Server thread/ERROR]: Can't find any space for item in the inventory
[21:18:59] [Server thread/ERROR]: Can't find any space for item in the inventory
[21:18:59] [Server thread/ERROR]: Can't find any space for item in the inventory
[21:18:59] [Server thread/ERROR]: Can't find any space for item in the inventory
[21:18:59] [Server thread/ERROR]: Can't find any space for item in the inventory
[21:18:59] [Server thread/ERROR]: Can't find any space for item in the inventory
[21:18:59] [Server thread/ERROR]: Can't find any space for item in the inventory
[21:18:59] [Server thread/ERROR]: Can't find any space for item in the inventory
[21:18:59] [Server thread/ERROR]: Can't find any space for item in the inventory
[21:18:59] [Server thread/ERROR]: Can't find any space for item in the inventory
[21:18:59] [Server thread/ERROR]: Can't find any space for item in the inventory
[21:18:59] [Server thread/ERROR]: Can't find any space for item in the inventory
[21:18:59] [Server thread/ERROR]: Can't find any space for item in the inventory
[21:18:59] [Server thread/ERROR]: Can't find any space for item in the inventory
[21:18:59] [Server thread/ERROR]: Can't find any space for item in the inventory
[21:18:59] [Server thread/ERROR]: Can't find any space for item in the inventory
[21:18:59] [Server thread/ERROR]: Can't find any space for item in the inventory
[21:18:59] [Server thread/ERROR]: Can't find any space for item in the inventory
[21:18:59] [Server thread/ERROR]: Can't find any space for item in the inventory
[21:18:59] [Server thread/ERROR]: Can't find any space for item in the inventory
[21:18:59] [Server thread/ERROR]: Can't find any space for item in the inventory
[21:25:24] [Server thread/INFO]: Sminky52 lost connection: Disconnected
[21:25:24] [Server thread/INFO]: Sminky52 left the game
[21:28:26] [Server thread/INFO]: Ravle1 was shot by Skeleton
[21:50:34] [Server thread/INFO]: Ravle1 lost connection: Disconnected
[21:50:34] [Server thread/INFO]: Ravle1 left the game
[22:57:43] [Server thread/INFO]: SKAF_PathFinder lost connection: Disconnected
[22:57:43] [Server thread/INFO]: SKAF_PathFinder left the game
