[16:28:31] [main/INFO]: Loading for game Minecraft 1.16.4
[16:28:32] [ForkJoinPool-1-worker-1/WARN]: The mod "autoconfig1u" contains invalid entries in its mod json:
- Unsupported root entry "$schema" at line 2 column 14
[16:28:32] [main/INFO]: [FabricLoader] Loading 47 mods: fabric-screen-handler-api-v1@1.1.0+8724984195, minecraft@1.16.4, fabric-renderer-api-v1@0.3.3+a4467d2a95, fabric-networking-blockentity-v0@0.2.5+b50ffc7b95, fabric-keybindings-v0@0.2.0+3fa9f7c595, cloth-basic-math@0.5.1, fabric-command-api-v1@1.0.9+a4467d2a95, fabricloader@0.10.6+build.214, fabric-tool-attribute-api-v1@1.2.4+2b46237995, fabric-structure-api-v1@1.1.0+f8ac1db295, fabric-renderer-indigo@0.4.3+a4467d2a95, fabric-containers-v0@0.1.8+045df74f95, fabric-object-builder-api-v1@1.9.2+a89534ab95, fabric-crash-report-info-v1@0.1.2+b7f9825d95, fabric-events-interaction-v0@0.4.1+f8ac1db295, fabric-item-api-v1@1.2.0+f8ac1db295, fabric-game-rule-api-v1@1.0.3+a4467d2a95, fabric-api-base@0.2.0+9f0fb4b895, fabric-rendering-v0@1.1.1+f8ac1db295, fabric-rendering-v1@1.3.1+f8ac1db295, fabric-key-binding-api-v1@1.0.1+730711c695, cloth-config2@4.8.1, fabric-rendering-data-attachment-v1@0.1.4+f8ac1db295, autoconfig1u@3.2.2, fabric-resource-loader-v0@0.3.1+facf3bbf95, cloth-dynamic-registry-api-v1@1.4.8, fabric-textures-v0@1.0.5+a4467d2a95, fabric-content-registries-v0@0.1.9+059ea86695, fabric-tag-extensions-v0@1.0.3+ac8e8c5995, fabric-biome-api-v1@3.0.0+8367596d95, fabric-rendering-fluids-v1@0.1.12+f8ac1db295, fabric-commands-v0@0.2.0+52d3083695, fabric-registry-sync-v0@0.6.1+a4467d2a95, fabric-blockrenderlayer-v1@1.1.4+c6a8ea8995, vanillaenhanced@1.3.0, fabric-lifecycle-events-v1@1.2.0+74cc3b2095, fabric-mining-levels-v0@0.1.2+b764ce9995, fabric-renderer-registries-v1@2.2.0+f8ac1db295, fabric-events-lifecycle-v0@0.2.0+16acbe5b95, fabric-loot-tables-v1@1.0.1+432ea18895, fabric@0.25.0+build.415-1.16, carpet@1.4.12, fabric-particles-v1@0.2.2+fb0d9b0e95, fabric-models-v0@0.1.1+f8ac1db295, fabric-item-groups-v0@0.2.1+a4467d2a95, fabric-object-builders-v0@0.7.1+a4467d2a95, fabric-networking-v0@0.1.10+e00ecb5f95
[16:28:32] [main/INFO]: SpongePowered MIXIN Subsystem Version=0.8.2 Source=file:/C:/Users/bjartur2004/gits/Raudrofur/server%20-1.16.4%20carpetmod/fabric-server-launch.jar Service=Knot/Fabric Env=SERVER
[16:28:40] [main/INFO]: [VanillaEnhanced] Hello there.
[16:28:41] [main/INFO]: Environment: authHost='https://authserver.mojang.com', accountsHost='https://api.mojang.com', sessionHost='https://sessionserver.mojang.com', servicesHost='https://api.minecraftservices.com', name='PROD'
[16:28:41] [main/WARN]: Ambiguity between arguments [teleport, destination] and [teleport, targets] with inputs: [Player, 0123, @e, dd12be42-52a9-4a91-a8a1-11c01849e498]
[16:28:41] [main/WARN]: Ambiguity between arguments [teleport, location] and [teleport, destination] with inputs: [0.1 -0.5 .9, 0 0 0]
[16:28:41] [main/WARN]: Ambiguity between arguments [teleport, location] and [teleport, targets] with inputs: [0.1 -0.5 .9, 0 0 0]
[16:28:41] [main/WARN]: Ambiguity between arguments [teleport, targets] and [teleport, destination] with inputs: [Player, 0123, dd12be42-52a9-4a91-a8a1-11c01849e498]
[16:28:41] [main/WARN]: Ambiguity between arguments [teleport, targets, location] and [teleport, targets, destination] with inputs: [0.1 -0.5 .9, 0 0 0]
[16:28:42] [main/INFO]: Reloading ResourceManager: Default, Fabric Tool Attribute API (v1), VanillaEnhanced
[16:28:43] [Worker-Main-5/INFO]: Loaded 7 recipes
[16:28:43] [Worker-Main-5/INFO]: Loaded 927 advancements
[16:28:45] [main/INFO]: Applied 0 biome modifications to 0 of 85 new biomes in 3.151 ms
[16:28:45] [Server thread/INFO]: Starting minecraft server version 1.16.4
[16:28:45] [Server thread/INFO]: Loading properties
[16:28:45] [Server thread/INFO]: Default game type: SURVIVAL
[16:28:45] [Server thread/INFO]: Generating keypair
[16:28:45] [Server thread/INFO]: Starting Minecraft server on *:25565
[16:28:45] [Server thread/INFO]: Using default channel type
[16:28:46] [Server thread/INFO]: Preparing level "world"
[16:28:46] [Server thread/INFO]: [CM]: loaded setting huskSpawningInTemples as true from carpet.conf
[16:28:46] [Server thread/INFO]: [CM]: loaded setting renewableCoral as true from carpet.conf
[16:28:46] [Server thread/INFO]: [CM]: loaded setting shulkerSpawningInEndCities as true from carpet.conf
[16:28:46] [Server thread/INFO]: [CM]: loaded setting stackableShulkerBoxes as true from carpet.conf
[16:28:46] [Server thread/INFO]: [CM]: loaded setting onePlayerSleeping as true from carpet.conf
[16:28:46] [Server thread/INFO]: [CM]: loaded setting combineXPOrbs as true from carpet.conf
[16:28:46] [Server thread/INFO]: [CM]: loaded setting commandTick as ops from carpet.conf
[16:28:46] [Server thread/INFO]: [CM]: loaded setting fastRedstoneDust as true from carpet.conf
[16:28:46] [Server thread/INFO]: [CM]: loaded setting rotatorBlock as true from carpet.conf
[16:28:46] [Server thread/INFO]: [CM]: loaded setting renewableBlackstone as true from carpet.conf
[16:28:46] [Server thread/INFO]: [CM]: loaded setting renewableSponges as true from carpet.conf
[16:28:46] [Server thread/INFO]: [CM]: loaded setting portalSurvivalDelay as 1 from carpet.conf
[16:28:46] [Server thread/INFO]: [CM]: loaded setting commandScript as ops from carpet.conf
[16:28:46] [Server thread/INFO]: [CM]: loaded setting desertShrubs as true from carpet.conf
[16:28:46] [Server thread/INFO]: [CM]: loaded setting persistentParrots as true from carpet.conf
[16:28:46] [Server thread/INFO]: [CM]: loaded setting flippinCactus as true from carpet.conf
[16:28:46] [Server thread/INFO]: [CM]: loaded setting lagFreeSpawning as true from carpet.conf
[16:28:46] [Server thread/INFO]: [CM]: loaded setting maxEntityCollisions as 2 from carpet.conf
[16:28:46] [Server thread/INFO]: [CM]: loaded setting movableBlockEntities as true from carpet.conf
[16:28:47] [Server thread/INFO]: Preparing start region for dimension minecraft:overworld
[16:28:48] [Server thread/INFO]: Preparing spawn area: 0%
[16:28:48] [Server thread/INFO]: Preparing spawn area: 0%
[16:28:48] [Server thread/INFO]: Preparing spawn area: 0%
[16:28:48] [Server thread/INFO]: Time elapsed: 1734 ms
[16:28:48] [Server thread/INFO]: Done (1.979s)! For help, type "help"
[16:28:53] [User Authenticator #1/INFO]: UUID of player A11y_UwU is cdf70681-d8c8-4cdb-9b1a-97a236ce8b1a
[16:28:53] [Server thread/INFO]: A11y_UwU[/127.0.0.1:55044] logged in with entity id 129 at (344.551973182486, 72.0, 641.3000000119209)
[16:28:53] [Server thread/INFO]: A11y_UwU joined the game
[16:28:53] [Netty Server IO #2/INFO]: Player A11y_UwU joined with a matching carpet client
[16:29:38] [User Authenticator #2/INFO]: UUID of player SKAF_PathFinder is 9028ab8d-5e35-442a-a961-4e2492618936
[16:29:38] [Server thread/INFO]: SKAF_PathFinder[/85.220.31.107:51527] logged in with entity id 395 at (-2334.54451163581, 73.0, 1927.5768355642203)
[16:29:38] [Server thread/INFO]: SKAF_PathFinder joined the game
[16:32:45] [User Authenticator #3/INFO]: UUID of player endertad is fdcf66c3-a2b9-42db-81e9-59a74d9badae
[16:32:45] [Server thread/INFO]: endertad[/89.160.244.218:56177] logged in with entity id 2540 at (-215.74153968709703, 33.024424088213685, 753.6761392511391)
[16:32:45] [Server thread/INFO]: endertad joined the game
[16:33:53] [Server thread/WARN]: SKAF_PathFinder moved too quickly! 10.002695555595892,2.0,-0.08435063369915952
[16:33:53] [Server thread/WARN]: Can't keep up! Is the server overloaded? Running 5213ms or 104 ticks behind
[16:36:23] [User Authenticator #4/INFO]: UUID of player Fez05 is f5747f38-226a-4f0c-a400-a33ceb0c8477
[16:36:23] [Server thread/INFO]: Fez05[/194.144.190.143:53762] logged in with entity id 5057 at (-223.40906168297442, 83.0, 612.0506051006668)
[16:36:23] [Server thread/INFO]: Fez05 joined the game
[16:37:16] [Server thread/INFO]: Steve[local] logged in with entity id 5613 at (242.0123605850651, 68.0, 10.668165292013537)
[16:37:16] [Server thread/INFO]: Steve joined the game
[16:37:22] [Server thread/INFO]: Steve was slain by A11y_UwU
[16:37:22] [Server thread/INFO]: Steve lost connection: Killed
[16:37:22] [Server thread/INFO]: Steve left the game
[16:38:57] [Server thread/WARN]: Boat (vehicle of SKAF_PathFinder) moved too quickly! 9.798758784621725,0.0,-3.479148258577652
[16:38:57] [Server thread/WARN]: Boat (vehicle of SKAF_PathFinder) moved too quickly! 10.174923709214113,0.0,-3.6151191947947154
[16:38:57] [Server thread/WARN]: Boat (vehicle of SKAF_PathFinder) moved too quickly! 10.55106493457555,0.0,-3.7511598241271713
[16:38:57] [Server thread/WARN]: Boat (vehicle of SKAF_PathFinder) moved too quickly! 10.927184830629642,0.0,-3.8872631772615023
[16:38:57] [Server thread/WARN]: Boat (vehicle of SKAF_PathFinder) moved too quickly! 11.303285530307676,0.0,-4.0234229818163385
[16:38:57] [Server thread/WARN]: Boat (vehicle of SKAF_PathFinder) moved too quickly! 11.679367641945532,0.0,-4.15963719686647
[16:38:57] [Server thread/WARN]: Boat (vehicle of SKAF_PathFinder) moved too quickly! 12.055433024347678,0.0,-4.29590038136098
[16:38:57] [Server thread/WARN]: Boat (vehicle of SKAF_PathFinder) moved too quickly! 12.431483350438043,0.0,-4.4322076383543845
[16:38:57] [Server thread/WARN]: Can't keep up! Is the server overloaded? Running 3812ms or 76 ticks behind
[16:42:31] [Server thread/INFO]: <Fez05> frábær enska
[16:42:48] [Server thread/INFO]: <Fez05> frábæra ensku
[16:43:59] [Server thread/WARN]: Can't keep up! Is the server overloaded? Running 2208ms or 44 ticks behind
[16:45:12] [Server thread/INFO]: <endertad> lllllllllllllllll
[16:49:02] [Server thread/WARN]: Can't keep up! Is the server overloaded? Running 2219ms or 44 ticks behind
[16:53:31] [Server thread/INFO]: A11y_UwU was blown up by Creeper
[16:54:04] [Server thread/WARN]: A11y_UwU moved too quickly! 9.318899799233066,0.2522033402537289,4.076091025898428
[16:54:04] [Server thread/WARN]: Can't keep up! Is the server overloaded? Running 2074ms or 41 ticks behind
[16:54:36] [Server thread/INFO]: endertad lost connection: Disconnected
[16:54:36] [Server thread/INFO]: endertad left the game
[16:56:58] [Server thread/INFO]: Fez05 fell from a high place
[16:57:26] [User Authenticator #5/INFO]: UUID of player endertad is fdcf66c3-a2b9-42db-81e9-59a74d9badae
[16:57:26] [Server thread/INFO]: endertad[/89.160.244.218:57555] logged in with entity id 12681 at (-230.90078813402582, 83.0, 615.0393777936526)
[16:57:26] [Server thread/INFO]: endertad joined the game
[16:58:20] [Server thread/INFO]: [SKAF_PathFinder: Can only manipulate existing players]
[16:58:29] [Server thread/INFO]: [SKAF_PathFinder: Non OP players can't control other real players]
[16:59:06] [Server thread/WARN]: Can't keep up! Is the server overloaded? Running 2235ms or 44 ticks behind
[16:59:38] [Server thread/INFO]: [endertad: Filled 0 blocks]
[17:00:40] [Server thread/INFO]: Fez05 lost connection: Disconnected
[17:00:40] [Server thread/INFO]: Fez05 left the game
[17:01:29] [Server thread/INFO]: [endertad: Filled 0 blocks]
[17:01:41] [Server thread/INFO]: [endertad: Filled 2 blocks]
[17:01:59] [Server thread/INFO]: [endertad: Filled 0 blocks]
[17:02:05] [Server thread/INFO]: [endertad: Filled 25 blocks]
[17:02:22] [Server thread/INFO]: SKAF_PathFinder lost connection: Disconnected
[17:02:22] [Server thread/INFO]: SKAF_PathFinder left the game
[17:02:52] [Server thread/INFO]: [endertad: Filled 25 blocks]
[17:04:08] [Server thread/WARN]: Can't keep up! Is the server overloaded? Running 2413ms or 48 ticks behind
[17:04:24] [Server thread/INFO]: [A11y_UwU: Current Carpet Mod Settings:]
[17:04:24] [Server thread/INFO]: [A11y_UwU: - combineXPOrbs [true] [false]]
[17:04:24] [Server thread/INFO]: [A11y_UwU: - commandScript [true] [false] [ops]]
[17:04:24] [Server thread/INFO]: [A11y_UwU: - commandTick [true] [false] [ops]]
[17:04:24] [Server thread/INFO]: [A11y_UwU: - desertShrubs [true] [false]]
[17:04:24] [Server thread/INFO]: [A11y_UwU: - fastRedstoneDust [true] [false]]
[17:04:24] [Server thread/INFO]: [A11y_UwU: - flippinCactus [true] [false]]
[17:04:24] [Server thread/INFO]: [A11y_UwU: - huskSpawningInTemples [true] [false]]
[17:04:24] [Server thread/INFO]: [A11y_UwU: - lagFreeSpawning [true] [false]]
[17:04:24] [Server thread/INFO]: [A11y_UwU: - maxEntityCollisions [0] [1] [20] [2]]
[17:04:24] [Server thread/INFO]: [A11y_UwU: - movableBlockEntities [true] [false]]
[17:04:24] [Server thread/INFO]: [A11y_UwU: - onePlayerSleeping [true] [false]]
[17:04:24] [Server thread/INFO]: [A11y_UwU: - persistentParrots [true] [false]]
[17:04:24] [Server thread/INFO]: [A11y_UwU: - portalSurvivalDelay [1] [40] [80] [72000]]
[17:04:24] [Server thread/INFO]: [A11y_UwU: - renewableBlackstone [true] [false]]
[17:04:24] [Server thread/INFO]: [A11y_UwU: - renewableCoral [true] [false]]
[17:04:24] [Server thread/INFO]: [A11y_UwU: - renewableSponges [true] [false]]
[17:04:24] [Server thread/INFO]: [A11y_UwU: - rotatorBlock [true] [false]]
[17:04:24] [Server thread/INFO]: [A11y_UwU: - shulkerSpawningInEndCities [true] [false]]
[17:04:24] [Server thread/INFO]: [A11y_UwU: - stackableShulkerBoxes [true] [false]]
[17:04:24] [Server thread/INFO]: [A11y_UwU: Carpet Mod version: 1.4.12+v201001]
[17:04:24] [Server thread/INFO]: [A11y_UwU: Browse Categories:
[dispenser] [feature] [optimization] [scarpet] [survival] [client] [experimental] [tnt] [bugfix] [creative] [command]]
[17:04:35] [Server thread/INFO]: endertad lost connection: Disconnected
[17:04:35] [Server thread/INFO]: endertad left the game
[17:04:51] [Server thread/INFO]: [A11y_UwU: Carpet Mod Settings matching "command":]
[17:04:51] [Server thread/INFO]: [A11y_UwU: - commandDistance [true] [false] [ops]]
[17:04:51] [Server thread/INFO]: [A11y_UwU: - commandDraw [true] [false] [ops]]
[17:04:51] [Server thread/INFO]: [A11y_UwU: - commandInfo [true] [false] [ops]]
[17:04:51] [Server thread/INFO]: [A11y_UwU: - commandLog [true] [false] [ops]]
[17:04:51] [Server thread/INFO]: [A11y_UwU: - commandPerimeterInfo [true] [false] [ops]]
[17:04:51] [Server thread/INFO]: [A11y_UwU: - commandPlayer [true] [false] [ops]]
[17:04:51] [Server thread/INFO]: [A11y_UwU: - commandProfile [true] [false] [ops]]
[17:04:51] [Server thread/INFO]: [A11y_UwU: - commandScript [true] [false] [ops]]
[17:04:51] [Server thread/INFO]: [A11y_UwU: - commandScriptACE [true] [false] [ops]]
[17:04:51] [Server thread/INFO]: [A11y_UwU: - commandSpawn [true] [false] [ops]]
[17:04:51] [Server thread/INFO]: [A11y_UwU: - commandTick [true] [false] [ops]]
[17:04:51] [Server thread/INFO]: [A11y_UwU: - commandTrackAI [true] [false] [ops]]
[17:04:51] [Server thread/INFO]: [A11y_UwU: - hopperCounters [true] [false]]
[17:05:05] [Server thread/INFO]: [A11y_UwU: commandDraw: false, [change permanently?]]
[17:05:07] [Server thread/INFO]: [A11y_UwU: Rule commandDraw will now default to false]
[17:05:19] [Server thread/INFO]: [A11y_UwU: commandScript: false, [change permanently?]]
[17:05:20] [Server thread/INFO]: [A11y_UwU: Rule commandScript will now default to false]
[17:05:33] [Server thread/INFO]: [A11y_UwU: commandSpawn: false, [change permanently?]]
[17:05:34] [Server thread/INFO]: [A11y_UwU: Rule commandSpawn will now default to false]
[17:05:42] [Server thread/INFO]: [A11y_UwU: hopperCounters: true, [change permanently?]]
[17:05:43] [Server thread/INFO]: [A11y_UwU: Rule hopperCounters will now default to true]
[17:06:36] [Server thread/INFO]: [A11y_UwU: Set own game mode to Creative Mode]
[17:07:25] [Server thread/INFO]: [A11y_UwU: Teleported A11y_UwU to -230.90078813402582, 83.0, 615.0393777936526]
[17:07:25] [Server thread/WARN]: A11y_UwU moved too quickly! -478.03803944614424,17.0,627.4257783830199
[17:07:25] [Server thread/WARN]: A11y_UwU moved too quickly! -478.03803944614424,17.0,627.4257783830199
[17:09:11] [Server thread/WARN]: Can't keep up! Is the server overloaded? Running 2410ms or 48 ticks behind
[17:11:17] [Server thread/INFO]: [A11y_UwU: Set own game mode to Survival Mode]
[17:18:23] [Server thread/INFO]: A11y_UwU has made the advancement [Ice Bucket Challenge]
[17:40:17] [Server thread/INFO]: A11y_UwU lost connection: Disconnected
[17:40:17] [Server thread/INFO]: A11y_UwU left the game
[17:43:34] [Server thread/INFO]: com.mojang.authlib.GameProfile@10dd5c4[id=<null>,name=A11y_UwU,properties={},legacy=false] (/127.0.0.1:59501) lost connection: Disconnected
[17:44:57] [User Authenticator #6/INFO]: UUID of player A11y_UwU is cdf70681-d8c8-4cdb-9b1a-97a236ce8b1a
[17:44:57] [Server thread/INFO]: A11y_UwU[/127.0.0.1:59711] logged in with entity id 19456 at (357.10342792811235, 71.0, -21.625622651348927)
[17:44:57] [Server thread/INFO]: A11y_UwU joined the game
[17:45:00] [Netty Server IO #4/INFO]: Player A11y_UwU joined with a matching carpet client
[17:45:07] [Server thread/WARN]: Can't keep up! Is the server overloaded? Running 2013ms or 40 ticks behind
[17:47:25] [Server thread/INFO]: AFK[local] logged in with entity id 19734 at (396.69999998807907, 67.0, -7.573915722971698)
[17:47:25] [Server thread/INFO]: AFK joined the game
[17:50:08] [Server thread/INFO]: A11y_UwU lost connection: Disconnected
[17:50:08] [Server thread/INFO]: A11y_UwU left the game
[18:41:51] [User Authenticator #7/INFO]: UUID of player SKAF_PathFinder is 9028ab8d-5e35-442a-a961-4e2492618936
[18:41:51] [Server thread/INFO]: SKAF_PathFinder[/85.220.31.107:51887] logged in with entity id 24094 at (-247.0633877552189, 71.0, 669.116649087262)
[18:41:51] [Server thread/INFO]: SKAF_PathFinder joined the game
[18:50:49] [Server thread/WARN]: Mismatch in destroy block pos: class_2338{x=-260, y=70, z=684} class_2338{x=-259, y=70, z=684}
[18:50:49] [Server thread/WARN]: Mismatch in destroy block pos: class_2338{x=-260, y=70, z=684} class_2338{x=-259, y=70, z=684}
[18:50:54] [Server thread/WARN]: Mismatch in destroy block pos: class_2338{x=-260, y=73, z=686} class_2338{x=-259, y=73, z=685}
[18:58:37] [Server thread/INFO]: <SKAF_PathFinder> w
[18:58:39] [Server thread/INFO]: <SKAF_PathFinder> AFK
[19:24:32] [Server thread/INFO]: Steve[local] logged in with entity id 32843 at (-243.38632662814695, 81.0, 659.5187058892004)
[19:24:32] [Server thread/INFO]: Steve joined the game
[19:24:44] [Server thread/INFO]: <SKAF_PathFinder> Why is steve like this?
[19:25:49] [Server thread/INFO]: SKAF_PathFinder lost connection: Disconnected
[19:25:49] [Server thread/INFO]: SKAF_PathFinder left the game
[20:21:16] [User Authenticator #8/INFO]: UUID of player SKAF_PathFinder is 9028ab8d-5e35-442a-a961-4e2492618936
[20:21:16] [Server thread/INFO]: SKAF_PathFinder[/85.220.31.107:52183] logged in with entity id 42214 at (-246.10439413314694, 81.0, 664.4006658126082)
[20:21:16] [Server thread/INFO]: SKAF_PathFinder joined the game
[20:21:42] [Server thread/INFO]: Steve lost connection: Killed
[20:21:42] [Server thread/INFO]: Steve left the game
[20:23:14] [Server thread/INFO]: <SKAF_PathFinder> Lag spike
[20:28:36] [User Authenticator #9/INFO]: UUID of player A11y_UwU is cdf70681-d8c8-4cdb-9b1a-97a236ce8b1a
[20:28:36] [Server thread/INFO]: A11y_UwU[/127.0.0.1:52913] logged in with entity id 43910 at (396.78372057238056, 68.0, -13.347680467096097)
[20:28:36] [Server thread/INFO]: A11y_UwU joined the game
[20:28:37] [Netty Server IO #6/INFO]: Player A11y_UwU joined with a matching carpet client
[20:33:12] [Server thread/INFO]: A11y_UwU lost connection: Disconnected
[20:33:12] [Server thread/INFO]: A11y_UwU left the game
[20:39:14] [Server thread/WARN]: Fetching packet for removed entity class_1542['Air'/46322, l='ServerLevel[world]', x=-285.34, y=17.73, z=697.57]
[20:47:51] [Server thread/INFO]: SKAF_PathFinder was slain by Piglin
[20:49:15] [Server thread/WARN]: Can't keep up! Is the server overloaded? Running 2003ms or 40 ticks behind
[20:51:31] [Server thread/INFO]: [Server] f
[20:51:43] [Server thread/INFO]: <SKAF_PathFinder> Lost 3/4th of my armour
[20:52:15] [Server thread/INFO]: SKAF_PathFinder was shot by Skeleton
[20:52:19] [Server thread/INFO]: <SKAF_PathFinder> ffs
[20:56:34] [Server thread/INFO]: [Server] oofers
[20:59:42] [Server thread/INFO]: <SKAF_PathFinder> Are you watching me suffer?
[21:03:16] [Server thread/INFO]: [Server] every now and then i look over to see if somthings happening or the servers dead or somthing
[21:03:25] [Server thread/INFO]: Unknown or incomplete command, see below for error
[21:03:25] [Server thread/INFO]: <--[HERE]
[21:03:26] [Server thread/INFO]: <SKAF_PathFinder> Aight
[21:03:32] [Server thread/INFO]: Unknown or incomplete command, see below for error
[21:03:32] [Server thread/INFO]: <--[HERE]
[21:06:09] [User Authenticator #10/INFO]: UUID of player A11y_UwU is cdf70681-d8c8-4cdb-9b1a-97a236ce8b1a
[21:06:09] [Server thread/INFO]: A11y_UwU[/127.0.0.1:55147] logged in with entity id 52841 at (396.9033730976401, 68.0, -13.01747119790492)
[21:06:09] [Server thread/INFO]: A11y_UwU joined the game
[21:06:11] [Netty Server IO #3/INFO]: Player A11y_UwU joined with a matching carpet client
[21:06:13] [Server thread/INFO]: A11y_UwU lost connection: Disconnected
[21:06:13] [Server thread/INFO]: A11y_UwU left the game
[21:06:24] [User Authenticator #11/INFO]: UUID of player A11y_UwU is cdf70681-d8c8-4cdb-9b1a-97a236ce8b1a
[21:06:24] [Server thread/INFO]: A11y_UwU[/127.0.0.1:55173] logged in with entity id 52893 at (396.9033730976401, 68.0, -13.01747119790492)
[21:06:24] [Server thread/INFO]: A11y_UwU joined the game
[21:06:25] [Netty Server IO #6/INFO]: Player A11y_UwU joined with a matching carpet client
[21:06:26] [Server thread/INFO]: A11y_UwU lost connection: Disconnected
[21:06:26] [Server thread/INFO]: A11y_UwU left the game
[21:07:32] [Server thread/INFO]: SKAF_PathFinder suffocated in a wall
[21:07:34] [Server thread/WARN]: SKAF_PathFinder moved too quickly! 119.19999998807907,24.0,-77.19999998807907
[21:08:12] [Server thread/INFO]: <SKAF_PathFinder> I FUCKING GIVE UP
[21:08:26] [Server thread/INFO]: [Server] what ya doing
[21:08:26] [Server thread/INFO]: <SKAF_PathFinder> I MINED FOR HOURS TO DIE
[21:08:39] [Server thread/INFO]: <SKAF_PathFinder> AND I DO NOT KNOW WHERE
[21:08:43] [Server thread/INFO]: <SKAF_PathFinder> GOODBYE
[21:08:44] [Server thread/INFO]: SKAF_PathFinder lost connection: Disconnected
[21:08:44] [Server thread/INFO]: SKAF_PathFinder left the game
[21:08:53] [Server thread/INFO]: Unknown or incomplete command, see below for error
[21:08:53] [Server thread/INFO]: <--[HERE]
[21:25:42] [User Authenticator #12/INFO]: UUID of player A11y_UwU is cdf70681-d8c8-4cdb-9b1a-97a236ce8b1a
[21:25:42] [Server thread/INFO]: A11y_UwU[/127.0.0.1:56354] logged in with entity id 54854 at (396.9033730976401, 68.0, -13.01747119790492)
[21:25:42] [Server thread/INFO]: A11y_UwU joined the game
[21:25:43] [Netty Server IO #7/INFO]: Player A11y_UwU joined with a matching carpet client
[21:31:41] [Server thread/INFO]: A11y_UwU lost connection: Disconnected
[21:31:41] [Server thread/INFO]: A11y_UwU left the game
[22:32:58] [User Authenticator #13/INFO]: UUID of player A11y_UwU is cdf70681-d8c8-4cdb-9b1a-97a236ce8b1a
[22:32:58] [Server thread/INFO]: A11y_UwU[/127.0.0.1:60353] logged in with entity id 61139 at (397.1694074759889, 69.0, -6.004208182647202)
[22:32:58] [Server thread/INFO]: A11y_UwU joined the game
[22:32:59] [Netty Server IO #5/INFO]: Player A11y_UwU joined with a matching carpet client
[22:39:24] [Server thread/INFO]: A11y_UwU lost connection: Disconnected
[22:39:24] [Server thread/INFO]: A11y_UwU left the game
