[17:45:40] [main/INFO]: Loading for game Minecraft 1.16.4
[17:45:40] [ForkJoinPool-1-worker-2/WARN]: The mod "autoconfig1u" contains invalid entries in its mod json:
- Unsupported root entry "$schema" at line 2 column 14
[17:45:40] [main/INFO]: [FabricLoader] Loading 48 mods: fabric-renderer-api-v1@0.3.3+a4467d2a95, minecraft@1.16.4, fabric-screen-handler-api-v1@1.1.0+8724984195, fabric-networking-blockentity-v0@0.2.5+b50ffc7b95, fabric-keybindings-v0@0.2.0+3fa9f7c595, cloth-basic-math@0.5.1, fabric-command-api-v1@1.0.9+a4467d2a95, fabricloader@0.10.6+build.214, fabric-tool-attribute-api-v1@1.2.4+2b46237995, fabric-structure-api-v1@1.1.0+f8ac1db295, fabric-renderer-indigo@0.4.3+a4467d2a95, fabric-containers-v0@0.1.8+045df74f95, fabric-object-builder-api-v1@1.9.2+a89534ab95, fabric-crash-report-info-v1@0.1.2+b7f9825d95, fabric-events-interaction-v0@0.4.1+f8ac1db295, fabric-item-api-v1@1.2.0+f8ac1db295, fabric-game-rule-api-v1@1.0.3+a4467d2a95, fabric-api-base@0.2.0+9f0fb4b895, fabric-rendering-v0@1.1.1+f8ac1db295, fabric-rendering-v1@1.3.1+f8ac1db295, fabric-key-binding-api-v1@1.0.1+730711c695, cloth-config2@4.8.1, fabric-rendering-data-attachment-v1@0.1.4+f8ac1db295, autoconfig1u@3.2.2, fabric-resource-loader-v0@0.3.1+facf3bbf95, cloth-dynamic-registry-api-v1@1.4.8, fabric-textures-v0@1.0.5+a4467d2a95, fabric-content-registries-v0@0.1.9+059ea86695, fabric-tag-extensions-v0@1.0.3+ac8e8c5995, fabric-rendering-fluids-v1@0.1.12+f8ac1db295, fabric-biome-api-v1@3.0.0+8367596d95, fabric-commands-v0@0.2.0+52d3083695, fabric-registry-sync-v0@0.6.1+a4467d2a95, fabric-blockrenderlayer-v1@1.1.4+c6a8ea8995, fabric-lifecycle-events-v1@1.2.0+74cc3b2095, vanillaenhanced@1.3.0, fabric-mining-levels-v0@0.1.2+b764ce9995, fabric-renderer-registries-v1@2.2.0+f8ac1db295, carpet-extra@1.4.14, fabric-loot-tables-v1@1.0.1+432ea18895, fabric-events-lifecycle-v0@0.2.0+16acbe5b95, fabric@0.25.0+build.415-1.16, carpet@1.4.12, fabric-particles-v1@0.2.2+fb0d9b0e95, fabric-models-v0@0.1.1+f8ac1db295, fabric-item-groups-v0@0.2.1+a4467d2a95, fabric-networking-v0@0.1.10+e00ecb5f95, fabric-object-builders-v0@0.7.1+a4467d2a95
[17:45:40] [main/INFO]: SpongePowered MIXIN Subsystem Version=0.8.2 Source=file:/C:/Users/bjartur2004/gits/Raudrofur/server%20-1.16.4%20carpetmod/fabric-server-launch.jar Service=Knot/Fabric Env=SERVER
[17:45:52] [main/INFO]: [VanillaEnhanced] Hello there.
[17:45:53] [main/INFO]: Environment: authHost='https://authserver.mojang.com', accountsHost='https://api.mojang.com', sessionHost='https://sessionserver.mojang.com', servicesHost='https://api.minecraftservices.com', name='PROD'
[17:45:55] [main/WARN]: Ambiguity between arguments [teleport, destination] and [teleport, targets] with inputs: [Player, 0123, @e, dd12be42-52a9-4a91-a8a1-11c01849e498]
[17:45:55] [main/WARN]: Ambiguity between arguments [teleport, location] and [teleport, destination] with inputs: [0.1 -0.5 .9, 0 0 0]
[17:45:55] [main/WARN]: Ambiguity between arguments [teleport, location] and [teleport, targets] with inputs: [0.1 -0.5 .9, 0 0 0]
[17:45:55] [main/WARN]: Ambiguity between arguments [teleport, targets] and [teleport, destination] with inputs: [Player, 0123, dd12be42-52a9-4a91-a8a1-11c01849e498]
[17:45:55] [main/WARN]: Ambiguity between arguments [teleport, targets, location] and [teleport, targets, destination] with inputs: [0.1 -0.5 .9, 0 0 0]
[17:45:55] [main/INFO]: Reloading ResourceManager: Default, Fabric Tool Attribute API (v1), VanillaEnhanced
[17:45:57] [Worker-Main-5/INFO]: Loaded 7 recipes
[17:45:57] [Worker-Main-5/INFO]: Loaded 927 advancements
[17:45:58] [main/INFO]: Applied 0 biome modifications to 0 of 85 new biomes in 26.51 ms
[17:45:59] [Server thread/INFO]: Starting minecraft server version 1.16.4
[17:45:59] [Server thread/INFO]: Loading properties
[17:45:59] [Server thread/INFO]: Default game type: SURVIVAL
[17:45:59] [Server thread/INFO]: Generating keypair
[17:45:59] [Server thread/INFO]: Starting Minecraft server on *:25565
[17:45:59] [Server thread/INFO]: Using default channel type
[17:46:01] [Server thread/INFO]: Preparing level "world"
[17:46:01] [Server thread/INFO]: [CM]: loaded setting carpets as true from carpet.conf
[17:46:01] [Server thread/INFO]: [CM]: loaded setting huskSpawningInTemples as true from carpet.conf
[17:46:01] [Server thread/INFO]: [CM]: loaded setting renewableCoral as true from carpet.conf
[17:46:01] [Server thread/INFO]: [CM]: loaded setting shulkerSpawningInEndCities as true from carpet.conf
[17:46:01] [Server thread/INFO]: [CM]: loaded setting stackableShulkerBoxes as true from carpet.conf
[17:46:01] [Server thread/INFO]: [CM]: loaded setting onePlayerSleeping as true from carpet.conf
[17:46:01] [Server thread/INFO]: [CM]: loaded setting combineXPOrbs as true from carpet.conf
[17:46:01] [Server thread/INFO]: [CM]: loaded setting dispenserPlacesBlocks as true from carpet.conf
[17:46:01] [Server thread/INFO]: [CM]: loaded setting commandTick as ops from carpet.conf
[17:46:01] [Server thread/INFO]: [CM]: loaded setting fastRedstoneDust as true from carpet.conf
[17:46:01] [Server thread/INFO]: [CM]: loaded setting commandDraw as false from carpet.conf
[17:46:01] [Server thread/INFO]: [CM]: loaded setting rotatorBlock as true from carpet.conf
[17:46:01] [Server thread/INFO]: [CM]: loaded setting renewableBlackstone as true from carpet.conf
[17:46:01] [Server thread/INFO]: [CM]: loaded setting renewableSponges as true from carpet.conf
[17:46:01] [Server thread/INFO]: [CM]: loaded setting portalSurvivalDelay as 1 from carpet.conf
[17:46:01] [Server thread/INFO]: [CM]: loaded setting commandScript as false from carpet.conf
[17:46:01] [Server thread/INFO]: [CM]: loaded setting desertShrubs as true from carpet.conf
[17:46:01] [Server thread/INFO]: [CM]: loaded setting persistentParrots as true from carpet.conf
[17:46:01] [Server thread/INFO]: [CM]: loaded setting hopperCounters as true from carpet.conf
[17:46:01] [Server thread/INFO]: [CM]: loaded setting flippinCactus as true from carpet.conf
[17:46:01] [Server thread/INFO]: [CM]: loaded setting lagFreeSpawning as true from carpet.conf
[17:46:01] [Server thread/INFO]: [CM]: loaded setting maxEntityCollisions as 2 from carpet.conf
[17:46:01] [Server thread/INFO]: [CM]: loaded setting commandSpawn as true from carpet.conf
[17:46:01] [Server thread/INFO]: [CM]: loaded setting movableBlockEntities as true from carpet.conf
[17:46:01] [Server thread/INFO]: Preparing start region for dimension minecraft:overworld
[17:46:03] [Server thread/INFO]: Preparing spawn area: 0%
[17:46:03] [Server thread/INFO]: Preparing spawn area: 0%
[17:46:03] [Server thread/INFO]: Preparing spawn area: 0%
[17:46:03] [Server thread/INFO]: Preparing spawn area: 0%
[17:46:03] [Server thread/INFO]: Preparing spawn area: 84%
[17:46:05] [Server thread/INFO]: Time elapsed: 3194 ms
[17:46:05] [Server thread/INFO]: Done (3.558s)! For help, type "help"
[17:46:11] [User Authenticator #1/INFO]: UUID of player Fez05 is f5747f38-226a-4f0c-a400-a33ceb0c8477
[17:46:11] [User Authenticator #2/INFO]: UUID of player Sminky52 is 78fda775-d5e2-4bda-9ad2-4a579f297e40
[17:46:12] [Server thread/INFO]: Fez05[/194.144.190.143:64964] logged in with entity id 163 at (-243.65448097802337, 64.0, 655.5)
[17:46:12] [Server thread/INFO]: Fez05 joined the game
[17:46:12] [Server thread/INFO]: Sminky52[/89.17.139.9:64647] logged in with entity id 165 at (-534.7624999880791, 75.0, -257.69999998807907)
[17:46:13] [Server thread/INFO]: Sminky52 joined the game
[17:46:13] [Server thread/WARN]: Can't keep up! Is the server overloaded? Running 2245ms or 44 ticks behind
[17:46:38] [Server thread/WARN]: Can't keep up! Is the server overloaded? Running 9901ms or 198 ticks behind
[17:46:47] [User Authenticator #3/INFO]: UUID of player _Velmca is 27220f5c-cf83-4471-b20b-abf6be098e56
[17:46:47] [Server thread/INFO]: _Velmca[/31.209.159.67:54672] logged in with entity id 783 at (248.05385088010453, 68.0, 8.496914166401993)
[17:46:47] [Server thread/INFO]: _Velmca joined the game
[17:46:50] [Server thread/WARN]: Mismatch in destroy block pos: class_2338{x=-75, y=71, z=-22} class_2338{x=-75, y=69, z=-23}
[17:46:53] [User Authenticator #4/INFO]: UUID of player CRAZYCHICK3N is a5ea861c-a760-4afb-af58-12e43d402e78
[17:46:53] [Server thread/INFO]: CRAZYCHICK3N[/194.144.159.142:53948] logged in with entity id 943 at (-291.30000001192093, 222.0, 111.69999998807907)
[17:46:53] [Server thread/INFO]: CRAZYCHICK3N joined the game
[17:48:53] [User Authenticator #5/INFO]: UUID of player _RedHeroGamer_ is 3e9f1702-7662-4b7b-b0f2-fd5432a772eb
[17:48:53] [Server thread/INFO]: _RedHeroGamer_[/157.97.25.101:55699] logged in with entity id 2257 at (-237.69576825885315, 63.5, 650.7484633605611)
[17:48:53] [Server thread/INFO]: _RedHeroGamer_ joined the game
[17:48:56] [Server thread/INFO]: <_Velmca> tf
[17:48:56] [Server thread/INFO]: Unknown or incomplete command, see below for error
[17:48:56] [Server thread/INFO]: s<--[HERE]
[17:49:01] [Server thread/INFO]: <_RedHeroGamer_> EZ DUBS
[17:49:04] [Server thread/INFO]: Incorrect argument for command
[17:49:04] [Server thread/INFO]: ban <--[HERE]
[17:49:12] [Server thread/INFO]: _RedHeroGamer_ lost connection: Disconnected
[17:49:12] [Server thread/INFO]: _RedHeroGamer_ left the game
[17:49:12] [Server thread/INFO]: Kicked _RedHeroGamer_: Kicked by an operator
[17:49:12] [Server thread/WARN]: handleDisconnection() called twice
[17:49:16] [User Authenticator #6/INFO]: UUID of player _RedHeroGamer_ is 3e9f1702-7662-4b7b-b0f2-fd5432a772eb
[17:49:16] [Server thread/INFO]: _RedHeroGamer_[/157.97.25.101:55717] logged in with entity id 2463 at (-240.55466042255335, 70.99520087700593, 670.4990352072738)
[17:49:16] [Server thread/INFO]: _RedHeroGamer_ joined the game
[17:49:20] [Server thread/INFO]: Kicked _RedHeroGamer_: skamm
[17:49:20] [Server thread/INFO]: _RedHeroGamer_ lost connection: skamm
[17:49:20] [Server thread/INFO]: _RedHeroGamer_ left the game
[17:49:23] [User Authenticator #7/INFO]: UUID of player _RedHeroGamer_ is 3e9f1702-7662-4b7b-b0f2-fd5432a772eb
[17:49:23] [Server thread/INFO]: _RedHeroGamer_[/157.97.25.101:55719] logged in with entity id 2510 at (-236.12964005677958, 71.0, 679.244313598652)
[17:49:23] [Server thread/INFO]: _RedHeroGamer_ joined the game
[17:49:23] [User Authenticator #8/INFO]: UUID of player Kallakalli is 63bdcd1e-6da4-4658-bd01-d03350588ebf
[17:49:24] [Server thread/INFO]: Kallakalli[/89.160.244.150:57114] logged in with entity id 2517 at (-233.18455665640136, 70.0, 726.7988214570995)
[17:49:24] [Server thread/INFO]: Kallakalli joined the game
[17:49:33] [Server thread/INFO]: <_RedHeroGamer_> dubs
[17:49:36] [Server thread/INFO]: <_RedHeroGamer_> W
[17:49:51] [Server thread/INFO]: Kicked _RedHeroGamer_: ullabjakk einelti
[17:49:51] [Server thread/INFO]: _RedHeroGamer_ lost connection: ullabjakk einelti
[17:49:51] [Server thread/INFO]: _RedHeroGamer_ left the game
[17:49:54] [User Authenticator #9/INFO]: UUID of player _RedHeroGamer_ is 3e9f1702-7662-4b7b-b0f2-fd5432a772eb
[17:49:54] [Server thread/INFO]: _RedHeroGamer_[/157.97.25.101:55721] logged in with entity id 2833 at (-204.45169333330364, 71.16610926093821, 757.1939751172157)
[17:49:54] [Server thread/INFO]: _RedHeroGamer_ joined the game
[17:50:00] [Server thread/INFO]: <_RedHeroGamer_> gegn mér já
[17:50:14] [Server thread/INFO]: <_RedHeroGamer_> einelti
[17:50:23] [Server thread/INFO]: <_RedHeroGamer_> ég er særður
[17:50:58] [Server thread/INFO]: <_Velmca> ?
[17:50:58] [Server thread/INFO]: <_RedHeroGamer_> EZ DUBS
[17:51:00] [Server thread/INFO]: Unknown or incomplete command, see below for error
[17:51:00] [Server thread/INFO]: s<--[HERE]
[17:51:01] [Server thread/INFO]: <_RedHeroGamer_> W
[17:51:09] [Server thread/INFO]: Unknown or incomplete command, see below for error
[17:51:09] [Server thread/INFO]: <--[HERE]
[17:51:19] [Server thread/INFO]: <_RedHeroGamer_> suppa ez
[17:51:19] [Server thread/WARN]: Fez05 moved too quickly! 8.72923953422523,-1.5926045976350593,-4.773263981073001
[17:51:19] [Server thread/WARN]: Can't keep up! Is the server overloaded? Running 2659ms or 53 ticks behind
[17:51:22] [Server thread/INFO]: Incorrect argument for command
[17:51:22] [Server thread/INFO]: ...HeroGamer_ <--[HERE]
[17:51:29] [Server thread/INFO]: <_RedHeroGamer_> W
[17:51:34] [Server thread/INFO]: <_RedHeroGamer_> WWE
[17:51:37] [Server thread/INFO]: Banned _RedHeroGamer_: Banned by an operator.
[17:51:37] [Server thread/INFO]: _RedHeroGamer_ lost connection: You are banned from this server
[17:51:37] [Server thread/INFO]: _RedHeroGamer_ left the game
[17:51:41] [User Authenticator #10/INFO]: UUID of player _RedHeroGamer_ is 3e9f1702-7662-4b7b-b0f2-fd5432a772eb
[17:51:41] [Server thread/INFO]: Disconnecting com.mojang.authlib.GameProfile@4cec8f15[id=3e9f1702-7662-4b7b-b0f2-fd5432a772eb,name=_RedHeroGamer_,properties={textures=[com.mojang.authlib.properties.Property@3e0379f2]},legacy=false] (/157.97.25.101:55977): You are banned from this server.
Reason: Banned by an operator.
[17:51:41] [Server thread/INFO]: com.mojang.authlib.GameProfile@4cec8f15[id=3e9f1702-7662-4b7b-b0f2-fd5432a772eb,name=_RedHeroGamer_,properties={textures=[com.mojang.authlib.properties.Property@3e0379f2]},legacy=false] (/157.97.25.101:55977) lost connection: You are banned from this server.
Reason: Banned by an operator.
[17:51:55] [Server thread/INFO]: _Velmca lost connection: Disconnected
[17:52:14] [Server thread/INFO]: _Velmca left the game
[17:52:14] [Server thread/WARN]: Can't keep up! Is the server overloaded? Running 18940ms or 378 ticks behind
[17:52:14] [Server thread/INFO]: com.mojang.authlib.GameProfile@1117571f[id=<null>,name=_RedHeroGamer_,properties={},legacy=false] (/157.97.25.101:56003) lost connection: Disconnected
[17:52:22] [User Authenticator #11/INFO]: UUID of player _RedHeroGamer_ is 3e9f1702-7662-4b7b-b0f2-fd5432a772eb
[17:52:22] [Server thread/INFO]: Disconnecting com.mojang.authlib.GameProfile@62ff34d7[id=3e9f1702-7662-4b7b-b0f2-fd5432a772eb,name=_RedHeroGamer_,properties={textures=[com.mojang.authlib.properties.Property@71a3baf3]},legacy=false] (/157.97.25.101:56015): You are banned from this server.
Reason: Banned by an operator.
[17:52:22] [Server thread/INFO]: com.mojang.authlib.GameProfile@62ff34d7[id=3e9f1702-7662-4b7b-b0f2-fd5432a772eb,name=_RedHeroGamer_,properties={textures=[com.mojang.authlib.properties.Property@71a3baf3]},legacy=false] (/157.97.25.101:56015) lost connection: You are banned from this server.
Reason: Banned by an operator.
[17:52:29] [User Authenticator #12/INFO]: UUID of player _RedHeroGamer_ is 3e9f1702-7662-4b7b-b0f2-fd5432a772eb
[17:52:29] [Server thread/INFO]: Disconnecting com.mojang.authlib.GameProfile@3cfa54bd[id=3e9f1702-7662-4b7b-b0f2-fd5432a772eb,name=_RedHeroGamer_,properties={textures=[com.mojang.authlib.properties.Property@7549ce7d]},legacy=false] (/157.97.25.101:56045): You are banned from this server.
Reason: Banned by an operator.
[17:52:29] [Server thread/INFO]: com.mojang.authlib.GameProfile@3cfa54bd[id=3e9f1702-7662-4b7b-b0f2-fd5432a772eb,name=_RedHeroGamer_,properties={textures=[com.mojang.authlib.properties.Property@7549ce7d]},legacy=false] (/157.97.25.101:56045) lost connection: You are banned from this server.
Reason: Banned by an operator.
[17:52:32] [User Authenticator #13/INFO]: UUID of player _RedHeroGamer_ is 3e9f1702-7662-4b7b-b0f2-fd5432a772eb
[17:52:32] [Server thread/INFO]: Disconnecting com.mojang.authlib.GameProfile@1dd87077[id=3e9f1702-7662-4b7b-b0f2-fd5432a772eb,name=_RedHeroGamer_,properties={textures=[com.mojang.authlib.properties.Property@4b085408]},legacy=false] (/157.97.25.101:56055): You are banned from this server.
Reason: Banned by an operator.
[17:52:32] [Server thread/INFO]: com.mojang.authlib.GameProfile@1dd87077[id=3e9f1702-7662-4b7b-b0f2-fd5432a772eb,name=_RedHeroGamer_,properties={textures=[com.mojang.authlib.properties.Property@4b085408]},legacy=false] (/157.97.25.101:56055) lost connection: You are banned from this server.
Reason: Banned by an operator.
[17:52:34] [User Authenticator #14/INFO]: UUID of player _RedHeroGamer_ is 3e9f1702-7662-4b7b-b0f2-fd5432a772eb
[17:52:34] [Server thread/INFO]: Disconnecting com.mojang.authlib.GameProfile@cfc131c[id=3e9f1702-7662-4b7b-b0f2-fd5432a772eb,name=_RedHeroGamer_,properties={textures=[com.mojang.authlib.properties.Property@34f5b69e]},legacy=false] (/157.97.25.101:56064): You are banned from this server.
Reason: Banned by an operator.
[17:52:34] [Server thread/INFO]: com.mojang.authlib.GameProfile@cfc131c[id=3e9f1702-7662-4b7b-b0f2-fd5432a772eb,name=_RedHeroGamer_,properties={textures=[com.mojang.authlib.properties.Property@34f5b69e]},legacy=false] (/157.97.25.101:56064) lost connection: You are banned from this server.
Reason: Banned by an operator.
[17:52:38] [Server thread/INFO]: Unknown or incomplete command, see below for error
[17:52:38] [Server thread/INFO]: <--[HERE]
[17:52:39] [User Authenticator #15/INFO]: UUID of player _RedHeroGamer_ is 3e9f1702-7662-4b7b-b0f2-fd5432a772eb
[17:52:39] [Server thread/INFO]: Disconnecting com.mojang.authlib.GameProfile@57b8e3bc[id=3e9f1702-7662-4b7b-b0f2-fd5432a772eb,name=_RedHeroGamer_,properties={textures=[com.mojang.authlib.properties.Property@711e1c3]},legacy=false] (/157.97.25.101:56081): You are banned from this server.
Reason: Banned by an operator.
[17:52:39] [Server thread/INFO]: com.mojang.authlib.GameProfile@57b8e3bc[id=3e9f1702-7662-4b7b-b0f2-fd5432a772eb,name=_RedHeroGamer_,properties={textures=[com.mojang.authlib.properties.Property@711e1c3]},legacy=false] (/157.97.25.101:56081) lost connection: You are banned from this server.
Reason: Banned by an operator.
[17:52:41] [User Authenticator #16/INFO]: UUID of player _RedHeroGamer_ is 3e9f1702-7662-4b7b-b0f2-fd5432a772eb
[17:52:41] [Server thread/INFO]: Disconnecting com.mojang.authlib.GameProfile@7fe084da[id=3e9f1702-7662-4b7b-b0f2-fd5432a772eb,name=_RedHeroGamer_,properties={textures=[com.mojang.authlib.properties.Property@3475d0a7]},legacy=false] (/157.97.25.101:56090): You are banned from this server.
Reason: Banned by an operator.
[17:52:41] [Server thread/INFO]: com.mojang.authlib.GameProfile@7fe084da[id=3e9f1702-7662-4b7b-b0f2-fd5432a772eb,name=_RedHeroGamer_,properties={textures=[com.mojang.authlib.properties.Property@3475d0a7]},legacy=false] (/157.97.25.101:56090) lost connection: You are banned from this server.
Reason: Banned by an operator.
[17:52:43] [User Authenticator #17/INFO]: UUID of player _RedHeroGamer_ is 3e9f1702-7662-4b7b-b0f2-fd5432a772eb
[17:52:43] [Server thread/INFO]: Disconnecting com.mojang.authlib.GameProfile@721954af[id=3e9f1702-7662-4b7b-b0f2-fd5432a772eb,name=_RedHeroGamer_,properties={textures=[com.mojang.authlib.properties.Property@6492987b]},legacy=false] (/157.97.25.101:56099): You are banned from this server.
Reason: Banned by an operator.
[17:52:43] [Server thread/INFO]: com.mojang.authlib.GameProfile@721954af[id=3e9f1702-7662-4b7b-b0f2-fd5432a772eb,name=_RedHeroGamer_,properties={textures=[com.mojang.authlib.properties.Property@6492987b]},legacy=false] (/157.97.25.101:56099) lost connection: You are banned from this server.
Reason: Banned by an operator.
[17:55:26] [Server thread/INFO]: No player was found
[17:57:11] [Server thread/WARN]: Fetching packet for removed entity class_1303['Experience Orb'/6254, l='ServerLevel[world]', x=-231.10, y=62.54, z=628.61]
[17:57:26] [Server thread/WARN]: Can't keep up! Is the server overloaded? Running 14540ms or 290 ticks behind
[17:57:26] [Server thread/WARN]: CRAZYCHICK3N moved too quickly! 1.7972817525922906,-6.078400001525878,8.004552490223091
[17:57:26] [Server thread/WARN]: Fez05 moved too quickly! 9.55036340875347,0.6457627874357641,3.5074607024565694
[17:57:38] [Server thread/INFO]: Unknown or incomplete command, see below for error
[17:57:38] [Server thread/INFO]: <--[HERE]
[17:58:16] [Server thread/INFO]: Banned Kallikalli: for being a toxic person
[17:58:45] [Server thread/INFO]: Sminky52 lost connection: Disconnected
[17:58:45] [Server thread/INFO]: Sminky52 left the game
[17:58:49] [User Authenticator #18/INFO]: UUID of player Sminky52 is 78fda775-d5e2-4bda-9ad2-4a579f297e40
[17:58:49] [Server thread/INFO]: Sminky52[/89.17.139.9:60228] logged in with entity id 7105 at (-687.1782138291138, 66.0, 643.5512066356106)
[17:58:49] [Server thread/INFO]: Sminky52 joined the game
[18:00:02] [Server thread/INFO]: Unknown or incomplete command, see below for error
[18:00:02] [Server thread/INFO]: h<--[HERE]
[18:00:39] [Server thread/WARN]: Fetching packet for removed entity class_1542['Air'/8052, l='ServerLevel[world]', x=-234.29, y=83.00, z=603.90]
[18:00:39] [Server thread/WARN]: Fetching packet for removed entity class_1542['Air'/8052, l='ServerLevel[world]', x=-234.29, y=83.00, z=603.90]
[18:04:05] [Server thread/INFO]: Fez05 fell from a high place
[18:04:08] [Server thread/INFO]: <Sminky52> f
[18:04:11] [Server thread/INFO]: <Kallakalli> F
[18:04:15] [Server thread/INFO]: <Fez05> k
[18:06:11] [Server thread/INFO]: [Server] f
[18:06:14] [User Authenticator #19/INFO]: UUID of player endertad is fdcf66c3-a2b9-42db-81e9-59a74d9badae
[18:06:14] [Server thread/INFO]: endertad[/89.160.244.218:52107] logged in with entity id 10701 at (-246.0724259232914, 70.9375, 676.7524615794528)
[18:06:14] [Server thread/INFO]: endertad joined the game
[18:06:54] [Server thread/WARN]: Fez05 moved too quickly! 2.469303745096738,-9.511361445793497,4.074861959826876
[18:09:31] [Server thread/INFO]: endertad was blown up by Creeper
[18:10:38] [Server thread/INFO]: Sminky52 lost connection: Disconnected
[18:10:38] [Server thread/INFO]: Sminky52 left the game
[18:10:42] [User Authenticator #20/INFO]: UUID of player Sminky52 is 78fda775-d5e2-4bda-9ad2-4a579f297e40
[18:10:42] [Server thread/INFO]: Sminky52[/89.17.139.9:61137] logged in with entity id 13410 at (-211.91052572649636, 89.0, 654.9750558690104)
[18:10:42] [Server thread/INFO]: Sminky52 joined the game
[18:11:34] [User Authenticator #21/INFO]: UUID of player SKAF_PathFinder is 9028ab8d-5e35-442a-a961-4e2492618936
[18:11:34] [Server thread/INFO]: SKAF_PathFinder[/85.220.31.107:63250] logged in with entity id 13983 at (-265.6792658099997, 64.0, 636.9272840090382)
[18:11:34] [Server thread/INFO]: SKAF_PathFinder joined the game
[18:11:55] [Server thread/WARN]: Can't keep up! Is the server overloaded? Running 2245ms or 44 ticks behind
[18:13:03] [Server thread/INFO]: Sminky52 lost connection: Disconnected
[18:13:03] [Server thread/INFO]: Sminky52 left the game
[18:13:07] [User Authenticator #22/INFO]: UUID of player Sminky52 is 78fda775-d5e2-4bda-9ad2-4a579f297e40
[18:13:07] [Server thread/INFO]: Sminky52[/89.17.139.9:53092] logged in with entity id 15004 at (-17.849633891197286, 74.0, 50.56433983188906)
[18:13:07] [Server thread/INFO]: Sminky52 joined the game
[18:13:13] [Server thread/WARN]: Sminky52 moved too quickly! -8.306561986732419,-5.485835346296213,-1.7804424200862812
[18:17:14] [Server thread/INFO]: CRAZYCHICK3N lost connection: Disconnected
[18:17:14] [Server thread/INFO]: CRAZYCHICK3N left the game
[18:17:27] [User Authenticator #23/INFO]: UUID of player CRAZYCHICK3N is a5ea861c-a760-4afb-af58-12e43d402e78
[18:17:27] [Server thread/INFO]: CRAZYCHICK3N[/194.144.159.142:54175] logged in with entity id 17234 at (-58.90514452494569, 69.5, -5.888213981338775)
[18:17:27] [Server thread/INFO]: CRAZYCHICK3N joined the game
[18:17:56] [Server thread/INFO]: CRAZYCHICK3N was slain by Piglin
[18:19:04] [Server thread/INFO]: CRAZYCHICK3N lost connection: Disconnected
[18:19:04] [Server thread/INFO]: CRAZYCHICK3N left the game
[18:21:48] [Server thread/INFO]: Sminky52 fell from a high place
[18:28:20] [Server thread/WARN]: Fetching packet for removed entity class_1542['Air'/22719, l='ServerLevel[world]', x=-291.95, y=222.19, z=109.70]
[18:28:23] [Server thread/WARN]: Fetching packet for removed entity class_1542['Air'/22756, l='ServerLevel[world]', x=-291.92, y=222.19, z=109.70]
[18:30:02] [Server thread/INFO]: <SKAF_PathFinder> -296 137
[18:32:00] [Server thread/INFO]: Sminky52 lost connection: Disconnected
[18:32:00] [Server thread/INFO]: Sminky52 left the game
[18:32:09] [User Authenticator #24/INFO]: UUID of player Sminky52 is 78fda775-d5e2-4bda-9ad2-4a579f297e40
[18:32:10] [Server thread/INFO]: Sminky52[/89.17.139.9:60660] logged in with entity id 25753 at (-282.1181838607629, 70.0, 130.93085355832662)
[18:32:10] [Server thread/INFO]: Sminky52 joined the game
[18:33:21] [Server thread/INFO]: Villager class_1646['Nitwit'/26280, l='ServerLevel[world]', x=-132.30, y=64.00, z=2113.62] died, message: 'Nitwit suffocated in a wall'
[18:33:28] [User Authenticator #25/INFO]: UUID of player RuKlo is b5f86e02-8cbf-4c87-bc12-cfcce3b3100e
[18:33:28] [Server thread/INFO]: RuKlo[/157.157.141.64:62423] logged in with entity id 26535 at (148.00841850445676, 71.875, -28.073433000854955)
[18:33:28] [Server thread/INFO]: RuKlo joined the game
[18:36:28] [Server thread/WARN]: Fetching packet for removed entity class_1542['Air'/29552, l='ServerLevel[world]', x=-234.35, y=83.00, z=604.10]
[18:36:58] [Server thread/WARN]: Sminky52 moved too quickly! 10.145273414220469,0.0,0.02031329099065715
[18:36:58] [Server thread/WARN]: Can't keep up! Is the server overloaded? Running 3135ms or 62 ticks behind
[18:38:00] [Server thread/INFO]: Sminky52 tried to swim in lava
[18:39:12] [Server thread/INFO]: <Fez05> -676 84 671
[18:41:28] [Server thread/INFO]: Sminky52 lost connection: Disconnected
[18:41:28] [Server thread/INFO]: Sminky52 left the game
[18:43:37] [Server thread/INFO]: RuKlo was shot by Kallakalli
[18:43:48] [User Authenticator #26/INFO]: UUID of player Sminky52 is 78fda775-d5e2-4bda-9ad2-4a579f297e40
[18:43:48] [Server thread/INFO]: Sminky52[/89.17.139.9:61559] logged in with entity id 36127 at (-684.3664660581641, 68.0, 654.4024974427277)
[18:43:48] [Server thread/INFO]: Sminky52 joined the game
[18:47:01] [Server thread/WARN]: Kallakalli moved too quickly! 5.261278747595014,-0.8378585789729982,8.629824766226697
[18:47:01] [Server thread/WARN]: Can't keep up! Is the server overloaded? Running 3320ms or 66 ticks behind
[18:47:03] [Server thread/INFO]: com.mojang.authlib.GameProfile@3bed4f1[id=<null>,name=A11y_UwU,properties={},legacy=false] (/127.0.0.1:63618) lost connection: Disconnected
[18:47:47] [Server thread/WARN]: Can't keep up! Is the server overloaded? Running 2029ms or 40 ticks behind
[18:48:19] [Server thread/WARN]: Can't keep up! Is the server overloaded? Running 2039ms or 40 ticks behind
[18:48:59] [Server thread/WARN]: Can't keep up! Is the server overloaded? Running 24755ms or 495 ticks behind
[18:49:17] [Server thread/INFO]: com.mojang.authlib.GameProfile@1e7fe251[id=<null>,name=A11y_UwU,properties={},legacy=false] (/127.0.0.1:63868) lost connection: Disconnected
[18:49:19] [User Authenticator #27/INFO]: UUID of player A11y_UwU is cdf70681-d8c8-4cdb-9b1a-97a236ce8b1a
[18:49:19] [Server thread/INFO]: A11y_UwU[/127.0.0.1:63901] logged in with entity id 39710 at (-430.5566614399981, 76.0, 311.4889994359445)
[18:49:19] [Server thread/INFO]: A11y_UwU joined the game
[18:49:20] [Netty Server IO #0/INFO]: Player A11y_UwU joined with a matching carpet client
[18:49:21] [Server thread/WARN]: Can't keep up! Is the server overloaded? Running 2254ms or 45 ticks behind
[18:49:56] [Server thread/WARN]: Can't keep up! Is the server overloaded? Running 20189ms or 403 ticks behind
[18:50:21] [Server thread/WARN]: Can't keep up! Is the server overloaded? Running 9263ms or 185 ticks behind
[18:50:39] [Server thread/WARN]: Can't keep up! Is the server overloaded? Running 3262ms or 65 ticks behind
[18:52:44] [Server thread/INFO]: [A11y_UwU: Kicked Kallakalli: skamm skamm, þú varst hella toxic í chatti og framdir morð.... þetta er samt bara kick for now UwU]
[18:52:44] [Server thread/INFO]: Kallakalli lost connection: skamm skamm, þú varst hella toxic í chatti og framdir morð.... þetta er samt bara kick for now UwU
[18:52:44] [Server thread/INFO]: Kallakalli left the game
[18:53:02] [Server thread/WARN]: Can't keep up! Is the server overloaded? Running 2234ms or 44 ticks behind
[18:53:25] [Server thread/WARN]: Can't keep up! Is the server overloaded? Running 7724ms or 154 ticks behind
[18:53:28] [Server thread/INFO]: A11y_UwU lost connection: Disconnected
[18:53:28] [Server thread/INFO]: A11y_UwU left the game
[18:55:45] [User Authenticator #28/INFO]: UUID of player A11y_UwU is cdf70681-d8c8-4cdb-9b1a-97a236ce8b1a
[18:55:45] [Server thread/INFO]: A11y_UwU[/127.0.0.1:64320] logged in with entity id 44434 at (-435.23750001192093, 77.0, 312.1136860558187)
[18:55:45] [Server thread/INFO]: A11y_UwU joined the game
[18:55:46] [Netty Server IO #3/INFO]: Player A11y_UwU joined with a matching carpet client
[18:55:50] [User Authenticator #29/INFO]: UUID of player Kallakalli is 63bdcd1e-6da4-4658-bd01-d03350588ebf
[18:55:50] [Server thread/INFO]: Kallakalli[/89.160.244.150:57495] logged in with entity id 44651 at (1148.106205191306, 72.25220334025373, 1130.449480653026)
[18:55:50] [Server thread/INFO]: Kallakalli joined the game
[18:55:52] [Server thread/WARN]: Can't keep up! Is the server overloaded? Running 2020ms or 40 ticks behind
[18:56:13] [Server thread/WARN]: Can't keep up! Is the server overloaded? Running 2042ms or 40 ticks behind
[18:57:39] [Server thread/WARN]: Can't keep up! Is the server overloaded? Running 2010ms or 40 ticks behind
[18:57:56] [Server thread/WARN]: Can't keep up! Is the server overloaded? Running 2231ms or 44 ticks behind
[18:58:17] [Server thread/WARN]: Can't keep up! Is the server overloaded? Running 5430ms or 108 ticks behind
[18:58:33] [Server thread/WARN]: RuKlo moved too quickly! -10.200406248221498,1.5040129017765196,-0.08167772620095093
[18:58:33] [Server thread/WARN]: Kallakalli moved too quickly! -9.788092730262065,-1.8338907390617862,-2.042610559388322
[18:58:37] [Server thread/WARN]: Can't keep up! Is the server overloaded? Running 5385ms or 107 ticks behind
[18:59:20] [Server thread/WARN]: Sminky52 moved wrongly!
[18:59:38] [Server thread/WARN]: Sminky52 moved wrongly!
[18:59:43] [Server thread/WARN]: Can't keep up! Is the server overloaded? Running 2021ms or 40 ticks behind
[19:00:42] [Server thread/WARN]: Can't keep up! Is the server overloaded? Running 2001ms or 40 ticks behind
[19:01:48] [Server thread/WARN]: Can't keep up! Is the server overloaded? Running 2022ms or 40 ticks behind
[19:02:35] [Server thread/INFO]: Sminky52 lost connection: Disconnected
[19:02:35] [Server thread/INFO]: Sminky52 left the game
[19:03:35] [Server thread/WARN]: Can't keep up! Is the server overloaded? Running 2043ms or 40 ticks behind
[19:03:46] [Server thread/WARN]: endertad moved too quickly! 9.921815262621635,0.7967356006687112,2.3955221441530057
[19:03:54] [Server thread/WARN]: Can't keep up! Is the server overloaded? Running 3791ms or 75 ticks behind
[19:05:00] [Server thread/WARN]: Can't keep up! Is the server overloaded? Running 2054ms or 41 ticks behind
[19:05:17] [Server thread/WARN]: Can't keep up! Is the server overloaded? Running 2100ms or 42 ticks behind
[19:06:26] [Server thread/WARN]: Mismatch in destroy block pos: class_2338{x=-486, y=76, z=301} class_2338{x=-486, y=74, z=301}
[19:06:26] [Server thread/WARN]: Mismatch in destroy block pos: class_2338{x=-486, y=73, z=301} class_2338{x=-486, y=74, z=301}
[19:08:26] [Server thread/WARN]: Can't keep up! Is the server overloaded? Running 2038ms or 40 ticks behind
[19:08:55] [Server thread/WARN]: Can't keep up! Is the server overloaded? Running 3113ms or 62 ticks behind
[19:09:23] [Server thread/WARN]: Can't keep up! Is the server overloaded? Running 2046ms or 40 ticks behind
[19:09:47] [Server thread/INFO]: com.mojang.authlib.GameProfile@3c137794[id=<null>,name=_Velmca,properties={},legacy=false] (/31.209.159.67:54987) lost connection: Disconnected
[19:11:04] [Server thread/WARN]: Can't keep up! Is the server overloaded? Running 2018ms or 40 ticks behind
[19:11:09] [Server thread/WARN]: Fetching packet for removed entity class_1542['Air'/60232, l='ServerLevel[world]', x=-235.38, y=83.00, z=605.00]
[19:11:22] [Server thread/WARN]: Can't keep up! Is the server overloaded? Running 2301ms or 46 ticks behind
[19:11:25] [User Authenticator #30/INFO]: UUID of player _Velmca is 27220f5c-cf83-4471-b20b-abf6be098e56
[19:11:25] [Server thread/INFO]: _Velmca[/31.209.159.67:55143] logged in with entity id 60752 at (222.68252910209074, 69.0, -37.69999998807907)
[19:11:25] [Server thread/INFO]: _Velmca joined the game
[19:11:41] [Server thread/WARN]: Can't keep up! Is the server overloaded? Running 3851ms or 77 ticks behind
[19:12:07] [Server thread/WARN]: Can't keep up! Is the server overloaded? Running 2025ms or 40 ticks behind
[19:12:28] [Server thread/WARN]: Can't keep up! Is the server overloaded? Running 2015ms or 40 ticks behind
[19:12:46] [Server thread/WARN]: Can't keep up! Is the server overloaded? Running 3454ms or 69 ticks behind
[19:13:05] [Server thread/WARN]: Can't keep up! Is the server overloaded? Running 3802ms or 76 ticks behind
[19:13:06] [Server thread/INFO]: endertad lost connection: Disconnected
[19:13:06] [Server thread/INFO]: endertad left the game
[19:13:20] [Server thread/WARN]: Fetching packet for removed entity class_1542['Air'/62904, l='ServerLevel[world]', x=-234.46, y=83.00, z=603.73]
[19:13:40] [Server thread/WARN]: Can't keep up! Is the server overloaded? Running 2092ms or 41 ticks behind
[19:14:00] [Server thread/WARN]: Can't keep up! Is the server overloaded? Running 2004ms or 40 ticks behind
[19:14:24] [Server thread/WARN]: Boat (vehicle of RuKlo) moved too quickly! -9.77263024618037,0.0,3.5233864618274993
[19:14:24] [Server thread/WARN]: Boat (vehicle of RuKlo) moved too quickly! -10.153503518802609,0.0,3.6450475932255415
[19:14:24] [Server thread/WARN]: Boat (vehicle of RuKlo) moved too quickly! -10.534602512355491,0.0,3.7660365065799795
[19:14:24] [Server thread/WARN]: Boat (vehicle of RuKlo) moved too quickly! -10.915922238110852,0.0,3.8863616386303192
[19:14:24] [Server thread/WARN]: Boat (vehicle of RuKlo) moved too quickly! -11.297440622843055,0.0,4.006089367522776
[19:14:24] [Server thread/WARN]: Boat (vehicle of RuKlo) moved too quickly! -11.679137800649755,0.0,4.125279433587394
[19:14:24] [Server thread/WARN]: Boat (vehicle of RuKlo) moved too quickly! -12.061013389907771,0.0,4.243926791030503
[19:14:24] [Server thread/WARN]: Boat (vehicle of RuKlo) moved too quickly! -12.443049549467787,0.0,4.3620857107272
[19:14:24] [Server thread/WARN]: Boat (vehicle of RuKlo) moved too quickly! -12.825230222295659,0.0,4.479805036463773
[19:14:24] [Server thread/WARN]: Boat (vehicle of RuKlo) moved too quickly! -13.207558361617544,0.0,4.597069889480423
[19:14:24] [Server thread/WARN]: Boat (vehicle of RuKlo) moved too quickly! -13.590019220780505,0.0,4.713925717059965
[19:14:24] [Server thread/WARN]: Boat (vehicle of RuKlo) moved too quickly! -13.972599527797229,0.0,4.83041342175585
[19:14:24] [Server thread/WARN]: Boat (vehicle of RuKlo) moved too quickly! -14.355287337879417,0.0,4.946569815865246
[19:14:24] [Server thread/WARN]: Boat (vehicle of RuKlo) moved too quickly! -14.738071900718069,0.0,5.062428030454697
[19:14:24] [Server thread/WARN]: Boat (vehicle of RuKlo) moved too quickly! -15.120943541035217,0.0,5.178017883483278
[19:14:24] [Server thread/WARN]: Boat (vehicle of RuKlo) moved too quickly! -15.503910866230171,0.0,5.2933073459388424
[19:14:24] [Server thread/WARN]: Can't keep up! Is the server overloaded? Running 3932ms or 78 ticks behind
[19:14:24] [Server thread/WARN]: Boat (vehicle of RuKlo) moved too quickly! -9.945139930729624,0.0,3.034036117848075
[19:14:24] [Server thread/WARN]: Boat (vehicle of RuKlo) moved too quickly! -10.328698177390606,0.0,3.147470457093732
[19:14:24] [Server thread/WARN]: Boat (vehicle of RuKlo) moved too quickly! -10.71228344827864,0.0,3.2608199571960483
[19:14:24] [Server thread/WARN]: Boat (vehicle of RuKlo) moved too quickly! -11.095893040970509,0.0,3.374093102071413
[19:14:24] [Server thread/WARN]: Boat (vehicle of RuKlo) moved too quickly! -11.479524523285136,0.0,3.4872975272443227
[19:14:24] [Server thread/WARN]: Boat (vehicle of RuKlo) moved too quickly! -11.863175706259767,0.0,3.6004401046866406
[19:14:24] [Server thread/WARN]: Boat (vehicle of RuKlo) moved too quickly! -12.246844619827925,0.0,3.713527019172915
[19:14:24] [Server thread/WARN]: Boat (vehicle of RuKlo) moved too quickly! -12.630529490929803,0.0,3.8265638370000943
[19:14:24] [Server thread/WARN]: Boat (vehicle of RuKlo) moved too quickly! -13.014228723811698,0.0,3.9395555678352707
[19:14:24] [Server thread/WARN]: Boat (vehicle of RuKlo) moved too quickly! -13.397940882295302,0.0,4.052506720378716
[19:14:24] [Server thread/WARN]: Boat (vehicle of RuKlo) moved too quickly! -13.781664673820046,0.0,4.165421352460584
[19:14:24] [Server thread/WARN]: Boat (vehicle of RuKlo) moved too quickly! -14.165398935081612,0.0,4.278303116127887
[19:14:24] [Server thread/WARN]: Boat (vehicle of RuKlo) moved too quickly! -14.549159844848305,0.0,4.39109640603985
[19:14:24] [Server thread/WARN]: Boat (vehicle of RuKlo) moved too quickly! -14.932944738269043,0.0,4.503810069574143
[19:14:24] [Server thread/WARN]: Boat (vehicle of RuKlo) moved too quickly! -15.316751216977877,0.0,4.6164520693704105
[19:14:24] [Server thread/WARN]: Boat (vehicle of RuKlo) moved too quickly! -15.700577122445452,0.0,4.729029571804176
[19:14:24] [Server thread/WARN]: Boat (vehicle of RuKlo) moved too quickly! -16.084420511995404,0.0,4.841549026613222
[19:14:24] [Server thread/WARN]: Boat (vehicle of RuKlo) moved too quickly! -16.468279637219098,0.0,4.954016238561394
[19:14:24] [Server thread/WARN]: Boat (vehicle of RuKlo) moved too quickly! -16.852152924548818,0.0,5.06643643193604
[19:15:29] [User Authenticator #31/INFO]: UUID of player endertad is fdcf66c3-a2b9-42db-81e9-59a74d9badae
[19:15:29] [Server thread/INFO]: endertad[/89.160.244.218:52388] logged in with entity id 66016 at (-209.5923000969303, 89.0, 658.850778835861)
[19:15:29] [Server thread/INFO]: endertad joined the game
[19:17:33] [Server thread/WARN]: Fetching packet for removed entity class_1542['Air'/69768, l='ServerLevel[world]', x=-462.17, y=76.00, z=286.83]
[19:17:47] [Server thread/WARN]: Can't keep up! Is the server overloaded? Running 2019ms or 40 ticks behind
[19:18:05] [Server thread/WARN]: Can't keep up! Is the server overloaded? Running 2036ms or 40 ticks behind
[19:18:25] [Server thread/WARN]: Can't keep up! Is the server overloaded? Running 5886ms or 117 ticks behind
[19:18:47] [Server thread/WARN]: Can't keep up! Is the server overloaded? Running 6319ms or 126 ticks behind
[19:19:04] [Server thread/WARN]: Can't keep up! Is the server overloaded? Running 2827ms or 56 ticks behind
[19:19:22] [Server thread/WARN]: Can't keep up! Is the server overloaded? Running 2939ms or 58 ticks behind
[19:19:41] [Server thread/WARN]: Can't keep up! Is the server overloaded? Running 3600ms or 72 ticks behind
[19:19:43] [User Authenticator #32/INFO]: UUID of player Sminky52 is 78fda775-d5e2-4bda-9ad2-4a579f297e40
[19:19:44] [Server thread/INFO]: Sminky52[/89.17.139.9:50033] logged in with entity id 72511 at (-691.3000000119209, 70.5625, 641.3000000119209)
[19:19:44] [Server thread/INFO]: Sminky52 joined the game
[19:19:57] [Server thread/WARN]: endertad moved too quickly! 8.528912768014209,5.166109260938214,2.22288006911576
[19:19:57] [Server thread/WARN]: RuKlo moved too quickly! -10.022904579156148,0.0,-0.02354949699338249
[19:20:01] [Server thread/WARN]: endertad moved too quickly! -4.143010161155585,-0.756759288177264,9.4705760700204
[19:20:10] [Server thread/WARN]: Can't keep up! Is the server overloaded? Running 14350ms or 287 ticks behind
[19:20:30] [Server thread/WARN]: Can't keep up! Is the server overloaded? Running 4893ms or 97 ticks behind
[19:20:50] [Server thread/WARN]: Can't keep up! Is the server overloaded? Running 4789ms or 95 ticks behind
[19:21:12] [Server thread/WARN]: Can't keep up! Is the server overloaded? Running 6751ms or 135 ticks behind
[19:21:37] [Server thread/WARN]: Can't keep up! Is the server overloaded? Running 10564ms or 211 ticks behind
[19:21:44] [Server thread/INFO]: _Velmca has made the advancement [Ice Bucket Challenge]
[19:22:04] [Server thread/WARN]: Can't keep up! Is the server overloaded? Running 12248ms or 244 ticks behind
[19:22:29] [Server thread/WARN]: Can't keep up! Is the server overloaded? Running 9226ms or 184 ticks behind
[19:22:50] [Server thread/WARN]: Can't keep up! Is the server overloaded? Running 5972ms or 119 ticks behind
[19:23:11] [Server thread/WARN]: Can't keep up! Is the server overloaded? Running 6104ms or 122 ticks behind
[19:23:30] [Server thread/WARN]: Can't keep up! Is the server overloaded? Running 3880ms or 77 ticks behind
[19:23:56] [Server thread/WARN]: Can't keep up! Is the server overloaded? Running 11187ms or 223 ticks behind
[19:24:20] [Server thread/WARN]: Can't keep up! Is the server overloaded? Running 9811ms or 196 ticks behind
[19:24:44] [Server thread/WARN]: Can't keep up! Is the server overloaded? Running 8093ms or 161 ticks behind
[19:25:04] [Server thread/WARN]: Can't keep up! Is the server overloaded? Running 5416ms or 108 ticks behind
[19:25:26] [Server thread/WARN]: Can't keep up! Is the server overloaded? Running 6799ms or 135 ticks behind
[19:25:44] [Server thread/WARN]: Can't keep up! Is the server overloaded? Running 3687ms or 73 ticks behind
[19:26:04] [Server thread/WARN]: Can't keep up! Is the server overloaded? Running 4679ms or 93 ticks behind
[19:26:23] [Server thread/WARN]: Can't keep up! Is the server overloaded? Running 3800ms or 76 ticks behind
[19:26:40] [Server thread/WARN]: Can't keep up! Is the server overloaded? Running 2509ms or 50 ticks behind
[19:26:57] [Server thread/WARN]: Can't keep up! Is the server overloaded? Running 2202ms or 44 ticks behind
[19:27:20] [Server thread/WARN]: Can't keep up! Is the server overloaded? Running 7444ms or 148 ticks behind
[19:27:37] [Server thread/WARN]: Can't keep up! Is the server overloaded? Running 2076ms or 41 ticks behind
[19:27:55] [Server thread/WARN]: Can't keep up! Is the server overloaded? Running 2731ms or 54 ticks behind
[19:28:12] [Server thread/WARN]: Can't keep up! Is the server overloaded? Running 2480ms or 49 ticks behind
[19:28:42] [Server thread/WARN]: Can't keep up! Is the server overloaded? Running 2003ms or 40 ticks behind
[19:28:58] [Server thread/INFO]: Sminky52 fell from a high place
[19:28:59] [Server thread/WARN]: Sminky52 moved too quickly! -19.039148041800217,2.0625,-13.796057853547609
[19:29:00] [Server thread/WARN]: Can't keep up! Is the server overloaded? Running 3228ms or 64 ticks behind
[19:29:01] [Server thread/INFO]: <RuKlo> :D
[19:31:42] [Server thread/INFO]: SKAF_PathFinder lost connection: Disconnected
[19:31:42] [Server thread/INFO]: SKAF_PathFinder left the game
[19:32:13] [Server thread/WARN]: Fetching packet for removed entity class_1542['Air'/84953, l='ServerLevel[world]', x=-235.40, y=83.00, z=603.92]
[19:32:13] [Server thread/WARN]: Fetching packet for removed entity class_1542['Air'/84953, l='ServerLevel[world]', x=-235.40, y=83.00, z=603.92]
[19:32:13] [Server thread/WARN]: Fetching packet for removed entity class_1542['Air'/84953, l='ServerLevel[world]', x=-235.40, y=83.00, z=603.92]
[19:32:25] [Server thread/INFO]: sad[local] logged in with entity id 85093 at (-458.6000534701496, 75.0, 340.514374353257)
[19:32:25] [Server thread/INFO]: sad joined the game
[19:32:28] [Server thread/WARN]: Can't keep up! Is the server overloaded? Running 2453ms or 49 ticks behind
[19:32:29] [Server thread/INFO]: sad has made the advancement [Stone Age]
[19:33:08] [Server thread/INFO]: sad was killed by ? ? 0 using magic
[19:33:08] [Server thread/INFO]: sad lost connection: Killed
[19:33:08] [Server thread/INFO]: sad left the game
[19:33:49] [Server thread/INFO]: [A11y_UwU: Made RuKlo no longer a server operator]
[19:34:44] [Server thread/INFO]: Fez05 fell from a high place
[19:34:48] [Server thread/INFO]: <Sminky52> F
[19:37:54] [Server thread/INFO]: A11y_UwU lost connection: Disconnected
[19:37:54] [Server thread/INFO]: A11y_UwU left the game
[19:38:00] [Server thread/WARN]: Can't keep up! Is the server overloaded? Running 2185ms or 43 ticks behind
[19:38:19] [Server thread/WARN]: Can't keep up! Is the server overloaded? Running 3370ms or 67 ticks behind
[19:40:16] [User Authenticator #33/INFO]: UUID of player SKAF_PathFinder is 9028ab8d-5e35-442a-a961-4e2492618936
[19:40:16] [Server thread/INFO]: SKAF_PathFinder[/85.220.31.107:64934] logged in with entity id 90075 at (-19.42176006618016, 76.0, 76.95211770204031)
[19:40:16] [Server thread/INFO]: SKAF_PathFinder joined the game
[19:42:57] [Server thread/INFO]: RuKlo lost connection: Disconnected
[19:42:57] [Server thread/INFO]: RuKlo left the game
[19:45:28] [Server thread/INFO]: com.mojang.authlib.GameProfile@6ca6288c[id=<null>,name=RuKlo,properties={},legacy=false] (/157.157.141.64:50663) lost connection: Disconnected
[19:45:33] [User Authenticator #34/INFO]: UUID of player RuKlo is b5f86e02-8cbf-4c87-bc12-cfcce3b3100e
[19:45:33] [Server thread/INFO]: RuKlo[/157.157.141.64:61739] logged in with entity id 93458 at (-3392.1309329279034, 63.0, 558.1186581778203)
[19:45:33] [Server thread/INFO]: RuKlo joined the game
[19:46:04] [User Authenticator #35/INFO]: UUID of player A11y_UwU is cdf70681-d8c8-4cdb-9b1a-97a236ce8b1a
[19:46:04] [Server thread/INFO]: A11y_UwU[/127.0.0.1:50942] logged in with entity id 94063 at (-433.4750349993773, 76.0, 310.76249998807907)
[19:46:04] [Server thread/INFO]: A11y_UwU joined the game
[19:46:04] [Netty Server IO #4/INFO]: Player A11y_UwU joined with a matching carpet client
[19:46:08] [Server thread/WARN]: Can't keep up! Is the server overloaded? Running 2011ms or 40 ticks behind
[19:46:29] [Server thread/WARN]: Can't keep up! Is the server overloaded? Running 5536ms or 110 ticks behind
[19:46:47] [Server thread/INFO]: Slime_Boy[local] logged in with entity id 94779 at (-449.32524404201087, 26.0, 343.5261097479496)
[19:46:47] [Server thread/INFO]: Slime_Boy joined the game
[19:46:50] [Server thread/WARN]: Can't keep up! Is the server overloaded? Running 2018ms or 40 ticks behind
[19:47:08] [Server thread/WARN]: Can't keep up! Is the server overloaded? Running 2665ms or 53 ticks behind
[19:47:17] [Server thread/INFO]: A11y_UwU lost connection: Disconnected
[19:47:17] [Server thread/INFO]: A11y_UwU left the game
[19:47:27] [Server thread/WARN]: Can't keep up! Is the server overloaded? Running 4429ms or 88 ticks behind
[19:47:53] [Server thread/WARN]: Can't keep up! Is the server overloaded? Running 2075ms or 41 ticks behind
[19:47:54] [Server thread/INFO]: Sminky52 lost connection: Disconnected
[19:47:54] [Server thread/INFO]: Sminky52 left the game
[19:47:56] [User Authenticator #36/INFO]: UUID of player Sminky52 is 78fda775-d5e2-4bda-9ad2-4a579f297e40
[19:47:56] [Server thread/INFO]: Sminky52[/89.17.139.9:60210] logged in with entity id 95851 at (-687.4580431756498, 60.0, 646.4082851668757)
[19:47:56] [Server thread/INFO]: Sminky52 joined the game
[19:48:11] [Server thread/WARN]: Can't keep up! Is the server overloaded? Running 3140ms or 62 ticks behind
[19:48:34] [Server thread/INFO]: Kallakalli has made the advancement [Local Brewery]
[19:48:58] [Server thread/WARN]: SKAF_PathFinder moved wrongly!
[19:49:12] [Server thread/WARN]: Can't keep up! Is the server overloaded? Running 2008ms or 40 ticks behind
[19:49:31] [Server thread/WARN]: Fetching packet for removed entity class_1542['Air'/97132, l='ServerLevel[world]', x=-234.78, y=83.00, z=604.96]
[19:50:22] [Server thread/INFO]: <SKAF_PathFinder> Hola
[19:50:29] [Server thread/INFO]: <SKAF_PathFinder> I am next
[19:51:48] [Server thread/WARN]: Can't keep up! Is the server overloaded? Running 2007ms or 40 ticks behind
[19:52:08] [Server thread/WARN]: Can't keep up! Is the server overloaded? Running 2002ms or 40 ticks behind
[19:52:24] [Server thread/INFO]: Kallakalli has reached the goal [Zombie Doctor]
[19:52:26] [Server thread/WARN]: Can't keep up! Is the server overloaded? Running 3092ms or 61 ticks behind
[19:52:38] [Server thread/INFO]: RuKlo lost connection: Disconnected
[19:52:38] [Server thread/INFO]: RuKlo left the game
[19:52:58] [Server thread/INFO]: endertad lost connection: Disconnected
[19:52:58] [Server thread/INFO]: endertad left the game
[19:53:07] [Server thread/WARN]: Can't keep up! Is the server overloaded? Running 2211ms or 44 ticks behind
[19:53:22] [User Authenticator #37/INFO]: UUID of player endertad is fdcf66c3-a2b9-42db-81e9-59a74d9badae
[19:53:22] [Server thread/INFO]: endertad[/89.160.244.218:52713] logged in with entity id 100899 at (-211.96823390712055, 92.5, 659.2633657583281)
[19:53:22] [Server thread/INFO]: endertad joined the game
[19:54:03] [Server thread/WARN]: Fetching packet for removed entity class_1542['Air'/101305, l='ServerLevel[world]', x=-461.29, y=76.00, z=288.17]
[19:54:46] [Server thread/WARN]: Can't keep up! Is the server overloaded? Running 2015ms or 40 ticks behind
[19:55:04] [Server thread/WARN]: Can't keep up! Is the server overloaded? Running 3013ms or 60 ticks behind
[19:55:37] [Server thread/WARN]: Can't keep up! Is the server overloaded? Running 2006ms or 40 ticks behind
[19:56:39] [Server thread/WARN]: Can't keep up! Is the server overloaded? Running 2013ms or 40 ticks behind
[19:57:16] [Server thread/INFO]: Sminky52 lost connection: Disconnected
[19:57:16] [Server thread/INFO]: Sminky52 left the game
[19:59:41] [Server thread/INFO]: Kallakalli lost connection: Disconnected
[19:59:41] [Server thread/INFO]: Kallakalli left the game
[20:00:50] [User Authenticator #38/INFO]: UUID of player Sminky52 is 78fda775-d5e2-4bda-9ad2-4a579f297e40
[20:00:50] [Server thread/INFO]: Sminky52[/89.17.139.9:60278] logged in with entity id 106104 at (-683.3000000119209, 67.0, 644.6999999880791)
[20:00:50] [Server thread/INFO]: Sminky52 joined the game
[20:02:05] [Server thread/INFO]: <_Velmca> er buin geirjon
[20:02:11] [Server thread/INFO]: <SKAF_PathFinder> Nice ok
[20:02:18] [Server thread/INFO]: _Velmca fell from a high place
[20:02:21] [Server thread/INFO]: <SKAF_PathFinder> F
[20:02:22] [Server thread/INFO]: <_Velmca> oops
[20:02:28] [Server thread/INFO]: <_Velmca> ekki claima
[20:02:33] [Server thread/INFO]: <_Velmca> xpið mitt
[20:02:34] [Server thread/INFO]: <_Velmca> ):
[20:02:37] [Server thread/INFO]: <Fez05> f
[20:05:35] [Server thread/INFO]: <SKAF_PathFinder> It is ready
[20:05:40] [Server thread/INFO]: Fez05 was slain by Enderman
[20:05:43] [Server thread/WARN]: Fetching packet for removed entity class_1303['Experience Orb'/109549, l='ServerLevel[world]', x=-202.53, y=83.78, z=618.10]
[20:05:44] [Server thread/INFO]: <SKAF_PathFinder> The courtroom
[20:07:46] [Server thread/INFO]: <_Velmca> ok gerum þetta half
[20:07:56] [Server thread/INFO]: <_Velmca> ætla að vera aðeins i xp grinderinum
[20:08:48] [Server thread/WARN]: Fetching packet for removed entity class_1542['Air'/111414, l='ServerLevel[world]', x=-460.83, y=76.00, z=288.17]
[20:10:30] [Server thread/INFO]: <SKAF_PathFinder> Tis ready
[20:10:36] [Server thread/INFO]: <SKAF_PathFinder> Half?
[20:10:42] [Server thread/INFO]: <SKAF_PathFinder> Half what?
[20:10:49] [Server thread/INFO]: <_Velmca> half nine
[20:11:01] [Server thread/INFO]: <Fez05> 20min
[20:11:44] [Server thread/INFO]: <SKAF_PathFinder> i am gonna be afk for about 5 min
[20:11:48] [Server thread/INFO]: SKAF_PathFinder lost connection: Disconnected
[20:11:48] [Server thread/INFO]: SKAF_PathFinder left the game
[20:15:36] [User Authenticator #39/INFO]: UUID of player Kallakalli is 63bdcd1e-6da4-4658-bd01-d03350588ebf
[20:15:36] [Server thread/INFO]: Kallakalli[/89.160.244.150:58153] logged in with entity id 115542 at (-191.345944276097, 65.0, 821.1230405745962)
[20:15:36] [Server thread/INFO]: Kallakalli joined the game
[20:17:03] [Server thread/WARN]: Fetching packet for removed entity class_1542['Air'/116980, l='ServerLevel[world]', x=-235.29, y=83.00, z=605.27]
[20:17:03] [Server thread/WARN]: Fetching packet for removed entity class_1542['Air'/116980, l='ServerLevel[world]', x=-235.29, y=83.00, z=605.27]
[20:18:25] [Server thread/WARN]: Fetching packet for removed entity class_1542['Air'/117847, l='ServerLevel[world]', x=-461.72, y=76.00, z=287.72]
[20:23:18] [Server thread/WARN]: _Velmca moved too quickly! 10.04708107299984,0.0,-0.1183766287664989
[20:23:18] [Server thread/WARN]: Kallakalli moved too quickly! -7.849378021525155,0.7481359985909393,6.442071800251938
[20:23:18] [Server thread/WARN]: Can't keep up! Is the server overloaded? Running 2001ms or 40 ticks behind
[20:26:34] [Server thread/INFO]: endertad lost connection: Disconnected
[20:26:34] [Server thread/INFO]: endertad left the game
[20:29:32] [Server thread/INFO]: <Kallakalli> aasda
[20:29:33] [Server thread/INFO]: <Kallakalli> ass
[20:29:42] [User Authenticator #40/INFO]: UUID of player SKAF_PathFinder is 9028ab8d-5e35-442a-a961-4e2492618936
[20:29:43] [Server thread/INFO]: SKAF_PathFinder[/85.220.31.107:65125] logged in with entity id 124469 at (-248.6194525710359, 71.0, 661.5903652926443)
[20:29:43] [Server thread/INFO]: SKAF_PathFinder joined the game
[20:33:18] [Server thread/WARN]: Mismatch in destroy block pos: class_2338{x=-276, y=86, z=642} class_2338{x=-275, y=86, z=643}
[20:34:09] [Server thread/INFO]: Fez05 has made the advancement [What a Deal!]
[20:34:38] [Server thread/WARN]: Fetching packet for removed entity class_1542['Air'/127144, l='ServerLevel[world]', x=-461.68, y=76.00, z=287.25]
[20:36:47] [Server thread/INFO]: Kallakalli fell from a high place
[20:37:46] [Server thread/WARN]: Fetching packet for removed entity class_1542['Air'/129551, l='ServerLevel[world]', x=-461.77, y=76.00, z=286.83]
[20:38:10] [Server thread/INFO]: Fez05 fell from a high place
[20:38:22] [Server thread/WARN]: Can't keep up! Is the server overloaded? Running 4310ms or 86 ticks behind
[20:38:22] [Server thread/WARN]: _Velmca moved too quickly! -8.881694215713935,-1.1767592750642422,-4.859319695431651
[20:42:01] [User Authenticator #41/INFO]: UUID of player endertad is fdcf66c3-a2b9-42db-81e9-59a74d9badae
[20:42:01] [Server thread/INFO]: endertad[/89.160.244.218:52844] logged in with entity id 133131 at (-216.33839049206074, 94.0, 656.6005376304275)
[20:42:01] [Server thread/INFO]: endertad joined the game
[20:50:48] [Server thread/WARN]: Fetching packet for removed entity class_1542['Air'/140457, l='ServerLevel[world]', x=-462.17, y=76.00, z=286.83]
[20:54:06] [User Authenticator #42/INFO]: UUID of player RuKlo is b5f86e02-8cbf-4c87-bc12-cfcce3b3100e
[20:54:06] [Server thread/INFO]: RuKlo[/157.157.141.64:64418] logged in with entity id 143057 at (-3396.6237187402216, 63.0, 540.8402310240988)
[20:54:06] [Server thread/INFO]: RuKlo joined the game
[20:55:10] [Server thread/WARN]: Can't keep up! Is the server overloaded? Running 2001ms or 40 ticks behind
[20:55:59] [Server thread/WARN]: Can't keep up! Is the server overloaded? Running 2030ms or 40 ticks behind
[20:57:59] [Server thread/WARN]: Can't keep up! Is the server overloaded? Running 2046ms or 40 ticks behind
[20:58:28] [Server thread/WARN]: Fetching packet for removed entity class_1542['Air'/147579, l='ServerLevel[world]', x=-291.42, y=222.19, z=109.70]
[21:03:32] [Server thread/WARN]: Can't keep up! Is the server overloaded? Running 2492ms or 49 ticks behind
[21:04:04] [Server thread/INFO]: Fez05 fell from a high place
[21:08:05] [Server thread/WARN]: Can't keep up! Is the server overloaded? Running 2018ms or 40 ticks behind
[21:08:36] [Server thread/WARN]: Can't keep up! Is the server overloaded? Running 2004ms or 40 ticks behind
[21:08:47] [Server thread/INFO]: _Velmca has made the advancement [Enchanter]
[21:10:21] [Server thread/WARN]: Fez05 moved wrongly!
[21:10:29] [Server thread/WARN]: Fetching packet for removed entity class_1542['Air'/157611, l='ServerLevel[world]', x=-234.97, y=83.00, z=603.77]
[21:10:29] [Server thread/WARN]: Fetching packet for removed entity class_1542['Air'/157611, l='ServerLevel[world]', x=-234.97, y=83.00, z=603.77]
[21:10:29] [Server thread/WARN]: Fetching packet for removed entity class_1542['Air'/157611, l='ServerLevel[world]', x=-234.97, y=83.00, z=603.77]
[21:10:43] [Server thread/WARN]: Fetching packet for removed entity class_1542['Air'/157865, l='ServerLevel[world]', x=-461.71, y=76.00, z=286.83]
[21:11:04] [Server thread/WARN]: Can't keep up! Is the server overloaded? Running 2042ms or 40 ticks behind
[21:13:29] [Server thread/WARN]: Can't keep up! Is the server overloaded? Running 2002ms or 40 ticks behind
[21:13:51] [Server thread/WARN]: Can't keep up! Is the server overloaded? Running 7453ms or 149 ticks behind
[21:14:11] [User Authenticator #43/INFO]: UUID of player A11y_UwU is cdf70681-d8c8-4cdb-9b1a-97a236ce8b1a
[21:14:11] [Server thread/INFO]: A11y_UwU[/127.0.0.1:56078] logged in with entity id 160169 at (-437.7879665304868, 76.0, 313.64741343917217)
[21:14:11] [Server thread/INFO]: A11y_UwU joined the game
[21:14:12] [Server thread/WARN]: Can't keep up! Is the server overloaded? Running 2097ms or 41 ticks behind
[21:14:13] [Netty Server IO #3/INFO]: Player A11y_UwU joined with a matching carpet client
[21:14:33] [Server thread/WARN]: Can't keep up! Is the server overloaded? Running 6579ms or 131 ticks behind
[21:14:41] [Server thread/INFO]: <endertad> -749 64 4501
[21:14:53] [Server thread/WARN]: Can't keep up! Is the server overloaded? Running 4791ms or 95 ticks behind
[21:15:12] [Server thread/WARN]: Can't keep up! Is the server overloaded? Running 4633ms or 92 ticks behind
[21:15:31] [Server thread/WARN]: Can't keep up! Is the server overloaded? Running 3425ms or 68 ticks behind
[21:15:50] [Server thread/WARN]: Can't keep up! Is the server overloaded? Running 4093ms or 81 ticks behind
[21:15:55] [Server thread/INFO]: Kallakalli fell from a high place
[21:15:56] [Server thread/WARN]: Fetching packet for removed entity class_1542['Air'/161131, l='ServerLevel[world]', x=-461.23, y=76.00, z=287.25]
[21:16:08] [Server thread/WARN]: Can't keep up! Is the server overloaded? Running 3192ms or 63 ticks behind
[21:16:28] [Server thread/WARN]: Can't keep up! Is the server overloaded? Running 4683ms or 93 ticks behind
[21:16:47] [Server thread/WARN]: Can't keep up! Is the server overloaded? Running 4702ms or 94 ticks behind
[21:17:06] [Server thread/WARN]: Can't keep up! Is the server overloaded? Running 3898ms or 77 ticks behind
[21:17:25] [Server thread/WARN]: Can't keep up! Is the server overloaded? Running 3783ms or 75 ticks behind
[21:17:36] [Server thread/WARN]: Fetching packet for removed entity class_1542['Air'/162114, l='ServerLevel[world]', x=-461.72, y=76.00, z=287.73]
[21:17:36] [Server thread/WARN]: Fetching packet for removed entity class_1542['Air'/162114, l='ServerLevel[world]', x=-461.72, y=76.00, z=287.73]
[21:17:43] [Server thread/WARN]: Can't keep up! Is the server overloaded? Running 2611ms or 52 ticks behind
[21:18:03] [Server thread/WARN]: Can't keep up! Is the server overloaded? Running 5265ms or 105 ticks behind
[21:18:22] [Server thread/WARN]: Can't keep up! Is the server overloaded? Running 4434ms or 88 ticks behind
[21:18:45] [Server thread/WARN]: Can't keep up! Is the server overloaded? Running 7763ms or 155 ticks behind
[21:19:10] [Server thread/WARN]: Can't keep up! Is the server overloaded? Running 10589ms or 211 ticks behind
[21:19:30] [Server thread/WARN]: Can't keep up! Is the server overloaded? Running 4302ms or 86 ticks behind
[21:19:50] [Server thread/WARN]: Can't keep up! Is the server overloaded? Running 5284ms or 105 ticks behind
[21:20:08] [Server thread/WARN]: Can't keep up! Is the server overloaded? Running 2953ms or 59 ticks behind
[21:20:18] [Server thread/WARN]: RuKlo moved too quickly! -7.297314812092736,-0.9099380807732729,6.87138405572432
[21:20:30] [Server thread/WARN]: Can't keep up! Is the server overloaded? Running 7188ms or 143 ticks behind
[21:20:51] [Server thread/WARN]: Can't keep up! Is the server overloaded? Running 6369ms or 127 ticks behind
[21:20:59] [Server thread/WARN]: Fetching packet for removed entity class_1542['Air'/164311, l='ServerLevel[world]', x=-460.83, y=76.00, z=287.75]
[21:21:12] [Server thread/WARN]: Can't keep up! Is the server overloaded? Running 5069ms or 101 ticks behind
[21:21:27] [Server thread/INFO]: <_Velmca> er einh i netherinu?
[21:21:33] [Server thread/WARN]: Can't keep up! Is the server overloaded? Running 6167ms or 123 ticks behind
[21:21:33] [Server thread/INFO]: <Kallakalli> nei
[21:21:38] [Server thread/INFO]: <_Velmca> okk
[21:21:55] [Server thread/WARN]: Can't keep up! Is the server overloaded? Running 7820ms or 156 ticks behind
[21:22:14] [Server thread/WARN]: Can't keep up! Is the server overloaded? Running 4033ms or 80 ticks behind
[21:22:35] [Server thread/WARN]: Can't keep up! Is the server overloaded? Running 5704ms or 114 ticks behind
[21:22:58] [Server thread/WARN]: Can't keep up! Is the server overloaded? Running 7962ms or 159 ticks behind
[21:23:05] [Server thread/WARN]: RuKlo moved wrongly!
[21:23:08] [Server thread/INFO]: [A11y_UwU: Set own game mode to Creative Mode]
[21:23:20] [Server thread/WARN]: Can't keep up! Is the server overloaded? Running 6445ms or 128 ticks behind
[21:23:40] [Server thread/WARN]: Can't keep up! Is the server overloaded? Running 5556ms or 111 ticks behind
[21:23:52] [Server thread/WARN]: Mismatch in destroy block pos: class_2338{x=-3758, y=64, z=689} class_2338{x=-3758, y=63, z=688}
[21:23:52] [Server thread/WARN]: Mismatch in destroy block pos: class_2338{x=-3758, y=64, z=689} class_2338{x=-3758, y=63, z=688}
[21:24:00] [Server thread/WARN]: Can't keep up! Is the server overloaded? Running 4561ms or 91 ticks behind
[21:24:22] [Server thread/WARN]: Can't keep up! Is the server overloaded? Running 7040ms or 140 ticks behind
[21:24:37] [Server thread/INFO]: [A11y_UwU: Set own game mode to Survival Mode]
[21:24:42] [Server thread/WARN]: Can't keep up! Is the server overloaded? Running 2001ms or 40 ticks behind
[21:24:57] [User Authenticator #44/INFO]: UUID of player Ravle1 is 34be5799-440b-49fe-8da9-356b3246eb51
[21:24:58] [Server thread/INFO]: Ravle1[/89.160.178.238:54799] logged in with entity id 168265 at (692.1695525884579, 72.0, -1763.1584363172403)
[21:24:58] [Server thread/INFO]: Ravle1 joined the game
[21:25:00] [Server thread/WARN]: Can't keep up! Is the server overloaded? Running 3277ms or 65 ticks behind
[21:25:01] [Server thread/INFO]: <RuKlo> ELVAR!
[21:25:02] [Server thread/INFO]: <_Velmca> hæ
[21:25:11] [Server thread/INFO]: <Ravle1> hellooo
[21:25:14] [Server thread/INFO]: <endertad> ewww elvar
[21:25:22] [Server thread/WARN]: Can't keep up! Is the server overloaded? Running 6910ms or 138 ticks behind
[21:25:47] [Server thread/WARN]: Can't keep up! Is the server overloaded? Running 10712ms or 214 ticks behind
[21:26:12] [Server thread/WARN]: Can't keep up! Is the server overloaded? Running 9773ms or 195 ticks behind
[21:26:35] [Server thread/WARN]: Can't keep up! Is the server overloaded? Running 7560ms or 151 ticks behind
[21:26:58] [Server thread/WARN]: Can't keep up! Is the server overloaded? Running 7875ms or 157 ticks behind
[21:27:13] [Server thread/INFO]: A11y_UwU has completed the challenge [Hot Tourist Destinations]
[21:27:19] [Server thread/WARN]: Can't keep up! Is the server overloaded? Running 6820ms or 136 ticks behind
[21:27:28] [Server thread/INFO]: <Kallakalli> e
[21:27:48] [Server thread/WARN]: Can't keep up! Is the server overloaded? Running 13210ms or 264 ticks behind
[21:28:13] [Server thread/WARN]: Can't keep up! Is the server overloaded? Running 10434ms or 208 ticks behind
[21:28:21] [Server thread/INFO]: Ravle1 lost connection: Disconnected
[21:28:21] [Server thread/INFO]: Ravle1 left the game
[21:28:33] [Server thread/WARN]: Can't keep up! Is the server overloaded? Running 5361ms or 107 ticks behind
[21:28:51] [Server thread/WARN]: Can't keep up! Is the server overloaded? Running 2007ms or 40 ticks behind
[21:29:13] [Server thread/WARN]: Can't keep up! Is the server overloaded? Running 6684ms or 133 ticks behind
[21:29:29] [Server thread/WARN]: Trying to add entity with duplicated UUID cbd9b670-694f-4a4a-bb73-ebbb67b73c4c. Existing minecraft:armor_stand#171517, new: minecraft:armor_stand#171517
[21:29:32] [Server thread/WARN]: Can't keep up! Is the server overloaded? Running 4303ms or 86 ticks behind
[21:29:45] [Server thread/INFO]: _Velmca lost connection: Timed out
[21:29:45] [Server thread/INFO]: _Velmca left the game
[21:29:50] [Server thread/WARN]: Can't keep up! Is the server overloaded? Running 2681ms or 53 ticks behind
[21:30:09] [Server thread/WARN]: Mismatch in destroy block pos: class_2338{x=-545, y=68, z=4678} class_2338{x=-545, y=68, z=4677}
[21:30:09] [Server thread/WARN]: Can't keep up! Is the server overloaded? Running 4179ms or 83 ticks behind
[21:30:16] [Server thread/WARN]: Mismatch in destroy block pos: class_2338{x=-542, y=64, z=4692} class_2338{x=-542, y=63, z=4691}
[21:30:16] [Server thread/WARN]: Mismatch in destroy block pos: class_2338{x=-542, y=64, z=4692} class_2338{x=-542, y=63, z=4691}
[21:30:21] [Server thread/WARN]: Fez05 moved wrongly!
[21:30:21] [Server thread/WARN]: Mismatch in destroy block pos: class_2338{x=-545, y=64, z=4691} class_2338{x=-546, y=63, z=4691}
[21:30:30] [Server thread/WARN]: Can't keep up! Is the server overloaded? Running 5710ms or 114 ticks behind
[21:30:51] [Server thread/WARN]: Can't keep up! Is the server overloaded? Running 5596ms or 111 ticks behind
[21:31:11] [Server thread/WARN]: Can't keep up! Is the server overloaded? Running 5979ms or 119 ticks behind
[21:31:32] [Server thread/WARN]: Can't keep up! Is the server overloaded? Running 5503ms or 110 ticks behind
[21:31:53] [Server thread/WARN]: Can't keep up! Is the server overloaded? Running 6451ms or 129 ticks behind
[21:31:59] [Server thread/WARN]: Mismatch in destroy block pos: class_2338{x=-577, y=69, z=4713} class_2338{x=-578, y=69, z=4713}
[21:32:03] [Server thread/WARN]: Fetching packet for removed entity class_1542['Air'/173890, l='ServerLevel[world]', x=-233.83, y=83.00, z=603.83]
[21:32:03] [Server thread/WARN]: Fetching packet for removed entity class_1542['Air'/173890, l='ServerLevel[world]', x=-233.83, y=83.00, z=603.83]
[21:32:03] [Server thread/WARN]: Fetching packet for removed entity class_1542['Air'/173890, l='ServerLevel[world]', x=-233.83, y=83.00, z=603.83]
[21:32:17] [Server thread/WARN]: Can't keep up! Is the server overloaded? Running 9025ms or 180 ticks behind
[21:32:41] [Server thread/WARN]: Can't keep up! Is the server overloaded? Running 8317ms or 166 ticks behind
[21:32:48] [Server thread/INFO]: <RuKlo> sofa?
[21:32:59] [Server thread/WARN]: Can't keep up! Is the server overloaded? Running 3745ms or 74 ticks behind
[21:33:19] [Server thread/WARN]: Can't keep up! Is the server overloaded? Running 4161ms or 83 ticks behind
[21:33:37] [Server thread/WARN]: Can't keep up! Is the server overloaded? Running 3804ms or 76 ticks behind
[21:33:54] [Server thread/WARN]: Can't keep up! Is the server overloaded? Running 2039ms or 40 ticks behind
[21:34:13] [Server thread/WARN]: Can't keep up! Is the server overloaded? Running 3460ms or 69 ticks behind
[21:34:19] [Server thread/WARN]: Kallakalli moved too quickly! 9.679422471922862,3.080000013113022,-0.34614546371312827
[21:34:37] [Server thread/WARN]: Can't keep up! Is the server overloaded? Running 9427ms or 188 ticks behind
[21:35:00] [Server thread/WARN]: Can't keep up! Is the server overloaded? Running 2003ms or 40 ticks behind
[21:35:20] [Server thread/WARN]: Can't keep up! Is the server overloaded? Running 2007ms or 40 ticks behind
[21:35:38] [Server thread/WARN]: Can't keep up! Is the server overloaded? Running 2415ms or 48 ticks behind
[21:35:56] [Server thread/WARN]: Can't keep up! Is the server overloaded? Running 3160ms or 63 ticks behind
[21:36:11] [Server thread/INFO]: <RuKlo> rate
[21:36:17] [Server thread/WARN]: Can't keep up! Is the server overloaded? Running 5919ms or 118 ticks behind
[21:36:20] [Server thread/INFO]: endertad fell from a high place
[21:36:39] [Server thread/WARN]: Can't keep up! Is the server overloaded? Running 6645ms or 132 ticks behind
[21:36:58] [Server thread/WARN]: Can't keep up! Is the server overloaded? Running 4382ms or 87 ticks behind
[21:37:05] [Server thread/WARN]: Fez05 moved too quickly! 6.125750147334685,0.7666870918577047,8.2289012130625
[21:37:20] [Server thread/WARN]: Can't keep up! Is the server overloaded? Running 6744ms or 134 ticks behind
[21:37:39] [Server thread/WARN]: Can't keep up! Is the server overloaded? Running 4137ms or 82 ticks behind
[21:38:04] [Server thread/WARN]: Can't keep up! Is the server overloaded? Running 10602ms or 212 ticks behind
[21:38:27] [Server thread/WARN]: Mismatch in destroy block pos: class_2338{x=-2012, y=71, z=1155} class_2338{x=-2013, y=69, z=1155}
[21:38:27] [Server thread/WARN]: Mismatch in destroy block pos: class_2338{x=-2012, y=71, z=1155} class_2338{x=-2013, y=69, z=1155}
[21:38:27] [Server thread/WARN]: Mismatch in destroy block pos: class_2338{x=-2012, y=71, z=1155} class_2338{x=-2013, y=69, z=1155}
[21:38:29] [Server thread/WARN]: Can't keep up! Is the server overloaded? Running 10001ms or 200 ticks behind
[21:38:37] [Server thread/WARN]: Fetching packet for removed entity class_1542['Air'/180780, l='ServerLevel[world]', x=-461.76, y=76.00, z=287.76]
[21:38:52] [Server thread/WARN]: Can't keep up! Is the server overloaded? Running 8044ms or 160 ticks behind
[21:39:12] [Server thread/WARN]: SKAF_PathFinder moved too quickly! -7.684822721025739,-1.2967356006687112,-6.288831600983485
[21:39:15] [Server thread/WARN]: Can't keep up! Is the server overloaded? Running 7630ms or 152 ticks behind
[21:39:34] [Server thread/WARN]: Can't keep up! Is the server overloaded? Running 4291ms or 85 ticks behind
[21:39:54] [Server thread/WARN]: Can't keep up! Is the server overloaded? Running 4937ms or 98 ticks behind
[21:40:14] [Server thread/WARN]: Can't keep up! Is the server overloaded? Running 4785ms or 95 ticks behind
[21:40:34] [Server thread/WARN]: Can't keep up! Is the server overloaded? Running 5589ms or 111 ticks behind
[21:40:52] [Server thread/INFO]: A11y_UwU lost connection: Disconnected
[21:40:52] [Server thread/INFO]: A11y_UwU left the game
[21:40:54] [Server thread/WARN]: Can't keep up! Is the server overloaded? Running 4836ms or 96 ticks behind
[21:40:59] [Server thread/WARN]: Boat (vehicle of SKAF_PathFinder) moved too quickly! -10.314473980125513,0.0,0.7576954602391197
[21:41:00] [Server thread/WARN]: Boat (vehicle of SKAF_PathFinder) moved too quickly! 11.657843804490312,0.0,-2.521369750483018
[21:41:00] [Server thread/WARN]: Boat (vehicle of SKAF_PathFinder) moved too quickly! 11.322933505059154,0.0,-2.322994345133111
[21:41:00] [Server thread/WARN]: Boat (vehicle of SKAF_PathFinder) moved too quickly! 10.98169356129847,0.0,-2.140673216193818
[21:41:00] [Server thread/WARN]: Boat (vehicle of SKAF_PathFinder) moved too quickly! 10.63462713005174,0.0,-1.9745946857374292
[21:41:00] [Server thread/WARN]: Boat (vehicle of SKAF_PathFinder) moved too quickly! 10.282269046105739,0.0,-1.8247558621314965
[21:41:00] [Server thread/WARN]: Boat (vehicle of SKAF_PathFinder) moved too quickly! 9.925161606504389,0.0,-1.690989916219678
[21:41:00] [Server thread/WARN]: Boat (vehicle of SKAF_PathFinder) moved too quickly! -11.950309925225156,0.0,2.9173363743984737
[21:41:00] [Server thread/WARN]: Boat (vehicle of SKAF_PathFinder) moved too quickly! -11.950309925225156,0.0,2.9173363743984737
[21:41:00] [Server thread/WARN]: Boat (vehicle of SKAF_PathFinder) moved too quickly! -11.950309925225156,0.0,2.9173363743984737
[21:41:00] [Server thread/WARN]: Boat (vehicle of SKAF_PathFinder) moved too quickly! -11.950309925225156,0.0,2.9173363743984737
[21:41:00] [Server thread/WARN]: Boat (vehicle of SKAF_PathFinder) moved too quickly! -11.950309925225156,0.0,2.9173363743984737
[21:41:00] [Server thread/WARN]: Boat (vehicle of SKAF_PathFinder) moved too quickly! -11.950309925225156,0.0,2.9173363743984737
[21:41:00] [Server thread/WARN]: Boat (vehicle of SKAF_PathFinder) moved too quickly! -12.309420640532153,0.0,3.035471598221875
[21:41:00] [Server thread/WARN]: Boat (vehicle of SKAF_PathFinder) moved too quickly! -12.66380898540774,0.0,3.1668385408695485
[21:41:11] [Server thread/WARN]: Boat (vehicle of SKAF_PathFinder) moved too quickly! -10.128820367452136,0.0,-0.9488280713171662
[21:41:11] [Server thread/WARN]: Boat (vehicle of SKAF_PathFinder) moved too quickly! -10.446696180414165,0.0,-1.1578403212060948
[21:41:11] [Server thread/WARN]: Boat (vehicle of SKAF_PathFinder) moved too quickly! -10.755691145628589,0.0,-1.3787428178195569
[21:41:11] [Server thread/WARN]: Boat (vehicle of SKAF_PathFinder) moved too quickly! -11.055393463911514,0.0,-1.61121725947919
[21:41:11] [Server thread/WARN]: Boat (vehicle of SKAF_PathFinder) moved too quickly! -11.345534846007013,0.0,-1.854845709186975
[21:41:11] [Server thread/WARN]: Boat (vehicle of SKAF_PathFinder) moved too quickly! -11.625972946663751,0.0,-2.1091411590155076
[21:41:11] [Server thread/WARN]: Boat (vehicle of SKAF_PathFinder) moved too quickly! -11.896672943879366,0.0,-2.373572501135186
[21:41:11] [Server thread/WARN]: Boat (vehicle of SKAF_PathFinder) moved too quickly! -12.157688881506147,0.0,-2.647584703234088
[21:41:11] [Server thread/WARN]: Boat (vehicle of SKAF_PathFinder) moved too quickly! -12.409152242015807,0.0,-2.9306117435380656
[21:41:20] [Server thread/WARN]: Can't keep up! Is the server overloaded? Running 10867ms or 217 ticks behind
[21:41:38] [Server thread/WARN]: Can't keep up! Is the server overloaded? Running 2809ms or 56 ticks behind
[21:41:59] [Server thread/WARN]: Can't keep up! Is the server overloaded? Running 2685ms or 53 ticks behind
[21:43:36] [Server thread/WARN]: Can't keep up! Is the server overloaded? Running 2056ms or 41 ticks behind
[21:43:47] [Server thread/WARN]: Fetching packet for removed entity class_1542['Air'/184603, l='ServerLevel[world]', x=-462.17, y=76.00, z=287.30]
[21:45:10] [Server thread/WARN]: Can't keep up! Is the server overloaded? Running 2017ms or 40 ticks behind
[21:45:28] [Server thread/WARN]: Can't keep up! Is the server overloaded? Running 2002ms or 40 ticks behind
[21:45:30] [Server thread/WARN]: Fetching packet for removed entity class_1542['Acacia Leaves'/186183, l='ServerLevel[world]', x=-198.56, y=86.11, z=630.13]
[21:45:30] [Server thread/WARN]: Mismatch in destroy block pos: class_2338{x=-200, y=88, z=629} class_2338{x=-199, y=88, z=629}
[21:45:32] [Server thread/WARN]: Mismatch in destroy block pos: class_2338{x=-200, y=88, z=629} class_2338{x=-200, y=89, z=630}
[21:46:05] [Server thread/WARN]: Can't keep up! Is the server overloaded? Running 2038ms or 40 ticks behind
[21:46:14] [Server thread/WARN]: Boat (vehicle of SKAF_PathFinder) moved too quickly! -8.189398767854982,0.0,5.946114028946113
[21:46:14] [Server thread/WARN]: Boat (vehicle of SKAF_PathFinder) moved too quickly! -8.550881262407529,0.0,6.09107879329099
[21:46:14] [Server thread/WARN]: Boat (vehicle of SKAF_PathFinder) moved too quickly! -8.91596795617761,0.0,6.225990268737178
[21:46:14] [Server thread/WARN]: RuKlo moved too quickly! 4.958933451769418,2.130906499714527,-8.7405776527454
[21:46:26] [Server thread/WARN]: Can't keep up! Is the server overloaded? Running 5456ms or 109 ticks behind
[21:46:43] [Server thread/WARN]: Can't keep up! Is the server overloaded? Running 2488ms or 49 ticks behind
[21:48:34] [Server thread/INFO]: RuKlo lost connection: Disconnected
[21:48:34] [Server thread/INFO]: RuKlo left the game
[21:48:44] [User Authenticator #45/INFO]: UUID of player RuKlo is b5f86e02-8cbf-4c87-bc12-cfcce3b3100e
[21:48:44] [Server thread/INFO]: RuKlo[/157.157.141.64:60251] logged in with entity id 188787 at (-211.57366362774957, 89.0, 656.4751190060897)
[21:48:44] [Server thread/INFO]: RuKlo joined the game
[21:50:04] [Server thread/INFO]: RuKlo lost connection: Disconnected
[21:50:04] [Server thread/INFO]: RuKlo left the game
[21:51:04] [Server thread/INFO]: Fez05 was shot by Kallakalli
[21:51:36] [Server thread/WARN]: Boat (vehicle of SKAF_PathFinder) moved too quickly! -1.91323331978856,0.0,10.036292474101174
[21:51:36] [Server thread/WARN]: Boat (vehicle of SKAF_PathFinder) moved too quickly! -2.048314301950086,0.0,10.406069426223894
[21:51:36] [Server thread/WARN]: Boat (vehicle of SKAF_PathFinder) moved too quickly! -2.188949036783015,0.0,10.774034647325607
[21:51:36] [Server thread/WARN]: Boat (vehicle of SKAF_PathFinder) moved too quickly! -2.334938538100687,0.0,11.140173781240264
[21:51:36] [Server thread/WARN]: Boat (vehicle of SKAF_PathFinder) moved too quickly! -2.4860683671904553,0.0,11.50448923326212
[21:51:36] [Server thread/WARN]: Boat (vehicle of SKAF_PathFinder) moved too quickly! -2.6421106660927762,0.0,11.8669994364991
[21:51:38] [Server thread/WARN]: Can't keep up! Is the server overloaded? Running 2009ms or 40 ticks behind
[21:56:21] [Server thread/WARN]: Can't keep up! Is the server overloaded? Running 2037ms or 40 ticks behind
[21:58:50] [Server thread/INFO]: Villager class_1646['? ? 0'/127586, l='ServerLevel[world]', x=-208.30, y=63.00, z=845.70] died, message: '? ? 0 was slain by Zombie'
[22:00:00] [Server thread/WARN]: Can't keep up! Is the server overloaded? Running 2343ms or 46 ticks behind
[22:00:17] [Server thread/WARN]: Can't keep up! Is the server overloaded? Running 2094ms or 41 ticks behind
[22:01:45] [Server thread/WARN]: Can't keep up! Is the server overloaded? Running 2042ms or 40 ticks behind
[22:01:48] [Server thread/WARN]: Fetching packet for removed entity class_1542['Air'/202446, l='ServerLevel[world]', x=-235.15, y=83.00, z=603.20]
[22:06:47] [Server thread/WARN]: Can't keep up! Is the server overloaded? Running 2074ms or 41 ticks behind
[22:08:51] [Server thread/WARN]: Trying to add entity with duplicated UUID 81b56788-477b-4614-a252-87c710aa9e1a. Existing minecraft:armor_stand#208732, new: minecraft:armor_stand#208732
[22:08:52] [Server thread/WARN]: Trying to add entity with duplicated UUID 71b218ef-06b6-42fa-8406-dfe544ff0b45. Existing minecraft:armor_stand#208745, new: minecraft:armor_stand#208745
[22:08:54] [Server thread/WARN]: Trying to add entity with duplicated UUID 25e28837-b9c7-4081-9016-bdcc06877107. Existing minecraft:armor_stand#208754, new: minecraft:armor_stand#208754
[22:08:55] [Server thread/WARN]: Trying to add entity with duplicated UUID 312a9c73-96b7-41ad-90a6-eb399a582f3f. Existing minecraft:armor_stand#208761, new: minecraft:armor_stand#208761
[22:08:57] [Server thread/WARN]: Trying to add entity with duplicated UUID 3dc8a39e-33b3-4598-a2c3-9ddf3450e6fe. Existing minecraft:armor_stand#208782, new: minecraft:armor_stand#208782
[22:09:02] [Server thread/INFO]: endertad lost connection: Disconnected
[22:09:02] [Server thread/INFO]: endertad left the game
[22:09:47] [User Authenticator #46/INFO]: UUID of player endertad is fdcf66c3-a2b9-42db-81e9-59a74d9badae
[22:09:47] [Server thread/INFO]: endertad[/89.160.244.218:53259] logged in with entity id 209649 at (-213.50981201913194, 84.0, 660.3950399242472)
[22:09:47] [Server thread/INFO]: endertad joined the game
[22:11:48] [Server thread/WARN]: Boat (vehicle of SKAF_PathFinder) moved too quickly! 8.927464294702986,0.0,5.259111320034208
[22:11:48] [Server thread/WARN]: Boat (vehicle of SKAF_PathFinder) moved too quickly! 9.283115754850769,0.0,5.440868195875737
[22:11:48] [Server thread/WARN]: Boat (vehicle of SKAF_PathFinder) moved too quickly! 9.640571233524497,0.0,5.618712705170765
[22:11:48] [Server thread/WARN]: Boat (vehicle of SKAF_PathFinder) moved too quickly! 9.999987922085893,0.0,5.7921182858272005
[22:11:54] [Server thread/WARN]: Can't keep up! Is the server overloaded? Running 2008ms or 40 ticks behind
[22:14:31] [Server thread/INFO]: <SKAF_PathFinder> -4249 62 2743
[22:16:24] [Server thread/WARN]: Can't keep up! Is the server overloaded? Running 2025ms or 40 ticks behind
[22:16:32] [Server thread/INFO]: <endertad> -749 64 4501
[22:16:42] [Server thread/INFO]: <endertad> -296 137
[22:16:43] [Server thread/WARN]: Can't keep up! Is the server overloaded? Running 4014ms or 80 ticks behind
[22:17:03] [Server thread/WARN]: Can't keep up! Is the server overloaded? Running 4293ms or 85 ticks behind
[22:17:20] [Server thread/WARN]: Can't keep up! Is the server overloaded? Running 2020ms or 40 ticks behind
[22:19:02] [Server thread/WARN]: Fez05 moved too quickly! 8.154880798672849,1.2491870787446828,5.725357191167291
[22:21:41] [Server thread/INFO]: endertad lost connection: Disconnected
[22:21:41] [Server thread/INFO]: endertad left the game
[22:21:45] [User Authenticator #47/INFO]: UUID of player endertad is fdcf66c3-a2b9-42db-81e9-59a74d9badae
[22:21:45] [Server thread/INFO]: endertad[/89.160.244.218:55421] logged in with entity id 223431 at (-138.8814659477737, 30.611452983699767, 89.59776825758918)
[22:21:45] [Server thread/INFO]: endertad joined the game
[22:21:47] [Server thread/INFO]: endertad lost connection: Disconnected
[22:21:47] [Server thread/INFO]: endertad left the game
[22:21:49] [User Authenticator #48/INFO]: UUID of player endertad is fdcf66c3-a2b9-42db-81e9-59a74d9badae
[22:21:49] [Server thread/INFO]: endertad[/89.160.244.218:55436] logged in with entity id 223495 at (-137.52698887846998, 30.85935217216305, 89.51181216345927)
[22:21:49] [Server thread/INFO]: endertad joined the game
[22:21:52] [Server thread/INFO]: endertad lost connection: Disconnected
[22:21:52] [Server thread/INFO]: endertad left the game
[22:21:53] [User Authenticator #49/INFO]: UUID of player endertad is fdcf66c3-a2b9-42db-81e9-59a74d9badae
[22:21:54] [Server thread/INFO]: endertad[/89.160.244.218:55450] logged in with entity id 223616 at (-135.78563486560896, 31.244996669552492, 89.38689522415616)
[22:21:54] [Server thread/INFO]: endertad joined the game
[22:21:56] [Server thread/INFO]: endertad lost connection: Disconnected
[22:21:56] [Server thread/INFO]: endertad left the game
[22:21:56] [Server thread/WARN]: Can't keep up! Is the server overloaded? Running 2013ms or 40 ticks behind
[22:21:58] [User Authenticator #50/INFO]: UUID of player endertad is fdcf66c3-a2b9-42db-81e9-59a74d9badae
[22:21:58] [Server thread/INFO]: endertad[/89.160.244.218:55454] logged in with entity id 223704 at (-134.12958216714114, 30.735539355877176, 89.25488076517055)
[22:21:58] [Server thread/INFO]: endertad joined the game
[22:22:01] [Server thread/INFO]: endertad lost connection: Disconnected
[22:22:01] [Server thread/INFO]: endertad left the game
[22:22:03] [User Authenticator #51/INFO]: UUID of player endertad is fdcf66c3-a2b9-42db-81e9-59a74d9badae
[22:22:03] [Server thread/INFO]: endertad[/89.160.244.218:55468] logged in with entity id 223841 at (-132.83320189012122, 30.85928931929482, 89.12203019979893)
[22:22:03] [Server thread/INFO]: endertad joined the game
[22:22:06] [Server thread/INFO]: endertad lost connection: Disconnected
[22:22:06] [Server thread/INFO]: endertad left the game
[22:22:08] [User Authenticator #52/INFO]: UUID of player endertad is fdcf66c3-a2b9-42db-81e9-59a74d9badae
[22:22:08] [Server thread/INFO]: endertad[/89.160.244.218:55480] logged in with entity id 223925 at (-132.06864867433353, 31.756633299243816, 89.03092430060889)
[22:22:08] [Server thread/INFO]: endertad joined the game
[22:22:11] [Server thread/INFO]: endertad lost connection: Disconnected
[22:22:11] [Server thread/INFO]: endertad left the game
[22:22:13] [User Authenticator #53/INFO]: UUID of player endertad is fdcf66c3-a2b9-42db-81e9-59a74d9badae
[22:22:13] [Server thread/INFO]: endertad[/89.160.244.218:55494] logged in with entity id 224124 at (-130.0801295826535, 31.250011869298675, 88.5780053238921)
[22:22:13] [Server thread/INFO]: endertad joined the game
[22:22:15] [Server thread/WARN]: Can't keep up! Is the server overloaded? Running 3670ms or 73 ticks behind
[22:22:16] [Server thread/INFO]: endertad lost connection: Disconnected
[22:22:16] [Server thread/INFO]: endertad left the game
[22:22:21] [Server thread/INFO]: com.mojang.authlib.GameProfile@5e36f51f[id=<null>,name=endertad,properties={},legacy=false] (/89.160.244.218:55508) lost connection: Disconnected
[22:22:25] [Server thread/INFO]: com.mojang.authlib.GameProfile@387987f9[id=<null>,name=endertad,properties={},legacy=false] (/89.160.244.218:55522) lost connection: Disconnected
[22:22:32] [User Authenticator #54/INFO]: UUID of player endertad is fdcf66c3-a2b9-42db-81e9-59a74d9badae
[22:22:32] [Server thread/INFO]: endertad[/89.160.244.218:55536] logged in with entity id 224398 at (-127.92542291283195, 31.11168740230021, 88.04036294096687)
[22:22:32] [Server thread/INFO]: endertad joined the game
[22:22:34] [Server thread/INFO]: Unknown or incomplete command, see below for error
[22:22:34] [Server thread/INFO]: s<--[HERE]
[22:22:35] [Server thread/INFO]: endertad lost connection: Disconnected
[22:22:35] [Server thread/INFO]: endertad left the game
[22:22:38] [User Authenticator #55/INFO]: UUID of player endertad is fdcf66c3-a2b9-42db-81e9-59a74d9badae
[22:22:38] [Server thread/INFO]: endertad[/89.160.244.218:55551] logged in with entity id 224631 at (-125.88236118732601, 31.421387226363905, 87.50536268128053)
[22:22:38] [Server thread/INFO]: endertad joined the game
[22:22:41] [Server thread/INFO]: endertad lost connection: Disconnected
[22:22:41] [Server thread/INFO]: endertad left the game
[22:22:43] [User Authenticator #56/INFO]: UUID of player endertad is fdcf66c3-a2b9-42db-81e9-59a74d9badae
[22:22:43] [Server thread/INFO]: endertad[/89.160.244.218:55566] logged in with entity id 224896 at (-123.63475504753109, 31.440073961363883, 86.6865607174569)
[22:22:43] [Server thread/INFO]: endertad joined the game
[22:22:47] [Server thread/INFO]: endertad lost connection: Disconnected
[22:22:47] [Server thread/INFO]: endertad left the game
[22:22:51] [Server thread/INFO]: com.mojang.authlib.GameProfile@3d0574dd[id=<null>,name=endertad,properties={},legacy=false] (/89.160.244.218:55572) lost connection: Disconnected
[22:22:56] [Server thread/INFO]: com.mojang.authlib.GameProfile@39e5cfcc[id=<null>,name=endertad,properties={},legacy=false] (/89.160.244.218:55584) lost connection: Disconnected
[22:23:02] [User Authenticator #57/INFO]: UUID of player endertad is fdcf66c3-a2b9-42db-81e9-59a74d9badae
[22:23:02] [Server thread/INFO]: endertad[/89.160.244.218:55596] logged in with entity id 225232 at (-121.3112021658498, 31.09883277047645, 85.7656264474253)
[22:23:02] [Server thread/INFO]: endertad joined the game
[22:23:05] [Server thread/INFO]: endertad lost connection: Disconnected
[22:23:05] [Server thread/INFO]: endertad left the game
[22:23:08] [User Authenticator #58/INFO]: UUID of player endertad is fdcf66c3-a2b9-42db-81e9-59a74d9badae
[22:23:09] [Server thread/INFO]: endertad[/89.160.244.218:55611] logged in with entity id 225493 at (-119.16846153907736, 31.135169178840403, 84.86841960194297)
[22:23:09] [Server thread/INFO]: endertad joined the game
[22:23:11] [Server thread/INFO]: endertad lost connection: Disconnected
[22:23:11] [Server thread/INFO]: endertad left the game
[22:23:14] [User Authenticator #59/INFO]: UUID of player endertad is fdcf66c3-a2b9-42db-81e9-59a74d9badae
[22:23:14] [Server thread/INFO]: endertad[/89.160.244.218:55626] logged in with entity id 225592 at (-117.29058223980212, 31.68305991012845, 84.04893654413985)
[22:23:14] [Server thread/INFO]: endertad joined the game
[22:23:17] [Server thread/INFO]: endertad lost connection: Disconnected
[22:23:17] [Server thread/INFO]: endertad left the game
[22:23:22] [Server thread/INFO]: com.mojang.authlib.GameProfile@71972dc9[id=<null>,name=endertad,properties={},legacy=false] (/89.160.244.218:55641) lost connection: Disconnected
[22:23:26] [User Authenticator #60/INFO]: UUID of player endertad is fdcf66c3-a2b9-42db-81e9-59a74d9badae
[22:23:26] [Server thread/INFO]: endertad[/89.160.244.218:55647] logged in with entity id 225711 at (-115.35291821157561, 31.121567726214717, 83.10416254528126)
[22:23:26] [Server thread/INFO]: endertad joined the game
[22:23:29] [Server thread/INFO]: endertad lost connection: Disconnected
[22:23:29] [Server thread/INFO]: endertad left the game
[22:23:39] [Server thread/INFO]: com.mojang.authlib.GameProfile@5cca61a5[id=<null>,name=endertad,properties={},legacy=false] (/89.160.244.218:55670) lost connection: Disconnected
[22:23:42] [User Authenticator #61/INFO]: UUID of player endertad is fdcf66c3-a2b9-42db-81e9-59a74d9badae
[22:23:42] [Server thread/INFO]: endertad[/89.160.244.218:55685] logged in with entity id 225976 at (-113.89901251465986, 30.999926139544044, 82.49304417748732)
[22:23:42] [Server thread/INFO]: endertad joined the game
[22:23:46] [Server thread/INFO]: endertad lost connection: Disconnected
[22:23:46] [Server thread/INFO]: endertad left the game
[22:23:50] [Server thread/INFO]: com.mojang.authlib.GameProfile@78c958f5[id=<null>,name=endertad,properties={},legacy=false] (/89.160.244.218:55700) lost connection: Disconnected
[22:23:54] [User Authenticator #62/INFO]: UUID of player endertad is fdcf66c3-a2b9-42db-81e9-59a74d9badae
[22:23:54] [Server thread/INFO]: endertad[/89.160.244.218:55714] logged in with entity id 226359 at (-112.75872415921575, 29.329301127473524, 82.09128916164062)
[22:23:54] [Server thread/INFO]: endertad joined the game
[22:23:56] [Server thread/INFO]: endertad lost connection: Disconnected
[22:23:56] [Server thread/INFO]: endertad left the game
[22:23:58] [User Authenticator #63/INFO]: UUID of player endertad is fdcf66c3-a2b9-42db-81e9-59a74d9badae
[22:23:58] [Server thread/INFO]: endertad[/89.160.244.218:55719] logged in with entity id 226622 at (-112.75872415921575, 30.489144845287015, 82.09128916164062)
[22:23:58] [Server thread/INFO]: endertad joined the game
[22:24:02] [Server thread/INFO]: endertad lost connection: Disconnected
[22:24:02] [Server thread/INFO]: endertad left the game
[22:24:07] [User Authenticator #64/INFO]: UUID of player endertad is fdcf66c3-a2b9-42db-81e9-59a74d9badae
[22:24:07] [Server thread/INFO]: endertad[/89.160.244.218:55747] logged in with entity id 226879 at (-113.83946855305389, 30.958230195974156, 81.85057859748875)
[22:24:07] [Server thread/INFO]: endertad joined the game
[22:24:10] [Server thread/INFO]: endertad lost connection: Disconnected
[22:24:10] [Server thread/INFO]: endertad left the game
[22:24:12] [User Authenticator #65/INFO]: UUID of player endertad is fdcf66c3-a2b9-42db-81e9-59a74d9badae
[22:24:12] [Server thread/INFO]: endertad[/89.160.244.218:55762] logged in with entity id 227128 at (-113.83946855305389, 30.123152043630522, 81.85057859748875)
[22:24:12] [Server thread/INFO]: endertad joined the game
[22:24:14] [Server thread/INFO]: endertad lost connection: Disconnected
[22:24:14] [Server thread/INFO]: endertad left the game
[22:24:16] [User Authenticator #66/INFO]: UUID of player endertad is fdcf66c3-a2b9-42db-81e9-59a74d9badae
[22:24:16] [Server thread/INFO]: endertad[/89.160.244.218:55776] logged in with entity id 227286 at (-113.83946855305389, 30.362527033795754, 81.85057859748875)
[22:24:16] [Server thread/INFO]: endertad joined the game
[22:24:19] [Server thread/INFO]: endertad lost connection: Disconnected
[22:24:19] [Server thread/INFO]: endertad left the game
[22:24:25] [Server thread/INFO]: com.mojang.authlib.GameProfile@37a24abb[id=<null>,name=endertad,properties={},legacy=false] (/89.160.244.218:55792) lost connection: Disconnected
[22:24:29] [User Authenticator #67/INFO]: UUID of player endertad is fdcf66c3-a2b9-42db-81e9-59a74d9badae
[22:24:34] [Server thread/INFO]: endertad[/89.160.244.218:55806] logged in with entity id 227412 at (-114.86790152799553, 31.20221450965587, 81.96530697302124)
[22:24:34] [Server thread/INFO]: endertad joined the game
[22:24:34] [Server thread/WARN]: Mismatch in destroy block pos: class_2338{x=-3731, y=61, z=4473} class_2338{x=-3731, y=62, z=4473}
[22:24:34] [Server thread/WARN]: Can't keep up! Is the server overloaded? Running 5310ms or 106 ticks behind
[22:24:34] [Server thread/INFO]: Sminky52 lost connection: Disconnected
[22:24:34] [Server thread/INFO]: Sminky52 left the game
[22:24:34] [Server thread/WARN]: Mismatch in destroy block pos: class_2338{x=-3732, y=61, z=4473} class_2338{x=-3733, y=60, z=4473}
[22:24:38] [Server thread/INFO]: endertad lost connection: Disconnected
[22:24:38] [Server thread/INFO]: endertad left the game
[22:24:38] [User Authenticator #68/INFO]: UUID of player Sminky52 is 78fda775-d5e2-4bda-9ad2-4a579f297e40
[22:24:46] [Server thread/INFO]: Sminky52[/89.17.139.9:57492] logged in with entity id 227770 at (-682.590560278019, 73.0, 654.6537095815543)
[22:24:46] [Server thread/INFO]: Sminky52 joined the game
[22:24:46] [Server thread/INFO]: com.mojang.authlib.GameProfile@1075be21[id=<null>,name=endertad,properties={},legacy=false] (/89.160.244.218:55831) lost connection: Disconnected
[22:24:47] [User Authenticator #69/INFO]: UUID of player endertad is fdcf66c3-a2b9-42db-81e9-59a74d9badae
[22:24:47] [Server thread/INFO]: endertad[/89.160.244.218:55845] logged in with entity id 227900 at (-114.86790152799553, 30.95117240190684, 81.96530697302124)
[22:24:47] [Server thread/INFO]: endertad joined the game
[22:24:53] [Server thread/INFO]: endertad burned to death
[22:24:58] [Server thread/WARN]: Can't keep up! Is the server overloaded? Running 8902ms or 178 ticks behind
[22:25:03] [Server thread/INFO]: <Sminky52> f
[22:25:16] [Server thread/WARN]: Can't keep up! Is the server overloaded? Running 2025ms or 40 ticks behind
[22:26:02] [Server thread/INFO]: endertad fell from a high place
[22:26:05] [Server thread/INFO]: <SKAF_PathFinder> F
[22:26:32] [Server thread/WARN]: Fetching packet for removed entity class_1542['Air'/230200, l='ServerLevel[world]', x=-461.25, y=76.00, z=287.73]
[22:26:49] [Server thread/WARN]: Can't keep up! Is the server overloaded? Running 2055ms or 41 ticks behind
[22:27:28] [Server thread/WARN]: Can't keep up! Is the server overloaded? Running 2372ms or 47 ticks behind
[22:28:02] [Server thread/INFO]: <Fez05> -296 137
[22:29:37] [Server thread/WARN]: Can't keep up! Is the server overloaded? Running 2006ms or 40 ticks behind
[22:29:40] [Server thread/INFO]: Sminky52 lost connection: Disconnected
[22:29:40] [Server thread/INFO]: Sminky52 left the game
[22:29:56] [Server thread/INFO]: SKAF_PathFinder lost connection: Disconnected
[22:29:56] [Server thread/INFO]: SKAF_PathFinder left the game
[22:31:36] [Server thread/INFO]: <endertad> -296 137
[22:31:43] [Server thread/INFO]: Kallakalli lost connection: Disconnected
[22:31:43] [Server thread/INFO]: Kallakalli left the game
[22:32:31] [Server thread/WARN]: Fez05 moved too quickly! 10.421790841417788,0.20000004768371582,-0.04383480954133745
[22:42:34] [Server thread/INFO]: endertad lost connection: Disconnected
[22:42:34] [Server thread/INFO]: endertad left the game
[22:45:31] [User Authenticator #70/INFO]: UUID of player endertad is fdcf66c3-a2b9-42db-81e9-59a74d9badae
[22:45:31] [Server thread/INFO]: endertad[/89.160.244.218:55902] logged in with entity id 240315 at (-207.856267962919, 82.0, 640.5428635337851)
[22:45:31] [Server thread/INFO]: endertad joined the game
[22:47:50] [Server thread/WARN]: Fetching packet for removed entity class_1542['Air'/241066, l='ServerLevel[world]', x=-461.71, y=76.00, z=288.17]
[22:48:19] [Server thread/WARN]: Fetching packet for removed entity class_1542['Air'/241173, l='ServerLevel[world]', x=-233.88, y=83.00, z=604.49]
[22:48:19] [Server thread/WARN]: Fetching packet for removed entity class_1542['Air'/241173, l='ServerLevel[world]', x=-233.88, y=83.00, z=604.49]
[22:49:51] [Server thread/INFO]: Fez05 lost connection: Disconnected
[22:49:51] [Server thread/INFO]: Fez05 left the game
[23:06:56] [Server thread/INFO]: endertad lost connection: Disconnected
[23:06:56] [Server thread/INFO]: endertad left the game
[23:07:48] [User Authenticator #71/INFO]: UUID of player endertad is fdcf66c3-a2b9-42db-81e9-59a74d9badae
[23:07:48] [Server thread/INFO]: endertad[/89.160.244.218:56079] logged in with entity id 245575 at (-211.67583823225704, 98.0, 658.3000000119209)
[23:07:48] [Server thread/INFO]: endertad joined the game
[23:09:21] [Server thread/WARN]: Fetching packet for removed entity class_1542['Air'/246045, l='ServerLevel[world]', x=-461.70, y=76.00, z=287.77]
[23:12:15] [Server thread/WARN]: Fetching packet for removed entity class_1542['Air'/246756, l='ServerLevel[world]', x=-462.17, y=76.00, z=287.75]
[23:19:03] [Server thread/WARN]: Trying to add entity with duplicated UUID 0ac14fc0-0762-4820-8cec-0993fef2d0b2. Existing minecraft:armor_stand#249008, new: minecraft:armor_stand#249008
[23:19:06] [Server thread/WARN]: Trying to add entity with duplicated UUID 9ac96ed4-0414-4190-8b2e-6d1f7ed93f2c. Existing minecraft:armor_stand#249014, new: minecraft:armor_stand#249014
[23:19:31] [Server thread/INFO]: endertad lost connection: Disconnected
[23:19:31] [Server thread/INFO]: endertad left the game
[23:32:09] [Server thread/WARN]: Fetching packet for removed entity class_1542['Air'/250503, l='ServerLevel[world]', x=-460.83, y=76.00, z=287.24]
