[15:25:57] [ForkJoinPool-1-worker-2/WARN]: The mod "autoconfig1u" contains invalid entries in its mod json:
- Unsupported root entry "$schema" at line 2 column 14
[15:25:57] [main/INFO]: [FabricLoader] Loading 48 mods: fabric-renderer-api-v1@0.3.3+a4467d2a95, fabric-screen-handler-api-v1@1.1.0+8724984195, minecraft@1.16.4, fabric-networking-blockentity-v0@0.2.5+b50ffc7b95, fabric-keybindings-v0@0.2.0+3fa9f7c595, cloth-basic-math@0.5.1, fabric-command-api-v1@1.0.9+a4467d2a95, fabricloader@0.10.6+build.214, fabric-tool-attribute-api-v1@1.2.4+2b46237995, fabric-structure-api-v1@1.1.0+f8ac1db295, fabric-renderer-indigo@0.4.3+a4467d2a95, fabric-containers-v0@0.1.8+045df74f95, fabric-object-builder-api-v1@1.9.2+a89534ab95, fabric-crash-report-info-v1@0.1.2+b7f9825d95, fabric-events-interaction-v0@0.4.1+f8ac1db295, fabric-item-api-v1@1.2.0+f8ac1db295, fabric-game-rule-api-v1@1.0.3+a4467d2a95, fabric-api-base@0.2.0+9f0fb4b895, fabric-rendering-v0@1.1.1+f8ac1db295, fabric-rendering-v1@1.3.1+f8ac1db295, fabric-key-binding-api-v1@1.0.1+730711c695, cloth-config2@4.8.1, fabric-rendering-data-attachment-v1@0.1.4+f8ac1db295, autoconfig1u@3.2.2, fabric-resource-loader-v0@0.3.1+facf3bbf95, cloth-dynamic-registry-api-v1@1.4.8, fabric-textures-v0@1.0.5+a4467d2a95, fabric-content-registries-v0@0.1.9+059ea86695, fabric-tag-extensions-v0@1.0.3+ac8e8c5995, fabric-rendering-fluids-v1@0.1.12+f8ac1db295, fabric-biome-api-v1@3.0.0+8367596d95, fabric-commands-v0@0.2.0+52d3083695, fabric-registry-sync-v0@0.6.1+a4467d2a95, fabric-blockrenderlayer-v1@1.1.4+c6a8ea8995, fabric-lifecycle-events-v1@1.2.0+74cc3b2095, vanillaenhanced@1.3.0, fabric-mining-levels-v0@0.1.2+b764ce9995, fabric-renderer-registries-v1@2.2.0+f8ac1db295, carpet-extra@1.4.14, fabric-loot-tables-v1@1.0.1+432ea18895, fabric-events-lifecycle-v0@0.2.0+16acbe5b95, fabric@0.25.0+build.415-1.16, carpet@1.4.12, fabric-particles-v1@0.2.2+fb0d9b0e95, fabric-models-v0@0.1.1+f8ac1db295, fabric-item-groups-v0@0.2.1+a4467d2a95, fabric-networking-v0@0.1.10+e00ecb5f95, fabric-object-builders-v0@0.7.1+a4467d2a95
[15:25:57] [main/INFO]: SpongePowered MIXIN Subsystem Version=0.8.2 Source=file:/C:/Users/bjartur2004/gits/Raudrofur/server%20-1.16.4%20carpetmod/fabric-server-launch.jar Service=Knot/Fabric Env=SERVER
[15:26:05] [main/INFO]: [VanillaEnhanced] Hello there.
[15:26:06] [main/INFO]: Environment: authHost='https://authserver.mojang.com', accountsHost='https://api.mojang.com', sessionHost='https://sessionserver.mojang.com', servicesHost='https://api.minecraftservices.com', name='PROD'
[15:26:08] [main/WARN]: Ambiguity between arguments [teleport, destination] and [teleport, targets] with inputs: [Player, 0123, @e, dd12be42-52a9-4a91-a8a1-11c01849e498]
[15:26:08] [main/WARN]: Ambiguity between arguments [teleport, location] and [teleport, destination] with inputs: [0.1 -0.5 .9, 0 0 0]
[15:26:08] [main/WARN]: Ambiguity between arguments [teleport, location] and [teleport, targets] with inputs: [0.1 -0.5 .9, 0 0 0]
[15:26:08] [main/WARN]: Ambiguity between arguments [teleport, targets] and [teleport, destination] with inputs: [Player, 0123, dd12be42-52a9-4a91-a8a1-11c01849e498]
[15:26:08] [main/WARN]: Ambiguity between arguments [teleport, targets, location] and [teleport, targets, destination] with inputs: [0.1 -0.5 .9, 0 0 0]
[15:26:08] [main/INFO]: Reloading ResourceManager: Default, Fabric Tool Attribute API (v1), VanillaEnhanced, Tools v. Luki2811, Tools by Luki2811, raudrofur.zip
[15:26:10] [Worker-Main-4/INFO]: Loaded 7 recipes
[15:26:10] [Worker-Main-4/ERROR]: Couldn't load function tag minecraft:tick as it is missing following references: example:loop (from raudrofur.zip)
[15:26:10] [Worker-Main-4/INFO]: Loaded 927 advancements
[15:26:11] [main/INFO]: Applied 0 biome modifications to 0 of 85 new biomes in 2.055 ms
[15:26:11] [Server thread/INFO]: Starting minecraft server version 1.16.4
[15:26:11] [Server thread/INFO]: Loading properties
[15:26:11] [Server thread/INFO]: Default game type: SURVIVAL
[15:26:11] [Server thread/INFO]: Generating keypair
[15:26:11] [Server thread/INFO]: Starting Minecraft server on *:25565
[15:26:11] [Server thread/INFO]: Using default channel type
[15:26:12] [Server thread/INFO]: Preparing level "world"
[15:26:12] [Server thread/INFO]: [CM]: loaded setting carpets as true from carpet.conf
[15:26:12] [Server thread/INFO]: [CM]: loaded setting combineXPOrbs as true from carpet.conf
[15:26:12] [Server thread/INFO]: [CM]: loaded setting fastRedstoneDust as true from carpet.conf
[15:26:12] [Server thread/INFO]: [CM]: loaded setting rotatorBlock as true from carpet.conf
[15:26:12] [Server thread/INFO]: [CM]: loaded setting renewableBlackstone as true from carpet.conf
[15:26:12] [Server thread/INFO]: [CM]: loaded setting renewableSponges as true from carpet.conf
[15:26:12] [Server thread/INFO]: [CM]: loaded setting desertShrubs as true from carpet.conf
[15:26:12] [Server thread/INFO]: [CM]: loaded setting missingTools as true from carpet.conf
[15:26:12] [Server thread/INFO]: [CM]: loaded setting hopperCounters as true from carpet.conf
[15:26:12] [Server thread/INFO]: [CM]: loaded setting maxEntityCollisions as 2 from carpet.conf
[15:26:12] [Server thread/INFO]: [CM]: loaded setting commandSpawn as true from carpet.conf
[15:26:12] [Server thread/INFO]: [CM]: loaded setting movableBlockEntities as true from carpet.conf
[15:26:12] [Server thread/INFO]: [CM]: loaded setting accurateBlockPlacement as true from carpet.conf
[15:26:12] [Server thread/INFO]: [CM]: loaded setting huskSpawningInTemples as true from carpet.conf
[15:26:12] [Server thread/INFO]: [CM]: loaded setting renewableCoral as true from carpet.conf
[15:26:12] [Server thread/INFO]: [CM]: loaded setting shulkerSpawningInEndCities as true from carpet.conf
[15:26:12] [Server thread/INFO]: [CM]: loaded setting stackableShulkerBoxes as true from carpet.conf
[15:26:12] [Server thread/INFO]: [CM]: loaded setting onePlayerSleeping as true from carpet.conf
[15:26:12] [Server thread/INFO]: [CM]: loaded setting dispenserPlacesBlocks as true from carpet.conf
[15:26:12] [Server thread/INFO]: [CM]: loaded setting commandTick as ops from carpet.conf
[15:26:12] [Server thread/INFO]: [CM]: loaded setting commandDraw as false from carpet.conf
[15:26:12] [Server thread/INFO]: [CM]: loaded setting portalSurvivalDelay as 1 from carpet.conf
[15:26:12] [Server thread/INFO]: [CM]: loaded setting commandScript as false from carpet.conf
[15:26:12] [Server thread/INFO]: [CM]: loaded setting persistentParrots as true from carpet.conf
[15:26:12] [Server thread/INFO]: [CM]: loaded setting flippinCactus as true from carpet.conf
[15:26:12] [Server thread/INFO]: [CM]: loaded setting lagFreeSpawning as true from carpet.conf
[15:26:13] [Server thread/INFO]: Preparing start region for dimension minecraft:overworld
[15:26:14] [Server thread/INFO]: Preparing spawn area: 0%
[15:26:14] [Server thread/INFO]: Preparing spawn area: 0%
[15:26:14] [Server thread/INFO]: Preparing spawn area: 0%
[15:26:14] [Server thread/INFO]: Preparing spawn area: 3%
[15:26:15] [Server thread/INFO]: Time elapsed: 2182 ms
[15:26:15] [Server thread/INFO]: Done (2.709s)! For help, type "help"
[17:24:42] [User Authenticator #1/INFO]: UUID of player villi2789 is fbd9df85-02e2-4af6-8a59-6358b68f8c3b
[17:24:42] [Server thread/INFO]: villi2789[/85.220.31.107:51403] logged in with entity id 75 at (160.5, 71.0, -15.5)
[17:24:42] [Server thread/INFO]: villi2789 joined the game
[17:24:57] [Server thread/WARN]: Mismatch in destroy block pos: class_2338{x=0, y=0, z=0} class_2338{x=158, y=68, z=-17}
[17:24:57] [Server thread/WARN]: Mismatch in destroy block pos: class_2338{x=0, y=0, z=0} class_2338{x=157, y=68, z=-17}
[17:25:07] [Server thread/WARN]: Mismatch in destroy block pos: class_2338{x=0, y=0, z=0} class_2338{x=158, y=70, z=-17}
[17:25:07] [Server thread/WARN]: Mismatch in destroy block pos: class_2338{x=0, y=0, z=0} class_2338{x=158, y=70, z=-17}
[17:25:07] [Server thread/WARN]: Mismatch in destroy block pos: class_2338{x=0, y=0, z=0} class_2338{x=158, y=70, z=-17}
[17:25:07] [Server thread/WARN]: Mismatch in destroy block pos: class_2338{x=0, y=0, z=0} class_2338{x=158, y=70, z=-17}
[17:25:08] [Server thread/WARN]: Mismatch in destroy block pos: class_2338{x=0, y=0, z=0} class_2338{x=158, y=70, z=-17}
[17:25:15] [Server thread/INFO]: villi2789 lost connection: Disconnected
[17:25:15] [Server thread/INFO]: villi2789 left the game
[17:32:38] [User Authenticator #2/INFO]: UUID of player villi2789 is fbd9df85-02e2-4af6-8a59-6358b68f8c3b
[17:32:38] [Server thread/INFO]: villi2789[/85.220.31.107:51867] logged in with entity id 193 at (160.62847705318842, 69.0, -15.65181830415649)
[17:32:38] [Server thread/INFO]: villi2789 joined the game
[17:33:14] [Server thread/INFO]: villi2789 has made the advancement [We Need to Go Deeper]
[17:34:32] [Server thread/INFO]: villi2789 has made the advancement [Isn't It Iron Pick]
[17:35:18] [Server thread/INFO]: villi2789 has made the advancement [Monster Hunter]
[17:35:31] [Server thread/INFO]: villi2789 lost connection: Disconnected
[17:35:31] [Server thread/INFO]: villi2789 left the game
[17:39:59] [User Authenticator #3/INFO]: UUID of player SKAF_PathFinder is 9028ab8d-5e35-442a-a961-4e2492618936
[17:39:59] [Server thread/INFO]: SKAF_PathFinder[/85.220.31.107:50367] logged in with entity id 1308 at (-384.0140423778434, 64.0, 814.7925263622843)
[17:39:59] [Server thread/INFO]: SKAF_PathFinder joined the game
[17:50:29] [User Authenticator #4/INFO]: UUID of player villi2789 is fbd9df85-02e2-4af6-8a59-6358b68f8c3b
[17:50:29] [Server thread/INFO]: villi2789[/85.220.31.107:52239] logged in with entity id 3055 at (-241.4231309938621, 64.5, 641.8867074239331)
[17:50:29] [Server thread/INFO]: villi2789 joined the game
[17:50:33] [Server thread/INFO]: <SKAF_PathFinder> Hello
[17:51:59] [Server thread/WARN]: Fetching packet for removed entity class_1542['Air'/3417, l='ServerLevel[world]', x=-235.69, y=83.00, z=606.17]
[17:54:29] [Server thread/WARN]: Fetching packet for removed entity class_1542['Air'/3810, l='ServerLevel[world]', x=-233.83, y=83.00, z=603.20]
[18:07:40] [Server thread/INFO]: <SKAF_PathFinder> Go mine diamonds dude
[18:09:40] [Server thread/INFO]: villi2789 lost connection: Disconnected
[18:09:40] [Server thread/INFO]: villi2789 left the game
[18:09:44] [User Authenticator #5/INFO]: UUID of player villi2789 is fbd9df85-02e2-4af6-8a59-6358b68f8c3b
[18:09:44] [Server thread/INFO]: villi2789[/85.220.31.107:52561] logged in with entity id 6580 at (-244.6940789647257, 64.0, 651.7570428808988)
[18:09:44] [Server thread/INFO]: villi2789 joined the game
[18:09:56] [Server thread/INFO]: villi2789 lost connection: Disconnected
[18:09:56] [Server thread/INFO]: villi2789 left the game
[18:13:26] [Server thread/INFO]: SKAF_PathFinder lost connection: Disconnected
[18:13:26] [Server thread/INFO]: SKAF_PathFinder left the game
[18:36:50] [User Authenticator #6/INFO]: UUID of player SKAF_PathFinder is 9028ab8d-5e35-442a-a961-4e2492618936
[18:36:50] [Server thread/INFO]: SKAF_PathFinder[/85.220.31.107:50743] logged in with entity id 6948 at (-364.2263012006846, 69.0, 861.9191241841405)
[18:36:50] [Server thread/INFO]: SKAF_PathFinder joined the game
[18:37:19] [User Authenticator #7/INFO]: UUID of player villi2789 is fbd9df85-02e2-4af6-8a59-6358b68f8c3b
[18:37:19] [Server thread/INFO]: villi2789[/85.220.31.107:53387] logged in with entity id 7441 at (-244.6940789647257, 64.0, 651.7570428808988)
[18:37:19] [Server thread/INFO]: villi2789 joined the game
[18:37:29] [Server thread/WARN]: Fetching packet for removed entity class_1542['Air'/7634, l='ServerLevel[world]', x=-235.22, y=83.00, z=604.60]
[18:38:47] [Server thread/INFO]: villi2789 has made the advancement [Stone Age]
[18:41:45] [Server thread/INFO]: <villi2789> hallo
[18:41:48] [Server thread/INFO]: <SKAF_PathFinder> Hi
[18:44:23] [Server thread/WARN]: Fetching packet for removed entity class_1542['Air'/8844, l='ServerLevel[world]', x=-234.83, y=83.00, z=603.20]
[18:47:13] [Server thread/WARN]: Fetching packet for removed entity class_1542['Air'/9410, l='ServerLevel[world]', x=-234.28, y=83.00, z=604.17]
[18:53:00] [Server thread/WARN]: Fetching packet for removed entity class_1542['Air'/10667, l='ServerLevel[world]', x=-235.32, y=83.00, z=606.17]
[18:57:35] [Server thread/WARN]: Fetching packet for removed entity class_1542['Air'/11494, l='ServerLevel[world]', x=-234.30, y=83.00, z=603.69]
[19:01:07] [Server thread/INFO]: villi2789 has made the advancement [Acquire Hardware]
[19:01:23] [Server thread/WARN]: Fetching packet for removed entity class_1542['Air'/12156, l='ServerLevel[world]', x=-234.94, y=83.00, z=603.84]
[19:10:39] [Server thread/INFO]: <villi2789> hvar ertu?
[19:10:55] [Server thread/INFO]: <SKAF_PathFinder> No where
[19:11:09] [Server thread/INFO]: <villi2789> and everywhere
[19:17:57] [Server thread/INFO]: <villi2789> you broke a rule
[19:18:06] [Server thread/INFO]: <SKAF_PathFinder> That is?
[19:18:42] [Server thread/INFO]: <SKAF_PathFinder> Read this and then put it here
[19:19:55] [Server thread/INFO]: <villi2789> do i also own The Mines Of Adabeth
[19:20:07] [Server thread/INFO]: <SKAF_PathFinder> No
[19:20:10] [Server thread/INFO]: <villi2789> Akabeth
[19:20:13] [Server thread/INFO]: <SKAF_PathFinder> That is for everyone
[19:20:17] [Server thread/INFO]: <villi2789> ok
[19:20:41] [Server thread/WARN]: SKAF_PathFinder moved wrongly!
[19:22:22] [Server thread/INFO]: <SKAF_PathFinder> Dude
[19:22:26] [Server thread/INFO]: <villi2789> what
[19:22:32] [Server thread/INFO]: <SKAF_PathFinder> Never leave a floating tree
[19:22:39] [Server thread/INFO]: <SKAF_PathFinder> It is against the law
[19:22:49] [Server thread/INFO]: <villi2789> a floating tree?
[19:22:55] [Server thread/INFO]: <SKAF_PathFinder> Yes
[19:23:52] [Server thread/INFO]: <villi2789> where
[19:24:01] [Server thread/INFO]: <SKAF_PathFinder> Everywhere
[19:24:05] [Server thread/WARN]: Fetching packet for removed entity class_1542['Air'/16453, l='ServerLevel[world]', x=-235.32, y=83.00, z=605.70]
[19:25:22] [Server thread/INFO]: villi2789 lost connection: Disconnected
[19:25:22] [Server thread/INFO]: villi2789 left the game
[19:40:53] [Server thread/INFO]: SKAF_PathFinder lost connection: Disconnected
[19:40:53] [Server thread/INFO]: SKAF_PathFinder left the game
[21:38:54] [Server Watchdog/FATAL]: A single server tick took 60.00 seconds (should be max 0.05)
[21:37:26] [User Authenticator #8/INFO]: UUID of player Ravle1 is 34be5799-440b-49fe-8da9-356b3246eb51
