[21:01:09] [main/INFO]: Loading for game Minecraft 1.16.4
[21:01:09] [main/INFO]: [FabricLoader] Loading 42 mods: fabric-screen-handler-api-v1@1.1.0+8724984195, minecraft@1.16.4, fabric-renderer-api-v1@0.3.3+a4467d2a95, fabric-networking-blockentity-v0@0.2.5+b50ffc7b95, fabric-keybindings-v0@0.2.0+3fa9f7c595, fabric-command-api-v1@1.0.9+a4467d2a95, fabricloader@0.10.6+build.214, fabric-tool-attribute-api-v1@1.2.4+2b46237995, fabric-renderer-indigo@0.4.3+a4467d2a95, fabric-structure-api-v1@1.1.0+f8ac1db295, fabric-containers-v0@0.1.8+045df74f95, fabric-object-builder-api-v1@1.9.2+a89534ab95, fabric-crash-report-info-v1@0.1.2+b7f9825d95, fabric-events-interaction-v0@0.4.1+f8ac1db295, fabric-item-api-v1@1.2.0+f8ac1db295, fabric-game-rule-api-v1@1.0.3+a4467d2a95, fabric-api-base@0.2.0+9f0fb4b895, fabric-rendering-v0@1.1.1+f8ac1db295, fabric-rendering-v1@1.3.1+f8ac1db295, fabric-key-binding-api-v1@1.0.1+730711c695, fabric-rendering-data-attachment-v1@0.1.4+f8ac1db295, fabric-resource-loader-v0@0.3.1+facf3bbf95, fabric-textures-v0@1.0.5+a4467d2a95, fabric-content-registries-v0@0.1.9+059ea86695, fabric-tag-extensions-v0@1.0.3+ac8e8c5995, fabric-biome-api-v1@3.0.0+8367596d95, fabric-rendering-fluids-v1@0.1.12+f8ac1db295, fabric-commands-v0@0.2.0+52d3083695, fabric-registry-sync-v0@0.6.1+a4467d2a95, fabric-blockrenderlayer-v1@1.1.4+c6a8ea8995, fabric-lifecycle-events-v1@1.2.0+74cc3b2095, fabric-mining-levels-v0@0.1.2+b764ce9995, fabric-renderer-registries-v1@2.2.0+f8ac1db295, fabric-events-lifecycle-v0@0.2.0+16acbe5b95, fabric-loot-tables-v1@1.0.1+432ea18895, fabric@0.25.0+build.415-1.16, carpet@1.4.12, fabric-particles-v1@0.2.2+fb0d9b0e95, fabric-models-v0@0.1.1+f8ac1db295, fabric-item-groups-v0@0.2.1+a4467d2a95, fabric-object-builders-v0@0.7.1+a4467d2a95, fabric-networking-v0@0.1.10+e00ecb5f95
[21:01:10] [main/INFO]: SpongePowered MIXIN Subsystem Version=0.8.2 Source=file:/C:/Users/bjartur2004/gits/Raudrofur/server%20-1.16.4%20carpetmod/fabric-server-launch.jar Service=Knot/Fabric Env=SERVER
[21:01:19] [main/INFO]: Environment: authHost='https://authserver.mojang.com', accountsHost='https://api.mojang.com', sessionHost='https://sessionserver.mojang.com', servicesHost='https://api.minecraftservices.com', name='PROD'
[21:01:19] [main/WARN]: Ambiguity between arguments [teleport, destination] and [teleport, targets] with inputs: [Player, 0123, @e, dd12be42-52a9-4a91-a8a1-11c01849e498]
[21:01:19] [main/WARN]: Ambiguity between arguments [teleport, location] and [teleport, destination] with inputs: [0.1 -0.5 .9, 0 0 0]
[21:01:19] [main/WARN]: Ambiguity between arguments [teleport, location] and [teleport, targets] with inputs: [0.1 -0.5 .9, 0 0 0]
[21:01:19] [main/WARN]: Ambiguity between arguments [teleport, targets] and [teleport, destination] with inputs: [Player, 0123, dd12be42-52a9-4a91-a8a1-11c01849e498]
[21:01:19] [main/WARN]: Ambiguity between arguments [teleport, targets, location] and [teleport, targets, destination] with inputs: [0.1 -0.5 .9, 0 0 0]
[21:01:19] [main/INFO]: Reloading ResourceManager: Default, Fabric Tool Attribute API (v1)
[21:01:21] [Worker-Main-5/INFO]: Loaded 7 recipes
[21:01:21] [Worker-Main-5/INFO]: Loaded 927 advancements
[21:01:22] [main/INFO]: Applied 0 biome modifications to 0 of 79 new biomes in 1.419 ms
[21:01:22] [Server thread/INFO]: Starting minecraft server version 1.16.4
[21:01:22] [Server thread/WARN]: To start the server with more ram, launch it as "java -Xmx1024M -Xms1024M -jar minecraft_server.jar"
[21:01:22] [Server thread/INFO]: Loading properties
[21:01:22] [Server thread/INFO]: Default game type: SURVIVAL
[21:01:22] [Server thread/INFO]: Generating keypair
[21:01:23] [Server thread/INFO]: Starting Minecraft server on *:25565
[21:01:23] [Server thread/INFO]: Using default channel type
[21:01:24] [Server thread/INFO]: Preparing level "world"
[21:01:24] [Server thread/INFO]: Preparing start region for dimension minecraft:overworld
[21:01:25] [Server thread/INFO]: Preparing spawn area: 0%
[21:01:25] [Server thread/INFO]: Preparing spawn area: 0%
[21:01:25] [Server thread/INFO]: Preparing spawn area: 0%
[21:01:26] [Server thread/INFO]: Preparing spawn area: 0%
[21:01:33] [Worker-Main-7/INFO]: Preparing spawn area: 83%
[21:01:33] [Worker-Main-4/INFO]: Preparing spawn area: 83%
[21:01:33] [Worker-Main-4/INFO]: Preparing spawn area: 83%
[21:01:33] [Worker-Main-4/INFO]: Preparing spawn area: 83%
[21:01:33] [Worker-Main-6/INFO]: Preparing spawn area: 83%
[21:01:33] [Worker-Main-7/INFO]: Preparing spawn area: 83%
[21:01:33] [Worker-Main-7/INFO]: Preparing spawn area: 83%
[21:01:33] [Worker-Main-7/INFO]: Preparing spawn area: 83%
[21:01:33] [Worker-Main-7/INFO]: Preparing spawn area: 83%
[21:01:33] [Worker-Main-7/INFO]: Preparing spawn area: 83%
[21:01:33] [Worker-Main-7/INFO]: Preparing spawn area: 83%
[21:01:33] [Worker-Main-7/INFO]: Preparing spawn area: 83%
[21:01:33] [Worker-Main-6/INFO]: Preparing spawn area: 83%
[21:01:33] [Worker-Main-7/INFO]: Preparing spawn area: 83%
[21:01:33] [Worker-Main-7/INFO]: Preparing spawn area: 83%
[21:01:33] [Worker-Main-7/INFO]: Preparing spawn area: 83%
[21:01:34] [Worker-Main-6/INFO]: Preparing spawn area: 94%
[21:01:34] [Worker-Main-4/INFO]: Preparing spawn area: 94%
[21:01:35] [Server thread/INFO]: Preparing spawn area: 96%
[21:01:35] [Server thread/INFO]: Time elapsed: 11228 ms
[21:01:36] [Server thread/INFO]: Done (12.463s)! For help, type "help"
[21:01:41] [User Authenticator #1/INFO]: UUID of player A11y_UwU is cdf70681-d8c8-4cdb-9b1a-97a236ce8b1a
[21:01:41] [Server thread/INFO]: A11y_UwU[/127.0.0.1:64513] logged in with entity id 313 at (275.1820956779671, 68.0, -211.34710735607194)
[21:01:41] [Server thread/INFO]: A11y_UwU joined the game
[21:03:10] [Server thread/INFO]: A11y_UwU was slain by Spider
[21:04:20] [Server thread/INFO]: Villager class_1646['Armorer'/127, l='ServerLevel[world 1.16.4]', x=296.70, y=66.00, z=-212.30] died, message: 'Armorer was slain by Zombie'
[21:04:57] [Server thread/INFO]: Villager class_1646['Nitwit'/131, l='ServerLevel[world 1.16.4]', x=311.70, y=65.00, z=-225.51] died, message: 'Nitwit was slain by Husk'
[21:05:12] [Server thread/INFO]: A11y_UwU lost connection: Disconnected
[21:05:12] [Server thread/INFO]: A11y_UwU left the game
[21:06:34] [User Authenticator #2/INFO]: UUID of player A11y_UwU is cdf70681-d8c8-4cdb-9b1a-97a236ce8b1a
[21:06:34] [Server thread/INFO]: A11y_UwU[/127.0.0.1:64906] logged in with entity id 934 at (274.75665579756395, 68.0, -225.22661639382613)
[21:06:34] [Server thread/INFO]: A11y_UwU joined the game
[21:07:26] [Server thread/INFO]: [A11y_UwU: Current Carpet Mod Settings:]
[21:07:26] [Server thread/INFO]: [A11y_UwU: Carpet Mod version: 1.4.12+v201001]
[21:07:26] [Server thread/INFO]: [A11y_UwU: Browse Categories:
[dispenser] [feature] [optimization] [scarpet] [survival] [client] [experimental] [tnt] [bugfix] [creative] [command]]
[21:07:36] [Server thread/INFO]: [A11y_UwU: Carpet Mod Settings matching "client":]
[21:07:36] [Server thread/INFO]: [A11y_UwU: - cleanLogs [true] [false]]
[21:07:36] [Server thread/INFO]: [A11y_UwU: - creativeFlyDrag [0.09]]
[21:07:36] [Server thread/INFO]: [A11y_UwU: - creativeFlySpeed [1.0]]
[21:07:36] [Server thread/INFO]: [A11y_UwU: - creativeNoClip [true] [false]]
[21:07:36] [Server thread/INFO]: [A11y_UwU: - customMOTD [_]]
[21:07:36] [Server thread/INFO]: [A11y_UwU: - fogOff [true] [false]]
[21:07:36] [Server thread/INFO]: [A11y_UwU: - smoothClientAnimations [true] [false]]
[21:08:10] [Server thread/INFO]: [A11y_UwU: Carpet Mod Settings matching "tnt":]
[21:08:10] [Server thread/INFO]: [A11y_UwU: - explosionNoBlockDamage [true] [false]]
[21:08:10] [Server thread/INFO]: [A11y_UwU: - hardcodeTNTangle [-1] [-1.0]]
[21:08:10] [Server thread/INFO]: [A11y_UwU: - mergeTNT [true] [false]]
[21:08:10] [Server thread/INFO]: [A11y_UwU: - optimizedTNT [true] [false]]
[21:08:10] [Server thread/INFO]: [A11y_UwU: - tntDoNotUpdate [true] [false]]
[21:08:10] [Server thread/INFO]: [A11y_UwU: - tntPrimerMomentumRemoved [true] [false]]
[21:08:10] [Server thread/INFO]: [A11y_UwU: - tntRandomRange [-1] [-1.0]]
[21:09:52] [Server thread/INFO]: [A11y_UwU: Carpet Mod Settings matching "dispenser":]
[21:09:52] [Server thread/INFO]: [A11y_UwU: - rotatorBlock [true] [false]]
[21:10:05] [Server thread/INFO]: [A11y_UwU: rotatorBlock: true, [change permanently?]]
[21:10:16] [Server thread/INFO]: [A11y_UwU: Rule rotatorBlock will now default to true]
[21:10:24] [Server thread/INFO]: [A11y_UwU: Carpet Mod Settings matching "feature":]
[21:10:24] [Server thread/INFO]: [A11y_UwU: - combineXPOrbs [true] [false]]
[21:10:24] [Server thread/INFO]: [A11y_UwU: - desertShrubs [true] [false]]
[21:10:24] [Server thread/INFO]: [A11y_UwU: - flippinCactus [true] [false]]
[21:10:24] [Server thread/INFO]: [A11y_UwU: - hopperCounters [true] [false]]
[21:10:24] [Server thread/INFO]: [A11y_UwU: - huskSpawningInTemples [true] [false]]
[21:10:24] [Server thread/INFO]: [A11y_UwU: - language [none] [zh_cn] [zh_tw]]
[21:10:24] [Server thread/INFO]: [A11y_UwU: - movableBlockEntities [true] [false]]
[21:10:24] [Server thread/INFO]: [A11y_UwU: - persistentParrots [true] [false]]
[21:10:24] [Server thread/INFO]: [A11y_UwU: - piglinsSpawningInBastions [true] [false]]
[21:10:24] [Server thread/INFO]: [A11y_UwU: - renewableBlackstone [true] [false]]
[21:10:24] [Server thread/INFO]: [A11y_UwU: - renewableCoral [true] [false]]
[21:10:24] [Server thread/INFO]: [A11y_UwU: - renewableSponges [true] [false]]
[21:10:24] [Server thread/INFO]: [A11y_UwU: - rotatorBlock [true] [false]]
[21:10:24] [Server thread/INFO]: [A11y_UwU: - shulkerSpawningInEndCities [true] [false]]
[21:10:24] [Server thread/INFO]: [A11y_UwU: - silverFishDropGravel [true] [false]]
[21:10:24] [Server thread/INFO]: [A11y_UwU: - stackableShulkerBoxes [true] [false]]
[21:10:31] [Server thread/INFO]: [A11y_UwU: movableBlockEntities: true, [change permanently?]]
[21:10:35] [Server thread/INFO]: [A11y_UwU: Rule movableBlockEntities will now default to true]
[21:10:46] [Server thread/INFO]: [A11y_UwU: renewableCoral: true, [change permanently?]]
[21:10:50] [Server thread/INFO]: [A11y_UwU: Rule renewableCoral will now default to true]
[21:11:03] [Server thread/INFO]: [A11y_UwU: shulkerSpawningInEndCities: true, [change permanently?]]
[21:11:07] [Server thread/INFO]: [A11y_UwU: Rule shulkerSpawningInEndCities will now default to true]
[21:11:18] [Server thread/INFO]: [A11y_UwU: Carpet Mod Settings matching "feature":]
[21:11:18] [Server thread/INFO]: [A11y_UwU: - combineXPOrbs [true] [false]]
[21:11:18] [Server thread/INFO]: [A11y_UwU: - desertShrubs [true] [false]]
[21:11:18] [Server thread/INFO]: [A11y_UwU: - flippinCactus [true] [false]]
[21:11:18] [Server thread/INFO]: [A11y_UwU: - hopperCounters [true] [false]]
[21:11:18] [Server thread/INFO]: [A11y_UwU: - huskSpawningInTemples [true] [false]]
[21:11:18] [Server thread/INFO]: [A11y_UwU: - language [none] [zh_cn] [zh_tw]]
[21:11:18] [Server thread/INFO]: [A11y_UwU: - movableBlockEntities [true] [false]]
[21:11:18] [Server thread/INFO]: [A11y_UwU: - persistentParrots [true] [false]]
[21:11:18] [Server thread/INFO]: [A11y_UwU: - piglinsSpawningInBastions [true] [false]]
[21:11:18] [Server thread/INFO]: [A11y_UwU: - renewableBlackstone [true] [false]]
[21:11:18] [Server thread/INFO]: [A11y_UwU: - renewableCoral [true] [false]]
[21:11:18] [Server thread/INFO]: [A11y_UwU: - renewableSponges [true] [false]]
[21:11:18] [Server thread/INFO]: [A11y_UwU: - rotatorBlock [true] [false]]
[21:11:18] [Server thread/INFO]: [A11y_UwU: - shulkerSpawningInEndCities [true] [false]]
[21:11:18] [Server thread/INFO]: [A11y_UwU: - silverFishDropGravel [true] [false]]
[21:11:18] [Server thread/INFO]: [A11y_UwU: - stackableShulkerBoxes [true] [false]]
[21:11:41] [Server thread/INFO]: [A11y_UwU: piglinsSpawningInBastions: true, [change permanently?]]
[21:11:44] [Server thread/INFO]: [A11y_UwU: Rule piglinsSpawningInBastions will now default to true]
[21:11:49] [Server thread/INFO]: [A11y_UwU: renewableSponges: true, [change permanently?]]
[21:11:53] [Server thread/INFO]: [A11y_UwU: Rule renewableSponges will now default to true]
[21:12:08] [Server thread/INFO]: [A11y_UwU: stackableShulkerBoxes: true, [change permanently?]]
[21:12:10] [Server thread/INFO]: [A11y_UwU: Rule stackableShulkerBoxes will now default to true]
[21:12:20] [Server thread/INFO]: [A11y_UwU: Current Carpet Mod Settings:]
[21:12:20] [Server thread/INFO]: [A11y_UwU: - movableBlockEntities [true] [false]]
[21:12:20] [Server thread/INFO]: [A11y_UwU: - piglinsSpawningInBastions [true] [false]]
[21:12:20] [Server thread/INFO]: [A11y_UwU: - renewableCoral [true] [false]]
[21:12:20] [Server thread/INFO]: [A11y_UwU: - renewableSponges [true] [false]]
[21:12:20] [Server thread/INFO]: [A11y_UwU: - rotatorBlock [true] [false]]
[21:12:20] [Server thread/INFO]: [A11y_UwU: - shulkerSpawningInEndCities [true] [false]]
[21:12:20] [Server thread/INFO]: [A11y_UwU: - stackableShulkerBoxes [true] [false]]
[21:12:20] [Server thread/INFO]: [A11y_UwU: Carpet Mod version: 1.4.12+v201001]
[21:12:20] [Server thread/INFO]: [A11y_UwU: Browse Categories:
[dispenser] [feature] [optimization] [scarpet] [survival] [client] [experimental] [tnt] [bugfix] [creative] [command]]
[21:12:25] [Server thread/INFO]: [A11y_UwU: Carpet Mod Settings matching "optimization":]
[21:12:25] [Server thread/INFO]: [A11y_UwU: - fastRedstoneDust [true] [false]]
[21:12:25] [Server thread/INFO]: [A11y_UwU: - lagFreeSpawning [true] [false]]
[21:12:25] [Server thread/INFO]: [A11y_UwU: - maxEntityCollisions [0] [1] [20]]
[21:12:35] [Server thread/INFO]: [A11y_UwU: fastRedstoneDust: true, [change permanently?]]
[21:12:37] [Server thread/INFO]: [A11y_UwU: Rule fastRedstoneDust will now default to true]
[21:12:51] [Server thread/INFO]: [A11y_UwU: lagFreeSpawning: true, [change permanently?]]
[21:12:53] [Server thread/INFO]: [A11y_UwU: Rule lagFreeSpawning will now default to true]
[21:13:16] [Server thread/INFO]: [A11y_UwU: maxEntityCollisions: 2, [change permanently?]]
[21:13:20] [Server thread/INFO]: [A11y_UwU: Rule maxEntityCollisions will now default to 2]
[21:13:33] [Server thread/INFO]: [A11y_UwU: Carpet Mod Settings matching "scarpet":]
[21:13:33] [Server thread/INFO]: [A11y_UwU: - commandScript [true] [false] [ops]]
[21:13:33] [Server thread/INFO]: [A11y_UwU: - commandScriptACE [true] [false] [ops]]
[21:13:33] [Server thread/INFO]: [A11y_UwU: - scriptsAutoload [true] [false]]
[21:13:55] [Server thread/INFO]: [A11y_UwU: Carpet Mod Settings matching "survival":]
[21:13:55] [Server thread/INFO]: [A11y_UwU: - antiCheatDisabled [true] [false]]
[21:13:55] [Server thread/INFO]: [A11y_UwU: - carpets [true] [false]]
[21:13:55] [Server thread/INFO]: [A11y_UwU: - cleanLogs [true] [false]]
[21:13:55] [Server thread/INFO]: [A11y_UwU: - ctrlQCraftingFix [true] [false]]
[21:13:55] [Server thread/INFO]: [A11y_UwU: - defaultLoggers [none] [tps] [mobcaps,tps]]
[21:13:55] [Server thread/INFO]: [A11y_UwU: - flippinCactus [true] [false]]
[21:13:55] [Server thread/INFO]: [A11y_UwU: - missingTools [true] [false]]
[21:13:55] [Server thread/INFO]: [A11y_UwU: - onePlayerSleeping [true] [false]]
[21:13:55] [Server thread/INFO]: [A11y_UwU: - persistentParrots [true] [false]]
[21:13:55] [Server thread/INFO]: [A11y_UwU: - portalSurvivalDelay [1] [40] [80] [72000]]
[21:13:55] [Server thread/INFO]: [A11y_UwU: - smoothClientAnimations [true] [false]]
[21:13:55] [Server thread/INFO]: [A11y_UwU: - stackableShulkerBoxes [true] [false]]
[21:14:17] [Server thread/INFO]: [A11y_UwU: carpets: true, [change permanently?]]
[21:14:20] [Server thread/INFO]: [A11y_UwU: Rule carpets will now default to true]
[21:14:44] [Server thread/INFO]: [A11y_UwU: ctrlQCraftingFix: true, [change permanently?]]
[21:14:46] [Server thread/INFO]: [A11y_UwU: Rule ctrlQCraftingFix will now default to true]
[21:15:07] [Server thread/INFO]: [A11y_UwU: flippinCactus: true, [change permanently?]]
[21:15:09] [Server thread/INFO]: [A11y_UwU: Rule flippinCactus will now default to true]
[21:15:23] [Server thread/INFO]: [A11y_UwU: missingTools: true, [change permanently?]]
[21:15:24] [Server thread/INFO]: [A11y_UwU: Rule missingTools will now default to true]
[21:15:40] [Server thread/INFO]: [A11y_UwU: onePlayerSleeping: true, [change permanently?]]
[21:15:41] [Server thread/INFO]: [A11y_UwU: Rule onePlayerSleeping will now default to true]
[21:15:52] [Server thread/INFO]: [A11y_UwU: persistentParrots: true, [change permanently?]]
[21:15:53] [Server thread/INFO]: [A11y_UwU: Rule persistentParrots will now default to true]
[21:16:20] [Server thread/INFO]: [A11y_UwU: portalSurvivalDelay: 1, [change permanently?]]
[21:16:24] [Server thread/INFO]: [A11y_UwU: Rule portalSurvivalDelay will now default to 1]
[21:16:44] [Server thread/INFO]: [A11y_UwU: Current Carpet Mod Settings:]
[21:16:44] [Server thread/INFO]: [A11y_UwU: - carpets [true] [false]]
[21:16:44] [Server thread/INFO]: [A11y_UwU: - ctrlQCraftingFix [true] [false]]
[21:16:44] [Server thread/INFO]: [A11y_UwU: - fastRedstoneDust [true] [false]]
[21:16:44] [Server thread/INFO]: [A11y_UwU: - flippinCactus [true] [false]]
[21:16:44] [Server thread/INFO]: [A11y_UwU: - lagFreeSpawning [true] [false]]
[21:16:44] [Server thread/INFO]: [A11y_UwU: - maxEntityCollisions [0] [1] [20] [2]]
[21:16:44] [Server thread/INFO]: [A11y_UwU: - missingTools [true] [false]]
[21:16:44] [Server thread/INFO]: [A11y_UwU: - movableBlockEntities [true] [false]]
[21:16:44] [Server thread/INFO]: [A11y_UwU: - onePlayerSleeping [true] [false]]
[21:16:44] [Server thread/INFO]: [A11y_UwU: - persistentParrots [true] [false]]
[21:16:44] [Server thread/INFO]: [A11y_UwU: - piglinsSpawningInBastions [true] [false]]
[21:16:44] [Server thread/INFO]: [A11y_UwU: - portalSurvivalDelay [1] [40] [80] [72000]]
[21:16:44] [Server thread/INFO]: [A11y_UwU: - renewableCoral [true] [false]]
[21:16:44] [Server thread/INFO]: [A11y_UwU: - renewableSponges [true] [false]]
[21:16:44] [Server thread/INFO]: [A11y_UwU: - rotatorBlock [true] [false]]
[21:16:44] [Server thread/INFO]: [A11y_UwU: - shulkerSpawningInEndCities [true] [false]]
[21:16:44] [Server thread/INFO]: [A11y_UwU: - stackableShulkerBoxes [true] [false]]
[21:16:44] [Server thread/INFO]: [A11y_UwU: Carpet Mod version: 1.4.12+v201001]
[21:16:44] [Server thread/INFO]: [A11y_UwU: Browse Categories:
[dispenser] [feature] [optimization] [scarpet] [survival] [client] [experimental] [tnt] [bugfix] [creative] [command]]
[21:17:01] [Server thread/INFO]: [A11y_UwU: Carpet Mod Settings matching "client":]
[21:17:01] [Server thread/INFO]: [A11y_UwU: - cleanLogs [true] [false]]
[21:17:01] [Server thread/INFO]: [A11y_UwU: - creativeFlyDrag [0.09]]
[21:17:01] [Server thread/INFO]: [A11y_UwU: - creativeFlySpeed [1.0]]
[21:17:01] [Server thread/INFO]: [A11y_UwU: - creativeNoClip [true] [false]]
[21:17:01] [Server thread/INFO]: [A11y_UwU: - customMOTD [_]]
[21:17:01] [Server thread/INFO]: [A11y_UwU: - fogOff [true] [false]]
[21:17:01] [Server thread/INFO]: [A11y_UwU: - smoothClientAnimations [true] [false]]
[21:17:44] [Server thread/INFO]: [A11y_UwU: Carpet Mod Settings matching "experimental":]
[21:17:44] [Server thread/INFO]: [A11y_UwU: - fastRedstoneDust [true] [false]]
[21:17:44] [Server thread/INFO]: [A11y_UwU: - flatWorldStructureSpawning [true] [false]]
[21:17:44] [Server thread/INFO]: [A11y_UwU: - movableBlockEntities [true] [false]]
[21:17:44] [Server thread/INFO]: [A11y_UwU: - superSecretSetting [true] [false]]
[21:18:01] [Server thread/INFO]: [A11y_UwU: Carpet Mod Settings matching "bugfix":]
[21:18:01] [Server thread/INFO]: [A11y_UwU: - ctrlQCraftingFix [true] [false]]
[21:18:01] [Server thread/INFO]: [A11y_UwU: - leadFix [true] [false]]
[21:18:01] [Server thread/INFO]: [A11y_UwU: - placementRotationFix [true] [false]]
[21:18:16] [Server thread/INFO]: [A11y_UwU: leadFix: true, [change permanently?]]
[21:18:18] [Server thread/INFO]: [A11y_UwU: Rule leadFix will now default to true]
[21:18:28] [Server thread/INFO]: [A11y_UwU: placementRotationFix: true, [change permanently?]]
[21:18:31] [Server thread/INFO]: [A11y_UwU: Rule placementRotationFix will now default to true]
[21:18:38] [Server thread/INFO]: [A11y_UwU: Carpet Mod Settings matching "creative":]
[21:18:38] [Server thread/INFO]: [A11y_UwU: - antiCheatDisabled [true] [false]]
[21:18:38] [Server thread/INFO]: [A11y_UwU: - creativeFlyDrag [0.09]]
[21:18:38] [Server thread/INFO]: [A11y_UwU: - creativeFlySpeed [1.0]]
[21:18:38] [Server thread/INFO]: [A11y_UwU: - creativeNoClip [true] [false]]
[21:18:38] [Server thread/INFO]: [A11y_UwU: - customMOTD [_]]
[21:18:38] [Server thread/INFO]: [A11y_UwU: - defaultLoggers [none] [tps] [mobcaps,tps]]
[21:18:38] [Server thread/INFO]: [A11y_UwU: - explosionNoBlockDamage [true] [false]]
[21:18:38] [Server thread/INFO]: [A11y_UwU: - extremeBehaviours [true] [false]]
[21:18:38] [Server thread/INFO]: [A11y_UwU: - fillLimit [32768] [250000] [1000000]]
[21:18:38] [Server thread/INFO]: [A11y_UwU: - fillUpdates [true] [false]]
[21:18:38] [Server thread/INFO]: [A11y_UwU: - flatWorldStructureSpawning [true] [false]]
[21:18:38] [Server thread/INFO]: [A11y_UwU: - flippinCactus [true] [false]]
[21:18:38] [Server thread/INFO]: [A11y_UwU: - forceloadLimit [256]]
[21:18:38] [Server thread/INFO]: [A11y_UwU: - hopperCounters [true] [false]]
[21:18:38] [Server thread/INFO]: [A11y_UwU: - interactionUpdates [true] [false]]
[21:18:38] [Server thread/INFO]: [A11y_UwU: - portalCreativeDelay [1] [40] [80] [72000]]
[21:18:38] [Server thread/INFO]: [A11y_UwU: - pushLimit [10] [12] [14] [100]]
[21:18:38] [Server thread/INFO]: [A11y_UwU: - quasiConnectivity [true] [false]]
[21:18:38] [Server thread/INFO]: [A11y_UwU: - railPowerLimit [9] [15] [30]]
[21:18:38] [Server thread/INFO]: [A11y_UwU: - smoothClientAnimations [true] [false]]
[21:18:38] [Server thread/INFO]: [A11y_UwU: - spawnChunksSize [0] [11]]
[21:18:38] [Server thread/INFO]: [A11y_UwU: - summonNaturalLightning [true] [false]]
[21:18:38] [Server thread/INFO]: [A11y_UwU: - tntDoNotUpdate [true] [false]]
[21:18:38] [Server thread/INFO]: [A11y_UwU: - tntPrimerMomentumRemoved [true] [false]]
[21:18:38] [Server thread/INFO]: [A11y_UwU: - viewDistance [0] [12] [16] [32]]
[21:18:38] [Server thread/INFO]: [A11y_UwU: - xpNoCooldown [true] [false]]
[21:19:25] [Server thread/INFO]: [A11y_UwU: Carpet Mod Settings matching "command":]
[21:19:25] [Server thread/INFO]: [A11y_UwU: - commandDistance [true] [false] [ops]]
[21:19:25] [Server thread/INFO]: [A11y_UwU: - commandDraw [true] [false] [ops]]
[21:19:25] [Server thread/INFO]: [A11y_UwU: - commandInfo [true] [false] [ops]]
[21:19:25] [Server thread/INFO]: [A11y_UwU: - commandLog [true] [false] [ops]]
[21:19:25] [Server thread/INFO]: [A11y_UwU: - commandPerimeterInfo [true] [false] [ops]]
[21:19:25] [Server thread/INFO]: [A11y_UwU: - commandPlayer [true] [false] [ops]]
[21:19:25] [Server thread/INFO]: [A11y_UwU: - commandProfile [true] [false] [ops]]
[21:19:25] [Server thread/INFO]: [A11y_UwU: - commandScript [true] [false] [ops]]
[21:19:25] [Server thread/INFO]: [A11y_UwU: - commandScriptACE [true] [false] [ops]]
[21:19:25] [Server thread/INFO]: [A11y_UwU: - commandSpawn [true] [false] [ops]]
[21:19:25] [Server thread/INFO]: [A11y_UwU: - commandTick [true] [false] [ops]]
[21:19:25] [Server thread/INFO]: [A11y_UwU: - commandTrackAI [true] [false] [ops]]
[21:19:25] [Server thread/INFO]: [A11y_UwU: - hopperCounters [true] [false]]
[21:20:17] [Server thread/INFO]: [A11y_UwU: commandTick: ops, [change permanently?]]
[21:20:19] [Server thread/INFO]: [A11y_UwU: Rule commandTick will now default to ops]
[21:20:30] [Server thread/INFO]: [A11y_UwU: hopperCounters: true, [change permanently?]]
[21:20:33] [Server thread/INFO]: [A11y_UwU: Rule hopperCounters will now default to true]
[21:21:11] [Server thread/INFO]: [A11y_UwU: Current Carpet Mod Settings:]
[21:21:11] [Server thread/INFO]: [A11y_UwU: - carpets [true] [false]]
[21:21:11] [Server thread/INFO]: [A11y_UwU: - commandTick [true] [false] [ops]]
[21:21:11] [Server thread/INFO]: [A11y_UwU: - ctrlQCraftingFix [true] [false]]
[21:21:11] [Server thread/INFO]: [A11y_UwU: - fastRedstoneDust [true] [false]]
[21:21:11] [Server thread/INFO]: [A11y_UwU: - flippinCactus [true] [false]]
[21:21:11] [Server thread/INFO]: [A11y_UwU: - hopperCounters [true] [false]]
[21:21:11] [Server thread/INFO]: [A11y_UwU: - lagFreeSpawning [true] [false]]
[21:21:11] [Server thread/INFO]: [A11y_UwU: - leadFix [true] [false]]
[21:21:11] [Server thread/INFO]: [A11y_UwU: - maxEntityCollisions [0] [1] [20] [2]]
[21:21:11] [Server thread/INFO]: [A11y_UwU: - missingTools [true] [false]]
[21:21:11] [Server thread/INFO]: [A11y_UwU: - movableBlockEntities [true] [false]]
[21:21:11] [Server thread/INFO]: [A11y_UwU: - onePlayerSleeping [true] [false]]
[21:21:11] [Server thread/INFO]: [A11y_UwU: - persistentParrots [true] [false]]
[21:21:11] [Server thread/INFO]: [A11y_UwU: - piglinsSpawningInBastions [true] [false]]
[21:21:11] [Server thread/INFO]: [A11y_UwU: - placementRotationFix [true] [false]]
[21:21:11] [Server thread/INFO]: [A11y_UwU: - portalSurvivalDelay [1] [40] [80] [72000]]
[21:21:11] [Server thread/INFO]: [A11y_UwU: - renewableCoral [true] [false]]
[21:21:11] [Server thread/INFO]: [A11y_UwU: - renewableSponges [true] [false]]
[21:21:11] [Server thread/INFO]: [A11y_UwU: - rotatorBlock [true] [false]]
[21:21:11] [Server thread/INFO]: [A11y_UwU: - shulkerSpawningInEndCities [true] [false]]
[21:21:11] [Server thread/INFO]: [A11y_UwU: - stackableShulkerBoxes [true] [false]]
[21:21:11] [Server thread/INFO]: [A11y_UwU: Carpet Mod version: 1.4.12+v201001]
[21:21:11] [Server thread/INFO]: [A11y_UwU: Browse Categories:
[dispenser] [feature] [optimization] [scarpet] [survival] [client] [experimental] [tnt] [bugfix] [creative] [command]]
[21:21:15] [Server thread/INFO]: [A11y_UwU: Carpet Mod Settings matching "command":]
[21:21:15] [Server thread/INFO]: [A11y_UwU: - commandDistance [true] [false] [ops]]
[21:21:15] [Server thread/INFO]: [A11y_UwU: - commandDraw [true] [false] [ops]]
[21:21:15] [Server thread/INFO]: [A11y_UwU: - commandInfo [true] [false] [ops]]
[21:21:15] [Server thread/INFO]: [A11y_UwU: - commandLog [true] [false] [ops]]
[21:21:15] [Server thread/INFO]: [A11y_UwU: - commandPerimeterInfo [true] [false] [ops]]
[21:21:15] [Server thread/INFO]: [A11y_UwU: - commandPlayer [true] [false] [ops]]
[21:21:15] [Server thread/INFO]: [A11y_UwU: - commandProfile [true] [false] [ops]]
[21:21:15] [Server thread/INFO]: [A11y_UwU: - commandScript [true] [false] [ops]]
[21:21:15] [Server thread/INFO]: [A11y_UwU: - commandScriptACE [true] [false] [ops]]
[21:21:15] [Server thread/INFO]: [A11y_UwU: - commandSpawn [true] [false] [ops]]
[21:21:15] [Server thread/INFO]: [A11y_UwU: - commandTick [true] [false] [ops]]
[21:21:15] [Server thread/INFO]: [A11y_UwU: - commandTrackAI [true] [false] [ops]]
[21:21:15] [Server thread/INFO]: [A11y_UwU: - hopperCounters [true] [false]]
[21:23:01] [Server thread/INFO]: A11y_UwU lost connection: Disconnected
[21:23:01] [Server thread/INFO]: A11y_UwU left the game
[21:23:05] [User Authenticator #3/INFO]: UUID of player A11y_UwU is cdf70681-d8c8-4cdb-9b1a-97a236ce8b1a
[21:23:05] [Server thread/INFO]: A11y_UwU[/127.0.0.1:49539] logged in with entity id 2394 at (276.66859296945955, 67.875, -225.09644238755027)
[21:23:05] [Server thread/INFO]: A11y_UwU joined the game
[21:24:05] [Server thread/INFO]: Villager class_1646['Cartographer'/129, l='ServerLevel[world 1.16.4]', x=280.70, y=72.18, z=-190.69] died, message: 'Cartographer was slain by Husk'
[21:24:43] [Server thread/INFO]: A11y_UwU was slain by Spider
[21:26:59] [Server thread/INFO]: A11y_UwU lost connection: Disconnected
[21:26:59] [Server thread/INFO]: A11y_UwU left the game
