[21:44:24] [main/INFO]: Loading for game Minecraft 1.16.4
[21:44:25] [ForkJoinPool-1-worker-2/WARN]: The mod "autoconfig1u" contains invalid entries in its mod json:
- Unsupported root entry "$schema" at line 2 column 14
[21:44:25] [main/INFO]: [FabricLoader] Loading 48 mods: fabric-renderer-api-v1@0.3.3+a4467d2a95, minecraft@1.16.4, fabric-screen-handler-api-v1@1.1.0+8724984195, fabric-networking-blockentity-v0@0.2.5+b50ffc7b95, fabric-keybindings-v0@0.2.0+3fa9f7c595, cloth-basic-math@0.5.1, fabric-command-api-v1@1.0.9+a4467d2a95, fabricloader@0.10.6+build.214, fabric-tool-attribute-api-v1@1.2.4+2b46237995, fabric-structure-api-v1@1.1.0+f8ac1db295, fabric-renderer-indigo@0.4.3+a4467d2a95, fabric-containers-v0@0.1.8+045df74f95, fabric-object-builder-api-v1@1.9.2+a89534ab95, fabric-crash-report-info-v1@0.1.2+b7f9825d95, fabric-item-api-v1@1.2.0+f8ac1db295, fabric-events-interaction-v0@0.4.1+f8ac1db295, fabric-game-rule-api-v1@1.0.3+a4467d2a95, fabric-api-base@0.2.0+9f0fb4b895, fabric-rendering-v0@1.1.1+f8ac1db295, fabric-rendering-v1@1.3.1+f8ac1db295, fabric-key-binding-api-v1@1.0.1+730711c695, cloth-config2@4.8.1, fabric-rendering-data-attachment-v1@0.1.4+f8ac1db295, autoconfig1u@3.2.2, fabric-resource-loader-v0@0.3.1+facf3bbf95, cloth-dynamic-registry-api-v1@1.4.8, fabric-textures-v0@1.0.5+a4467d2a95, fabric-content-registries-v0@0.1.9+059ea86695, fabric-tag-extensions-v0@1.0.3+ac8e8c5995, fabric-rendering-fluids-v1@0.1.12+f8ac1db295, fabric-biome-api-v1@3.0.0+8367596d95, fabric-commands-v0@0.2.0+52d3083695, fabric-registry-sync-v0@0.6.1+a4467d2a95, fabric-blockrenderlayer-v1@1.1.4+c6a8ea8995, fabric-lifecycle-events-v1@1.2.0+74cc3b2095, vanillaenhanced@1.3.0, fabric-mining-levels-v0@0.1.2+b764ce9995, fabric-renderer-registries-v1@2.2.0+f8ac1db295, fabric-loot-tables-v1@1.0.1+432ea18895, carpet-extra@1.4.14, fabric-events-lifecycle-v0@0.2.0+16acbe5b95, fabric@0.25.0+build.415-1.16, carpet@1.4.12, fabric-particles-v1@0.2.2+fb0d9b0e95, fabric-models-v0@0.1.1+f8ac1db295, fabric-item-groups-v0@0.2.1+a4467d2a95, fabric-networking-v0@0.1.10+e00ecb5f95, fabric-object-builders-v0@0.7.1+a4467d2a95
[21:44:25] [main/INFO]: SpongePowered MIXIN Subsystem Version=0.8.2 Source=file:/C:/Users/bjartur2004/gits/Raudrofur/server%20-1.16.4%20carpetmod/fabric-server-launch.jar Service=Knot/Fabric Env=SERVER
[21:44:36] [main/INFO]: [VanillaEnhanced] Hello there.
[21:44:37] [main/INFO]: Environment: authHost='https://authserver.mojang.com', accountsHost='https://api.mojang.com', sessionHost='https://sessionserver.mojang.com', servicesHost='https://api.minecraftservices.com', name='PROD'
[21:44:39] [main/WARN]: Ambiguity between arguments [teleport, destination] and [teleport, targets] with inputs: [Player, 0123, @e, dd12be42-52a9-4a91-a8a1-11c01849e498]
[21:44:39] [main/WARN]: Ambiguity between arguments [teleport, location] and [teleport, destination] with inputs: [0.1 -0.5 .9, 0 0 0]
[21:44:39] [main/WARN]: Ambiguity between arguments [teleport, location] and [teleport, targets] with inputs: [0.1 -0.5 .9, 0 0 0]
[21:44:39] [main/WARN]: Ambiguity between arguments [teleport, targets] and [teleport, destination] with inputs: [Player, 0123, dd12be42-52a9-4a91-a8a1-11c01849e498]
[21:44:39] [main/WARN]: Ambiguity between arguments [teleport, targets, location] and [teleport, targets, destination] with inputs: [0.1 -0.5 .9, 0 0 0]
[21:44:39] [main/INFO]: Reloading ResourceManager: Default, Fabric Tool Attribute API (v1), VanillaEnhanced
[21:44:40] [Worker-Main-5/INFO]: Loaded 7 recipes
[21:44:41] [Worker-Main-5/INFO]: Loaded 927 advancements
[21:44:42] [main/INFO]: Applied 0 biome modifications to 0 of 85 new biomes in 3.895 ms
[21:44:42] [Server thread/INFO]: Starting minecraft server version 1.16.4
[21:44:42] [Server thread/INFO]: Loading properties
[21:44:42] [Server thread/INFO]: Default game type: SURVIVAL
[21:44:42] [Server thread/INFO]: Generating keypair
[21:44:42] [Server thread/INFO]: Starting Minecraft server on *:25565
[21:44:42] [Server thread/INFO]: Using default channel type
[21:44:44] [Server thread/INFO]: Preparing level "world"
[21:44:44] [Server thread/INFO]: [CM]: loaded setting carpets as true from carpet.conf
[21:44:44] [Server thread/INFO]: [CM]: loaded setting huskSpawningInTemples as true from carpet.conf
[21:44:44] [Server thread/INFO]: [CM]: loaded setting renewableCoral as true from carpet.conf
[21:44:44] [Server thread/INFO]: [CM]: loaded setting shulkerSpawningInEndCities as true from carpet.conf
[21:44:44] [Server thread/INFO]: [CM]: loaded setting stackableShulkerBoxes as true from carpet.conf
[21:44:44] [Server thread/INFO]: [CM]: loaded setting onePlayerSleeping as true from carpet.conf
[21:44:44] [Server thread/INFO]: [CM]: loaded setting combineXPOrbs as true from carpet.conf
[21:44:44] [Server thread/INFO]: [CM]: loaded setting dispenserPlacesBlocks as true from carpet.conf
[21:44:44] [Server thread/INFO]: [CM]: loaded setting commandTick as ops from carpet.conf
[21:44:44] [Server thread/INFO]: [CM]: loaded setting fastRedstoneDust as true from carpet.conf
[21:44:44] [Server thread/INFO]: [CM]: loaded setting commandDraw as false from carpet.conf
[21:44:44] [Server thread/INFO]: [CM]: loaded setting rotatorBlock as true from carpet.conf
[21:44:44] [Server thread/INFO]: [CM]: loaded setting renewableBlackstone as true from carpet.conf
[21:44:44] [Server thread/INFO]: [CM]: loaded setting renewableSponges as true from carpet.conf
[21:44:44] [Server thread/INFO]: [CM]: loaded setting portalSurvivalDelay as 1 from carpet.conf
[21:44:44] [Server thread/INFO]: [CM]: loaded setting commandScript as false from carpet.conf
[21:44:44] [Server thread/INFO]: [CM]: loaded setting desertShrubs as true from carpet.conf
[21:44:44] [Server thread/INFO]: [CM]: loaded setting persistentParrots as true from carpet.conf
[21:44:44] [Server thread/INFO]: [CM]: loaded setting hopperCounters as true from carpet.conf
[21:44:44] [Server thread/INFO]: [CM]: loaded setting flippinCactus as true from carpet.conf
[21:44:44] [Server thread/INFO]: [CM]: loaded setting lagFreeSpawning as true from carpet.conf
[21:44:44] [Server thread/INFO]: [CM]: loaded setting maxEntityCollisions as 2 from carpet.conf
[21:44:44] [Server thread/INFO]: [CM]: loaded setting commandSpawn as false from carpet.conf
[21:44:44] [Server thread/INFO]: [CM]: loaded setting movableBlockEntities as true from carpet.conf
[21:44:45] [Server thread/INFO]: Preparing start region for dimension minecraft:overworld
[21:44:46] [Server thread/INFO]: Preparing spawn area: 0%
[21:44:46] [Server thread/INFO]: Preparing spawn area: 0%
[21:44:46] [Server thread/INFO]: Preparing spawn area: 0%
[21:44:46] [Server thread/INFO]: Preparing spawn area: 0%
[21:44:47] [Server thread/INFO]: Time elapsed: 2521 ms
[21:44:47] [Server thread/INFO]: Done (2.898s)! For help, type "help"
[21:48:41] [User Authenticator #1/INFO]: UUID of player A11y_UwU is cdf70681-d8c8-4cdb-9b1a-97a236ce8b1a
[21:48:42] [Server thread/INFO]: A11y_UwU[/127.0.0.1:49495] logged in with entity id 114 at (-460.14385529470206, 72.0, 346.69999998807907)
[21:48:42] [Server thread/INFO]: A11y_UwU joined the game
[21:48:43] [Netty Server IO #3/INFO]: Player A11y_UwU joined with a matching carpet client
[21:48:44] [Server thread/WARN]: Can't keep up! Is the server overloaded? Running 2236ms or 44 ticks behind
[21:51:16] [Server thread/INFO]: com.mojang.authlib.GameProfile@78b7eae4[id=<null>,name=SKAF_PathFinder,properties={},legacy=false] (/85.220.31.107:56524) lost connection: Disconnected
[21:51:21] [Server thread/INFO]: com.mojang.authlib.GameProfile@2544fe14[id=<null>,name=SKAF_PathFinder,properties={},legacy=false] (/85.220.31.107:56530) lost connection: Disconnected
[21:51:25] [Server thread/INFO]: com.mojang.authlib.GameProfile@121f2af5[id=<null>,name=SKAF_PathFinder,properties={},legacy=false] (/85.220.31.107:56531) lost connection: Disconnected
[21:54:55] [User Authenticator #2/INFO]: UUID of player togga99 is 3df4725c-55ba-4ca9-a0cd-b0aaef0d3d0a
[21:54:55] [Server thread/INFO]: togga99[/89.160.212.94:60940] logged in with entity id 1128 at (160.5, 71.0, -15.5)
[21:54:55] [Server thread/INFO]: togga99 joined the game
[21:54:58] [Server thread/INFO]: <A11y_UwU> hii
[21:55:14] [Server thread/INFO]: <togga99> nei
[21:55:20] [Server thread/INFO]: <A11y_UwU> :/
[21:55:27] [Server thread/INFO]: <togga99> eg er föst
[21:55:33] [Server thread/INFO]: <A11y_UwU> hvar
[21:56:38] [Server thread/INFO]: <togga99> éh er að fljúga
[21:56:46] [Server thread/INFO]: <togga99> hvaða hu ser þetta
[21:56:51] [Server thread/INFO]: <togga99> hús
[21:57:02] [Server thread/INFO]: <A11y_UwU> idk.. ég er ekki nálægt þer
[21:57:07] [Server thread/INFO]: <A11y_UwU> sé þig ekki
[21:57:25] [Server thread/INFO]: <A11y_UwU> en líklega er þetta völlu og fyrsta húsið mitt
[21:57:40] [Server thread/INFO]: <togga99> ái afh mundirðu setja morð runna
[21:57:48] [Server thread/INFO]: togga99 has made the advancement [We Need to Go Deeper]
[21:57:53] [Server thread/INFO]: <A11y_UwU> sorry.. var ekki með mat
[21:58:24] [Server thread/INFO]: <togga99> má ég byggja hús?
[21:58:33] [Server thread/INFO]: <A11y_UwU> yamms
[21:58:51] [Server thread/INFO]: <togga99> má ég brjóta tré?
[21:58:56] [Server thread/INFO]: <A11y_UwU> já
[21:59:15] [Server thread/INFO]: <A11y_UwU> þarft kannski að fara smá frá spawn til að geta brotið
[21:59:33] [Server thread/INFO]: <togga99> nei er hrædd við svoleiðis
[21:59:53] [Server thread/INFO]: <A11y_UwU> þú mátt gera hvað sem er nema það sem er bannað
[22:00:10] [Server thread/INFO]: <A11y_UwU> sem er bara.. ekki vera leiðilegur við aðra og ekki stela
[22:00:28] [Server thread/INFO]: <togga99> þannig ég má byggja hús yfir annara mann hús?
[22:00:55] [Server thread/INFO]: <A11y_UwU> kannski ekki.. ef það eiðileggur útlitið +a þeyrra dóti þa nei
[22:01:21] [Server thread/INFO]: <togga99> það stendur ekki í reglunum
[22:01:29] [Server thread/INFO]: <togga99> ég fylgi forsetanum
[22:01:35] [Server thread/INFO]: <A11y_UwU> ...
[22:02:03] [Server thread/INFO]: <A11y_UwU> einu alvöru reglurnar er það sem er í reglur-og-serverinfo
[22:03:16] [Server thread/INFO]: Made A11y_UwU a server operator
[22:03:31] [Server thread/INFO]: [A11y_UwU: Gave 1 [Emerald] to A11y_UwU]
[22:04:15] [Server thread/INFO]: <togga99> hversu hátt þarf maður að hoppa til þess að deyja?
[22:04:28] [Server thread/INFO]: <A11y_UwU> 27 held ég
[22:05:18] [Server thread/INFO]: <togga99> t
[22:05:27] [Server thread/INFO]: togga99 fell from a high place
[22:05:33] [Server thread/INFO]: <A11y_UwU> nice
[22:05:39] [Server thread/INFO]: <togga99> ái lygari
[22:05:46] [Server thread/INFO]: <A11y_UwU> sorry :(
[22:06:17] [Server thread/WARN]: Mismatch in destroy block pos: class_2338{x=0, y=0, z=0} class_2338{x=157, y=68, z=-17}
[22:06:17] [Server thread/WARN]: Mismatch in destroy block pos: class_2338{x=0, y=0, z=0} class_2338{x=158, y=68, z=-17}
[22:06:21] [Server thread/WARN]: Mismatch in destroy block pos: class_2338{x=0, y=0, z=0} class_2338{x=161, y=68, z=-19}
[22:06:29] [Server thread/WARN]: Mismatch in destroy block pos: class_2338{x=0, y=0, z=0} class_2338{x=155, y=70, z=-31}
[22:06:29] [Server thread/WARN]: Mismatch in destroy block pos: class_2338{x=0, y=0, z=0} class_2338{x=155, y=70, z=-32}
[22:06:30] [Server thread/INFO]: <A11y_UwU> húsin mín eru í sirka -420 76 320
[22:06:32] [Server thread/INFO]: <togga99> ttttttttttttttttttttttttttt
[22:06:42] [Server thread/INFO]: <togga99> ok ég veit hvar það er 100'
[22:06:57] [Server thread/WARN]: Mismatch in destroy block pos: class_2338{x=143, y=70, z=-27} class_2338{x=144, y=70, z=-28}
[22:06:57] [Server thread/WARN]: Mismatch in destroy block pos: class_2338{x=143, y=70, z=-27} class_2338{x=145, y=70, z=-29}
[22:06:58] [Server thread/WARN]: Mismatch in destroy block pos: class_2338{x=146, y=70, z=-33} class_2338{x=147, y=70, z=-32}
[22:06:59] [Server thread/WARN]: Mismatch in destroy block pos: class_2338{x=146, y=70, z=-33} class_2338{x=148, y=70, z=-31}
[22:06:59] [Server thread/WARN]: Mismatch in destroy block pos: class_2338{x=146, y=70, z=-33} class_2338{x=149, y=70, z=-31}
[22:06:59] [Server thread/WARN]: Mismatch in destroy block pos: class_2338{x=146, y=70, z=-33} class_2338{x=150, y=70, z=-31}
[22:06:59] [Server thread/WARN]: Mismatch in destroy block pos: class_2338{x=146, y=70, z=-33} class_2338{x=151, y=70, z=-31}
[22:06:59] [Server thread/WARN]: Mismatch in destroy block pos: class_2338{x=146, y=70, z=-33} class_2338{x=152, y=70, z=-31}
[22:06:59] [Server thread/WARN]: Mismatch in destroy block pos: class_2338{x=146, y=70, z=-33} class_2338{x=152, y=70, z=-31}
[22:06:59] [Server thread/WARN]: Mismatch in destroy block pos: class_2338{x=146, y=70, z=-33} class_2338{x=152, y=70, z=-31}
[22:07:00] [Server thread/WARN]: Mismatch in destroy block pos: class_2338{x=146, y=70, z=-33} class_2338{x=152, y=70, z=-31}
[22:07:00] [Server thread/WARN]: Mismatch in destroy block pos: class_2338{x=146, y=70, z=-33} class_2338{x=153, y=70, z=-31}
[22:07:00] [Server thread/WARN]: Mismatch in destroy block pos: class_2338{x=146, y=70, z=-33} class_2338{x=153, y=70, z=-31}
[22:07:00] [Server thread/WARN]: Mismatch in destroy block pos: class_2338{x=146, y=70, z=-33} class_2338{x=153, y=70, z=-31}
[22:07:00] [Server thread/WARN]: Mismatch in destroy block pos: class_2338{x=146, y=70, z=-33} class_2338{x=153, y=70, z=-31}
[22:07:00] [Server thread/WARN]: Mismatch in destroy block pos: class_2338{x=146, y=70, z=-33} class_2338{x=153, y=70, z=-31}
[22:07:00] [Server thread/WARN]: Mismatch in destroy block pos: class_2338{x=146, y=70, z=-33} class_2338{x=153, y=70, z=-31}
[22:07:00] [Server thread/WARN]: Mismatch in destroy block pos: class_2338{x=146, y=70, z=-33} class_2338{x=153, y=70, z=-31}
[22:07:00] [Server thread/WARN]: Mismatch in destroy block pos: class_2338{x=146, y=70, z=-33} class_2338{x=153, y=70, z=-31}
[22:07:00] [Server thread/WARN]: Mismatch in destroy block pos: class_2338{x=146, y=70, z=-33} class_2338{x=153, y=70, z=-31}
[22:07:00] [Server thread/WARN]: Mismatch in destroy block pos: class_2338{x=146, y=70, z=-33} class_2338{x=153, y=70, z=-31}
[22:07:00] [Server thread/WARN]: Mismatch in destroy block pos: class_2338{x=146, y=70, z=-33} class_2338{x=155, y=70, z=-31}
[22:07:00] [Server thread/WARN]: Mismatch in destroy block pos: class_2338{x=146, y=70, z=-33} class_2338{x=155, y=70, z=-31}
[22:07:00] [Server thread/WARN]: Mismatch in destroy block pos: class_2338{x=146, y=70, z=-33} class_2338{x=155, y=70, z=-31}
[22:07:00] [Server thread/WARN]: Mismatch in destroy block pos: class_2338{x=146, y=70, z=-33} class_2338{x=156, y=70, z=-30}
[22:07:05] [Server thread/INFO]: <togga99> t
[22:07:08] [Server thread/INFO]: <togga99> ttttttttttttttttttttttttttttttttttttttttttttttt
[22:07:12] [Server thread/INFO]: <A11y_UwU> ef þú ýtir á f3 sérðu hvar þú ert
[22:07:21] [Server thread/INFO]: <A11y_UwU> of svo ferðu bara nær
[22:07:36] [Server thread/INFO]: <A11y_UwU> er að sofa
[22:07:36] [Server thread/INFO]: togga99 has made the advancement [Best Friends Forever]
[22:07:41] [Server thread/INFO]: <A11y_UwU> omg
[22:07:47] [Server thread/INFO]: <A11y_UwU> hvað er það?
[22:07:55] [Server thread/INFO]: <togga99> við erum bffs
[22:08:05] [Server thread/INFO]: <togga99> jk
[22:08:21] [Server thread/WARN]: togga99 moved wrongly!
[22:08:22] [Server thread/WARN]: togga99 moved wrongly!
[22:13:17] [Server thread/INFO]: <togga99> hvernig fer eg til þin
[22:13:31] [Server thread/INFO]: <A11y_UwU> veistu hvar þú byrjaðir?
[22:13:39] [Server thread/INFO]: togga99 was poked to death by a sweet berry bush
[22:13:49] [Server thread/INFO]: <togga99> not cool bjartur
[22:13:52] [Server thread/INFO]: <togga99> ja
[22:13:56] [Server thread/INFO]: <A11y_UwU> ok veit núna hvar þ+u ert
[22:14:08] [Server thread/WARN]: Mismatch in destroy block pos: class_2338{x=0, y=0, z=0} class_2338{x=159, y=68, z=-17}
[22:14:08] [Server thread/WARN]: Mismatch in destroy block pos: class_2338{x=0, y=0, z=0} class_2338{x=158, y=68, z=-17}
[22:14:11] [Server thread/WARN]: Mismatch in destroy block pos: class_2338{x=0, y=0, z=0} class_2338{x=159, y=68, z=-19}
[22:14:14] [Server thread/WARN]: Mismatch in destroy block pos: class_2338{x=0, y=0, z=0} class_2338{x=160, y=68, z=-17}
[22:14:14] [Server thread/WARN]: Mismatch in destroy block pos: class_2338{x=0, y=0, z=0} class_2338{x=161, y=68, z=-15}
[22:14:22] [Server thread/INFO]: <togga99> en hvernig finn eg þig
[22:14:50] [Server thread/INFO]: <A11y_UwU> það er örugglega auveldara fyrir mig að finna þig
[22:15:04] [Server thread/INFO]: <togga99> biddu hvar er draslið sem lætur mig sjá havr ég er
[22:15:14] [Server thread/INFO]: <A11y_UwU> f3
[22:15:17] [Server thread/INFO]: <togga99> er ekki hægt að gera svona teleport dot
[22:15:42] [Server thread/INFO]: <A11y_UwU> nobe.. eða þú veist það er hægt en það er svindl
[22:17:18] [Server thread/INFO]: togga99 was pricked to death
[22:17:22] [Server thread/WARN]: Mismatch in destroy block pos: class_2338{x=0, y=0, z=0} class_2338{x=158, y=68, z=-19}
[22:17:22] [Server thread/WARN]: Mismatch in destroy block pos: class_2338{x=0, y=0, z=0} class_2338{x=158, y=68, z=-20}
[22:17:22] [Server thread/WARN]: Mismatch in destroy block pos: class_2338{x=0, y=0, z=0} class_2338{x=157, y=69, z=-20}
[22:17:22] [Server thread/WARN]: Mismatch in destroy block pos: class_2338{x=0, y=0, z=0} class_2338{x=158, y=69, z=-21}
[22:17:23] [Server thread/WARN]: Mismatch in destroy block pos: class_2338{x=0, y=0, z=0} class_2338{x=160, y=68, z=-23}
[22:17:23] [Server thread/WARN]: Mismatch in destroy block pos: class_2338{x=0, y=0, z=0} class_2338{x=158, y=69, z=-22}
[22:17:23] [Server thread/WARN]: Mismatch in destroy block pos: class_2338{x=0, y=0, z=0} class_2338{x=158, y=69, z=-23}
[22:17:23] [Server thread/WARN]: Mismatch in destroy block pos: class_2338{x=0, y=0, z=0} class_2338{x=158, y=69, z=-22}
[22:17:23] [Server thread/WARN]: Mismatch in destroy block pos: class_2338{x=0, y=0, z=0} class_2338{x=158, y=69, z=-23}
[22:17:23] [Server thread/WARN]: Mismatch in destroy block pos: class_2338{x=0, y=0, z=0} class_2338{x=158, y=69, z=-24}
[22:17:23] [Server thread/WARN]: Mismatch in destroy block pos: class_2338{x=0, y=0, z=0} class_2338{x=158, y=69, z=-24}
[22:17:23] [Server thread/WARN]: Mismatch in destroy block pos: class_2338{x=0, y=0, z=0} class_2338{x=157, y=69, z=-24}
[22:17:23] [Server thread/WARN]: Mismatch in destroy block pos: class_2338{x=0, y=0, z=0} class_2338{x=157, y=69, z=-24}
[22:17:34] [Server thread/INFO]: <togga99> hvar er du
[22:17:38] [Server thread/WARN]: Mismatch in destroy block pos: class_2338{x=0, y=0, z=0} class_2338{x=149, y=70, z=-29}
[22:17:38] [Server thread/WARN]: Mismatch in destroy block pos: class_2338{x=0, y=0, z=0} class_2338{x=150, y=70, z=-29}
[22:17:38] [Server thread/WARN]: Mismatch in destroy block pos: class_2338{x=0, y=0, z=0} class_2338{x=150, y=70, z=-28}
[22:17:38] [Server thread/WARN]: Mismatch in destroy block pos: class_2338{x=0, y=0, z=0} class_2338{x=151, y=70, z=-28}
[22:17:39] [Server thread/WARN]: Mismatch in destroy block pos: class_2338{x=0, y=0, z=0} class_2338{x=151, y=70, z=-27}
[22:17:39] [Server thread/WARN]: Mismatch in destroy block pos: class_2338{x=0, y=0, z=0} class_2338{x=152, y=70, z=-27}
[22:17:39] [Server thread/WARN]: Mismatch in destroy block pos: class_2338{x=0, y=0, z=0} class_2338{x=153, y=70, z=-26}
[22:17:39] [Server thread/WARN]: Mismatch in destroy block pos: class_2338{x=0, y=0, z=0} class_2338{x=154, y=70, z=-28}
[22:17:39] [Server thread/WARN]: Mismatch in destroy block pos: class_2338{x=0, y=0, z=0} class_2338{x=154, y=70, z=-28}
[22:17:39] [Server thread/WARN]: Mismatch in destroy block pos: class_2338{x=0, y=0, z=0} class_2338{x=153, y=70, z=-29}
[22:17:39] [Server thread/WARN]: Mismatch in destroy block pos: class_2338{x=0, y=0, z=0} class_2338{x=153, y=70, z=-29}
[22:17:39] [Server thread/WARN]: Mismatch in destroy block pos: class_2338{x=0, y=0, z=0} class_2338{x=153, y=70, z=-29}
[22:17:39] [Server thread/WARN]: Mismatch in destroy block pos: class_2338{x=0, y=0, z=0} class_2338{x=153, y=70, z=-29}
[22:17:39] [Server thread/WARN]: Mismatch in destroy block pos: class_2338{x=0, y=0, z=0} class_2338{x=153, y=70, z=-29}
[22:17:40] [Server thread/WARN]: Mismatch in destroy block pos: class_2338{x=0, y=0, z=0} class_2338{x=153, y=70, z=-29}
[22:17:40] [Server thread/WARN]: Mismatch in destroy block pos: class_2338{x=0, y=0, z=0} class_2338{x=153, y=70, z=-29}
[22:17:40] [Server thread/WARN]: Mismatch in destroy block pos: class_2338{x=0, y=0, z=0} class_2338{x=153, y=70, z=-29}
[22:17:40] [Server thread/WARN]: Mismatch in destroy block pos: class_2338{x=0, y=0, z=0} class_2338{x=153, y=70, z=-29}
[22:17:40] [Server thread/WARN]: Mismatch in destroy block pos: class_2338{x=0, y=0, z=0} class_2338{x=153, y=70, z=-29}
[22:17:40] [Server thread/WARN]: Mismatch in destroy block pos: class_2338{x=0, y=0, z=0} class_2338{x=153, y=70, z=-29}
[22:17:41] [Server thread/INFO]: <A11y_UwU> að fara til þín
[22:17:41] [Server thread/WARN]: Mismatch in destroy block pos: class_2338{x=0, y=0, z=0} class_2338{x=151, y=70, z=-32}
[22:17:41] [Server thread/WARN]: Mismatch in destroy block pos: class_2338{x=0, y=0, z=0} class_2338{x=150, y=70, z=-32}
[22:18:28] [Server thread/INFO]: togga99 drowned
[22:19:07] [Server thread/INFO]: <A11y_UwU> fann þig
[22:19:13] [Server thread/INFO]: <togga99> hvar etu
[22:19:19] [Server thread/INFO]: <togga99> hi
[22:19:43] [Server thread/INFO]: <togga99> ev hrátt brauð
[22:19:47] [Server thread/INFO]: <togga99> no fanks
[22:20:04] [Server thread/INFO]: <A11y_UwU> yeetus that fetus
[22:20:34] [Server thread/INFO]: <togga99> eg verð ekki svöng eg er ódauðleg
[22:21:28] [Server thread/INFO]: <togga99> drepa mig
[22:21:33] [Server thread/INFO]: <togga99> skamm
[22:21:38] [Server thread/INFO]: <A11y_UwU> nei
[22:22:09] [Server thread/INFO]: togga99 was slain by Husk
[22:22:25] [Server thread/INFO]: <togga99> hvar ertu
[22:23:28] [Server thread/INFO]: <togga99> kreisi
[22:23:33] [Server thread/INFO]: <A11y_UwU> you saved me
[22:23:45] [Server thread/INFO]: togga99 was slain by Spider
[22:23:50] [Server thread/INFO]: <togga99> oh noj
[22:24:36] [Server thread/INFO]: togga99 was shot by Skeleton
[22:24:37] [Server thread/INFO]: <A11y_UwU> valla tók súið mitt :(
[22:24:45] [Server thread/INFO]: <togga99> en hvar er du
[22:24:54] [Server thread/INFO]: <togga99> oh þarna
[22:24:56] [Server thread/INFO]: <A11y_UwU> inni husinu
[22:25:18] [Server thread/INFO]: <A11y_UwU> villtu sofa í kogju með mér??
[22:25:24] [Server thread/INFO]: <togga99> nei
[22:25:37] [Server thread/INFO]: <A11y_UwU> :'<
[22:25:58] [Server thread/INFO]: <togga99> eg held eg verði bara her
[22:26:16] [Server thread/INFO]: <A11y_UwU> ne
[22:26:28] [Server thread/INFO]: <A11y_UwU> koddu í bæjin
[22:26:32] [Server thread/INFO]: togga99 has made the advancement [Monster Hunter]
[22:26:39] [Server thread/INFO]: <togga99> hvar er hnn
[22:26:46] [Server thread/INFO]: <A11y_UwU> nokkrir eru saman í bæ og ég er frekar nálægt
[22:26:51] [Server thread/INFO]: <A11y_UwU> eltu mig
[22:27:23] [Server thread/INFO]: <togga99> tínd
[22:27:27] [Server thread/INFO]: <A11y_UwU> yeb...
[22:27:37] [Server thread/INFO]: <togga99> hvert forstu
[22:27:49] [Server thread/INFO]: <A11y_UwU> ofaná tré
[22:30:57] [Server thread/INFO]: <A11y_UwU> næstum komun
[22:32:30] [Server thread/INFO]: <togga99> KREISI
[22:32:53] [Server thread/INFO]: <A11y_UwU> hérna er uppáhaldið þitt
[22:33:08] [Server thread/INFO]: <togga99> i aint never seen 2 pretty best friends its always one of em gotta beugly
[22:33:17] [Server thread/INFO]: <A11y_UwU> jamms
[22:33:24] [Server thread/INFO]: <A11y_UwU> enda er ég uglí
[22:35:15] [Server thread/INFO]: <togga99> hvað er þetta
[22:35:29] [Server thread/INFO]: <A11y_UwU> sérðu tréð?
[22:35:35] [Server thread/INFO]: <togga99> yuh
[22:35:41] [Server thread/INFO]: <A11y_UwU> omg er stoltur
[22:35:47] [Server thread/INFO]: <togga99> afh
[22:36:04] [Server thread/INFO]: <A11y_UwU> þetta er mod sem bætir við nokkrum blocks.. þetta er nýtt wood type
[22:36:14] [Server thread/INFO]: <togga99> oh+
[22:36:17] [Server thread/INFO]: <A11y_UwU> því þá instalaðiru modunum rétt
[22:36:17] [Server thread/INFO]: <togga99> afhhhh
[22:36:30] [Server thread/INFO]: <A11y_UwU> því það er gaman
[22:36:35] [Server thread/INFO]: <togga99> oh nei örg ekki eg se ekki helminginn af öllu
[22:36:54] [Server thread/INFO]: <A11y_UwU> oh...
[22:37:08] [Server thread/INFO]: <A11y_UwU> er ég í armori?
[22:37:14] [Server thread/INFO]: <A11y_UwU> fyrir utan hjálm
[22:37:16] [Server thread/INFO]: <togga99> yuh
[22:37:21] [Server thread/INFO]: <togga99> ekki lengur
[22:37:29] [Server thread/INFO]: <togga99> haaaaahahahhahahha
[22:37:29] [Server thread/INFO]: <A11y_UwU> oh...
[22:37:35] [Server thread/INFO]: <togga99> eg se fljugandi voffa
[22:37:49] [Server thread/INFO]: <togga99> ups
[22:38:15] [Server thread/INFO]: <A11y_UwU> uh... já nanast allt hérna er gert úr redwood
[22:38:30] [Server thread/INFO]: <togga99> yeg er föst
[22:38:38] [Server thread/INFO]: <togga99> serðu það
[22:39:10] [Server thread/INFO]: <A11y_UwU> ja.. það er af því að þú ert að standa á kubb sem leikurinn þinn veit ekkert hvað er
[22:39:21] [Server thread/INFO]: <togga99> oh sniðugt
[22:39:27] [Server thread/INFO]: <togga99> disco hja mer
[22:39:56] [Server thread/INFO]: <A11y_UwU> drulla
[22:40:08] [Server thread/INFO]: <togga99> eg bara skoppa
[22:40:18] [Server thread/INFO]: <togga99> oh ups
[22:40:31] [Server thread/INFO]: <togga99> eg tok drulluna þina
[22:40:43] [Server thread/INFO]: <A11y_UwU> gaf þér hana
[22:41:29] [Server thread/INFO]: <togga99> eg fann stuff
[22:41:34] [Server thread/INFO]: <togga99> varstu að deyja
[22:41:39] [Server thread/INFO]: <A11y_UwU> ekki stela <3
[22:41:42] [Server thread/INFO]: <A11y_UwU> ni
[22:41:50] [Server thread/INFO]: <togga99> nei .að var á jörðinni
[22:42:03] [Server thread/INFO]: <togga99> hvert á eg að setja það
[22:42:04] [Server thread/INFO]: <A11y_UwU> oh já
[22:42:10] [Server thread/INFO]: <A11y_UwU> henti því
[22:42:10] [Server thread/INFO]: <togga99> aftur á jörðina?
[22:42:28] [Server thread/INFO]: <A11y_UwU> nenti ekki á næstu rislatunnu
[22:42:44] [Server thread/INFO]: <togga99> eg skal eiga bátinn
[22:42:49] [Server thread/INFO]: <A11y_UwU> cul
[22:43:06] [Server thread/WARN]: Boat (vehicle of togga99) moved wrongly! 0.47738662089739103
[22:43:06] [Server thread/WARN]: Boat (vehicle of togga99) moved wrongly! 0.4546563925322289
[22:43:11] [Server thread/INFO]: <togga99> oh nohj
[22:43:14] [Server thread/INFO]: togga99 was poked to death by a sweet berry bush
[22:43:22] [Server thread/INFO]: <A11y_UwU> god damn it..
[22:43:35] [Server thread/INFO]: <togga99> er báturinn í lagi?
[22:43:49] [Server thread/INFO]: <A11y_UwU> skulum nota nether portal til að komast til baka
[22:43:50] [Server thread/INFO]: <A11y_UwU> já
[22:43:56] [Server thread/INFO]: <A11y_UwU> er með hann
[22:43:58] [Server thread/INFO]: <togga99> ok biddu skal finna hann
[22:44:10] [Server thread/INFO]: <togga99> ætæa að reyna að downloada moddinu aftur
[22:44:15] [Server thread/INFO]: togga99 lost connection: Disconnected
[22:44:15] [Server thread/INFO]: togga99 left the game
[22:44:18] [Server thread/INFO]: A11y_UwU lost connection: Disconnected
[22:44:18] [Server thread/INFO]: A11y_UwU left the game
[22:50:58] [User Authenticator #3/INFO]: UUID of player A11y_UwU is cdf70681-d8c8-4cdb-9b1a-97a236ce8b1a
[22:50:58] [Server thread/INFO]: A11y_UwU[/127.0.0.1:53179] logged in with entity id 13780 at (-27.513081089611866, 77.0, 127.6575673487531)
[22:50:59] [Server thread/INFO]: A11y_UwU joined the game
[22:50:59] [Netty Server IO #5/INFO]: Player A11y_UwU joined with a matching carpet client
[22:52:18] [Server thread/INFO]: A11y_UwU lost connection: Disconnected
[22:52:18] [Server thread/INFO]: A11y_UwU left the game
[23:03:35] [User Authenticator #4/INFO]: UUID of player A11y_UwU is cdf70681-d8c8-4cdb-9b1a-97a236ce8b1a
[23:03:35] [Server thread/INFO]: A11y_UwU[/127.0.0.1:53950] logged in with entity id 14152 at (4.146023538915144, 76.9962968405392, 145.22523181164357)
[23:03:35] [Server thread/INFO]: A11y_UwU joined the game
[23:03:35] [Netty Server IO #2/INFO]: Player A11y_UwU joined with a matching carpet client
[23:14:50] [Server thread/WARN]: Fetching packet for removed entity class_1542['Air'/16410, l='ServerLevel[world]', x=-461.26, y=76.00, z=288.17]
[23:21:35] [Server thread/INFO]: A11y_UwU lost connection: Disconnected
[23:21:35] [Server thread/INFO]: A11y_UwU left the game
[23:21:37] [User Authenticator #5/INFO]: UUID of player A11y_UwU is cdf70681-d8c8-4cdb-9b1a-97a236ce8b1a
[23:21:37] [Server thread/INFO]: A11y_UwU[/127.0.0.1:55023] logged in with entity id 17521 at (-473.08800069189687, 71.0, 353.93300076104344)
[23:21:37] [Server thread/INFO]: A11y_UwU joined the game
[23:21:37] [Netty Server IO #5/INFO]: Player A11y_UwU joined with a matching carpet client
[23:21:50] [Server thread/INFO]: Steve[local] logged in with entity id 17794 at (-471.9782247771574, 72.0, 353.51587013717347)
[23:21:50] [Server thread/INFO]: Steve joined the game
[23:22:49] [Server thread/WARN]: Fetching packet for removed entity class_1542['Air'/17957, l='ServerLevel[world]', x=-460.83, y=76.00, z=286.83]
[23:22:49] [Server thread/WARN]: Fetching packet for removed entity class_1542['Air'/17957, l='ServerLevel[world]', x=-460.83, y=76.00, z=286.83]
[23:25:44] [Server thread/INFO]: Iron[local] logged in with entity id 18433 at (-457.9634800906013, 74.0, 300.30000001192093)
[23:25:44] [Server thread/INFO]: Iron joined the game
[23:26:03] [Server thread/INFO]: skello[local] logged in with entity id 18495 at (-445.97512289267274, 78.0, 274.391969743985)
[23:26:03] [Server thread/INFO]: skello joined the game
[23:27:12] [Server thread/INFO]: Iron was slain by A11y_UwU
[23:27:12] [Server thread/INFO]: Iron lost connection: Killed
[23:27:12] [Server thread/INFO]: Iron left the game
[23:27:21] [Server thread/INFO]: skello was slain by A11y_UwU
[23:27:21] [Server thread/INFO]: skello lost connection: Killed
[23:27:21] [Server thread/INFO]: skello left the game
[23:27:59] [Server thread/WARN]: Fetching packet for removed entity class_1542['Air'/18787, l='ServerLevel[world]', x=-462.17, y=76.00, z=287.81]
[23:27:59] [Server thread/WARN]: Fetching packet for removed entity class_1542['Air'/18787, l='ServerLevel[world]', x=-462.17, y=76.00, z=287.81]
[23:28:39] [Server thread/INFO]: A11y_UwU lost connection: Disconnected
[23:28:39] [Server thread/INFO]: A11y_UwU left the game
[23:36:20] [User Authenticator #6/INFO]: UUID of player A11y_UwU is cdf70681-d8c8-4cdb-9b1a-97a236ce8b1a
[23:36:20] [Server thread/INFO]: A11y_UwU[/127.0.0.1:55900] logged in with entity id 19715 at (-443.91716006270786, 74.9375, 318.6507777654427)
[23:36:20] [Server thread/INFO]: A11y_UwU joined the game
[23:36:22] [Netty Server IO #2/INFO]: Player A11y_UwU joined with a matching carpet client
[23:45:08] [Server thread/WARN]: Fetching packet for removed entity class_1542['Air'/21268, l='ServerLevel[world]', x=-461.77, y=76.00, z=287.77]
[23:45:08] [Server thread/WARN]: Fetching packet for removed entity class_1542['Air'/21268, l='ServerLevel[world]', x=-461.77, y=76.00, z=287.77]
