[01:17:24] [main/INFO]: Loading for game Minecraft 1.16.4
[01:17:24] [main/INFO]: [FabricLoader] Loading 42 mods: fabric-screen-handler-api-v1@1.1.0+8724984195, minecraft@1.16.4, fabric-renderer-api-v1@0.3.3+a4467d2a95, fabric-networking-blockentity-v0@0.2.5+b50ffc7b95, fabric-keybindings-v0@0.2.0+3fa9f7c595, fabric-command-api-v1@1.0.9+a4467d2a95, fabricloader@0.10.6+build.214, fabric-tool-attribute-api-v1@1.2.4+2b46237995, fabric-structure-api-v1@1.1.0+f8ac1db295, fabric-renderer-indigo@0.4.3+a4467d2a95, fabric-containers-v0@0.1.8+045df74f95, fabric-object-builder-api-v1@1.9.2+a89534ab95, fabric-crash-report-info-v1@0.1.2+b7f9825d95, fabric-events-interaction-v0@0.4.1+f8ac1db295, fabric-item-api-v1@1.2.0+f8ac1db295, fabric-game-rule-api-v1@1.0.3+a4467d2a95, fabric-api-base@0.2.0+9f0fb4b895, fabric-rendering-v0@1.1.1+f8ac1db295, fabric-rendering-v1@1.3.1+f8ac1db295, fabric-key-binding-api-v1@1.0.1+730711c695, fabric-rendering-data-attachment-v1@0.1.4+f8ac1db295, fabric-resource-loader-v0@0.3.1+facf3bbf95, fabric-textures-v0@1.0.5+a4467d2a95, fabric-content-registries-v0@0.1.9+059ea86695, fabric-tag-extensions-v0@1.0.3+ac8e8c5995, fabric-biome-api-v1@3.0.0+8367596d95, fabric-rendering-fluids-v1@0.1.12+f8ac1db295, fabric-commands-v0@0.2.0+52d3083695, fabric-registry-sync-v0@0.6.1+a4467d2a95, fabric-blockrenderlayer-v1@1.1.4+c6a8ea8995, fabric-lifecycle-events-v1@1.2.0+74cc3b2095, fabric-mining-levels-v0@0.1.2+b764ce9995, fabric-renderer-registries-v1@2.2.0+f8ac1db295, fabric-events-lifecycle-v0@0.2.0+16acbe5b95, fabric-loot-tables-v1@1.0.1+432ea18895, fabric@0.25.0+build.415-1.16, carpet@1.4.12, fabric-particles-v1@0.2.2+fb0d9b0e95, fabric-models-v0@0.1.1+f8ac1db295, fabric-item-groups-v0@0.2.1+a4467d2a95, fabric-object-builders-v0@0.7.1+a4467d2a95, fabric-networking-v0@0.1.10+e00ecb5f95
[01:17:25] [main/INFO]: SpongePowered MIXIN Subsystem Version=0.8.2 Source=file:/C:/Users/bjartur2004/gits/Raudrofur/server%20-1.16.4%20carpetmod/fabric-server-launch.jar Service=Knot/Fabric Env=SERVER
[01:17:33] [main/INFO]: Environment: authHost='https://authserver.mojang.com', accountsHost='https://api.mojang.com', sessionHost='https://sessionserver.mojang.com', servicesHost='https://api.minecraftservices.com', name='PROD'
[01:17:33] [main/FATAL]: Failed to start the minecraft server
java.io.IOException: The process cannot access the file because another process has locked a portion of the file
	at sun.nio.ch.FileDispatcherImpl.write0(Native Method) ~[?:1.8.0_271]
	at sun.nio.ch.FileDispatcherImpl.write(Unknown Source) ~[?:1.8.0_271]
	at sun.nio.ch.IOUtil.writeFromNativeBuffer(Unknown Source) ~[?:1.8.0_271]
	at sun.nio.ch.IOUtil.write(Unknown Source) ~[?:1.8.0_271]
	at sun.nio.ch.FileChannelImpl.write(Unknown Source) ~[?:1.8.0_271]
	at net.minecraft.class_5125.method_26803(class_5125.java:40) ~[intermediary-server.jar:?]
	at net.minecraft.class_32$class_5143.<init>(class_32.java:287) ~[intermediary-server.jar:?]
	at net.minecraft.class_32.method_27002(class_32.java:275) ~[intermediary-server.jar:?]
	at net.minecraft.server.Main.main(Main.java:118) [intermediary-server.jar:?]
	at sun.reflect.NativeMethodAccessorImpl.invoke0(Native Method) ~[?:1.8.0_271]
	at sun.reflect.NativeMethodAccessorImpl.invoke(Unknown Source) ~[?:1.8.0_271]
	at sun.reflect.DelegatingMethodAccessorImpl.invoke(Unknown Source) ~[?:1.8.0_271]
	at java.lang.reflect.Method.invoke(Unknown Source) ~[?:1.8.0_271]
	at net.fabricmc.loader.game.MinecraftGameProvider.launch(MinecraftGameProvider.java:224) [fabric-server-launch.jar:?]
	at net.fabricmc.loader.launch.knot.Knot.init(Knot.java:141) [fabric-server-launch.jar:?]
	at net.fabricmc.loader.launch.knot.KnotServer.main(KnotServer.java:27) [fabric-server-launch.jar:?]
	at sun.reflect.NativeMethodAccessorImpl.invoke0(Native Method) ~[?:1.8.0_271]
	at sun.reflect.NativeMethodAccessorImpl.invoke(Unknown Source) ~[?:1.8.0_271]
	at sun.reflect.DelegatingMethodAccessorImpl.invoke(Unknown Source) ~[?:1.8.0_271]
	at java.lang.reflect.Method.invoke(Unknown Source) ~[?:1.8.0_271]
	at net.fabricmc.loader.launch.server.FabricServerLauncher.launch(FabricServerLauncher.java:62) [fabric-server-launch.jar:?]
	at net.fabricmc.loader.launch.server.FabricServerLauncher.setup(FabricServerLauncher.java:106) [fabric-server-launch.jar:?]
	at net.fabricmc.loader.launch.server.FabricServerLauncher.main(FabricServerLauncher.java:50) [fabric-server-launch.jar:?]
