[21:48:37] [main/INFO]: Loading for game Minecraft 1.16.4
[21:48:37] [ForkJoinPool-1-worker-2/WARN]: The mod "autoconfig1u" contains invalid entries in its mod json:
- Unsupported root entry "$schema" at line 2 column 14
[21:48:37] [main/INFO]: [FabricLoader] Loading 48 mods: fabric-renderer-api-v1@0.3.3+a4467d2a95, minecraft@1.16.4, fabric-screen-handler-api-v1@1.1.0+8724984195, fabric-networking-blockentity-v0@0.2.5+b50ffc7b95, fabric-keybindings-v0@0.2.0+3fa9f7c595, cloth-basic-math@0.5.1, fabric-command-api-v1@1.0.9+a4467d2a95, fabricloader@0.10.6+build.214, fabric-tool-attribute-api-v1@1.2.4+2b46237995, fabric-structure-api-v1@1.1.0+f8ac1db295, fabric-renderer-indigo@0.4.3+a4467d2a95, fabric-containers-v0@0.1.8+045df74f95, fabric-object-builder-api-v1@1.9.2+a89534ab95, fabric-crash-report-info-v1@0.1.2+b7f9825d95, fabric-events-interaction-v0@0.4.1+f8ac1db295, fabric-item-api-v1@1.2.0+f8ac1db295, fabric-game-rule-api-v1@1.0.3+a4467d2a95, fabric-api-base@0.2.0+9f0fb4b895, fabric-rendering-v0@1.1.1+f8ac1db295, fabric-rendering-v1@1.3.1+f8ac1db295, fabric-key-binding-api-v1@1.0.1+730711c695, cloth-config2@4.8.1, fabric-rendering-data-attachment-v1@0.1.4+f8ac1db295, autoconfig1u@3.2.2, fabric-resource-loader-v0@0.3.1+facf3bbf95, cloth-dynamic-registry-api-v1@1.4.8, fabric-textures-v0@1.0.5+a4467d2a95, fabric-content-registries-v0@0.1.9+059ea86695, fabric-tag-extensions-v0@1.0.3+ac8e8c5995, fabric-rendering-fluids-v1@0.1.12+f8ac1db295, fabric-biome-api-v1@3.0.0+8367596d95, fabric-commands-v0@0.2.0+52d3083695, fabric-registry-sync-v0@0.6.1+a4467d2a95, fabric-blockrenderlayer-v1@1.1.4+c6a8ea8995, fabric-lifecycle-events-v1@1.2.0+74cc3b2095, vanillaenhanced@1.3.0, fabric-mining-levels-v0@0.1.2+b764ce9995, fabric-renderer-registries-v1@2.2.0+f8ac1db295, carpet-extra@1.4.14, fabric-loot-tables-v1@1.0.1+432ea18895, fabric-events-lifecycle-v0@0.2.0+16acbe5b95, fabric@0.25.0+build.415-1.16, carpet@1.4.12, fabric-particles-v1@0.2.2+fb0d9b0e95, fabric-models-v0@0.1.1+f8ac1db295, fabric-item-groups-v0@0.2.1+a4467d2a95, fabric-networking-v0@0.1.10+e00ecb5f95, fabric-object-builders-v0@0.7.1+a4467d2a95
[21:48:37] [main/INFO]: SpongePowered MIXIN Subsystem Version=0.8.2 Source=file:/C:/Users/bjartur2004/gits/Raudrofur/server%20-1.16.4%20carpetmod/fabric-server-launch.jar Service=Knot/Fabric Env=SERVER
[21:48:47] [main/INFO]: [VanillaEnhanced] Hello there.
[21:48:48] [main/INFO]: Environment: authHost='https://authserver.mojang.com', accountsHost='https://api.mojang.com', sessionHost='https://sessionserver.mojang.com', servicesHost='https://api.minecraftservices.com', name='PROD'
[21:48:49] [main/WARN]: Ambiguity between arguments [teleport, destination] and [teleport, targets] with inputs: [Player, 0123, @e, dd12be42-52a9-4a91-a8a1-11c01849e498]
[21:48:49] [main/WARN]: Ambiguity between arguments [teleport, location] and [teleport, destination] with inputs: [0.1 -0.5 .9, 0 0 0]
[21:48:49] [main/WARN]: Ambiguity between arguments [teleport, location] and [teleport, targets] with inputs: [0.1 -0.5 .9, 0 0 0]
[21:48:49] [main/WARN]: Ambiguity between arguments [teleport, targets] and [teleport, destination] with inputs: [Player, 0123, dd12be42-52a9-4a91-a8a1-11c01849e498]
[21:48:49] [main/WARN]: Ambiguity between arguments [teleport, targets, location] and [teleport, targets, destination] with inputs: [0.1 -0.5 .9, 0 0 0]
[21:48:49] [main/INFO]: Reloading ResourceManager: Default, Fabric Tool Attribute API (v1), VanillaEnhanced
[21:48:51] [Worker-Main-4/INFO]: Loaded 7 recipes
[21:48:51] [Worker-Main-4/INFO]: Loaded 927 advancements
[21:48:53] [main/INFO]: Applied 0 biome modifications to 0 of 85 new biomes in 1.617 ms
[21:48:53] [Server thread/INFO]: Starting minecraft server version 1.16.4
[21:48:53] [Server thread/INFO]: Loading properties
[21:48:53] [Server thread/INFO]: Default game type: SURVIVAL
[21:48:53] [Server thread/INFO]: Generating keypair
[21:48:54] [Server thread/INFO]: Starting Minecraft server on *:25565
[21:48:54] [Server thread/INFO]: Using default channel type
[21:48:55] [Server thread/INFO]: Preparing level "world"
[21:48:55] [Server thread/INFO]: [CM]: loaded setting huskSpawningInTemples as true from carpet.conf
[21:48:55] [Server thread/INFO]: [CM]: loaded setting renewableCoral as true from carpet.conf
[21:48:55] [Server thread/INFO]: [CM]: loaded setting shulkerSpawningInEndCities as true from carpet.conf
[21:48:55] [Server thread/INFO]: [CM]: loaded setting stackableShulkerBoxes as true from carpet.conf
[21:48:55] [Server thread/INFO]: [CM]: loaded setting onePlayerSleeping as true from carpet.conf
[21:48:55] [Server thread/INFO]: [CM]: loaded setting combineXPOrbs as true from carpet.conf
[21:48:55] [Server thread/INFO]: [CM]: loaded setting dispenserPlacesBlocks as true from carpet.conf
[21:48:55] [Server thread/INFO]: [CM]: loaded setting commandTick as ops from carpet.conf
[21:48:55] [Server thread/INFO]: [CM]: loaded setting fastRedstoneDust as true from carpet.conf
[21:48:55] [Server thread/INFO]: [CM]: loaded setting commandDraw as false from carpet.conf
[21:48:55] [Server thread/INFO]: [CM]: loaded setting rotatorBlock as true from carpet.conf
[21:48:55] [Server thread/INFO]: [CM]: loaded setting renewableBlackstone as true from carpet.conf
[21:48:55] [Server thread/INFO]: [CM]: loaded setting renewableSponges as true from carpet.conf
[21:48:55] [Server thread/INFO]: [CM]: loaded setting portalSurvivalDelay as 1 from carpet.conf
[21:48:55] [Server thread/INFO]: [CM]: loaded setting commandScript as false from carpet.conf
[21:48:55] [Server thread/INFO]: [CM]: loaded setting desertShrubs as true from carpet.conf
[21:48:55] [Server thread/INFO]: [CM]: loaded setting persistentParrots as true from carpet.conf
[21:48:55] [Server thread/INFO]: [CM]: loaded setting hopperCounters as true from carpet.conf
[21:48:55] [Server thread/INFO]: [CM]: loaded setting flippinCactus as true from carpet.conf
[21:48:55] [Server thread/INFO]: [CM]: loaded setting lagFreeSpawning as true from carpet.conf
[21:48:55] [Server thread/INFO]: [CM]: loaded setting maxEntityCollisions as 2 from carpet.conf
[21:48:55] [Server thread/INFO]: [CM]: loaded setting commandSpawn as false from carpet.conf
[21:48:55] [Server thread/INFO]: [CM]: loaded setting movableBlockEntities as true from carpet.conf
[21:48:55] [Server thread/INFO]: Preparing start region for dimension minecraft:overworld
[21:48:56] [Server thread/INFO]: Preparing spawn area: 0%
[21:48:56] [Server thread/INFO]: Preparing spawn area: 0%
[21:48:56] [Server thread/INFO]: Preparing spawn area: 0%
[21:48:57] [Server thread/INFO]: Preparing spawn area: 55%
[21:48:57] [Server thread/INFO]: Time elapsed: 1967 ms
[21:48:57] [Server thread/INFO]: Done (2.304s)! For help, type "help"
[21:48:58] [User Authenticator #1/INFO]: UUID of player SKAF_PathFinder is 9028ab8d-5e35-442a-a961-4e2492618936
[21:48:58] [Server thread/INFO]: SKAF_PathFinder[/85.220.31.107:50967] logged in with entity id 123 at (123.69999998807907, 38.0, 29.30000001192093)
[21:48:58] [Server thread/INFO]: SKAF_PathFinder joined the game
[21:49:51] [User Authenticator #2/INFO]: UUID of player A11y_UwU is cdf70681-d8c8-4cdb-9b1a-97a236ce8b1a
[21:49:51] [Server thread/INFO]: A11y_UwU[/127.0.0.1:55136] logged in with entity id 289 at (-482.76357492585834, 70.0, 302.6081509615686)
[21:49:51] [Server thread/INFO]: A11y_UwU joined the game
[21:49:51] [Netty Server IO #3/INFO]: Player A11y_UwU joined with a matching carpet client
[21:52:22] [Server thread/INFO]: <A11y_UwU> hann er bara farinn
[21:54:00] [Server thread/WARN]: Can't keep up! Is the server overloaded? Running 2689ms or 53 ticks behind
[21:55:59] [Server thread/WARN]: Fetching packet for removed entity class_1542['Air'/2304, l='ServerLevel[world]', x=-461.23, y=76.00, z=287.77]
[22:00:29] [Server thread/WARN]: Can't keep up! Is the server overloaded? Running 2021ms or 40 ticks behind
[22:03:16] [Server thread/INFO]: <SKAF_PathFinder> ;(
[22:03:24] [Server thread/INFO]: <A11y_UwU> ?
[22:03:29] [Server thread/INFO]: <SKAF_PathFinder> He is gone
[22:03:33] [Server thread/INFO]: <A11y_UwU> ye
[22:03:34] [Server thread/INFO]: <SKAF_PathFinder> I just realised
[22:03:57] [Server thread/INFO]: A11y_UwU lost connection: Disconnected
[22:03:57] [Server thread/INFO]: A11y_UwU left the game
[22:04:00] [User Authenticator #3/INFO]: UUID of player A11y_UwU is cdf70681-d8c8-4cdb-9b1a-97a236ce8b1a
[22:04:00] [Server thread/INFO]: A11y_UwU[/127.0.0.1:56105] logged in with entity id 4110 at (-403.30000001192093, 42.0, 632.3000000119209)
[22:04:00] [Server thread/INFO]: A11y_UwU joined the game
[22:04:01] [Netty Server IO #6/INFO]: Player A11y_UwU joined with a matching carpet client
[22:09:46] [User Authenticator #4/INFO]: UUID of player RuKlo is b5f86e02-8cbf-4c87-bc12-cfcce3b3100e
[22:09:46] [Server thread/INFO]: RuKlo[/157.157.141.64:64432] logged in with entity id 5138 at (-329.54519286624816, 45.0, 1101.8720767685488)
[22:09:46] [Server thread/INFO]: RuKlo joined the game
[22:09:51] [Server thread/INFO]: <A11y_UwU> 'eyyy
[22:09:59] [Server thread/INFO]: <RuKlo> hallo :D o/
[22:10:08] [Server thread/INFO]: <A11y_UwU> söknuðum þín
[22:10:08] [Server thread/INFO]: <SKAF_PathFinder> Hello
[22:10:13] [Server thread/INFO]: <RuKlo> haha takk
[22:10:21] [Server thread/INFO]: <RuKlo> ég saknaði líka ykkar
[22:10:39] [Server thread/INFO]: <A11y_UwU> UwU
[22:11:31] [Server thread/INFO]: Steve[local] logged in with entity id 5826 at (-244.24872659678488, 71.0, 662.9194370297597)
[22:11:31] [Server thread/INFO]: Steve joined the game
[22:11:37] [Server thread/INFO]: <SKAF_PathFinder> Bye
[22:11:38] [Server thread/INFO]: SKAF_PathFinder lost connection: Disconnected
[22:11:38] [Server thread/INFO]: SKAF_PathFinder left the game
[22:11:40] [Server thread/INFO]: <A11y_UwU> hæ stebbi
[22:11:51] [Server thread/INFO]: <RuKlo> er steve lika bot?
[22:11:55] [Server thread/INFO]: <A11y_UwU> ye
[22:11:55] [Server thread/INFO]: <RuKlo> ja...
[22:11:56] [Server thread/INFO]: <RuKlo> ja
[22:13:37] [Server thread/INFO]: <A11y_UwU> ættla skella mér í testing world í smá. kem aftur eftir nokkrar mín örugglega
[22:13:43] [Server thread/INFO]: <RuKlo> okay
[22:13:44] [Server thread/INFO]: <RuKlo> :D
[22:13:45] [Server thread/INFO]: A11y_UwU lost connection: Disconnected
[22:13:45] [Server thread/INFO]: A11y_UwU left the game
[22:13:54] [Server thread/WARN]: Can't keep up! Is the server overloaded? Running 2176ms or 43 ticks behind
[22:14:06] [Server thread/WARN]: RuKlo moved too quickly! 2.0729065709986685,3.176759275064242,9.542997617282708
[22:18:19] [Server thread/INFO]: RuKlo tried to swim in lava
[22:18:47] [User Authenticator #5/INFO]: UUID of player A11y_UwU is cdf70681-d8c8-4cdb-9b1a-97a236ce8b1a
[22:18:47] [Server thread/INFO]: A11y_UwU[/127.0.0.1:57045] logged in with entity id 7520 at (-401.30000001192093, 35.0, 639.6999999880791)
[22:18:47] [Server thread/INFO]: A11y_UwU joined the game
[22:18:48] [Netty Server IO #6/INFO]: Player A11y_UwU joined with a matching carpet client
[22:18:52] [Server thread/INFO]: <A11y_UwU> hellu
[22:18:58] [Server thread/INFO]: <RuKlo> hallo :D
[22:22:58] [Server thread/INFO]: RuKlo has made the advancement [Suit Up]
[22:23:06] [Server thread/INFO]: <A11y_UwU> hell yeah
[22:23:09] [Server thread/INFO]: <RuKlo> yeah!!
[22:25:46] [Server thread/INFO]: RuKlo has made the advancement [Isn't It Iron Pick]
[22:25:56] [Server thread/INFO]: <A11y_UwU> swagger
[22:26:01] [Server thread/INFO]: <RuKlo> haha
[22:27:35] [Server thread/WARN]: Can't keep up! Is the server overloaded? Running 2008ms or 40 ticks behind
[22:28:28] [Server thread/INFO]: RuKlo has made the advancement [Diamonds!]
[22:28:33] [Server thread/INFO]: <A11y_UwU> damn
[22:28:33] [Server thread/INFO]: <RuKlo> O_O
[22:28:40] [Server thread/INFO]: <RuKlo> yummu
[22:28:44] [Server thread/INFO]: <RuKlo> y
[22:29:09] [Server thread/WARN]: Can't keep up! Is the server overloaded? Running 2867ms or 57 ticks behind
[22:29:31] [Server thread/WARN]: Can't keep up! Is the server overloaded? Running 2116ms or 42 ticks behind
[22:29:49] [Server thread/WARN]: Can't keep up! Is the server overloaded? Running 2482ms or 49 ticks behind
[22:30:12] [Server thread/INFO]: Iron[local] logged in with entity id 11237 at (-457.6937806272036, 74.0, 300.30000001192093)
[22:30:12] [Server thread/INFO]: Iron joined the game
[22:30:19] [Server thread/INFO]: <RuKlo> járn!!
[22:30:29] [Server thread/INFO]: <A11y_UwU> cuz i totally need more iron lmao
[22:30:37] [Server thread/WARN]: Can't keep up! Is the server overloaded? Running 2007ms or 40 ticks behind
[22:31:07] [Server thread/WARN]: Can't keep up! Is the server overloaded? Running 2009ms or 40 ticks behind
[22:31:29] [Server thread/WARN]: Can't keep up! Is the server overloaded? Running 2017ms or 40 ticks behind
[22:31:49] [Server thread/WARN]: Can't keep up! Is the server overloaded? Running 2003ms or 40 ticks behind
[22:32:06] [Server thread/WARN]: Can't keep up! Is the server overloaded? Running 2168ms or 43 ticks behind
[22:32:23] [Server thread/WARN]: Can't keep up! Is the server overloaded? Running 2519ms or 50 ticks behind
[22:32:41] [Server thread/WARN]: Can't keep up! Is the server overloaded? Running 3169ms or 63 ticks behind
[22:33:02] [Server thread/WARN]: Can't keep up! Is the server overloaded? Running 5538ms or 110 ticks behind
[22:33:20] [Server thread/WARN]: Can't keep up! Is the server overloaded? Running 3159ms or 63 ticks behind
[22:33:38] [Server thread/WARN]: Can't keep up! Is the server overloaded? Running 3521ms or 70 ticks behind
[22:33:56] [Server thread/WARN]: Can't keep up! Is the server overloaded? Running 2531ms or 50 ticks behind
[22:34:14] [Server thread/WARN]: Can't keep up! Is the server overloaded? Running 2885ms or 57 ticks behind
[22:34:32] [Server thread/WARN]: Can't keep up! Is the server overloaded? Running 2922ms or 58 ticks behind
[22:34:50] [Server thread/WARN]: Can't keep up! Is the server overloaded? Running 3296ms or 65 ticks behind
[22:35:11] [Server thread/WARN]: Can't keep up! Is the server overloaded? Running 6137ms or 122 ticks behind
[22:35:28] [Server thread/WARN]: Can't keep up! Is the server overloaded? Running 2272ms or 45 ticks behind
[22:35:46] [Server thread/WARN]: Can't keep up! Is the server overloaded? Running 2464ms or 49 ticks behind
[22:36:04] [Server thread/WARN]: Can't keep up! Is the server overloaded? Running 2001ms or 40 ticks behind
[22:36:25] [Server thread/WARN]: Can't keep up! Is the server overloaded? Running 2006ms or 40 ticks behind
[22:36:43] [Server thread/WARN]: Can't keep up! Is the server overloaded? Running 2003ms or 40 ticks behind
[22:37:03] [Server thread/WARN]: Can't keep up! Is the server overloaded? Running 2001ms or 40 ticks behind
[22:37:28] [Server thread/WARN]: Can't keep up! Is the server overloaded? Running 2002ms or 40 ticks behind
[22:37:53] [Server thread/WARN]: Can't keep up! Is the server overloaded? Running 2003ms or 40 ticks behind
[22:38:11] [Server thread/WARN]: Can't keep up! Is the server overloaded? Running 2807ms or 56 ticks behind
[22:38:33] [Server thread/WARN]: Can't keep up! Is the server overloaded? Running 2002ms or 40 ticks behind
[22:38:59] [Server thread/WARN]: Can't keep up! Is the server overloaded? Running 2001ms or 40 ticks behind
[22:39:22] [Server thread/WARN]: Can't keep up! Is the server overloaded? Running 2018ms or 40 ticks behind
[22:39:53] [Server thread/WARN]: Can't keep up! Is the server overloaded? Running 2004ms or 40 ticks behind
[22:40:12] [Server thread/WARN]: Can't keep up! Is the server overloaded? Running 4118ms or 82 ticks behind
[22:40:34] [Server thread/WARN]: Can't keep up! Is the server overloaded? Running 6149ms or 122 ticks behind
[22:40:52] [Server thread/WARN]: Can't keep up! Is the server overloaded? Running 3696ms or 73 ticks behind
[22:41:15] [Server thread/WARN]: Can't keep up! Is the server overloaded? Running 2003ms or 40 ticks behind
[22:41:33] [Server thread/WARN]: Can't keep up! Is the server overloaded? Running 2011ms or 40 ticks behind
[22:41:51] [Server thread/WARN]: Can't keep up! Is the server overloaded? Running 3167ms or 63 ticks behind
[22:42:11] [Server thread/WARN]: Can't keep up! Is the server overloaded? Running 4301ms or 86 ticks behind
[22:42:30] [Server thread/WARN]: Can't keep up! Is the server overloaded? Running 4417ms or 88 ticks behind
[22:42:49] [Server thread/WARN]: Can't keep up! Is the server overloaded? Running 3795ms or 75 ticks behind
[22:43:09] [Server thread/WARN]: Can't keep up! Is the server overloaded? Running 5597ms or 111 ticks behind
[22:43:29] [Server thread/WARN]: Can't keep up! Is the server overloaded? Running 4480ms or 89 ticks behind
[22:43:48] [Server thread/WARN]: Can't keep up! Is the server overloaded? Running 4376ms or 87 ticks behind
[22:44:08] [Server thread/WARN]: Can't keep up! Is the server overloaded? Running 5088ms or 101 ticks behind
[22:44:28] [Server thread/WARN]: Can't keep up! Is the server overloaded? Running 4410ms or 88 ticks behind
[22:44:49] [Server thread/WARN]: Can't keep up! Is the server overloaded? Running 6650ms or 133 ticks behind
[22:45:02] [Server thread/INFO]: <RuKlo> getur þú farið að sofa?
[22:45:11] [Server thread/WARN]: Can't keep up! Is the server overloaded? Running 6602ms or 132 ticks behind
[22:45:18] [Server thread/INFO]: <A11y_UwU> sorry, er lengst út í buska
[22:45:28] [Server thread/INFO]: <RuKlo> aright takk samt
[22:45:32] [Server thread/WARN]: Can't keep up! Is the server overloaded? Running 6492ms or 129 ticks behind
[22:45:55] [Server thread/WARN]: Can't keep up! Is the server overloaded? Running 7321ms or 146 ticks behind
[22:46:16] [Server thread/WARN]: Can't keep up! Is the server overloaded? Running 6042ms or 120 ticks behind
[22:46:36] [Server thread/WARN]: Can't keep up! Is the server overloaded? Running 5456ms or 109 ticks behind
[22:46:55] [Server thread/WARN]: Can't keep up! Is the server overloaded? Running 3924ms or 78 ticks behind
[22:47:14] [Server thread/WARN]: A11y_UwU moved too quickly! -9.95726867454232,-1.0,-0.8798851006888526
[22:47:14] [Server thread/WARN]: RuKlo moved too quickly! 4.39138988589724,3.1661092609382138,-8.500063679162395
[22:47:21] [Server thread/WARN]: Can't keep up! Is the server overloaded? Running 11031ms or 220 ticks behind
[22:47:44] [Server thread/WARN]: Can't keep up! Is the server overloaded? Running 8063ms or 161 ticks behind
[22:48:04] [Server thread/WARN]: Can't keep up! Is the server overloaded? Running 5262ms or 105 ticks behind
[22:48:26] [Server thread/WARN]: Can't keep up! Is the server overloaded? Running 6692ms or 133 ticks behind
[22:48:46] [Server thread/WARN]: Can't keep up! Is the server overloaded? Running 4761ms or 95 ticks behind
[22:49:05] [Server thread/WARN]: Can't keep up! Is the server overloaded? Running 4940ms or 98 ticks behind
[22:49:25] [Server thread/WARN]: Can't keep up! Is the server overloaded? Running 4319ms or 86 ticks behind
[22:49:44] [Server thread/WARN]: Can't keep up! Is the server overloaded? Running 4697ms or 93 ticks behind
[22:50:03] [Server thread/WARN]: Fetching packet for removed entity class_1542['Air'/18955, l='ServerLevel[world]', x=-460.83, y=76.00, z=287.68]
[22:50:06] [Server thread/WARN]: Can't keep up! Is the server overloaded? Running 6283ms or 125 ticks behind
[22:50:27] [Server thread/WARN]: Can't keep up! Is the server overloaded? Running 5928ms or 118 ticks behind
[22:50:46] [Server thread/WARN]: Can't keep up! Is the server overloaded? Running 4257ms or 85 ticks behind
[22:51:05] [Server thread/WARN]: Can't keep up! Is the server overloaded? Running 3754ms or 75 ticks behind
[22:51:24] [Server thread/WARN]: Can't keep up! Is the server overloaded? Running 4491ms or 89 ticks behind
[22:51:43] [Server thread/WARN]: Can't keep up! Is the server overloaded? Running 4063ms or 81 ticks behind
[22:52:03] [Server thread/WARN]: Can't keep up! Is the server overloaded? Running 4824ms or 96 ticks behind
[22:52:22] [Server thread/WARN]: Can't keep up! Is the server overloaded? Running 4058ms or 81 ticks behind
[22:52:42] [Server thread/WARN]: Can't keep up! Is the server overloaded? Running 4924ms or 98 ticks behind
[22:53:01] [Server thread/WARN]: Can't keep up! Is the server overloaded? Running 4409ms or 88 ticks behind
[22:53:21] [Server thread/WARN]: Can't keep up! Is the server overloaded? Running 5105ms or 102 ticks behind
[22:53:41] [Server thread/WARN]: Can't keep up! Is the server overloaded? Running 4906ms or 98 ticks behind
[22:54:01] [Server thread/WARN]: RuKlo moved too quickly! -9.374252585423392,-0.2564708892573009,-4.166476392471623
[22:54:07] [Server thread/WARN]: Can't keep up! Is the server overloaded? Running 11215ms or 224 ticks behind
[22:54:27] [Server thread/WARN]: Can't keep up! Is the server overloaded? Running 4795ms or 95 ticks behind
[22:54:47] [Server thread/WARN]: Can't keep up! Is the server overloaded? Running 5043ms or 100 ticks behind
[22:55:07] [Server thread/WARN]: Can't keep up! Is the server overloaded? Running 4630ms or 92 ticks behind
[22:55:25] [Server thread/WARN]: Can't keep up! Is the server overloaded? Running 3577ms or 71 ticks behind
[22:55:44] [Server thread/WARN]: Can't keep up! Is the server overloaded? Running 3928ms or 78 ticks behind
[22:56:03] [Server thread/WARN]: Can't keep up! Is the server overloaded? Running 3688ms or 73 ticks behind
[22:56:22] [Server thread/WARN]: Can't keep up! Is the server overloaded? Running 3919ms or 78 ticks behind
[22:56:40] [Server thread/WARN]: Can't keep up! Is the server overloaded? Running 3286ms or 65 ticks behind
[22:57:00] [Server thread/WARN]: Can't keep up! Is the server overloaded? Running 4595ms or 91 ticks behind
[22:57:19] [Server thread/WARN]: Can't keep up! Is the server overloaded? Running 4193ms or 83 ticks behind
[22:57:38] [Server thread/WARN]: Can't keep up! Is the server overloaded? Running 4240ms or 84 ticks behind
[22:57:55] [Server thread/INFO]: RuKlo has made the advancement [Best Friends Forever]
[22:57:56] [Server thread/WARN]: Can't keep up! Is the server overloaded? Running 3159ms or 63 ticks behind
[22:58:00] [Server thread/INFO]: <A11y_UwU> aww
[22:58:08] [Server thread/INFO]: <RuKlo> yeee
[22:58:15] [Server thread/WARN]: Can't keep up! Is the server overloaded? Running 3588ms or 71 ticks behind
[22:58:33] [Server thread/WARN]: Can't keep up! Is the server overloaded? Running 3590ms or 71 ticks behind
[22:58:51] [Server thread/WARN]: Can't keep up! Is the server overloaded? Running 2379ms or 47 ticks behind
[22:59:30] [Server thread/INFO]: <A11y_UwU> ég átti páfagauk.. en hann datt á magma :(
[22:59:37] [Server thread/INFO]: <RuKlo> ;-;
[22:59:44] [Server thread/INFO]: <A11y_UwU> rip :'(
[22:59:47] [Server thread/WARN]: Can't keep up! Is the server overloaded? Running 2003ms or 40 ticks behind
[22:59:48] [Server thread/INFO]: <RuKlo> rip!
[23:00:05] [Server thread/WARN]: Can't keep up! Is the server overloaded? Running 2598ms or 51 ticks behind
[23:00:28] [Server thread/WARN]: Can't keep up! Is the server overloaded? Running 8037ms or 160 ticks behind
[23:00:46] [Server thread/WARN]: Can't keep up! Is the server overloaded? Running 3458ms or 69 ticks behind
[23:01:04] [Server thread/WARN]: Can't keep up! Is the server overloaded? Running 2981ms or 59 ticks behind
[23:01:21] [Server thread/WARN]: Can't keep up! Is the server overloaded? Running 2228ms or 44 ticks behind
[23:01:39] [Server thread/WARN]: Can't keep up! Is the server overloaded? Running 2408ms or 48 ticks behind
[23:01:58] [Server thread/WARN]: Can't keep up! Is the server overloaded? Running 2023ms or 40 ticks behind
[23:02:16] [Server thread/WARN]: Can't keep up! Is the server overloaded? Running 2706ms or 54 ticks behind
[23:02:33] [Server thread/WARN]: Can't keep up! Is the server overloaded? Running 2571ms or 51 ticks behind
[23:02:50] [Server thread/WARN]: Can't keep up! Is the server overloaded? Running 2001ms or 40 ticks behind
[23:03:09] [Server thread/WARN]: Can't keep up! Is the server overloaded? Running 3921ms or 78 ticks behind
[23:03:28] [Server thread/WARN]: Can't keep up! Is the server overloaded? Running 3501ms or 70 ticks behind
[23:03:46] [Server thread/WARN]: Can't keep up! Is the server overloaded? Running 3069ms or 61 ticks behind
[23:04:04] [Server thread/WARN]: Can't keep up! Is the server overloaded? Running 3062ms or 61 ticks behind
[23:04:22] [Server thread/WARN]: Can't keep up! Is the server overloaded? Running 3648ms or 72 ticks behind
[23:04:41] [Server thread/WARN]: Can't keep up! Is the server overloaded? Running 3370ms or 67 ticks behind
[23:04:59] [Server thread/WARN]: Can't keep up! Is the server overloaded? Running 3737ms or 74 ticks behind
[23:05:17] [Server thread/WARN]: Can't keep up! Is the server overloaded? Running 2817ms or 56 ticks behind
[23:05:36] [Server thread/WARN]: Can't keep up! Is the server overloaded? Running 3351ms or 67 ticks behind
[23:05:54] [Server thread/WARN]: Can't keep up! Is the server overloaded? Running 3064ms or 61 ticks behind
[23:06:16] [Server thread/WARN]: RuKlo moved too quickly! -3.4428153976089106,3.835226718173928,8.857416180925043
[23:06:18] [Server thread/WARN]: Can't keep up! Is the server overloaded? Running 9710ms or 194 ticks behind
[23:06:36] [Server thread/WARN]: Can't keep up! Is the server overloaded? Running 3074ms or 61 ticks behind
[23:06:54] [Server thread/WARN]: Can't keep up! Is the server overloaded? Running 2435ms or 48 ticks behind
[23:07:15] [Server thread/WARN]: Can't keep up! Is the server overloaded? Running 5874ms or 117 ticks behind
[23:07:34] [Server thread/WARN]: Can't keep up! Is the server overloaded? Running 4869ms or 97 ticks behind
[23:07:58] [Server thread/WARN]: Can't keep up! Is the server overloaded? Running 8832ms or 176 ticks behind
[23:08:25] [Server thread/WARN]: Can't keep up! Is the server overloaded? Running 12241ms or 244 ticks behind
[23:08:48] [Server thread/WARN]: Can't keep up! Is the server overloaded? Running 7768ms or 155 ticks behind
[23:09:14] [Server thread/WARN]: Can't keep up! Is the server overloaded? Running 10722ms or 214 ticks behind
[23:09:35] [Server thread/WARN]: Can't keep up! Is the server overloaded? Running 6117ms or 122 ticks behind
[23:10:01] [Server thread/WARN]: Can't keep up! Is the server overloaded? Running 11378ms or 227 ticks behind
[23:10:25] [Server thread/WARN]: Can't keep up! Is the server overloaded? Running 8380ms or 167 ticks behind
[23:10:48] [Server thread/WARN]: Can't keep up! Is the server overloaded? Running 8453ms or 169 ticks behind
[23:11:08] [Server thread/WARN]: Can't keep up! Is the server overloaded? Running 4687ms or 93 ticks behind
[23:11:27] [Server thread/WARN]: Can't keep up! Is the server overloaded? Running 3914ms or 78 ticks behind
[23:11:45] [Server thread/WARN]: Can't keep up! Is the server overloaded? Running 3061ms or 61 ticks behind
[23:12:03] [Server thread/WARN]: Can't keep up! Is the server overloaded? Running 3302ms or 66 ticks behind
[23:12:21] [Server thread/WARN]: Can't keep up! Is the server overloaded? Running 2462ms or 49 ticks behind
[23:12:39] [Server thread/WARN]: Can't keep up! Is the server overloaded? Running 3222ms or 64 ticks behind
[23:12:57] [Server thread/WARN]: Can't keep up! Is the server overloaded? Running 2936ms or 58 ticks behind
[23:13:17] [Server thread/WARN]: RuKlo moved too quickly! 9.579660299496027,1.9290012300500479,2.415526715246415
[23:13:19] [Server thread/WARN]: Can't keep up! Is the server overloaded? Running 7649ms or 152 ticks behind
[23:13:40] [Server thread/WARN]: Can't keep up! Is the server overloaded? Running 5651ms or 113 ticks behind
[23:13:59] [Server thread/WARN]: Can't keep up! Is the server overloaded? Running 3796ms or 75 ticks behind
[23:14:17] [Server thread/WARN]: Can't keep up! Is the server overloaded? Running 3884ms or 77 ticks behind
[23:14:35] [Server thread/WARN]: Can't keep up! Is the server overloaded? Running 2917ms or 58 ticks behind
[23:14:53] [Server thread/WARN]: Can't keep up! Is the server overloaded? Running 2192ms or 43 ticks behind
[23:15:10] [Server thread/WARN]: Can't keep up! Is the server overloaded? Running 2597ms or 51 ticks behind
[23:15:28] [Server thread/WARN]: Can't keep up! Is the server overloaded? Running 3071ms or 61 ticks behind
[23:15:47] [Server thread/WARN]: Can't keep up! Is the server overloaded? Running 4018ms or 80 ticks behind
[23:16:05] [Server thread/WARN]: Can't keep up! Is the server overloaded? Running 3123ms or 62 ticks behind
[23:16:23] [Server thread/WARN]: Can't keep up! Is the server overloaded? Running 3112ms or 62 ticks behind
[23:16:41] [Server thread/WARN]: Can't keep up! Is the server overloaded? Running 2875ms or 57 ticks behind
[23:16:49] [Server thread/INFO]: RuKlo fell from a high place
[23:16:58] [Server thread/INFO]: <A11y_UwU> sad :/
[23:17:00] [Server thread/WARN]: Can't keep up! Is the server overloaded? Running 3389ms or 67 ticks behind
[23:17:07] [Server thread/INFO]: <RuKlo> reyndi ekki að gera mlg........
[23:17:17] [Server thread/WARN]: Can't keep up! Is the server overloaded? Running 2973ms or 59 ticks behind
[23:17:32] [Server thread/INFO]: <A11y_UwU> uuf
[23:17:37] [Server thread/INFO]: <RuKlo> hahah
[23:17:41] [Server thread/WARN]: Can't keep up! Is the server overloaded? Running 2031ms or 40 ticks behind
[23:17:59] [Server thread/WARN]: Can't keep up! Is the server overloaded? Running 3406ms or 68 ticks behind
[23:18:17] [Server thread/WARN]: Can't keep up! Is the server overloaded? Running 2385ms or 47 ticks behind
[23:18:35] [Server thread/WARN]: Can't keep up! Is the server overloaded? Running 3386ms or 67 ticks behind
[23:18:53] [Server thread/WARN]: Can't keep up! Is the server overloaded? Running 3113ms or 62 ticks behind
[23:19:11] [Server thread/WARN]: Can't keep up! Is the server overloaded? Running 2573ms or 51 ticks behind
[23:19:23] [Server thread/WARN]: RuKlo moved too quickly! -4.395500838591033,-2.0,8.990785739326839
[23:19:32] [Server thread/WARN]: Can't keep up! Is the server overloaded? Running 6366ms or 127 ticks behind
[23:19:49] [Server thread/WARN]: Can't keep up! Is the server overloaded? Running 2383ms or 47 ticks behind
[23:20:02] [Server thread/INFO]: RuKlo has made the advancement [Ice Bucket Challenge]
[23:20:06] [Server thread/WARN]: Can't keep up! Is the server overloaded? Running 2032ms or 40 ticks behind
[23:20:25] [Server thread/WARN]: Can't keep up! Is the server overloaded? Running 2004ms or 40 ticks behind
[23:20:44] [Server thread/WARN]: Can't keep up! Is the server overloaded? Running 2006ms or 40 ticks behind
[23:21:02] [Server thread/WARN]: Can't keep up! Is the server overloaded? Running 2330ms or 46 ticks behind
[23:21:22] [Server thread/WARN]: Can't keep up! Is the server overloaded? Running 2010ms or 40 ticks behind
[23:21:40] [Server thread/WARN]: Can't keep up! Is the server overloaded? Running 2221ms or 44 ticks behind
[23:22:00] [Server thread/WARN]: Can't keep up! Is the server overloaded? Running 2003ms or 40 ticks behind
[23:22:21] [Server thread/WARN]: Can't keep up! Is the server overloaded? Running 2039ms or 40 ticks behind
[23:22:50] [Server thread/WARN]: Can't keep up! Is the server overloaded? Running 2007ms or 40 ticks behind
[23:22:50] [Server thread/WARN]: Fetching packet for removed entity class_1542['Air'/31639, l='ServerLevel[world]', x=-462.17, y=76.00, z=287.23]
[23:23:16] [Server thread/WARN]: Can't keep up! Is the server overloaded? Running 2007ms or 40 ticks behind
[23:23:47] [Server thread/WARN]: Can't keep up! Is the server overloaded? Running 2006ms or 40 ticks behind
[23:24:07] [Server thread/WARN]: Can't keep up! Is the server overloaded? Running 2006ms or 40 ticks behind
[23:24:17] [Server thread/INFO]: <RuKlo> heyrðu ég ætla að fara að sofa. Góða nótt.
[23:24:19] [Server thread/INFO]: RuKlo lost connection: Disconnected
[23:24:19] [Server thread/INFO]: RuKlo left the game
[23:26:35] [Server thread/WARN]: Fetching packet for removed entity class_1542['Air'/32598, l='ServerLevel[world]', x=-462.17, y=76.00, z=288.17]
[23:29:57] [Server thread/WARN]: Fetching packet for removed entity class_1542['Air'/33389, l='ServerLevel[world]', x=-461.73, y=76.00, z=287.77]
[23:45:54] [Server thread/INFO]: [A11y_UwU: Current tps is: 40.0]
[23:45:58] [Server thread/WARN]: Can't keep up! Is the server overloaded? Running 1503ms or 60 ticks behind
[23:46:19] [Server thread/WARN]: Can't keep up! Is the server overloaded? Running 8471ms or 338 ticks behind
[23:46:34] [Server thread/INFO]: Steve lost connection: Killed
[23:46:34] [Server thread/INFO]: Steve left the game
[23:46:38] [Server thread/WARN]: Can't keep up! Is the server overloaded? Running 6720ms or 268 ticks behind
[23:46:54] [Server thread/WARN]: Can't keep up! Is the server overloaded? Running 3577ms or 143 ticks behind
[23:47:10] [Server thread/WARN]: Can't keep up! Is the server overloaded? Running 3157ms or 126 ticks behind
[23:47:26] [Server thread/WARN]: Can't keep up! Is the server overloaded? Running 3764ms or 150 ticks behind
[23:47:42] [Server thread/WARN]: Can't keep up! Is the server overloaded? Running 3025ms or 121 ticks behind
[23:47:57] [Server thread/WARN]: Can't keep up! Is the server overloaded? Running 3356ms or 134 ticks behind
[23:48:13] [Server thread/WARN]: Can't keep up! Is the server overloaded? Running 2873ms or 114 ticks behind
[23:48:28] [Server thread/WARN]: Can't keep up! Is the server overloaded? Running 2838ms or 113 ticks behind
[23:48:45] [Server thread/WARN]: Can't keep up! Is the server overloaded? Running 4386ms or 175 ticks behind
[23:49:01] [Server thread/WARN]: Can't keep up! Is the server overloaded? Running 3757ms or 150 ticks behind
[23:49:17] [Server thread/WARN]: Can't keep up! Is the server overloaded? Running 3738ms or 149 ticks behind
[23:49:33] [Server thread/WARN]: Can't keep up! Is the server overloaded? Running 3411ms or 136 ticks behind
[23:49:43] [Server thread/INFO]: [A11y_UwU: Current tps is: 1.0]
[23:50:48] [Server thread/INFO]: [A11y_UwU: Current tps is: 20.0]
[23:50:59] [Server thread/WARN]: Fetching packet for removed entity class_1542['Air'/38423, l='ServerLevel[world]', x=-460.83, y=76.00, z=288.17]
[23:51:39] [Server thread/INFO]: [A11y_UwU: Current tps is: 40.0]
[23:51:40] [Server thread/WARN]: Fetching packet for removed entity class_1542['Air'/38599, l='ServerLevel[world]', x=-461.24, y=76.00, z=287.60]
[23:51:47] [Server thread/WARN]: Can't keep up! Is the server overloaded? Running 1501ms or 60 ticks behind
[23:52:03] [Server thread/WARN]: Can't keep up! Is the server overloaded? Running 2823ms or 112 ticks behind
[23:52:18] [Server thread/WARN]: Can't keep up! Is the server overloaded? Running 3094ms or 123 ticks behind
[23:52:34] [Server thread/WARN]: Can't keep up! Is the server overloaded? Running 3076ms or 123 ticks behind
[23:52:37] [Server thread/INFO]: [A11y_UwU: Current tps is: 20.0]
[23:53:36] [Server thread/INFO]: [A11y_UwU: Current tps is: 40.0]
[23:53:43] [Server thread/WARN]: Can't keep up! Is the server overloaded? Running 1510ms or 60 ticks behind
[23:53:58] [Server thread/WARN]: Can't keep up! Is the server overloaded? Running 1929ms or 77 ticks behind
[23:54:13] [Server thread/WARN]: Can't keep up! Is the server overloaded? Running 2847ms or 113 ticks behind
[23:54:27] [Server thread/WARN]: Can't keep up! Is the server overloaded? Running 1827ms or 73 ticks behind
[23:54:42] [Server thread/WARN]: Can't keep up! Is the server overloaded? Running 1997ms or 79 ticks behind
[23:54:57] [Server thread/WARN]: Can't keep up! Is the server overloaded? Running 2817ms or 112 ticks behind
[23:55:12] [Server thread/WARN]: Can't keep up! Is the server overloaded? Running 2910ms or 116 ticks behind
[23:55:28] [Server thread/WARN]: Can't keep up! Is the server overloaded? Running 2725ms or 109 ticks behind
[23:55:43] [Server thread/WARN]: Can't keep up! Is the server overloaded? Running 3078ms or 123 ticks behind
[23:55:59] [Server thread/WARN]: Can't keep up! Is the server overloaded? Running 3266ms or 130 ticks behind
[23:56:15] [Server thread/WARN]: Can't keep up! Is the server overloaded? Running 3287ms or 131 ticks behind
[23:56:31] [Server thread/WARN]: Can't keep up! Is the server overloaded? Running 4159ms or 166 ticks behind
[23:56:47] [Server thread/WARN]: Can't keep up! Is the server overloaded? Running 3562ms or 142 ticks behind
[23:57:03] [Server thread/WARN]: Can't keep up! Is the server overloaded? Running 3365ms or 134 ticks behind
[23:57:20] [Server thread/WARN]: Can't keep up! Is the server overloaded? Running 4076ms or 163 ticks behind
[23:57:35] [Server thread/WARN]: Can't keep up! Is the server overloaded? Running 3098ms or 123 ticks behind
[23:57:51] [Server thread/WARN]: Can't keep up! Is the server overloaded? Running 3208ms or 128 ticks behind
[23:58:06] [Server thread/WARN]: Can't keep up! Is the server overloaded? Running 2692ms or 107 ticks behind
[23:58:21] [Server thread/WARN]: Can't keep up! Is the server overloaded? Running 2049ms or 81 ticks behind
[23:58:35] [Server thread/WARN]: Can't keep up! Is the server overloaded? Running 2134ms or 85 ticks behind
[23:58:51] [Server thread/WARN]: Can't keep up! Is the server overloaded? Running 2684ms or 107 ticks behind
[23:58:56] [Server thread/WARN]: Fetching packet for removed entity class_1542['Air'/41055, l='ServerLevel[world]', x=-462.17, y=76.00, z=288.17]
[23:59:05] [Server thread/WARN]: Can't keep up! Is the server overloaded? Running 1724ms or 68 ticks behind
[23:59:20] [Server thread/WARN]: Can't keep up! Is the server overloaded? Running 2437ms or 97 ticks behind
[23:59:36] [Server thread/WARN]: Can't keep up! Is the server overloaded? Running 3389ms or 135 ticks behind
[23:59:51] [Server thread/WARN]: Can't keep up! Is the server overloaded? Running 3062ms or 122 ticks behind
