[21:50:08] [main/INFO]: Loading for game Minecraft 1.16.4
[21:50:11] [ForkJoinPool-1-worker-1/WARN]: The mod "autoconfig1u" contains invalid entries in its mod json:
- Unsupported root entry "$schema" at line 2 column 14
[21:50:11] [main/INFO]: [FabricLoader] Loading 48 mods: fabric-renderer-api-v1@0.3.3+a4467d2a95, fabric-screen-handler-api-v1@1.1.0+8724984195, minecraft@1.16.4, fabric-networking-blockentity-v0@0.2.5+b50ffc7b95, fabric-keybindings-v0@0.2.0+3fa9f7c595, cloth-basic-math@0.5.1, fabric-command-api-v1@1.0.9+a4467d2a95, fabricloader@0.10.6+build.214, fabric-tool-attribute-api-v1@1.2.4+2b46237995, fabric-structure-api-v1@1.1.0+f8ac1db295, fabric-renderer-indigo@0.4.3+a4467d2a95, fabric-containers-v0@0.1.8+045df74f95, fabric-object-builder-api-v1@1.9.2+a89534ab95, fabric-crash-report-info-v1@0.1.2+b7f9825d95, fabric-events-interaction-v0@0.4.1+f8ac1db295, fabric-item-api-v1@1.2.0+f8ac1db295, fabric-game-rule-api-v1@1.0.3+a4467d2a95, fabric-api-base@0.2.0+9f0fb4b895, fabric-rendering-v0@1.1.1+f8ac1db295, fabric-rendering-v1@1.3.1+f8ac1db295, fabric-key-binding-api-v1@1.0.1+730711c695, cloth-config2@4.8.1, fabric-rendering-data-attachment-v1@0.1.4+f8ac1db295, autoconfig1u@3.2.2, fabric-resource-loader-v0@0.3.1+facf3bbf95, cloth-dynamic-registry-api-v1@1.4.8, fabric-textures-v0@1.0.5+a4467d2a95, fabric-content-registries-v0@0.1.9+059ea86695, fabric-tag-extensions-v0@1.0.3+ac8e8c5995, fabric-rendering-fluids-v1@0.1.12+f8ac1db295, fabric-biome-api-v1@3.0.0+8367596d95, fabric-commands-v0@0.2.0+52d3083695, fabric-registry-sync-v0@0.6.1+a4467d2a95, fabric-blockrenderlayer-v1@1.1.4+c6a8ea8995, fabric-lifecycle-events-v1@1.2.0+74cc3b2095, vanillaenhanced@1.3.0, fabric-mining-levels-v0@0.1.2+b764ce9995, fabric-renderer-registries-v1@2.2.0+f8ac1db295, carpet-extra@1.4.14, fabric-loot-tables-v1@1.0.1+432ea18895, fabric-events-lifecycle-v0@0.2.0+16acbe5b95, fabric@0.25.0+build.415-1.16, carpet@1.4.12, fabric-particles-v1@0.2.2+fb0d9b0e95, fabric-models-v0@0.1.1+f8ac1db295, fabric-item-groups-v0@0.2.1+a4467d2a95, fabric-networking-v0@0.1.10+e00ecb5f95, fabric-object-builders-v0@0.7.1+a4467d2a95
[21:50:12] [main/INFO]: SpongePowered MIXIN Subsystem Version=0.8.2 Source=file:/C:/Users/bjartur2004/gits/Raudrofur/server%20-1.16.4%20carpetmod/fabric-server-launch.jar Service=Knot/Fabric Env=SERVER
[21:50:30] [main/INFO]: [VanillaEnhanced] Hello there.
[21:50:32] [main/INFO]: Environment: authHost='https://authserver.mojang.com', accountsHost='https://api.mojang.com', sessionHost='https://sessionserver.mojang.com', servicesHost='https://api.minecraftservices.com', name='PROD'
[21:50:36] [main/WARN]: Ambiguity between arguments [teleport, destination] and [teleport, targets] with inputs: [Player, 0123, @e, dd12be42-52a9-4a91-a8a1-11c01849e498]
[21:50:36] [main/WARN]: Ambiguity between arguments [teleport, location] and [teleport, destination] with inputs: [0.1 -0.5 .9, 0 0 0]
[21:50:36] [main/WARN]: Ambiguity between arguments [teleport, location] and [teleport, targets] with inputs: [0.1 -0.5 .9, 0 0 0]
[21:50:36] [main/WARN]: Ambiguity between arguments [teleport, targets] and [teleport, destination] with inputs: [Player, 0123, dd12be42-52a9-4a91-a8a1-11c01849e498]
[21:50:36] [main/WARN]: Ambiguity between arguments [teleport, targets, location] and [teleport, targets, destination] with inputs: [0.1 -0.5 .9, 0 0 0]
[21:50:36] [main/INFO]: Reloading ResourceManager: Default, Fabric Tool Attribute API (v1), VanillaEnhanced, Tools v. Luki2811, Tools by Luki2811, raudrofur.zip, afk display v1.1.0.zip, dragon drops v1.3.0.zip, durability ping v1.1.0.zip, real time clock v1.1.0.zip
[21:50:40] [Worker-Main-4/INFO]: Loaded 7 recipes
[21:50:41] [Worker-Main-4/WARN]: Found validation problem in {minecraft:entities/ender_dragon}.pools[1].entries[0]: Unknown loot table called minecraft:entities/reference/mmh/ender_dragon
[21:50:41] [Worker-Main-4/ERROR]: Couldn't load function tag minecraft:tick as it is missing following references: example:loop (from raudrofur.zip)
[21:50:41] [Worker-Main-4/INFO]: Loaded 997 advancements
[21:50:43] [main/INFO]: Applied 0 biome modifications to 0 of 85 new biomes in 1.790 ms
[21:50:43] [Server thread/INFO]: Starting minecraft server version 1.16.4
[21:50:43] [Server thread/INFO]: Loading properties
[21:50:43] [Server thread/INFO]: Default game type: SURVIVAL
[21:50:44] [Server thread/INFO]: Generating keypair
[21:50:44] [Server thread/INFO]: Starting Minecraft server on *:25565
[21:50:44] [Server thread/INFO]: Using default channel type
[21:50:48] [Server thread/INFO]: Preparing level "world"
[21:50:48] [Server thread/INFO]: [CM]: loaded setting carpets as true from carpet.conf
[21:50:48] [Server thread/INFO]: [CM]: loaded setting combineXPOrbs as true from carpet.conf
[21:50:48] [Server thread/INFO]: [CM]: loaded setting fastRedstoneDust as true from carpet.conf
[21:50:48] [Server thread/INFO]: [CM]: loaded setting rotatorBlock as true from carpet.conf
[21:50:48] [Server thread/INFO]: [CM]: loaded setting renewableBlackstone as true from carpet.conf
[21:50:48] [Server thread/INFO]: [CM]: loaded setting renewableSponges as true from carpet.conf
[21:50:48] [Server thread/INFO]: [CM]: loaded setting desertShrubs as true from carpet.conf
[21:50:48] [Server thread/INFO]: [CM]: loaded setting missingTools as true from carpet.conf
[21:50:48] [Server thread/INFO]: [CM]: loaded setting hopperCounters as true from carpet.conf
[21:50:49] [Server thread/INFO]: [CM]: loaded setting maxEntityCollisions as 2 from carpet.conf
[21:50:49] [Server thread/INFO]: [CM]: loaded setting commandSpawn as true from carpet.conf
[21:50:49] [Server thread/INFO]: [CM]: loaded setting movableBlockEntities as true from carpet.conf
[21:50:49] [Server thread/INFO]: [CM]: loaded setting accurateBlockPlacement as true from carpet.conf
[21:50:49] [Server thread/INFO]: [CM]: loaded setting huskSpawningInTemples as true from carpet.conf
[21:50:49] [Server thread/INFO]: [CM]: loaded setting renewableCoral as true from carpet.conf
[21:50:49] [Server thread/INFO]: [CM]: loaded setting shulkerSpawningInEndCities as true from carpet.conf
[21:50:49] [Server thread/INFO]: [CM]: loaded setting stackableShulkerBoxes as true from carpet.conf
[21:50:49] [Server thread/INFO]: [CM]: loaded setting onePlayerSleeping as true from carpet.conf
[21:50:49] [Server thread/INFO]: [CM]: loaded setting dispenserPlacesBlocks as true from carpet.conf
[21:50:49] [Server thread/INFO]: [CM]: loaded setting commandTick as ops from carpet.conf
[21:50:49] [Server thread/INFO]: [CM]: loaded setting commandDraw as false from carpet.conf
[21:50:49] [Server thread/INFO]: [CM]: loaded setting portalSurvivalDelay as 1 from carpet.conf
[21:50:49] [Server thread/INFO]: [CM]: loaded setting commandScript as false from carpet.conf
[21:50:49] [Server thread/INFO]: [CM]: loaded setting persistentParrots as true from carpet.conf
[21:50:49] [Server thread/INFO]: [CM]: loaded setting flippinCactus as true from carpet.conf
[21:50:49] [Server thread/INFO]: [CM]: loaded setting lagFreeSpawning as true from carpet.conf
[21:50:50] [Server thread/INFO]: Preparing start region for dimension minecraft:overworld
[21:50:52] [Server thread/INFO]: Preparing spawn area: 0%
[21:50:52] [Server thread/INFO]: Preparing spawn area: 0%
[21:50:52] [Server thread/INFO]: Preparing spawn area: 0%
[21:50:52] [Server thread/INFO]: Preparing spawn area: 0%
[21:50:52] [Server thread/INFO]: Preparing spawn area: 0%
[21:50:52] [Server thread/INFO]: Preparing spawn area: 0%
[21:50:53] [Server thread/INFO]: Preparing spawn area: 0%
[21:51:08] [Server thread/INFO]: Preparing spawn area: 0%
[21:51:08] [Server thread/INFO]: Preparing spawn area: 0%
[21:51:09] [Server thread/INFO]: Preparing spawn area: 0%
[21:51:09] [Server thread/INFO]: Preparing spawn area: 0%
[21:51:09] [Server thread/INFO]: Preparing spawn area: 0%
[21:51:09] [Server thread/INFO]: Preparing spawn area: 0%
[21:51:09] [Server thread/INFO]: Preparing spawn area: 0%
[21:51:09] [Server thread/INFO]: Preparing spawn area: 0%
[21:51:09] [Server thread/INFO]: Preparing spawn area: 0%
[21:51:09] [Server thread/INFO]: Preparing spawn area: 0%
[21:51:09] [Server thread/INFO]: Preparing spawn area: 0%
[21:51:09] [Server thread/INFO]: Preparing spawn area: 0%
[21:51:09] [Server thread/INFO]: Preparing spawn area: 0%
[21:51:09] [Server thread/INFO]: Preparing spawn area: 0%
[21:51:09] [Server thread/INFO]: Preparing spawn area: 0%
[21:51:09] [Server thread/INFO]: Preparing spawn area: 0%
[21:51:09] [Server thread/INFO]: Preparing spawn area: 0%
[21:51:09] [Server thread/INFO]: Preparing spawn area: 0%
[21:51:09] [Server thread/INFO]: Preparing spawn area: 0%
[21:51:09] [Server thread/INFO]: Preparing spawn area: 0%
[21:51:09] [Server thread/INFO]: Preparing spawn area: 0%
[21:51:09] [Server thread/INFO]: Preparing spawn area: 0%
[21:51:09] [Server thread/INFO]: Preparing spawn area: 0%
[21:51:09] [Server thread/INFO]: Preparing spawn area: 0%
[21:51:09] [Server thread/INFO]: Preparing spawn area: 0%
[21:51:10] [Server thread/INFO]: Preparing spawn area: 0%
[21:51:10] [Server thread/INFO]: Preparing spawn area: 0%
[21:51:10] [Server thread/INFO]: Preparing spawn area: 0%
[21:51:10] [Server thread/INFO]: Preparing spawn area: 0%
[21:51:10] [Server thread/INFO]: Preparing spawn area: 0%
[21:51:10] [Server thread/INFO]: Preparing spawn area: 0%
[21:51:10] [Server thread/INFO]: Preparing spawn area: 0%
[21:51:10] [Server thread/INFO]: Preparing spawn area: 0%
[21:51:10] [Server thread/INFO]: Preparing spawn area: 0%
[21:51:10] [Server thread/INFO]: Preparing spawn area: 83%
[21:51:17] [Server thread/INFO]: Time elapsed: 27012 ms
[21:51:17] [Server thread/INFO]: Done (28.969s)! For help, type "help"
[21:51:50] [User Authenticator #1/INFO]: UUID of player A11y_UwU is cdf70681-d8c8-4cdb-9b1a-97a236ce8b1a
[21:51:50] [Server thread/INFO]: A11y_UwU[/127.0.0.1:61955] logged in with entity id 77 at (-692.1894599994308, 69.36740708272163, 655.2180407449907)
[21:51:51] [Server thread/INFO]: A11y_UwU joined the game
[21:51:51] [Netty Server IO #1/INFO]: Player A11y_UwU joined with a matching carpet client
[21:53:51] [Server thread/INFO]: Steve[local] logged in with entity id 2654 at (-291.4307264938172, 222.0, 111.41998139306874)
[21:53:51] [Server thread/INFO]: Steve joined the game
[21:54:58] [Server thread/WARN]: Can't keep up! Is the server overloaded? Running 2189ms or 43 ticks behind
[21:55:17] [Server thread/WARN]: Can't keep up! Is the server overloaded? Running 3883ms or 77 ticks behind
[21:56:00] [Server thread/INFO]: AFK[local] logged in with entity id 5309 at (-683.4875000119209, 70.0, 638.3000000119209)
[21:56:00] [Server thread/INFO]: AFK joined the game
[21:56:24] [User Authenticator #2/INFO]: UUID of player Sminky52 is 78fda775-d5e2-4bda-9ad2-4a579f297e40
[21:56:25] [Server thread/WARN]: Can't keep up! Is the server overloaded? Running 2460ms or 49 ticks behind
[21:56:26] [Server thread/INFO]: Sminky52[/89.17.139.9:61603] logged in with entity id 5358 at (-683.3622460215089, 70.0, 638.3000000119209)
[21:56:26] [Server thread/INFO]: Sminky52 joined the game
[21:56:41] [Server thread/INFO]: <Sminky52> k
[21:56:46] [Server thread/WARN]: Can't keep up! Is the server overloaded? Running 2096ms or 41 ticks behind
[21:57:05] [Server thread/WARN]: Can't keep up! Is the server overloaded? Running 2103ms or 42 ticks behind
[21:58:07] [Server thread/WARN]: Can't keep up! Is the server overloaded? Running 2034ms or 40 ticks behind
[21:58:43] [Server thread/WARN]: Can't keep up! Is the server overloaded? Running 2021ms or 40 ticks behind
[21:59:02] [Server thread/WARN]: Can't keep up! Is the server overloaded? Running 4395ms or 87 ticks behind
[21:59:24] [Server thread/WARN]: Can't keep up! Is the server overloaded? Running 6604ms or 132 ticks behind
[21:59:43] [Server thread/WARN]: Can't keep up! Is the server overloaded? Running 4457ms or 89 ticks behind
[22:00:01] [Server thread/WARN]: Can't keep up! Is the server overloaded? Running 2740ms or 54 ticks behind
[22:00:23] [Server thread/WARN]: Can't keep up! Is the server overloaded? Running 2104ms or 42 ticks behind
[22:00:40] [Server thread/WARN]: Can't keep up! Is the server overloaded? Running 2967ms or 59 ticks behind
[22:00:58] [Server thread/WARN]: Can't keep up! Is the server overloaded? Running 2486ms or 49 ticks behind
[22:01:19] [Server thread/WARN]: Can't keep up! Is the server overloaded? Running 5659ms or 113 ticks behind
[22:01:36] [Server thread/WARN]: Can't keep up! Is the server overloaded? Running 2894ms or 57 ticks behind
[22:01:54] [Server thread/WARN]: Can't keep up! Is the server overloaded? Running 2982ms or 59 ticks behind
[22:02:13] [Server thread/WARN]: Can't keep up! Is the server overloaded? Running 3287ms or 65 ticks behind
[22:02:25] [Server thread/WARN]: Fetching packet for removed entity class_1542['Air'/10299, l='ServerLevel[world]', x=-460.83, y=76.00, z=287.22]
[22:03:05] [Server thread/WARN]: Can't keep up! Is the server overloaded? Running 2090ms or 41 ticks behind
[22:03:22] [Server thread/WARN]: Can't keep up! Is the server overloaded? Running 2198ms or 43 ticks behind
[22:03:39] [Server thread/WARN]: Can't keep up! Is the server overloaded? Running 2013ms or 40 ticks behind
[22:04:00] [Server thread/WARN]: Can't keep up! Is the server overloaded? Running 2030ms or 40 ticks behind
[22:04:20] [Server thread/WARN]: Can't keep up! Is the server overloaded? Running 4967ms or 99 ticks behind
[22:05:03] [Server thread/WARN]: Mismatch in destroy block pos: class_2338{x=-380, y=67, z=-55} class_2338{x=-380, y=65, z=-56}
[22:05:57] [Server thread/WARN]: Mismatch in destroy block pos: class_2338{x=-405, y=62, z=-57} class_2338{x=-406, y=61, z=-57}
[22:05:59] [Server thread/WARN]: Mismatch in destroy block pos: class_2338{x=-407, y=63, z=-58} class_2338{x=-406, y=62, z=-58}
[22:06:02] [Server thread/WARN]: Mismatch in destroy block pos: class_2338{x=-410, y=62, z=-56} class_2338{x=-410, y=61, z=-57}
[22:06:51] [Server thread/WARN]: Can't keep up! Is the server overloaded? Running 2007ms or 40 ticks behind
[22:07:12] [Server thread/WARN]: Can't keep up! Is the server overloaded? Running 5523ms or 110 ticks behind
[22:07:30] [Server thread/WARN]: Can't keep up! Is the server overloaded? Running 3009ms or 60 ticks behind
[22:07:48] [Server thread/WARN]: Can't keep up! Is the server overloaded? Running 3501ms or 70 ticks behind
[22:08:09] [Server thread/WARN]: Can't keep up! Is the server overloaded? Running 6085ms or 121 ticks behind
[22:08:30] [Server thread/WARN]: Can't keep up! Is the server overloaded? Running 2045ms or 40 ticks behind
[22:08:53] [Server thread/WARN]: Can't keep up! Is the server overloaded? Running 2002ms or 40 ticks behind
[22:08:58] [Server thread/INFO]: A11y_UwU lost connection: Disconnected
[22:08:58] [Server thread/INFO]: A11y_UwU left the game
[22:09:26] [Server thread/WARN]: Can't keep up! Is the server overloaded? Running 2007ms or 40 ticks behind
[22:11:14] [Server thread/WARN]: Can't keep up! Is the server overloaded? Running 2016ms or 40 ticks behind
[22:12:58] [Server thread/WARN]: Can't keep up! Is the server overloaded? Running 2041ms or 40 ticks behind
[22:21:21] [Server thread/WARN]: Can't keep up! Is the server overloaded? Running 2042ms or 40 ticks behind
[22:23:05] [Server thread/WARN]: Can't keep up! Is the server overloaded? Running 2115ms or 42 ticks behind
[23:04:19] [Server thread/INFO]: Sminky52 lost connection: Disconnected
[23:04:19] [Server thread/INFO]: Sminky52 left the game
