[00:35:24] [Server thread/WARN]: Fetching packet for removed entity class_1542['Air'/36855, l='ServerLevel[world]', x=-462.17, y=76.00, z=288.17]
[00:41:42] [Server thread/INFO]: Unknown or incomplete command, see below for error
[00:41:42] [Server thread/INFO]: f<--[HERE]
[00:43:08] [User Authenticator #7/INFO]: UUID of player A11y_UwU is cdf70681-d8c8-4cdb-9b1a-97a236ce8b1a
[00:43:08] [Server thread/INFO]: A11y_UwU[/127.0.0.1:57189] logged in with entity id 37903 at (-429.7383302560229, 77.0, 310.90841060115156)
[00:43:08] [Server thread/INFO]: A11y_UwU joined the game
[00:43:10] [Netty Server IO #4/INFO]: Player A11y_UwU joined with a matching carpet client
[00:43:14] [Server thread/INFO]: <A11y_UwU> hiii
[00:43:19] [Server thread/INFO]: <togga99> hi
[00:49:10] [Server thread/INFO]: <togga99> hvadda gera
[00:49:59] [Server thread/INFO]: <A11y_UwU> finna stað fyrir nýja húsið
[00:50:02] [Server thread/INFO]: <togga99> ooh
[00:50:30] [Server thread/INFO]: <A11y_UwU> það er.. stærra en ég hélt.. það er jafn hátt og turninn
[00:50:36] [Server thread/INFO]: <togga99> oh
[00:50:49] [Server thread/INFO]: <togga99> það er ekki mikið plass her nema í eyðimörk
[00:51:33] [Server thread/INFO]: <A11y_UwU> er að pæla að stækka landið smá út að sjónum því ég vil að það sé smá í bakruninum
[00:51:50] [Server thread/INFO]: <togga99> huh
[00:52:13] [Server thread/INFO]: <A11y_UwU> gera landið stærra
[00:52:15] [Server thread/INFO]: <togga99> ok reyndu að byggja ekki fyrir rebba húsið mitt
[00:52:37] [Server thread/INFO]: <A11y_UwU> jaja
[00:53:53] [Server thread/INFO]: <togga99> er ekki hægt að lita ull?
[00:53:57] [Server thread/INFO]: <A11y_UwU> ja
[00:54:17] [Server thread/INFO]: <togga99> oh fattaði
[00:55:05] [Server thread/INFO]: <A11y_UwU> ég ættla að senda þér mynd af því sem scimatic.. gætiru svo sagt hvort þér finnist það fínn staður plz
[00:55:15] [Server thread/INFO]: <togga99> ok
[00:57:24] [Server thread/INFO]: A11y_UwU fell from a high place
[00:57:30] [Server thread/INFO]: <A11y_UwU> ubs
[00:57:37] [Server thread/INFO]: <togga99> sniðugt
[00:58:19] [Server thread/INFO]: <togga99> weiwh
[00:58:31] [Server thread/INFO]: <togga99> þerta er flort
[01:00:29] [Server thread/INFO]: <A11y_UwU> finnst það flottara aðeins framar því þá er það ekki í línu við turninn og þá er heildarmyndinn þéttari
[01:00:43] [Server thread/INFO]: <togga99> ja þer er svalt
[01:04:20] [Server thread/WARN]: Fetching packet for removed entity class_1542['Air'/41381, l='ServerLevel[world]', x=-461.72, y=76.00, z=286.83]
[01:04:20] [Server thread/WARN]: Fetching packet for removed entity class_1542['Air'/41381, l='ServerLevel[world]', x=-461.72, y=76.00, z=286.83]
[01:05:16] [Server thread/INFO]: <togga99> er ekki hægt að lita litaða ull hvíta?
[01:05:27] [Server thread/INFO]: <A11y_UwU> ekki viss
[01:05:42] [Server thread/INFO]: <togga99> omg svo kruttlegt refurinn er sofandi í rúminu mínu
[01:05:43] [Server thread/INFO]: <A11y_UwU> held að það sé bara hægt að lita hvíta ull
[01:05:49] [Server thread/INFO]: <A11y_UwU> awww
[01:06:12] [Server thread/INFO]: <togga99> eg er að spá í að eiga bara einn ref og henda hinum+w
[01:06:25] [Server thread/INFO]: <A11y_UwU> oop
[01:06:42] [Server thread/INFO]: <togga99> ja þvi annars rugla eg þeim saman og eg á bara 1 uph ref
[01:07:08] [Server thread/INFO]: <A11y_UwU> ok
[01:09:02] [Server thread/INFO]: <togga99> afh þegar eg set mottu niður spawnast hæna í halfa sek
[01:09:21] [Server thread/INFO]: <A11y_UwU> carpet mod
[01:10:03] [Server thread/INFO]: <A11y_UwU> það gerir suma liti af mottum að mælitækjum
[01:10:11] [Server thread/INFO]: <togga99> oooooooh
[01:20:21] [Server thread/INFO]: <A11y_UwU> sástu conuid dótið
[01:20:32] [Server thread/INFO]: <togga99> hvað er það
[01:20:45] [Server thread/INFO]: <A11y_UwU> dótið hjá sjáfar húsinu
[01:22:34] [Server thread/INFO]: <togga99> hva
[01:22:43] [Server thread/INFO]: <A11y_UwU> idk
[01:24:43] [Server thread/INFO]: <togga99> eg ætla að nota name taggið mitt á bernharð jr+
[01:24:56] [Server thread/INFO]: <A11y_UwU> nett
[01:25:20] [Server thread/INFO]: <togga99> hvað ætti ég að skíra hann?
[01:25:32] [Server thread/INFO]: <A11y_UwU> ef okkur vantar þannig get ég fengið mörg frekar fljótt
[01:25:35] [Server thread/INFO]: <A11y_UwU> idk
[01:25:39] [Server thread/INFO]: <togga99> oh
[01:25:47] [Server thread/INFO]: <A11y_UwU> villigerar uwu
[01:25:56] [Server thread/INFO]: <togga99> hvernig geturðu gert þa
[01:26:05] [Server thread/INFO]: <togga99> villigerar er það einu sinni nafn
[01:26:25] [Server thread/INFO]: <togga99> skíri hann bara Benni jr
[01:26:33] [Server thread/INFO]: <A11y_UwU> gæti tekið smá tíma en þegar maður fær gaur sem selur name tags get ég fengið endalaust af þeim
[01:26:33] [Server thread/INFO]: <togga99> eða kannski bara benno
[01:26:40] [Server thread/INFO]: <togga99> ooooooooooooooooooh
[01:26:49] [Server thread/INFO]: <togga99> þannig þau eru ekki svo sjaldgæf
[01:26:52] [Server thread/INFO]: <A11y_UwU> bernie
[01:27:08] [Server thread/INFO]: <A11y_UwU> ekki ef maður er mep villigera dót
[01:27:17] [Server thread/INFO]: <A11y_UwU> eru samt ágætlega dír
[01:27:44] [Server thread/INFO]: <togga99> riejlllllllllll
[01:28:33] [Server thread/INFO]: <togga99> hann elskar útsínið sitt
[01:28:39] [Server thread/INFO]: <A11y_UwU> yeyy
[01:28:44] [Server thread/INFO]: <A11y_UwU> það er gott
[01:31:43] [Server thread/INFO]: <togga99> ma eg fa lanað vatn
[01:31:49] [Server thread/INFO]: <A11y_UwU> já
[01:31:54] [Server thread/INFO]: <togga99> tk
[01:36:54] [Server thread/INFO]: <togga99> eg held að benni jr se ótamni refurinn lhu
[01:37:12] [Server thread/INFO]: <A11y_UwU> lul
[01:37:34] [Server thread/INFO]: <A11y_UwU> bara segja.. ég á nokkur name tags þú mátt fá ef du villt
[01:37:55] [Server thread/INFO]: <A11y_UwU> ég á 3 væri til í að eiga allavega 1
[01:38:06] [Server thread/INFO]: <togga99> ja mun örg ekki taka hu
[01:42:59] [Server thread/INFO]: <togga99> ertu að fara byggja einhvað neðanjarðar?
[01:43:07] [Server thread/INFO]: <togga99> fyrir neðan velins
[01:43:30] [Server thread/INFO]: <togga99> oh er að spá í að byggja bara aðra hæð niður jess
[01:43:49] [Server thread/INFO]: <A11y_UwU> ég ættlaði að gera risa base undir en er eiginlega hættur við mest af því
[01:43:56] [Server thread/INFO]: <togga99> oh
[01:43:58] [Server thread/INFO]: <A11y_UwU> en
[01:44:09] [Server thread/INFO]: <A11y_UwU> það er örugglega neðar
[01:44:15] [Server thread/INFO]: <togga99> krtg
[01:44:21] [Server thread/INFO]: <A11y_UwU> og líka myndi alltaf plana í kringum
[01:44:26] [Server thread/INFO]: <togga99> ætla að fara i pinu
[01:44:27] [Server thread/INFO]: togga99 lost connection: Disconnected
[01:44:27] [Server thread/INFO]: togga99 left the game
[01:56:02] [User Authenticator #8/INFO]: UUID of player togga99 is 3df4725c-55ba-4ca9-a0cd-b0aaef0d3d0a
[01:56:02] [Server thread/INFO]: togga99[/89.160.212.94:51335] logged in with entity id 63115 at (-468.84897550780374, 68.0, 357.1532528115175)
[01:56:02] [Server thread/INFO]: togga99 joined the game
[01:56:24] [Server thread/INFO]: <A11y_UwU> hellu
[01:56:27] [Server thread/INFO]: <togga99> hi
[01:56:42] [Server thread/INFO]: <A11y_UwU> ég.. svaf í rúmminu þínu
[01:56:53] [Server thread/INFO]: <togga99> skamm refurinn á .að
[01:57:56] [Server thread/INFO]: <A11y_UwU> sorry benni
[01:58:03] [Server thread/INFO]: <togga99> lamdirðu hann!
[01:58:10] [Server thread/INFO]: <A11y_UwU> nei
[01:58:18] [Server thread/INFO]: <togga99> eins gott
[01:59:51] [Server thread/INFO]: <togga99> logan is my hero he is really nice
[02:00:02] [Server thread/INFO]: <togga99> so i went and made a song about him twice
[02:00:17] [Server thread/INFO]: <togga99> song about me twice WOW thats really nice
[02:00:26] [Server thread/INFO]: <togga99> hit me up if you ever need advice
[02:02:16] [Server thread/INFO]: <togga99> ok ætla að byggja aðra hæð nudnir
[02:02:27] [Server thread/INFO]: <A11y_UwU> cool cool
[02:02:39] [Server thread/INFO]: <togga99> skemmir það fyrir þer'
[02:02:44] [Server thread/INFO]: <A11y_UwU> nei
[02:02:51] [Server thread/INFO]: <togga99> yoko
[02:03:16] [Server thread/INFO]: <togga99> benni er svo sætur
[02:04:10] [Server thread/INFO]: <togga99> wg er alltaf að stela
[02:04:37] [Server thread/INFO]: <A11y_UwU> það er allt í lagi ef það er frá mér
[02:04:43] [Server thread/INFO]: <togga99> nei aldri fa þer
[02:04:50] [Server thread/INFO]: <togga99> ma eg fa demanta pikexi?
[02:04:55] [Server thread/INFO]: <A11y_UwU> ja
[02:05:03] [Server thread/INFO]: <togga99> dankeeee
[02:05:27] [Server thread/INFO]: <togga99> það er ein svona glansandi og hin ekki hvora ma eg taka'
[02:05:29] [Server thread/INFO]: <togga99> ?
[02:05:43] [Server thread/INFO]: <A11y_UwU> hvaða sem er
[02:05:48] [Server thread/INFO]: <togga99> oh dane
[02:06:17] [Server thread/INFO]: <togga99> tek glans
[02:06:30] [Server thread/INFO]: <A11y_UwU> gott val
[02:06:56] [Server thread/INFO]: <A11y_UwU> hahaha
[02:07:02] [Server thread/INFO]: <togga99> ma wg ekki taka glansandi gull skona
[02:07:11] [Server thread/INFO]: <A11y_UwU> ju
[02:07:21] [Server thread/INFO]: <togga99> ekki þa drepa mig mar
[02:08:31] [Server thread/INFO]: <A11y_UwU> togga koddu
[02:09:16] [Server thread/INFO]: <A11y_UwU> hæ
[02:09:19] [Server thread/INFO]: <togga99> svakalega kúl
[02:16:01] [Server thread/WARN]: Fetching packet for removed entity class_1542['Air'/66394, l='ServerLevel[world]', x=-460.83, y=76.00, z=287.70]
[02:16:01] [Server thread/WARN]: Fetching packet for removed entity class_1542['Air'/66394, l='ServerLevel[world]', x=-460.83, y=76.00, z=287.70]
[02:20:04] [Server thread/INFO]: <togga99> sæta holan þi
[02:20:52] [Server thread/INFO]: <A11y_UwU> þú mátt fara í hana og byggja smá inní hana
[02:21:03] [Server thread/INFO]: <togga99> yuhyuh
[02:21:14] [Server thread/INFO]: <A11y_UwU> skiluru þarft ekki að fara framhjá henni ef hún er fyrir
[02:21:37] [Server thread/INFO]: <togga99> nei hun er herna i miðjunni en veit samt um hana
[02:22:01] [Server thread/INFO]: <A11y_UwU> cuul cuul
[02:22:12] [Server thread/INFO]: <togga99> er það ósættanlegt
[02:22:22] [Server thread/INFO]: <A11y_UwU> ha ne
[02:26:31] [Server thread/INFO]: <A11y_UwU> villtu sjá fyrta test af þessari vél togga?
[02:26:40] [Server thread/INFO]: <togga99> ja kem
[02:26:48] [Server thread/INFO]: <A11y_UwU> ég er hræddur
[02:27:00] [Server thread/INFO]: <togga99> same
[02:27:48] [Server thread/INFO]: <A11y_UwU> ok það virkar
[02:27:57] [Server thread/INFO]: <togga99> þetta er flat´+
[02:27:59] [Server thread/INFO]: <A11y_UwU> held ég
[02:30:15] [Server thread/WARN]: Mismatch in destroy block pos: class_2338{x=-431, y=62, z=-51} class_2338{x=-431, y=61, z=-52}
[02:30:16] [Server thread/WARN]: Mismatch in destroy block pos: class_2338{x=-431, y=62, z=-51} class_2338{x=-431, y=61, z=-52}
[02:30:16] [Server thread/WARN]: Mismatch in destroy block pos: class_2338{x=-431, y=62, z=-51} class_2338{x=-431, y=61, z=-52}
[02:30:16] [Server thread/WARN]: Mismatch in destroy block pos: class_2338{x=-431, y=62, z=-51} class_2338{x=-431, y=61, z=-52}
[02:30:25] [Server thread/WARN]: Mismatch in destroy block pos: class_2338{x=-409, y=62, z=-51} class_2338{x=-406, y=60, z=-50}
[02:30:32] [Server thread/WARN]: Mismatch in destroy block pos: class_2338{x=-433, y=61, z=-48} class_2338{x=-430, y=60, z=-52}
[02:31:19] [Server thread/INFO]: <togga99> ertu frændi friðriks dórs
[02:31:28] [Server thread/INFO]: <A11y_UwU> held ekki
[02:31:31] [Server thread/INFO]: <togga99> damn
[02:31:51] [Server thread/WARN]: Mismatch in destroy block pos: class_2338{x=-422, y=61, z=-38} class_2338{x=-421, y=59, z=-38}
[02:33:19] [Server thread/WARN]: Mismatch in destroy block pos: class_2338{x=-406, y=62, z=-39} class_2338{x=-407, y=60, z=-39}
[02:33:45] [Server thread/WARN]: Mismatch in destroy block pos: class_2338{x=-407, y=59, z=-43} class_2338{x=-411, y=61, z=-43}
[02:33:45] [Server thread/WARN]: Mismatch in destroy block pos: class_2338{x=-407, y=59, z=-43} class_2338{x=-411, y=61, z=-43}
[02:33:45] [Server thread/WARN]: Mismatch in destroy block pos: class_2338{x=-407, y=59, z=-43} class_2338{x=-411, y=61, z=-43}
[02:34:28] [Server thread/WARN]: Mismatch in destroy block pos: class_2338{x=-410, y=61, z=-34} class_2338{x=-409, y=60, z=-34}
[02:37:06] [Server thread/INFO]: <togga99> hver er uph stjornmala duddinn þinn a isl
[02:37:30] [Server thread/INFO]: <A11y_UwU> guðni th.. hann er bara svo sexy
[02:37:57] [Server thread/INFO]: <togga99> ja en mmeina svona í pólitík
[02:38:15] [Server thread/INFO]: <A11y_UwU> brö ég veit ekki
[02:38:36] [Server thread/INFO]: <togga99> va
[02:38:55] [Server thread/INFO]: <A11y_UwU> ertu að leita að einhverju :)))
[02:39:02] [Server thread/INFO]: <togga99> nei afh
[02:39:07] [Server thread/INFO]: <A11y_UwU> leitast eftir einhverju*
[02:39:10] [Server thread/INFO]: <togga99> oh+
[02:39:18] [Server thread/INFO]: <togga99> nei leiðist bara hu
[02:40:54] [Server thread/INFO]: <togga99> how to kill bestfriedn
[02:43:06] [Server thread/WARN]: Mismatch in destroy block pos: class_2338{x=-471, y=60, z=349} class_2338{x=-469, y=60, z=351}
[02:43:18] [Server thread/INFO]: <togga99> ggull dot er svo gott
[02:43:30] [Server thread/WARN]: Fetching packet for removed entity class_1542['Air'/75510, l='ServerLevel[world]', x=-461.28, y=76.00, z=287.71]
[02:43:30] [Server thread/WARN]: Fetching packet for removed entity class_1542['Air'/75510, l='ServerLevel[world]', x=-461.28, y=76.00, z=287.71]
[02:43:33] [Server thread/INFO]: <A11y_UwU> en það endist lítið
[02:43:46] [Server thread/INFO]: <togga99> en svaka goytt
[02:43:52] [Server thread/INFO]: <A11y_UwU> það er aðeins betra en diamond
[02:43:58] [Server thread/INFO]: <A11y_UwU> kannski eins og netheride
[02:45:20] [Server thread/INFO]: <togga99> þau ættu að gera hunda brynjur
[02:45:51] [Server thread/INFO]: <A11y_UwU> jaja
[02:48:58] [Server thread/INFO]: <togga99> ertu spennt að sja skaupið
[02:49:10] [Server thread/INFO]: <A11y_UwU> idk
[02:49:32] [Server thread/INFO]: <A11y_UwU> ekki beint en vona að það verði allt í lagi
[02:49:42] [Server thread/INFO]: <togga99> djamn
[02:50:39] [Server thread/INFO]: <togga99> hvernig læt eg koma gras á grasið
[02:50:52] [Server thread/INFO]: <togga99> eða þu veist a moldina
[02:50:58] [Server thread/INFO]: <A11y_UwU> bíður
[02:51:11] [Server thread/INFO]: <togga99> en ef það er ofani jörðinni
[02:51:15] [Server thread/INFO]: <A11y_UwU> ef það er gras í kring
[02:51:22] [Server thread/INFO]: <togga99> ooh
[02:51:25] [Server thread/INFO]: <A11y_UwU> þá tekuru gras kubb og setur þar
[02:51:34] [Server thread/INFO]: <togga99> sniðut
[02:51:59] [Server thread/INFO]: <A11y_UwU> brö ´ég var að láta rigna grasi yfir þig
[02:52:10] [Server thread/INFO]: <togga99> þakkir
[02:53:04] [Server thread/INFO]: <togga99> þetta virkar
[02:53:09] [Server thread/INFO]: <togga99> kreisi
[02:53:53] [Server thread/INFO]: <togga99> aww hann gaf mer ber
[02:55:24] [Server thread/INFO]: <togga99> vilja refir ekkinhvít tré
[02:55:38] [Server thread/INFO]: <A11y_UwU> idk
[02:55:57] [Server thread/INFO]: <togga99> eg hef allavega seð þa þar þannig nota það bara+
[02:58:33] [Server thread/WARN]: Fetching packet for removed entity class_1542['White Concrete Powder'/78720, l='ServerLevel[world]', x=-480.96, y=92.00, z=320.88]
[03:08:22] [Server thread/INFO]: Steve[local] logged in with entity id 85364 at (-291.4588598338189, 222.0, 111.55032261874372)
[03:08:22] [Server thread/INFO]: Steve joined the game
[03:08:22] [Server thread/WARN]: Fetching packet for removed entity class_1542['Rotten Flesh'/85352, l='ServerLevel[world]', x=-291.80, y=222.38, z=113.26]
[03:11:59] [Server thread/INFO]: <togga99> afh vilja tren ekki gaxa
[03:12:31] [Server thread/INFO]: <A11y_UwU> af því að það eru kubbar of nálægt
[03:12:47] [Server thread/INFO]: <togga99> oh en ef það er ekket nálægt
[03:12:59] [Server thread/INFO]: <A11y_UwU> þá meira bone meal
[03:13:09] [Server thread/INFO]: <togga99> attu þannig
[03:13:27] [Server thread/INFO]: <togga99> setti 51 á eitt tré en það óc ekk9
[03:13:28] [Server thread/WARN]: Fetching packet for removed entity class_1542['Air'/118659, l='ServerLevel[world]', x=-462.17, y=76.00, z=286.83]
[03:13:28] [Server thread/INFO]: <A11y_UwU> mjög mikið en veit ekki hverju mikið er hjá basinu
[03:13:45] [Server thread/INFO]: <A11y_UwU> oh.. örugglega þá einhvað að blocka það
[03:13:55] [Server thread/INFO]: <togga99> skritið
[03:14:30] [Server thread/WARN]: Mismatch in destroy block pos: class_2338{x=-505, y=66, z=404} class_2338{x=-505, y=66, z=403}
[03:14:30] [Server thread/WARN]: Mismatch in destroy block pos: class_2338{x=-505, y=66, z=404} class_2338{x=-505, y=66, z=403}
[03:14:30] [Server thread/WARN]: Mismatch in destroy block pos: class_2338{x=-505, y=66, z=404} class_2338{x=-505, y=66, z=403}
[03:14:30] [Server thread/WARN]: Mismatch in destroy block pos: class_2338{x=-505, y=66, z=404} class_2338{x=-505, y=66, z=403}
[03:14:30] [Server thread/WARN]: Mismatch in destroy block pos: class_2338{x=-505, y=66, z=404} class_2338{x=-505, y=66, z=403}
[03:14:30] [Server thread/WARN]: Mismatch in destroy block pos: class_2338{x=-505, y=66, z=402} class_2338{x=-505, y=66, z=403}
[03:14:30] [Server thread/WARN]: Mismatch in destroy block pos: class_2338{x=-505, y=66, z=402} class_2338{x=-505, y=66, z=403}
[03:14:30] [Server thread/WARN]: Mismatch in destroy block pos: class_2338{x=-505, y=66, z=402} class_2338{x=-505, y=66, z=403}
[03:14:49] [Server thread/INFO]: <togga99> byggi bara mitt eigið tre
[03:30:28] [Server thread/WARN]: Fetching packet for removed entity class_1542['Air'/150852, l='ServerLevel[world]', x=-460.83, y=76.00, z=287.25]
[03:30:28] [Server thread/WARN]: Fetching packet for removed entity class_1542['Air'/150852, l='ServerLevel[world]', x=-460.83, y=76.00, z=287.25]
[03:33:12] [Server thread/WARN]: Fetching packet for removed entity class_1542['Air'/154796, l='ServerLevel[world]', x=-463.44, y=61.00, z=361.54]
[03:33:12] [Server thread/WARN]: Fetching packet for removed entity class_1542['Air'/154796, l='ServerLevel[world]', x=-463.44, y=61.00, z=361.54]
[03:34:42] [Server thread/INFO]: <togga99> eg ætl að fara að sofa gn:)
[03:34:46] [Server thread/INFO]: <A11y_UwU> gngn
[03:35:13] [Server thread/INFO]: togga99 lost connection: Disconnected
[03:35:13] [Server thread/INFO]: togga99 left the game
[03:37:26] [Server thread/WARN]: Fetching packet for removed entity class_1542['Air'/159803, l='ServerLevel[world]', x=-461.30, y=76.00, z=286.90]
[03:43:14] [Server thread/INFO]: A11y_UwU lost connection: Disconnected
[03:43:14] [Server thread/INFO]: A11y_UwU left the game
[06:49:33] [Server thread/WARN]: Fetching packet for removed entity class_1542['Air'/363487, l='ServerLevel[world]', x=-291.49, y=253.00, z=113.81]
[13:33:47] [Server thread/WARN]: Fetching packet for removed entity class_1542['Air'/806867, l='ServerLevel[world]', x=-291.50, y=253.00, z=114.14]
[15:00:38] [Server thread/INFO]: Unknown or incomplete command, see below for error
[15:00:38] [Server thread/INFO]: <--[HERE]
[15:01:33] [Server thread/WARN]: Can't keep up! Is the server overloaded? Running 5098ms or 101 ticks behind
[15:15:35] [Server thread/INFO]: com.mojang.authlib.GameProfile@67970073[id=<null>,name=A11y_UwU,properties={},legacy=false] (/127.0.0.1:58638) lost connection: Disconnected
[15:15:37] [User Authenticator #9/INFO]: UUID of player A11y_UwU is cdf70681-d8c8-4cdb-9b1a-97a236ce8b1a
[15:15:37] [Server thread/INFO]: A11y_UwU[/127.0.0.1:58649] logged in with entity id 947588 at (-464.16111112945924, 74.0, 329.418206223602)
[15:15:37] [Server thread/INFO]: A11y_UwU joined the game
[15:15:38] [Netty Server IO #7/INFO]: Player A11y_UwU joined with a matching carpet client
[15:15:40] [Server thread/WARN]: Can't keep up! Is the server overloaded? Running 2619ms or 52 ticks behind
[15:15:55] [Server thread/WARN]: A11y_UwU moved too quickly! -15.684678948428669,1.1462739226670635,8.806478798231964
[15:16:01] [Server thread/WARN]: A11y_UwU moved too quickly! -17.234428169778795,-2.254293263859239,-1.5289982276085823
[15:16:04] [Server thread/WARN]: Can't keep up! Is the server overloaded? Running 8476ms or 169 ticks behind
[15:24:43] [Server thread/WARN]: Can't keep up! Is the server overloaded? Running 2125ms or 42 ticks behind
[15:24:45] [Server thread/WARN]: A11y_UwU moved wrongly!
[15:32:13] [Server thread/INFO]: A11y_UwU lost connection: Disconnected
[15:32:13] [Server thread/INFO]: A11y_UwU left the game
[15:36:57] [User Authenticator #10/INFO]: UUID of player A11y_UwU is cdf70681-d8c8-4cdb-9b1a-97a236ce8b1a
[15:36:57] [Server thread/INFO]: A11y_UwU[/127.0.0.1:58790] logged in with entity id 1020647 at (-420.41466859214137, 77.875, 318.51521540196967)
[15:36:58] [Server thread/INFO]: A11y_UwU joined the game
[15:36:58] [Netty Server IO #2/INFO]: Player A11y_UwU joined with a matching carpet client
[15:58:43] [Server thread/WARN]: Fetching packet for removed entity class_1542['Air'/1052364, l='ServerLevel[world]', x=-464.74, y=61.00, z=362.18]
[15:59:53] [Server thread/INFO]: A11y_UwU lost connection: Disconnected
[15:59:53] [Server thread/INFO]: A11y_UwU left the game
[16:02:51] [User Authenticator #11/INFO]: UUID of player A11y_UwU is cdf70681-d8c8-4cdb-9b1a-97a236ce8b1a
[16:02:51] [Server thread/INFO]: A11y_UwU[/127.0.0.1:58922] logged in with entity id 1059105 at (-415.09914400585336, 76.0, 314.91521180980857)
[16:02:51] [Server thread/INFO]: A11y_UwU joined the game
[16:02:51] [Netty Server IO #6/INFO]: Player A11y_UwU joined with a matching carpet client
[16:03:22] [Server thread/WARN]: Fetching packet for removed entity class_1542['Air'/1060494, l='ServerLevel[world]', x=-458.30, y=61.00, z=363.70]
[16:03:52] [Server thread/WARN]: Fetching packet for removed entity class_1542['Air'/1061393, l='ServerLevel[world]', x=-462.17, y=76.00, z=287.24]
[16:05:09] [Server thread/INFO]: A11y_UwU lost connection: Disconnected
[16:05:09] [Server thread/INFO]: A11y_UwU left the game
[16:06:11] [User Authenticator #12/INFO]: UUID of player A11y_UwU is cdf70681-d8c8-4cdb-9b1a-97a236ce8b1a
[16:06:11] [Server thread/INFO]: A11y_UwU[/127.0.0.1:58946] logged in with entity id 1065314 at (-421.2881852439547, 77.0, 316.26628013572554)
[16:06:11] [Server thread/INFO]: A11y_UwU joined the game
[16:06:12] [Netty Server IO #1/INFO]: Player A11y_UwU joined with a matching carpet client
[16:10:50] [Server thread/WARN]: Fetching packet for removed entity class_1542['Gold Nugget'/1074340, l='ServerLevel[world]', x=-291.13, y=222.28, z=113.19]
[16:18:27] [Server thread/WARN]: Fetching packet for removed entity class_1542['Air'/1083486, l='ServerLevel[world]', x=-464.73, y=61.00, z=361.38]
[16:20:04] [Server thread/WARN]: Fetching packet for removed entity class_1542['Air'/1086227, l='ServerLevel[world]', x=-468.72, y=61.00, z=357.56]
[16:24:04] [Server thread/INFO]: A11y_UwU lost connection: Disconnected
[16:24:04] [Server thread/INFO]: A11y_UwU left the game
[16:24:50] [User Authenticator #13/INFO]: UUID of player A11y_UwU is cdf70681-d8c8-4cdb-9b1a-97a236ce8b1a
[16:24:50] [Server thread/INFO]: A11y_UwU[/127.0.0.1:59028] logged in with entity id 1094446 at (-419.2078893300487, 75.0, 342.14207571226814)
[16:24:50] [Server thread/INFO]: A11y_UwU joined the game
[16:24:50] [Netty Server IO #4/INFO]: Player A11y_UwU joined with a matching carpet client
[16:31:28] [Server thread/WARN]: Fetching packet for removed entity class_1542['Air'/1106586, l='ServerLevel[world]', x=-291.73, y=253.00, z=109.22]
[16:41:05] [Server thread/INFO]: A11y_UwU lost connection: Disconnected
[16:41:05] [Server thread/INFO]: A11y_UwU left the game
[17:27:19] [User Authenticator #14/INFO]: UUID of player A11y_UwU is cdf70681-d8c8-4cdb-9b1a-97a236ce8b1a
[17:27:19] [Server thread/INFO]: A11y_UwU[/127.0.0.1:59297] logged in with entity id 1199190 at (-432.5, 84.5, 326.5)
[17:27:19] [Server thread/INFO]: A11y_UwU joined the game
[17:27:20] [Netty Server IO #0/INFO]: Player A11y_UwU joined with a matching carpet client
[17:39:17] [Server thread/WARN]: Fetching packet for removed entity class_1542['Air'/1221067, l='ServerLevel[world]', x=-457.80, y=76.00, z=271.61]
[17:55:18] [Server thread/INFO]: A11y_UwU lost connection: Disconnected
[17:55:18] [Server thread/INFO]: A11y_UwU left the game
