[22:27:27] [main/INFO]: Loading for game Minecraft 1.16.4
[22:27:27] [ForkJoinPool-1-worker-1/WARN]: The mod "autoconfig1u" contains invalid entries in its mod json:
- Unsupported root entry "$schema" at line 2 column 14
[22:27:28] [main/INFO]: [FabricLoader] Loading 47 mods: fabric-screen-handler-api-v1@1.1.0+8724984195, minecraft@1.16.4, fabric-renderer-api-v1@0.3.3+a4467d2a95, fabric-networking-blockentity-v0@0.2.5+b50ffc7b95, fabric-keybindings-v0@0.2.0+3fa9f7c595, cloth-basic-math@0.5.1, fabric-command-api-v1@1.0.9+a4467d2a95, fabricloader@0.10.6+build.214, fabric-tool-attribute-api-v1@1.2.4+2b46237995, fabric-structure-api-v1@1.1.0+f8ac1db295, fabric-renderer-indigo@0.4.3+a4467d2a95, fabric-containers-v0@0.1.8+045df74f95, fabric-object-builder-api-v1@1.9.2+a89534ab95, fabric-crash-report-info-v1@0.1.2+b7f9825d95, fabric-events-interaction-v0@0.4.1+f8ac1db295, fabric-item-api-v1@1.2.0+f8ac1db295, fabric-game-rule-api-v1@1.0.3+a4467d2a95, fabric-api-base@0.2.0+9f0fb4b895, fabric-rendering-v0@1.1.1+f8ac1db295, fabric-rendering-v1@1.3.1+f8ac1db295, fabric-key-binding-api-v1@1.0.1+730711c695, cloth-config2@4.8.1, fabric-rendering-data-attachment-v1@0.1.4+f8ac1db295, autoconfig1u@3.2.2, fabric-resource-loader-v0@0.3.1+facf3bbf95, cloth-dynamic-registry-api-v1@1.4.8, fabric-textures-v0@1.0.5+a4467d2a95, fabric-content-registries-v0@0.1.9+059ea86695, fabric-tag-extensions-v0@1.0.3+ac8e8c5995, fabric-biome-api-v1@3.0.0+8367596d95, fabric-rendering-fluids-v1@0.1.12+f8ac1db295, fabric-commands-v0@0.2.0+52d3083695, fabric-registry-sync-v0@0.6.1+a4467d2a95, fabric-blockrenderlayer-v1@1.1.4+c6a8ea8995, vanillaenhanced@1.3.0, fabric-lifecycle-events-v1@1.2.0+74cc3b2095, fabric-mining-levels-v0@0.1.2+b764ce9995, fabric-renderer-registries-v1@2.2.0+f8ac1db295, fabric-loot-tables-v1@1.0.1+432ea18895, fabric-events-lifecycle-v0@0.2.0+16acbe5b95, fabric@0.25.0+build.415-1.16, carpet@1.4.12, fabric-particles-v1@0.2.2+fb0d9b0e95, fabric-models-v0@0.1.1+f8ac1db295, fabric-item-groups-v0@0.2.1+a4467d2a95, fabric-object-builders-v0@0.7.1+a4467d2a95, fabric-networking-v0@0.1.10+e00ecb5f95
[22:27:28] [main/INFO]: SpongePowered MIXIN Subsystem Version=0.8.2 Source=file:/C:/Users/bjartur2004/gits/Raudrofur/server%20-1.16.4%20carpetmod/fabric-server-launch.jar Service=Knot/Fabric Env=SERVER
[22:27:36] [main/INFO]: [VanillaEnhanced] Hello there.
[22:27:37] [main/INFO]: Environment: authHost='https://authserver.mojang.com', accountsHost='https://api.mojang.com', sessionHost='https://sessionserver.mojang.com', servicesHost='https://api.minecraftservices.com', name='PROD'
[22:27:37] [main/WARN]: Ambiguity between arguments [teleport, destination] and [teleport, targets] with inputs: [Player, 0123, @e, dd12be42-52a9-4a91-a8a1-11c01849e498]
[22:27:37] [main/WARN]: Ambiguity between arguments [teleport, location] and [teleport, destination] with inputs: [0.1 -0.5 .9, 0 0 0]
[22:27:37] [main/WARN]: Ambiguity between arguments [teleport, location] and [teleport, targets] with inputs: [0.1 -0.5 .9, 0 0 0]
[22:27:37] [main/WARN]: Ambiguity between arguments [teleport, targets] and [teleport, destination] with inputs: [Player, 0123, dd12be42-52a9-4a91-a8a1-11c01849e498]
[22:27:37] [main/WARN]: Ambiguity between arguments [teleport, targets, location] and [teleport, targets, destination] with inputs: [0.1 -0.5 .9, 0 0 0]
[22:27:37] [main/INFO]: Reloading ResourceManager: Default, Fabric Tool Attribute API (v1), VanillaEnhanced
[22:27:39] [Worker-Main-5/INFO]: Loaded 7 recipes
[22:27:39] [Worker-Main-5/INFO]: Loaded 927 advancements
[22:27:40] [main/INFO]: Applied 0 biome modifications to 0 of 85 new biomes in 1.350 ms
[22:27:40] [Server thread/INFO]: Starting minecraft server version 1.16.4
[22:27:40] [Server thread/INFO]: Loading properties
[22:27:40] [Server thread/INFO]: Default game type: SURVIVAL
[22:27:40] [Server thread/INFO]: Generating keypair
[22:27:40] [Server thread/INFO]: Starting Minecraft server on *:25565
[22:27:40] [Server thread/INFO]: Using default channel type
[22:27:42] [Server thread/INFO]: Preparing level "world"
[22:27:42] [Server thread/INFO]: [CM]: loaded setting huskSpawningInTemples as true from carpet.conf
[22:27:42] [Server thread/INFO]: [CM]: loaded setting renewableCoral as true from carpet.conf
[22:27:42] [Server thread/INFO]: [CM]: loaded setting shulkerSpawningInEndCities as true from carpet.conf
[22:27:42] [Server thread/INFO]: [CM]: loaded setting stackableShulkerBoxes as true from carpet.conf
[22:27:42] [Server thread/INFO]: [CM]: loaded setting onePlayerSleeping as true from carpet.conf
[22:27:42] [Server thread/INFO]: [CM]: loaded setting combineXPOrbs as true from carpet.conf
[22:27:42] [Server thread/INFO]: [CM]: loaded setting commandTick as ops from carpet.conf
[22:27:42] [Server thread/INFO]: [CM]: loaded setting fastRedstoneDust as true from carpet.conf
[22:27:42] [Server thread/INFO]: [CM]: loaded setting rotatorBlock as true from carpet.conf
[22:27:42] [Server thread/INFO]: [CM]: loaded setting renewableBlackstone as true from carpet.conf
[22:27:42] [Server thread/INFO]: [CM]: loaded setting renewableSponges as true from carpet.conf
[22:27:42] [Server thread/INFO]: [CM]: loaded setting portalSurvivalDelay as 1 from carpet.conf
[22:27:42] [Server thread/INFO]: [CM]: loaded setting commandScript as ops from carpet.conf
[22:27:42] [Server thread/INFO]: [CM]: loaded setting desertShrubs as true from carpet.conf
[22:27:42] [Server thread/INFO]: [CM]: loaded setting persistentParrots as true from carpet.conf
[22:27:42] [Server thread/INFO]: [CM]: loaded setting flippinCactus as true from carpet.conf
[22:27:42] [Server thread/INFO]: [CM]: loaded setting lagFreeSpawning as true from carpet.conf
[22:27:42] [Server thread/INFO]: [CM]: loaded setting maxEntityCollisions as 2 from carpet.conf
[22:27:42] [Server thread/INFO]: [CM]: loaded setting movableBlockEntities as true from carpet.conf
[22:27:42] [Server thread/INFO]: Preparing start region for dimension minecraft:overworld
[22:27:43] [Server thread/INFO]: Preparing spawn area: 0%
[22:27:43] [Server thread/INFO]: Preparing spawn area: 0%
[22:27:43] [Server thread/INFO]: Preparing spawn area: 0%
[22:27:43] [Server thread/INFO]: Preparing spawn area: 88%
[22:27:44] [Server thread/INFO]: Time elapsed: 1739 ms
[22:27:44] [Server thread/INFO]: Done (1.985s)! For help, type "help"
[22:27:47] [User Authenticator #1/INFO]: UUID of player Kallakalli is 63bdcd1e-6da4-4658-bd01-d03350588ebf
[22:27:48] [Server thread/INFO]: Kallakalli[/89.160.244.150:51614] logged in with entity id 189 at (-255.14448173496135, 67.17675927506424, 627.617936307245)
[22:27:48] [Server thread/INFO]: Kallakalli joined the game
[22:27:53] [Server thread/INFO]: Current tps is: 20.0
[22:27:56] [User Authenticator #2/INFO]: UUID of player SKAF_PathFinder is 9028ab8d-5e35-442a-a961-4e2492618936
[22:27:57] [Server thread/INFO]: SKAF_PathFinder[/85.220.31.107:58267] logged in with entity id 445 at (-252.80479991484438, 65.0, 631.7169626071034)
[22:27:57] [Server thread/INFO]: SKAF_PathFinder joined the game
[22:28:21] [User Authenticator #3/INFO]: UUID of player A11y_UwU is cdf70681-d8c8-4cdb-9b1a-97a236ce8b1a
[22:28:21] [Server thread/INFO]: A11y_UwU[/127.0.0.1:57089] logged in with entity id 481 at (256.9989218562846, 68.0, 26.055296347281974)
[22:28:21] [Server thread/INFO]: A11y_UwU joined the game
[22:31:12] [Server thread/INFO]: A11y_UwU has made the advancement [Sweet Dreams]
[22:32:49] [Server thread/WARN]: Can't keep up! Is the server overloaded? Running 4993ms or 99 ticks behind
[22:36:44] [Server thread/INFO]: Kallakalli lost connection: Disconnected
[22:36:44] [Server thread/INFO]: Kallakalli left the game
[22:36:48] [User Authenticator #4/INFO]: UUID of player Kallakalli is 63bdcd1e-6da4-4658-bd01-d03350588ebf
[22:36:48] [Server thread/INFO]: Kallakalli[/89.160.244.150:51650] logged in with entity id 4056 at (-132.62237768290402, 67.0, 455.47746578261984)
[22:36:48] [Server thread/INFO]: Kallakalli joined the game
[22:37:51] [Server thread/WARN]: Can't keep up! Is the server overloaded? Running 2851ms or 57 ticks behind
[22:39:03] [Server thread/INFO]: Kallakalli has made the advancement [Best Friends Forever]
[22:42:58] [Server thread/WARN]: Can't keep up! Is the server overloaded? Running 7097ms or 141 ticks behind
[22:43:30] [Server thread/INFO]: SKAF_PathFinder has made the advancement [Hot Stuff]
[22:48:03] [Server thread/WARN]: Mismatch in destroy block pos: class_2338{x=252, y=67, z=15} class_2338{x=252, y=68, z=14}
[22:48:03] [Server thread/WARN]: Can't keep up! Is the server overloaded? Running 4159ms or 83 ticks behind
[22:48:40] [Server thread/INFO]: SKAF_PathFinder has made the advancement [We Need to Go Deeper]
[22:48:40] [Server thread/WARN]: Can't keep up! Is the server overloaded? Running 2114ms or 42 ticks behind
[22:51:16] [Server thread/INFO]: SKAF_PathFinder has made the advancement [Those Were the Days]
[22:52:18] [Server thread/INFO]: A11y_UwU lost connection: Disconnected
[22:52:18] [Server thread/INFO]: A11y_UwU left the game
[22:52:58] [Server thread/INFO]: SKAF_PathFinder has made the advancement [War Pigs]
[22:53:08] [Server thread/WARN]: Can't keep up! Is the server overloaded? Running 2889ms or 57 ticks behind
[22:55:08] [Server thread/WARN]: Can't keep up! Is the server overloaded? Running 2036ms or 40 ticks behind
[22:55:29] [Server thread/WARN]: Can't keep up! Is the server overloaded? Running 5651ms or 113 ticks behind
[22:55:47] [Server thread/WARN]: Can't keep up! Is the server overloaded? Running 2701ms or 54 ticks behind
[22:57:46] [Server thread/INFO]: SKAF_PathFinder was slain by Piglin Brute
[22:58:02] [Server thread/INFO]: SKAF_PathFinder lost connection: Disconnected
[22:58:02] [Server thread/INFO]: SKAF_PathFinder left the game
[23:08:06] [Server thread/INFO]: Kallakalli lost connection: Disconnected
[23:08:06] [Server thread/INFO]: Kallakalli left the game
[23:53:01] [User Authenticator #5/INFO]: UUID of player A11y_UwU is cdf70681-d8c8-4cdb-9b1a-97a236ce8b1a
[23:53:02] [Server thread/INFO]: A11y_UwU[/127.0.0.1:62090] logged in with entity id 13266 at (228.7644779718848, 67.0, -8.026607141542486)
[23:53:02] [Server thread/INFO]: A11y_UwU joined the game
[23:53:04] [Netty Server IO #4/INFO]: Player A11y_UwU joined with a matching carpet client
[23:53:05] [Server thread/INFO]: A11y_UwU lost connection: Disconnected
[23:53:05] [Server thread/INFO]: A11y_UwU left the game
