[23:44:52] [main/INFO]: Loading for game Minecraft 1.16.4
[23:44:53] [ForkJoinPool-1-worker-2/WARN]: The mod "autoconfig1u" contains invalid entries in its mod json:
- Unsupported root entry "$schema" at line 2 column 14
[23:44:53] [main/INFO]: [FabricLoader] Loading 48 mods: fabric-renderer-api-v1@0.3.3+a4467d2a95, fabric-screen-handler-api-v1@1.1.0+8724984195, fabric-networking-blockentity-v0@0.2.5+b50ffc7b95, minecraft@1.16.4, fabric-keybindings-v0@0.2.0+3fa9f7c595, cloth-basic-math@0.5.1, fabric-command-api-v1@1.0.9+a4467d2a95, fabricloader@0.10.6+build.214, fabric-tool-attribute-api-v1@1.2.4+2b46237995, fabric-structure-api-v1@1.1.0+f8ac1db295, fabric-renderer-indigo@0.4.3+a4467d2a95, fabric-containers-v0@0.1.8+045df74f95, fabric-object-builder-api-v1@1.9.2+a89534ab95, fabric-events-interaction-v0@0.4.1+f8ac1db295, fabric-crash-report-info-v1@0.1.2+b7f9825d95, fabric-item-api-v1@1.2.0+f8ac1db295, fabric-game-rule-api-v1@1.0.3+a4467d2a95, fabric-api-base@0.2.0+9f0fb4b895, fabric-rendering-v0@1.1.1+f8ac1db295, fabric-key-binding-api-v1@1.0.1+730711c695, fabric-rendering-v1@1.3.1+f8ac1db295, cloth-config2@4.8.1, fabric-rendering-data-attachment-v1@0.1.4+f8ac1db295, autoconfig1u@3.2.2, fabric-resource-loader-v0@0.3.1+facf3bbf95, cloth-dynamic-registry-api-v1@1.4.8, fabric-textures-v0@1.0.5+a4467d2a95, fabric-content-registries-v0@0.1.9+059ea86695, fabric-tag-extensions-v0@1.0.3+ac8e8c5995, fabric-rendering-fluids-v1@0.1.12+f8ac1db295, fabric-biome-api-v1@3.0.0+8367596d95, fabric-commands-v0@0.2.0+52d3083695, fabric-registry-sync-v0@0.6.1+a4467d2a95, fabric-blockrenderlayer-v1@1.1.4+c6a8ea8995, fabric-lifecycle-events-v1@1.2.0+74cc3b2095, vanillaenhanced@1.3.0, fabric-mining-levels-v0@0.1.2+b764ce9995, fabric-renderer-registries-v1@2.2.0+f8ac1db295, carpet-extra@1.4.14, fabric-loot-tables-v1@1.0.1+432ea18895, fabric-events-lifecycle-v0@0.2.0+16acbe5b95, fabric@0.25.0+build.415-1.16, carpet@1.4.12, fabric-particles-v1@0.2.2+fb0d9b0e95, fabric-models-v0@0.1.1+f8ac1db295, fabric-item-groups-v0@0.2.1+a4467d2a95, fabric-networking-v0@0.1.10+e00ecb5f95, fabric-object-builders-v0@0.7.1+a4467d2a95
[23:44:53] [main/INFO]: SpongePowered MIXIN Subsystem Version=0.8.2 Source=file:/C:/Users/bjartur2004/gits/Raudrofur/server%20-1.16.4%20carpetmod/fabric-server-launch.jar Service=Knot/Fabric Env=SERVER
[23:45:09] [main/INFO]: [VanillaEnhanced] Hello there.
[23:45:10] [main/INFO]: Environment: authHost='https://authserver.mojang.com', accountsHost='https://api.mojang.com', sessionHost='https://sessionserver.mojang.com', servicesHost='https://api.minecraftservices.com', name='PROD'
[23:45:12] [main/WARN]: Ambiguity between arguments [teleport, destination] and [teleport, targets] with inputs: [Player, 0123, @e, dd12be42-52a9-4a91-a8a1-11c01849e498]
[23:45:12] [main/WARN]: Ambiguity between arguments [teleport, location] and [teleport, destination] with inputs: [0.1 -0.5 .9, 0 0 0]
[23:45:12] [main/WARN]: Ambiguity between arguments [teleport, location] and [teleport, targets] with inputs: [0.1 -0.5 .9, 0 0 0]
[23:45:12] [main/WARN]: Ambiguity between arguments [teleport, targets] and [teleport, destination] with inputs: [Player, 0123, dd12be42-52a9-4a91-a8a1-11c01849e498]
[23:45:12] [main/WARN]: Ambiguity between arguments [teleport, targets, location] and [teleport, targets, destination] with inputs: [0.1 -0.5 .9, 0 0 0]
[23:45:12] [main/INFO]: Reloading ResourceManager: Default, Fabric Tool Attribute API (v1), VanillaEnhanced, Tools v. Luki2811, Tools by Luki2811, raudrofur.zip
[23:45:15] [Worker-Main-4/INFO]: Loaded 7 recipes
[23:45:15] [Worker-Main-4/ERROR]: Couldn't load function tag minecraft:tick as it is missing following references: example:loop (from raudrofur.zip)
[23:45:15] [Worker-Main-4/INFO]: Loaded 927 advancements
[23:45:16] [main/INFO]: Applied 0 biome modifications to 0 of 85 new biomes in 3.059 ms
[23:45:17] [Server thread/INFO]: Starting minecraft server version 1.16.4
[23:45:17] [Server thread/INFO]: Loading properties
[23:45:17] [Server thread/INFO]: Default game type: SURVIVAL
[23:45:17] [Server thread/INFO]: Generating keypair
[23:45:17] [Server thread/INFO]: Starting Minecraft server on *:25565
[23:45:17] [Server thread/INFO]: Using default channel type
[23:45:19] [Server thread/INFO]: Preparing level "world"
[23:45:19] [Server thread/INFO]: [CM]: loaded setting carpets as true from carpet.conf
[23:45:19] [Server thread/INFO]: [CM]: loaded setting combineXPOrbs as true from carpet.conf
[23:45:19] [Server thread/INFO]: [CM]: loaded setting fastRedstoneDust as true from carpet.conf
[23:45:19] [Server thread/INFO]: [CM]: loaded setting rotatorBlock as true from carpet.conf
[23:45:19] [Server thread/INFO]: [CM]: loaded setting renewableBlackstone as true from carpet.conf
[23:45:19] [Server thread/INFO]: [CM]: loaded setting renewableSponges as true from carpet.conf
[23:45:19] [Server thread/INFO]: [CM]: loaded setting desertShrubs as true from carpet.conf
[23:45:19] [Server thread/INFO]: [CM]: loaded setting missingTools as true from carpet.conf
[23:45:19] [Server thread/INFO]: [CM]: loaded setting hopperCounters as true from carpet.conf
[23:45:19] [Server thread/INFO]: [CM]: loaded setting maxEntityCollisions as 2 from carpet.conf
[23:45:19] [Server thread/INFO]: [CM]: loaded setting commandSpawn as true from carpet.conf
[23:45:19] [Server thread/INFO]: [CM]: loaded setting movableBlockEntities as true from carpet.conf
[23:45:19] [Server thread/INFO]: [CM]: loaded setting accurateBlockPlacement as true from carpet.conf
[23:45:19] [Server thread/INFO]: [CM]: loaded setting huskSpawningInTemples as true from carpet.conf
[23:45:19] [Server thread/INFO]: [CM]: loaded setting renewableCoral as true from carpet.conf
[23:45:20] [Server thread/INFO]: [CM]: loaded setting shulkerSpawningInEndCities as true from carpet.conf
[23:45:20] [Server thread/INFO]: [CM]: loaded setting stackableShulkerBoxes as true from carpet.conf
[23:45:20] [Server thread/INFO]: [CM]: loaded setting onePlayerSleeping as true from carpet.conf
[23:45:20] [Server thread/INFO]: [CM]: loaded setting dispenserPlacesBlocks as true from carpet.conf
[23:45:20] [Server thread/INFO]: [CM]: loaded setting commandTick as ops from carpet.conf
[23:45:20] [Server thread/INFO]: [CM]: loaded setting commandDraw as false from carpet.conf
[23:45:20] [Server thread/INFO]: [CM]: loaded setting portalSurvivalDelay as 1 from carpet.conf
[23:45:20] [Server thread/INFO]: [CM]: loaded setting commandScript as false from carpet.conf
[23:45:20] [Server thread/INFO]: [CM]: loaded setting persistentParrots as true from carpet.conf
[23:45:20] [Server thread/INFO]: [CM]: loaded setting flippinCactus as true from carpet.conf
[23:45:20] [Server thread/INFO]: [CM]: loaded setting lagFreeSpawning as true from carpet.conf
[23:45:20] [Server thread/INFO]: Preparing start region for dimension minecraft:overworld
[23:45:21] [Server thread/INFO]: Preparing spawn area: 0%
[23:45:21] [Server thread/INFO]: Preparing spawn area: 0%
[23:45:21] [Server thread/INFO]: Preparing spawn area: 0%
[23:45:21] [Server thread/INFO]: Preparing spawn area: 0%
[23:45:22] [Server thread/INFO]: Preparing spawn area: 48%
[23:45:24] [Server thread/INFO]: Time elapsed: 4556 ms
[23:45:24] [Server thread/INFO]: Done (5.324s)! For help, type "help"
[23:45:29] [User Authenticator #1/INFO]: UUID of player A11y_UwU is cdf70681-d8c8-4cdb-9b1a-97a236ce8b1a
[23:45:29] [Server thread/INFO]: A11y_UwU[/127.0.0.1:50813] logged in with entity id 74 at (-1090.9232883130971, 65.0, 255.87970487785873)
[23:45:30] [Server thread/INFO]: A11y_UwU joined the game
[23:45:30] [Netty Server IO #1/INFO]: Player A11y_UwU joined with a matching carpet client
[23:45:31] [Server thread/WARN]: Can't keep up! Is the server overloaded? Running 2119ms or 42 ticks behind
[23:45:50] [Server thread/WARN]: Can't keep up! Is the server overloaded? Running 3699ms or 73 ticks behind
[23:48:00] [Server thread/WARN]: Fetching packet for removed entity class_1542['Air'/1937, l='ServerLevel[world]', x=-461.34, y=76.00, z=288.17]
[23:50:32] [Server thread/WARN]: A11y_UwU moved too quickly! -10.133746464218348,-5.3740796301921705,-13.114625179548
[23:58:33] [User Authenticator #2/INFO]: UUID of player togga99 is 3df4725c-55ba-4ca9-a0cd-b0aaef0d3d0a
[23:58:34] [Server thread/INFO]: togga99[/89.160.212.94:51846] logged in with entity id 4622 at (-459.78173123068285, 73.8500000178814, 402.9147055476207)
[23:58:34] [Server thread/INFO]: togga99 joined the game
