[19:49:01] [main/INFO]: Loading for game Minecraft 1.16.4
[19:49:01] [ForkJoinPool-1-worker-1/WARN]: The mod "autoconfig1u" contains invalid entries in its mod json:
- Unsupported root entry "$schema" at line 2 column 14
[19:49:01] [main/INFO]: [FabricLoader] Loading 48 mods: fabric-renderer-api-v1@0.3.3+a4467d2a95, minecraft@1.16.4, fabric-screen-handler-api-v1@1.1.0+8724984195, fabric-networking-blockentity-v0@0.2.5+b50ffc7b95, fabric-keybindings-v0@0.2.0+3fa9f7c595, cloth-basic-math@0.5.1, fabric-command-api-v1@1.0.9+a4467d2a95, fabricloader@0.10.6+build.214, fabric-tool-attribute-api-v1@1.2.4+2b46237995, fabric-structure-api-v1@1.1.0+f8ac1db295, fabric-renderer-indigo@0.4.3+a4467d2a95, fabric-containers-v0@0.1.8+045df74f95, fabric-object-builder-api-v1@1.9.2+a89534ab95, fabric-crash-report-info-v1@0.1.2+b7f9825d95, fabric-events-interaction-v0@0.4.1+f8ac1db295, fabric-item-api-v1@1.2.0+f8ac1db295, fabric-game-rule-api-v1@1.0.3+a4467d2a95, fabric-api-base@0.2.0+9f0fb4b895, fabric-rendering-v0@1.1.1+f8ac1db295, fabric-rendering-v1@1.3.1+f8ac1db295, fabric-key-binding-api-v1@1.0.1+730711c695, cloth-config2@4.8.1, fabric-rendering-data-attachment-v1@0.1.4+f8ac1db295, autoconfig1u@3.2.2, fabric-resource-loader-v0@0.3.1+facf3bbf95, cloth-dynamic-registry-api-v1@1.4.8, fabric-textures-v0@1.0.5+a4467d2a95, fabric-content-registries-v0@0.1.9+059ea86695, fabric-tag-extensions-v0@1.0.3+ac8e8c5995, fabric-rendering-fluids-v1@0.1.12+f8ac1db295, fabric-biome-api-v1@3.0.0+8367596d95, fabric-registry-sync-v0@0.6.1+a4467d2a95, fabric-commands-v0@0.2.0+52d3083695, fabric-blockrenderlayer-v1@1.1.4+c6a8ea8995, fabric-lifecycle-events-v1@1.2.0+74cc3b2095, vanillaenhanced@1.3.0, fabric-mining-levels-v0@0.1.2+b764ce9995, fabric-renderer-registries-v1@2.2.0+f8ac1db295, fabric-loot-tables-v1@1.0.1+432ea18895, carpet-extra@1.4.14, fabric-events-lifecycle-v0@0.2.0+16acbe5b95, fabric@0.25.0+build.415-1.16, carpet@1.4.12, fabric-particles-v1@0.2.2+fb0d9b0e95, fabric-models-v0@0.1.1+f8ac1db295, fabric-item-groups-v0@0.2.1+a4467d2a95, fabric-networking-v0@0.1.10+e00ecb5f95, fabric-object-builders-v0@0.7.1+a4467d2a95
[19:49:02] [main/INFO]: SpongePowered MIXIN Subsystem Version=0.8.2 Source=file:/C:/Users/bjartur2004/gits/Raudrofur/server%20-1.16.4%20carpetmod/fabric-server-launch.jar Service=Knot/Fabric Env=SERVER
[19:49:14] [main/INFO]: [VanillaEnhanced] Hello there.
[19:49:15] [main/INFO]: Environment: authHost='https://authserver.mojang.com', accountsHost='https://api.mojang.com', sessionHost='https://sessionserver.mojang.com', servicesHost='https://api.minecraftservices.com', name='PROD'
[19:49:16] [main/WARN]: Ambiguity between arguments [teleport, destination] and [teleport, targets] with inputs: [Player, 0123, @e, dd12be42-52a9-4a91-a8a1-11c01849e498]
[19:49:17] [main/WARN]: Ambiguity between arguments [teleport, location] and [teleport, destination] with inputs: [0.1 -0.5 .9, 0 0 0]
[19:49:17] [main/WARN]: Ambiguity between arguments [teleport, location] and [teleport, targets] with inputs: [0.1 -0.5 .9, 0 0 0]
[19:49:17] [main/WARN]: Ambiguity between arguments [teleport, targets] and [teleport, destination] with inputs: [Player, 0123, dd12be42-52a9-4a91-a8a1-11c01849e498]
[19:49:17] [main/WARN]: Ambiguity between arguments [teleport, targets, location] and [teleport, targets, destination] with inputs: [0.1 -0.5 .9, 0 0 0]
[19:49:17] [main/INFO]: Reloading ResourceManager: Default, Fabric Tool Attribute API (v1), VanillaEnhanced
[19:49:19] [Worker-Main-6/INFO]: Loaded 7 recipes
[19:49:20] [Worker-Main-6/INFO]: Loaded 927 advancements
[19:49:21] [main/INFO]: Applied 0 biome modifications to 0 of 85 new biomes in 2.936 ms
[19:49:21] [Server thread/INFO]: Starting minecraft server version 1.16.4
[19:49:21] [Server thread/INFO]: Loading properties
[19:49:21] [Server thread/INFO]: Default game type: SURVIVAL
[19:49:21] [Server thread/INFO]: Generating keypair
[19:49:21] [Server thread/INFO]: Starting Minecraft server on *:25565
[19:49:21] [Server thread/INFO]: Using default channel type
[19:49:23] [Server thread/INFO]: Preparing level "world"
[19:49:23] [Server thread/INFO]: [CM]: loaded setting carpets as true from carpet.conf
[19:49:23] [Server thread/INFO]: [CM]: loaded setting huskSpawningInTemples as true from carpet.conf
[19:49:23] [Server thread/INFO]: [CM]: loaded setting renewableCoral as true from carpet.conf
[19:49:23] [Server thread/INFO]: [CM]: loaded setting shulkerSpawningInEndCities as true from carpet.conf
[19:49:23] [Server thread/INFO]: [CM]: loaded setting stackableShulkerBoxes as true from carpet.conf
[19:49:23] [Server thread/INFO]: [CM]: loaded setting onePlayerSleeping as true from carpet.conf
[19:49:23] [Server thread/INFO]: [CM]: loaded setting combineXPOrbs as true from carpet.conf
[19:49:23] [Server thread/INFO]: [CM]: loaded setting dispenserPlacesBlocks as true from carpet.conf
[19:49:23] [Server thread/INFO]: [CM]: loaded setting commandTick as ops from carpet.conf
[19:49:23] [Server thread/INFO]: [CM]: loaded setting fastRedstoneDust as true from carpet.conf
[19:49:23] [Server thread/INFO]: [CM]: loaded setting commandDraw as false from carpet.conf
[19:49:23] [Server thread/INFO]: [CM]: loaded setting rotatorBlock as true from carpet.conf
[19:49:23] [Server thread/INFO]: [CM]: loaded setting renewableBlackstone as true from carpet.conf
[19:49:23] [Server thread/INFO]: [CM]: loaded setting renewableSponges as true from carpet.conf
[19:49:23] [Server thread/INFO]: [CM]: loaded setting portalSurvivalDelay as 1 from carpet.conf
[19:49:23] [Server thread/INFO]: [CM]: loaded setting commandScript as false from carpet.conf
[19:49:23] [Server thread/INFO]: [CM]: loaded setting desertShrubs as true from carpet.conf
[19:49:23] [Server thread/INFO]: [CM]: loaded setting persistentParrots as true from carpet.conf
[19:49:23] [Server thread/INFO]: [CM]: loaded setting hopperCounters as true from carpet.conf
[19:49:23] [Server thread/INFO]: [CM]: loaded setting flippinCactus as true from carpet.conf
[19:49:23] [Server thread/INFO]: [CM]: loaded setting lagFreeSpawning as true from carpet.conf
[19:49:23] [Server thread/INFO]: [CM]: loaded setting maxEntityCollisions as 2 from carpet.conf
[19:49:23] [Server thread/INFO]: [CM]: loaded setting commandSpawn as false from carpet.conf
[19:49:23] [Server thread/INFO]: [CM]: loaded setting movableBlockEntities as true from carpet.conf
[19:49:23] [Server thread/INFO]: Preparing start region for dimension minecraft:overworld
[19:49:25] [Server thread/INFO]: Preparing spawn area: 0%
[19:49:25] [Server thread/INFO]: Preparing spawn area: 0%
[19:49:25] [Server thread/INFO]: Preparing spawn area: 0%
[19:49:25] [Server thread/INFO]: Preparing spawn area: 0%
[19:49:25] [Server thread/INFO]: Preparing spawn area: 50%
[19:49:26] [Server thread/INFO]: Time elapsed: 2744 ms
[19:49:26] [Server thread/INFO]: Done (3.457s)! For help, type "help"
[20:02:21] [User Authenticator #1/INFO]: UUID of player A11y_UwU is cdf70681-d8c8-4cdb-9b1a-97a236ce8b1a
[20:02:22] [Server thread/INFO]: A11y_UwU[/127.0.0.1:65169] logged in with entity id 107 at (-652.2515558411304, 11.0, 354.5224356649086)
[20:02:22] [Server thread/INFO]: A11y_UwU joined the game
[20:02:26] [Netty Server IO #6/INFO]: Player A11y_UwU joined with a matching carpet client
[20:03:28] [Server thread/WARN]: Can't keep up! Is the server overloaded? Running 2293ms or 45 ticks behind
[20:13:14] [Server thread/INFO]: Iron[local] logged in with entity id 2423 at (-457.69999998807907, 74.0, 300.3047576988767)
[20:13:14] [Server thread/INFO]: Iron joined the game
[20:14:06] [Server thread/WARN]: Fetching packet for removed entity class_1542['Air'/2557, l='ServerLevel[world]', x=-461.99, y=76.00, z=287.70]
[20:14:06] [Server thread/WARN]: Fetching packet for removed entity class_1542['Air'/2557, l='ServerLevel[world]', x=-461.99, y=76.00, z=287.70]
[20:16:38] [Server thread/WARN]: Fetching packet for removed entity class_1542['Air'/3013, l='ServerLevel[world]', x=-462.17, y=76.00, z=286.83]
[20:16:38] [Server thread/WARN]: Fetching packet for removed entity class_1542['Air'/3013, l='ServerLevel[world]', x=-462.17, y=76.00, z=286.83]
[20:21:32] [Server thread/INFO]: A11y_UwU lost connection: Disconnected
[20:21:32] [Server thread/INFO]: A11y_UwU left the game
[20:25:10] [User Authenticator #2/INFO]: UUID of player A11y_UwU is cdf70681-d8c8-4cdb-9b1a-97a236ce8b1a
[20:25:10] [Server thread/INFO]: A11y_UwU[/127.0.0.1:65220] logged in with entity id 4560 at (-459.61121499922524, 78.1212968405392, 270.80901889022795)
[20:25:10] [Server thread/INFO]: A11y_UwU joined the game
[20:25:13] [Netty Server IO #1/INFO]: Player A11y_UwU joined with a matching carpet client
[20:38:19] [Server thread/WARN]: Fetching packet for removed entity class_1542['Air'/7465, l='ServerLevel[world]', x=-461.35, y=76.00, z=288.17]
[20:38:19] [Server thread/WARN]: Fetching packet for removed entity class_1542['Air'/7465, l='ServerLevel[world]', x=-461.35, y=76.00, z=288.17]
[20:40:37] [Server thread/WARN]: Fetching packet for removed entity class_1542['Air'/7818, l='ServerLevel[world]', x=-461.72, y=76.00, z=288.17]
[20:40:37] [Server thread/WARN]: Fetching packet for removed entity class_1542['Air'/7818, l='ServerLevel[world]', x=-461.72, y=76.00, z=288.17]
[20:54:18] [Server thread/WARN]: Fetching packet for removed entity class_1542['Air'/10422, l='ServerLevel[world]', x=-462.12, y=76.00, z=287.71]
[20:54:18] [Server thread/WARN]: Fetching packet for removed entity class_1542['Air'/10422, l='ServerLevel[world]', x=-462.12, y=76.00, z=287.71]
[20:54:39] [Server thread/INFO]: [A11y_UwU: Gamerule randomTickSpeed is now set to: 100]
[20:56:01] [Server thread/INFO]: [A11y_UwU: Gamerule randomTickSpeed is now set to: 3]
[21:15:26] [Server thread/INFO]: [A11y_UwU: Gave 64 [Block of Iron] to A11y_UwU]
[21:17:02] [Server thread/INFO]: A11y_UwU lost connection: Disconnected
[21:17:02] [Server thread/INFO]: A11y_UwU left the game
[21:33:46] [Server thread/WARN]: Fetching packet for removed entity class_1542['Air'/18132, l='ServerLevel[world]', x=-462.17, y=76.00, z=288.17]
[21:34:34] [Server thread/WARN]: Fetching packet for removed entity class_1542['Air'/18227, l='ServerLevel[world]', x=-461.67, y=76.00, z=288.17]
[21:34:53] [Server thread/WARN]: Fetching packet for removed entity class_1542['Air'/18272, l='ServerLevel[world]', x=-461.69, y=76.00, z=286.83]
[21:36:58] [Server thread/WARN]: Fetching packet for removed entity class_1542['Air'/18549, l='ServerLevel[world]', x=-461.26, y=76.00, z=286.83]
[21:38:36] [Server thread/WARN]: Fetching packet for removed entity class_1542['Air'/18765, l='ServerLevel[world]', x=-462.17, y=76.00, z=286.83]
[21:47:04] [Server thread/WARN]: Fetching packet for removed entity class_1542['Air'/19888, l='ServerLevel[world]', x=-460.83, y=76.00, z=287.27]
[21:55:21] [Server thread/WARN]: Fetching packet for removed entity class_1542['Air'/21016, l='ServerLevel[world]', x=-460.83, y=76.00, z=288.17]
[22:00:27] [Server thread/WARN]: Fetching packet for removed entity class_1542['Air'/21705, l='ServerLevel[world]', x=-460.84, y=76.00, z=286.92]
[22:10:05] [Server thread/WARN]: Fetching packet for removed entity class_1542['Air'/22939, l='ServerLevel[world]', x=-461.67, y=76.00, z=287.31]
[22:11:49] [User Authenticator #3/INFO]: UUID of player A11y_UwU is cdf70681-d8c8-4cdb-9b1a-97a236ce8b1a
[22:11:49] [Server thread/INFO]: A11y_UwU[/127.0.0.1:65518] logged in with entity id 23165 at (-414.8350680362897, 33.0, 649.6304662499823)
[22:11:49] [Server thread/INFO]: A11y_UwU joined the game
[22:11:49] [Netty Server IO #4/INFO]: Player A11y_UwU joined with a matching carpet client
[22:19:00] [Server thread/WARN]: Fetching packet for removed entity class_1542['Air'/25046, l='ServerLevel[world]', x=-460.83, y=76.00, z=287.23]
[22:19:43] [Server thread/INFO]: A11y_UwU has made the advancement [Enchanter]
[22:26:32] [Server thread/WARN]: Fetching packet for removed entity class_1542['Air'/26845, l='ServerLevel[world]', x=-461.46, y=76.00, z=287.11]
[22:40:20] [Server thread/INFO]: [A11y_UwU: Gave 1 [Light Gray Carpet] to A11y_UwU]
[22:44:23] [Server thread/WARN]: Fetching packet for removed entity class_1542['Air'/31482, l='ServerLevel[world]', x=-460.83, y=76.00, z=287.64]
[22:47:27] [Server thread/INFO]: [A11y_UwU: Set own game mode to Creative Mode]
[22:47:30] [Server thread/INFO]: [A11y_UwU: Set own game mode to Survival Mode]
[22:48:22] [Server thread/INFO]: A11y_UwU lost connection: Disconnected
[22:48:22] [Server thread/INFO]: A11y_UwU left the game
[22:48:28] [User Authenticator #4/INFO]: UUID of player A11y_UwU is cdf70681-d8c8-4cdb-9b1a-97a236ce8b1a
[22:48:28] [Server thread/INFO]: A11y_UwU[/127.0.0.1:49262] logged in with entity id 32528 at (-484.38786079608917, 63.0, 344.1957468869444)
[22:48:28] [Server thread/INFO]: A11y_UwU joined the game
[22:48:29] [Netty Server IO #7/INFO]: Player A11y_UwU joined with a matching carpet client
[22:52:47] [Server thread/WARN]: Fetching packet for removed entity class_1542['Air'/33346, l='ServerLevel[world]', x=-460.86, y=76.00, z=287.21]
[22:52:47] [Server thread/WARN]: Fetching packet for removed entity class_1542['Air'/33346, l='ServerLevel[world]', x=-460.86, y=76.00, z=287.21]
[23:01:19] [Server thread/WARN]: Fetching packet for removed entity class_1542['Air'/35390, l='ServerLevel[world]', x=-461.31, y=76.00, z=286.83]
[23:01:19] [Server thread/WARN]: Fetching packet for removed entity class_1542['Air'/35390, l='ServerLevel[world]', x=-461.31, y=76.00, z=286.83]
[23:01:40] [Server thread/WARN]: Fetching packet for removed entity class_1542['Air'/35474, l='ServerLevel[world]', x=-462.17, y=76.00, z=288.17]
[23:01:40] [Server thread/WARN]: Fetching packet for removed entity class_1542['Air'/35474, l='ServerLevel[world]', x=-462.17, y=76.00, z=288.17]
[23:06:53] [Server thread/WARN]: Fetching packet for removed entity class_1542['Air'/36324, l='ServerLevel[world]', x=-460.83, y=76.00, z=287.25]
[23:06:53] [Server thread/WARN]: Fetching packet for removed entity class_1542['Air'/36324, l='ServerLevel[world]', x=-460.83, y=76.00, z=287.25]
[23:10:55] [Server thread/INFO]: A11y_UwU lost connection: Disconnected
[23:10:55] [Server thread/INFO]: A11y_UwU left the game
[23:11:02] [User Authenticator #5/INFO]: UUID of player A11y_UwU is cdf70681-d8c8-4cdb-9b1a-97a236ce8b1a
[23:11:02] [Server thread/INFO]: A11y_UwU[/127.0.0.1:49302] logged in with entity id 37315 at (-298.5014205624994, 11.0, 323.9001315854908)
[23:11:02] [Server thread/INFO]: A11y_UwU joined the game
[23:11:03] [Netty Server IO #2/INFO]: Player A11y_UwU joined with a matching carpet client
[23:11:04] [Server thread/INFO]: [A11y_UwU: Set own game mode to Creative Mode]
[23:11:15] [Server thread/INFO]: [A11y_UwU: Set own game mode to Survival Mode]
[23:22:04] [Server thread/WARN]: Fetching packet for removed entity class_1542['Air'/40061, l='ServerLevel[world]', x=-461.27, y=76.00, z=288.17]
[23:26:34] [Server thread/WARN]: Fetching packet for removed entity class_1542['Air'/41029, l='ServerLevel[world]', x=-461.28, y=76.00, z=287.19]
[23:29:54] [Server thread/WARN]: Fetching packet for removed entity class_1542['Air'/41708, l='ServerLevel[world]', x=-461.63, y=76.00, z=287.28]
[23:40:25] [Server thread/INFO]: [A11y_UwU: Made A11y_UwU no longer a server operator]
[23:44:49] [Server thread/INFO]: A11y_UwU lost connection: Disconnected
[23:44:49] [Server thread/INFO]: A11y_UwU left the game
[23:45:38] [Server thread/WARN]: Fetching packet for removed entity class_1542['Air'/45075, l='ServerLevel[world]', x=-460.92, y=76.00, z=287.64]
[23:45:50] [Server thread/INFO]: com.mojang.authlib.GameProfile@786b8e18[id=<null>,name=A11y_UwU,properties={},legacy=false] (/127.0.0.1:49434) lost connection: Disconnected
[23:45:52] [User Authenticator #6/INFO]: UUID of player A11y_UwU is cdf70681-d8c8-4cdb-9b1a-97a236ce8b1a
[23:45:52] [Server thread/INFO]: A11y_UwU[/127.0.0.1:49439] logged in with entity id 45098 at (-791.7673441476563, 62.0, 517.8446882289524)
[23:45:52] [Server thread/INFO]: A11y_UwU joined the game
[23:45:53] [Netty Server IO #6/INFO]: Player A11y_UwU joined with a matching carpet client
[23:46:14] [Server thread/INFO]: A11y_UwU lost connection: Disconnected
[23:46:14] [Server thread/INFO]: A11y_UwU left the game
[23:47:43] [Server thread/INFO]: com.mojang.authlib.GameProfile@33cd962f[id=<null>,name=A11y_UwU,properties={},legacy=false] (/127.0.0.1:49453) lost connection: Disconnected
[23:47:54] [Server thread/INFO]: com.mojang.authlib.GameProfile@1445c4be[id=<null>,name=A11y_UwU,properties={},legacy=false] (/127.0.0.1:49459) lost connection: Disconnected
[23:47:58] [User Authenticator #7/INFO]: UUID of player A11y_UwU is cdf70681-d8c8-4cdb-9b1a-97a236ce8b1a
[23:47:58] [Server thread/INFO]: A11y_UwU[/127.0.0.1:49471] logged in with entity id 45479 at (-791.7673441476563, 62.0, 517.8446882289524)
[23:47:58] [Server thread/INFO]: A11y_UwU joined the game
[23:47:58] [Netty Server IO #5/INFO]: Player A11y_UwU joined with a matching carpet client
[23:50:20] [Server thread/INFO]: A11y_UwU lost connection: Disconnected
[23:50:20] [Server thread/INFO]: A11y_UwU left the game
[23:50:31] [User Authenticator #8/INFO]: UUID of player A11y_UwU is cdf70681-d8c8-4cdb-9b1a-97a236ce8b1a
[23:50:31] [Server thread/INFO]: A11y_UwU[/127.0.0.1:49490] logged in with entity id 46346 at (-430.7544903149682, 76.0, 317.4957387672772)
[23:50:31] [Server thread/INFO]: A11y_UwU joined the game
[23:50:32] [Netty Server IO #0/INFO]: Player A11y_UwU joined with a matching carpet client
[23:53:16] [Server thread/WARN]: Mismatch in destroy block pos: class_2338{x=-810, y=63, z=510} class_2338{x=-810, y=62, z=510}
[23:59:57] [Server thread/WARN]: Fetching packet for removed entity class_1542['Air'/49674, l='ServerLevel[world]', x=-460.83, y=76.00, z=287.30]
[23:59:59] [Server thread/WARN]: Mismatch in destroy block pos: class_2338{x=-813, y=53, z=516} class_2338{x=-814, y=53, z=516}
[23:59:59] [Server thread/WARN]: Mismatch in destroy block pos: class_2338{x=-813, y=53, z=516} class_2338{x=-814, y=53, z=516}
