[00:01:14] [Server thread/WARN]: Fetching packet for removed entity class_1542['Air'/227774, l='ServerLevel[world]', x=-442.20, y=76.00, z=296.80]
[00:01:31] [Server thread/INFO]: [A11y_UwU: dispenserPlacesBlocks: false, [change permanently?]]
[00:01:33] [Server thread/INFO]: [A11y_UwU: Rule dispenserPlacesBlocks will now default to false]
[00:03:44] [Server thread/WARN]: Fetching packet for removed entity class_1542['Air'/228537, l='ServerLevel[world]', x=-443.38, y=76.00, z=296.80]
[00:04:11] [Server thread/WARN]: Can't keep up! Is the server overloaded? Running 2053ms or 41 ticks behind
[00:04:39] [Server thread/INFO]: [A11y_UwU: dispenserPlacesBlocks: true, [change permanently?]]
[00:04:41] [Server thread/INFO]: [A11y_UwU: Rule dispenserPlacesBlocks will now default to true]
[00:06:45] [Server thread/WARN]: Fetching packet for removed entity class_1542['Air'/229443, l='ServerLevel[world]', x=-442.20, y=76.00, z=295.88]
[00:07:37] [Server thread/WARN]: Fetching packet for removed entity class_1542['Air'/229713, l='ServerLevel[world]', x=-461.74, y=76.00, z=284.17]
[00:09:09] [Server thread/WARN]: A11y_UwU moved wrongly!
[00:15:37] [Server thread/WARN]: Fetching packet for removed entity class_1542['Air'/232876, l='ServerLevel[world]', x=-442.80, y=76.00, z=295.66]
[00:16:19] [Server thread/WARN]: Fetching packet for removed entity class_1542['Air'/233179, l='ServerLevel[world]', x=-456.23, y=76.00, z=271.20]
[00:20:33] [Server thread/WARN]: Fetching packet for removed entity class_1542['Air'/235027, l='ServerLevel[world]', x=-461.23, y=76.00, z=287.21]
[00:28:24] [Server thread/WARN]: Fetching packet for removed entity class_1542['Air'/238569, l='ServerLevel[world]', x=-443.80, y=76.00, z=296.80]
[00:30:24] [Server thread/WARN]: Fetching packet for removed entity class_1542['Air'/239461, l='ServerLevel[world]', x=-461.19, y=76.00, z=286.83]
[00:32:06] [Server thread/WARN]: Fetching packet for removed entity class_1542['Air'/240172, l='ServerLevel[world]', x=-442.58, y=76.00, z=296.80]
[00:33:32] [Server thread/WARN]: Fetching packet for removed entity class_1542['Air'/240755, l='ServerLevel[world]', x=-442.20, y=76.00, z=295.93]
[00:36:51] [Server thread/WARN]: Mismatch in destroy block pos: class_2338{x=-404, y=63, z=-76} class_2338{x=-404, y=62, z=-76}
[00:36:51] [Server thread/WARN]: Mismatch in destroy block pos: class_2338{x=-404, y=63, z=-76} class_2338{x=-404, y=62, z=-76}
[00:36:51] [Server thread/WARN]: Mismatch in destroy block pos: class_2338{x=-404, y=63, z=-76} class_2338{x=-404, y=62, z=-76}
[00:36:51] [Server thread/WARN]: Mismatch in destroy block pos: class_2338{x=-404, y=63, z=-76} class_2338{x=-404, y=62, z=-76}
[00:36:51] [Server thread/WARN]: Mismatch in destroy block pos: class_2338{x=-404, y=63, z=-76} class_2338{x=-404, y=62, z=-76}
[00:36:51] [Server thread/WARN]: Mismatch in destroy block pos: class_2338{x=-404, y=63, z=-76} class_2338{x=-404, y=62, z=-76}
[00:36:53] [Server thread/WARN]: Mismatch in destroy block pos: class_2338{x=-403, y=63, z=-72} class_2338{x=-401, y=61, z=-73}
[00:36:53] [Server thread/WARN]: Mismatch in destroy block pos: class_2338{x=-403, y=63, z=-72} class_2338{x=-401, y=61, z=-73}
[00:36:53] [Server thread/WARN]: Mismatch in destroy block pos: class_2338{x=-403, y=63, z=-72} class_2338{x=-401, y=61, z=-73}
[00:36:53] [Server thread/WARN]: Mismatch in destroy block pos: class_2338{x=-403, y=63, z=-72} class_2338{x=-401, y=61, z=-73}
[00:36:53] [Server thread/WARN]: Mismatch in destroy block pos: class_2338{x=-403, y=63, z=-72} class_2338{x=-401, y=61, z=-73}
[00:36:53] [Server thread/WARN]: Mismatch in destroy block pos: class_2338{x=-403, y=63, z=-72} class_2338{x=-401, y=61, z=-73}
[00:36:54] [Server thread/WARN]: Mismatch in destroy block pos: class_2338{x=-400, y=62, z=-70} class_2338{x=-399, y=62, z=-71}
[00:36:55] [Server thread/WARN]: Mismatch in destroy block pos: class_2338{x=-401, y=62, z=-70} class_2338{x=-400, y=62, z=-70}
[00:36:59] [Server thread/WARN]: Mismatch in destroy block pos: class_2338{x=-393, y=63, z=-71} class_2338{x=-396, y=62, z=-70}
[00:37:00] [Server thread/WARN]: Mismatch in destroy block pos: class_2338{x=-393, y=63, z=-71} class_2338{x=-394, y=62, z=-71}
[00:37:00] [Server thread/WARN]: Mismatch in destroy block pos: class_2338{x=-393, y=63, z=-71} class_2338{x=-394, y=62, z=-71}
[00:37:00] [Server thread/WARN]: Mismatch in destroy block pos: class_2338{x=-393, y=63, z=-71} class_2338{x=-394, y=62, z=-71}
[00:37:00] [Server thread/WARN]: Mismatch in destroy block pos: class_2338{x=-393, y=63, z=-71} class_2338{x=-394, y=62, z=-71}
[00:37:00] [Server thread/WARN]: Mismatch in destroy block pos: class_2338{x=-393, y=63, z=-71} class_2338{x=-394, y=62, z=-71}
[00:37:15] [Server thread/WARN]: Mismatch in destroy block pos: class_2338{x=-386, y=63, z=-78} class_2338{x=-385, y=62, z=-78}
[00:37:45] [Server thread/WARN]: Mismatch in destroy block pos: class_2338{x=-386, y=62, z=-83} class_2338{x=-385, y=61, z=-84}
[00:38:07] [Server thread/WARN]: Mismatch in destroy block pos: class_2338{x=-370, y=64, z=-97} class_2338{x=-371, y=65, z=-97}
[00:38:10] [Server thread/WARN]: Mismatch in destroy block pos: class_2338{x=-372, y=63, z=-90} class_2338{x=-372, y=63, z=-92}
[00:38:10] [Server thread/WARN]: Mismatch in destroy block pos: class_2338{x=-372, y=63, z=-90} class_2338{x=-371, y=63, z=-90}
[00:38:10] [Server thread/WARN]: Mismatch in destroy block pos: class_2338{x=-372, y=63, z=-90} class_2338{x=-371, y=63, z=-90}
[00:38:12] [Server thread/WARN]: Mismatch in destroy block pos: class_2338{x=-375, y=64, z=-90} class_2338{x=-375, y=62, z=-90}
[00:38:31] [Server thread/WARN]: Mismatch in destroy block pos: class_2338{x=-371, y=64, z=-92} class_2338{x=-372, y=63, z=-85}
[00:38:34] [Server thread/WARN]: Mismatch in destroy block pos: class_2338{x=-373, y=63, z=-85} class_2338{x=-372, y=60, z=-85}
[00:39:11] [Server thread/WARN]: Mismatch in destroy block pos: class_2338{x=-405, y=63, z=-82} class_2338{x=-406, y=63, z=-83}
[00:48:17] [Server thread/WARN]: Fetching packet for removed entity class_1542['Air'/248311, l='ServerLevel[world]', x=-461.63, y=76.00, z=283.74]
[00:50:01] [Server thread/WARN]: Fetching packet for removed entity class_1542['Air'/249025, l='ServerLevel[world]', x=-442.20, y=76.00, z=296.52]
[00:50:36] [Server thread/WARN]: Fetching packet for removed entity class_1542['Air'/249239, l='ServerLevel[world]', x=-442.20, y=76.00, z=296.42]
[00:55:40] [Server thread/WARN]: A11y_UwU moved too quickly! 1.020411543011818,-0.44196883639661166,-17.81352004259955
[00:55:40] [Server thread/WARN]: Can't keep up! Is the server overloaded? Running 2535ms or 50 ticks behind
[00:57:41] [Server thread/WARN]: Fetching packet for removed entity class_1542['Air'/253698, l='ServerLevel[world]', x=-443.23, y=76.00, z=295.20]
[01:04:53] [Server thread/WARN]: A11y_UwU moved wrongly!
[01:05:26] [Server thread/INFO]: A11y_UwU lost connection: Disconnected
[01:05:26] [Server thread/INFO]: A11y_UwU left the game
[06:20:04] [Server thread/WARN]: Fetching packet for removed entity class_1542['Air'/307934, l='ServerLevel[world]', x=-1402.01, y=60.00, z=-559.10]
[09:43:56] [User Authenticator #17/INFO]: UUID of player A11y_UwU is cdf70681-d8c8-4cdb-9b1a-97a236ce8b1a
[09:43:56] [Server thread/INFO]: A11y_UwU[/127.0.0.1:60716] logged in with entity id 339481 at (-428.86401756712974, 69.0, 344.82105442645366)
[09:43:56] [Server thread/INFO]: A11y_UwU joined the game
[09:43:59] [Netty Server IO #1/INFO]: Player A11y_UwU joined with a matching carpet client
[09:44:04] [Server thread/WARN]: Can't keep up! Is the server overloaded? Running 2068ms or 41 ticks behind
[09:44:36] [Server thread/WARN]: Can't keep up! Is the server overloaded? Running 17496ms or 349 ticks behind
[09:46:51] [Server thread/WARN]: Mismatch in destroy block pos: class_2338{x=2, y=85, z=18} class_2338{x=3, y=85, z=17}
[09:46:55] [Server thread/WARN]: Mismatch in destroy block pos: class_2338{x=4, y=84, z=23} class_2338{x=5, y=84, z=22}
[09:46:55] [Server thread/WARN]: Mismatch in destroy block pos: class_2338{x=4, y=84, z=23} class_2338{x=5, y=84, z=22}
[09:46:55] [Server thread/WARN]: Mismatch in destroy block pos: class_2338{x=4, y=84, z=23} class_2338{x=5, y=84, z=22}
[09:46:55] [Server thread/WARN]: Mismatch in destroy block pos: class_2338{x=4, y=84, z=23} class_2338{x=5, y=84, z=22}
[09:46:58] [Server thread/WARN]: Mismatch in destroy block pos: class_2338{x=6, y=81, z=24} class_2338{x=6, y=82, z=23}
[09:47:41] [Server thread/WARN]: Mismatch in destroy block pos: class_2338{x=23, y=94, z=99} class_2338{x=23, y=94, z=100}
[09:48:16] [Server thread/WARN]: Mismatch in destroy block pos: class_2338{x=22, y=89, z=106} class_2338{x=23, y=89, z=107}
[09:48:16] [Server thread/WARN]: Mismatch in destroy block pos: class_2338{x=22, y=89, z=106} class_2338{x=23, y=89, z=107}
[09:48:16] [Server thread/WARN]: Mismatch in destroy block pos: class_2338{x=22, y=89, z=106} class_2338{x=23, y=89, z=107}
[09:48:16] [Server thread/WARN]: Mismatch in destroy block pos: class_2338{x=22, y=89, z=106} class_2338{x=23, y=89, z=107}
[09:48:16] [Server thread/WARN]: Mismatch in destroy block pos: class_2338{x=22, y=89, z=106} class_2338{x=23, y=89, z=107}
[09:51:07] [Server thread/WARN]: Mismatch in destroy block pos: class_2338{x=-76, y=69, z=13} class_2338{x=-76, y=68, z=14}
[09:51:07] [Server thread/WARN]: Mismatch in destroy block pos: class_2338{x=-76, y=69, z=13} class_2338{x=-76, y=68, z=14}
[09:51:07] [Server thread/WARN]: Mismatch in destroy block pos: class_2338{x=-76, y=69, z=13} class_2338{x=-76, y=68, z=14}
[09:51:07] [Server thread/WARN]: Mismatch in destroy block pos: class_2338{x=-76, y=69, z=13} class_2338{x=-76, y=68, z=14}
[09:51:07] [Server thread/WARN]: Mismatch in destroy block pos: class_2338{x=-76, y=69, z=13} class_2338{x=-76, y=68, z=14}
[09:51:07] [Server thread/WARN]: Mismatch in destroy block pos: class_2338{x=-76, y=69, z=13} class_2338{x=-76, y=68, z=14}
[09:51:07] [Server thread/WARN]: Mismatch in destroy block pos: class_2338{x=-76, y=69, z=13} class_2338{x=-76, y=68, z=14}
[09:51:11] [Server thread/WARN]: Mismatch in destroy block pos: class_2338{x=-85, y=69, z=16} class_2338{x=-84, y=69, z=15}
[09:52:19] [Server thread/WARN]: Mismatch in destroy block pos: class_2338{x=-51, y=47, z=-8} class_2338{x=-51, y=45, z=-8}
[09:52:20] [Server thread/WARN]: Mismatch in destroy block pos: class_2338{x=-51, y=46, z=-10} class_2338{x=-51, y=45, z=-10}
[09:52:20] [Server thread/WARN]: Mismatch in destroy block pos: class_2338{x=-51, y=46, z=-10} class_2338{x=-51, y=45, z=-10}
[09:52:27] [Server thread/WARN]: Mismatch in destroy block pos: class_2338{x=-51, y=41, z=-18} class_2338{x=-51, y=41, z=-17}
[09:52:27] [Server thread/WARN]: Mismatch in destroy block pos: class_2338{x=-51, y=41, z=-18} class_2338{x=-51, y=41, z=-17}
[09:52:27] [Server thread/WARN]: Mismatch in destroy block pos: class_2338{x=-51, y=40, z=-19} class_2338{x=-51, y=41, z=-19}
[09:52:27] [Server thread/WARN]: Mismatch in destroy block pos: class_2338{x=-51, y=40, z=-19} class_2338{x=-51, y=41, z=-19}
[09:52:27] [Server thread/WARN]: Mismatch in destroy block pos: class_2338{x=-51, y=40, z=-19} class_2338{x=-51, y=41, z=-19}
[09:53:41] [Server thread/WARN]: Mismatch in destroy block pos: class_2338{x=-66, y=22, z=-27} class_2338{x=-68, y=18, z=-27}
[09:53:42] [Server thread/WARN]: Mismatch in destroy block pos: class_2338{x=-67, y=21, z=-27} class_2338{x=-68, y=20, z=-27}
[09:53:42] [Server thread/WARN]: Mismatch in destroy block pos: class_2338{x=-67, y=21, z=-27} class_2338{x=-69, y=17, z=-27}
[09:53:45] [Server thread/WARN]: Mismatch in destroy block pos: class_2338{x=-70, y=18, z=-27} class_2338{x=-70, y=16, z=-27}
[09:53:55] [Server thread/WARN]: Mismatch in destroy block pos: class_2338{x=-76, y=10, z=-27} class_2338{x=-76, y=9, z=-27}
[09:53:55] [Server thread/WARN]: Mismatch in destroy block pos: class_2338{x=-76, y=10, z=-27} class_2338{x=-76, y=9, z=-27}
[09:59:15] [Server thread/WARN]: Fetching packet for removed entity class_1542['Air'/348174, l='ServerLevel[world]', x=-462.09, y=76.00, z=284.17]
[10:01:12] [Server thread/WARN]: Fetching packet for removed entity class_1542['Air'/348860, l='ServerLevel[world]', x=-442.57, y=76.00, z=295.76]
[10:07:51] [Server thread/INFO]: A11y_UwU lost connection: Disconnected
[10:07:51] [Server thread/INFO]: A11y_UwU left the game
[10:07:58] [Server thread/WARN]: Can't keep up! Is the server overloaded? Running 2206ms or 44 ticks behind
[10:08:24] [Server thread/WARN]: Can't keep up! Is the server overloaded? Running 2386ms or 47 ticks behind
[10:10:37] [User Authenticator #18/INFO]: UUID of player A11y_UwU is cdf70681-d8c8-4cdb-9b1a-97a236ce8b1a
[10:10:37] [Server thread/INFO]: A11y_UwU[/127.0.0.1:60814] logged in with entity id 351445 at (-436.1760022491931, 70.0, 346.02610614565367)
[10:10:37] [Server thread/INFO]: A11y_UwU joined the game
[10:10:37] [Netty Server IO #7/INFO]: Player A11y_UwU joined with a matching carpet client
[10:12:32] [Server thread/WARN]: Mismatch in destroy block pos: class_2338{x=-427, y=73, z=342} class_2338{x=-425, y=72, z=345}
[10:12:33] [Server thread/WARN]: Mismatch in destroy block pos: class_2338{x=-427, y=73, z=342} class_2338{x=-424, y=72, z=343}
[10:16:29] [Server thread/WARN]: Fetching packet for removed entity class_1542['Air'/353912, l='ServerLevel[world]', x=-462.27, y=76.00, z=283.77]
[10:19:30] [Server thread/INFO]: A11y_UwU lost connection: Disconnected
[10:19:30] [Server thread/INFO]: A11y_UwU left the game
[10:35:06] [User Authenticator #19/INFO]: UUID of player A11y_UwU is cdf70681-d8c8-4cdb-9b1a-97a236ce8b1a
[10:35:07] [Server thread/INFO]: A11y_UwU[/127.0.0.1:61014] logged in with entity id 357457 at (-429.7886179863358, 69.0, 345.5911218914211)
[10:35:07] [Server thread/INFO]: A11y_UwU joined the game
[10:35:07] [Netty Server IO #4/INFO]: Player A11y_UwU joined with a matching carpet client
[10:40:18] [Server thread/WARN]: A11y_UwU moved too quickly! 16.666242342991154,-1.7091503361661893,-6.154576669292055
[10:41:50] [Server thread/INFO]: A11y_UwU has made the advancement [Tactical Fishing]
[10:57:50] [Server thread/WARN]: Fetching packet for removed entity class_1542['Air'/374915, l='ServerLevel[world]', x=-465.09, y=76.00, z=283.22]
[10:59:59] [Server thread/WARN]: Fetching packet for removed entity class_1542['Air'/375790, l='ServerLevel[world]', x=-443.80, y=76.00, z=296.80]
[11:01:01] [Server thread/WARN]: Fetching packet for removed entity class_1542['Air'/376230, l='ServerLevel[world]', x=-466.80, y=76.00, z=282.85]
[11:01:47] [Server thread/WARN]: Fetching packet for removed entity class_1542['Air'/376526, l='ServerLevel[world]', x=-461.29, y=76.00, z=286.83]
[11:04:44] [Server thread/WARN]: Fetching packet for removed entity class_1542['Air'/377537, l='ServerLevel[world]', x=-462.17, y=76.00, z=288.17]
[11:04:55] [Server thread/INFO]: <A11y_UwU> E
[11:06:34] [Server thread/WARN]: Fetching packet for removed entity class_1542['Air'/378157, l='ServerLevel[world]', x=-443.11, y=76.00, z=295.65]
[11:11:44] [Server thread/WARN]: A11y_UwU moved too quickly! 1.6611891022802183,-3.316520286065611,18.461821916430495
[11:12:26] [Server thread/WARN]: Fetching packet for removed entity class_1542['Air'/382728, l='ServerLevel[world]', x=-443.80, y=76.00, z=295.95]
[11:15:02] [Server thread/WARN]: Fetching packet for removed entity class_1542['Air'/383517, l='ServerLevel[world]', x=-462.71, y=76.00, z=284.17]
[11:15:06] [Server thread/WARN]: Fetching packet for removed entity class_1542['Air'/383546, l='ServerLevel[world]', x=-461.25, y=76.00, z=287.79]
[11:22:44] [Server thread/WARN]: Fetching packet for removed entity class_1542['Air'/385887, l='ServerLevel[world]', x=-462.17, y=76.00, z=288.17]
[11:25:08] [Server thread/WARN]: Fetching packet for removed entity class_1542['Air'/386541, l='ServerLevel[world]', x=-462.17, y=76.00, z=287.16]
[11:26:06] [Server thread/WARN]: Fetching packet for removed entity class_1542['Air'/386772, l='ServerLevel[world]', x=-443.80, y=76.00, z=295.94]
[11:28:06] [Server thread/WARN]: Fetching packet for removed entity class_1542['Air'/387441, l='ServerLevel[world]', x=-460.83, y=76.00, z=287.83]
[11:35:52] [Server thread/WARN]: Fetching packet for removed entity class_1542['Air'/390093, l='ServerLevel[world]', x=-442.20, y=76.00, z=296.80]
[11:38:39] [Server thread/WARN]: Fetching packet for removed entity class_1542['Air'/393708, l='ServerLevel[world]', x=-461.23, y=76.00, z=287.73]
[11:46:43] [User Authenticator #20/INFO]: UUID of player Fibblifubb is 4bbaee98-9f81-4e74-8429-d1000fba6674
[11:46:43] [Server thread/INFO]: Fibblifubb[/89.160.200.16:63150] logged in with entity id 397003 at (-1769.4991162958504, 70.0, -473.5426691592327)
[11:46:43] [Server thread/INFO]: Fibblifubb joined the game
[11:46:49] [Server thread/INFO]: <A11y_UwU> hi
[11:46:51] [Server thread/INFO]: <Fibblifubb> yo
[11:46:59] [Server thread/WARN]: Fetching packet for removed entity class_1542['Air'/397506, l='ServerLevel[world]', x=-462.26, y=76.00, z=283.71]
[11:47:31] [Server thread/WARN]: Fetching packet for removed entity class_1542['Air'/397745, l='ServerLevel[world]', x=-442.20, y=76.00, z=296.80]
[11:49:36] [Server thread/WARN]: Mismatch in destroy block pos: class_2338{x=-1760, y=66, z=-452} class_2338{x=-1402, y=65, z=-559}
[11:49:37] [Server thread/WARN]: Mismatch in destroy block pos: class_2338{x=-1760, y=66, z=-452} class_2338{x=-1402, y=65, z=-561}
[11:49:48] [Server thread/WARN]: Mismatch in destroy block pos: class_2338{x=-1760, y=66, z=-452} class_2338{x=-1402, y=62, z=-557}
[11:49:49] [Server thread/WARN]: Mismatch in destroy block pos: class_2338{x=-1402, y=59, z=-557} class_2338{x=-1402, y=60, z=-557}
[11:50:16] [Server thread/WARN]: Mismatch in destroy block pos: class_2338{x=-1402, y=59, z=-557} class_2338{x=-1401, y=78, z=-558}
[11:50:31] [Server thread/WARN]: Fetching packet for removed entity class_1542['Air'/399394, l='ServerLevel[world]', x=-443.80, y=76.00, z=296.40]
[11:50:54] [Server thread/WARN]: Mismatch in destroy block pos: class_2338{x=-1402, y=59, z=-557} class_2338{x=-1401, y=80, z=-560}
[11:51:11] [Server thread/WARN]: Mismatch in destroy block pos: class_2338{x=-1402, y=59, z=-557} class_2338{x=-1401, y=80, z=-560}
[11:51:12] [Server thread/WARN]: Mismatch in destroy block pos: class_2338{x=-1402, y=59, z=-557} class_2338{x=-1401, y=79, z=-560}
[11:51:12] [Server thread/WARN]: Mismatch in destroy block pos: class_2338{x=-1402, y=59, z=-557} class_2338{x=-1401, y=78, z=-560}
[11:51:17] [Server thread/WARN]: Mismatch in destroy block pos: class_2338{x=-1402, y=59, z=-557} class_2338{x=-1401, y=77, z=-560}
[11:51:33] [Server thread/WARN]: Fetching packet for removed entity class_1542['Air'/399764, l='ServerLevel[world]', x=-443.80, y=76.00, z=296.80]
[11:51:47] [Server thread/WARN]: Mismatch in destroy block pos: class_2338{x=-1402, y=59, z=-557} class_2338{x=-1402, y=74, z=-559}
[11:52:18] [Server thread/WARN]: Mismatch in destroy block pos: class_2338{x=-1402, y=59, z=-557} class_2338{x=-1402, y=71, z=-561}
[11:52:42] [Server thread/WARN]: Mismatch in destroy block pos: class_2338{x=-1402, y=59, z=-557} class_2338{x=-1402, y=68, z=-561}
[11:53:12] [Server thread/WARN]: Mismatch in destroy block pos: class_2338{x=-1402, y=59, z=-557} class_2338{x=-1402, y=65, z=-559}
[11:53:13] [Server thread/WARN]: Mismatch in destroy block pos: class_2338{x=-1402, y=59, z=-557} class_2338{x=-1402, y=65, z=-560}
[11:53:36] [Server thread/WARN]: Fetching packet for removed entity class_1542['Air'/400432, l='ServerLevel[world]', x=-461.75, y=76.00, z=287.30]
[11:57:17] [Server thread/INFO]: <A11y_UwU> wait.. netheride eff IV instamines glowstone
[11:57:25] [Server thread/INFO]: <Fibblifubb> dope
[11:57:26] [Server thread/INFO]: <A11y_UwU> didint know that
[11:57:42] [Server thread/INFO]: <A11y_UwU> im pretty sure diamond doesnt
[11:57:47] [Server thread/INFO]: <Fibblifubb> noice
[12:01:10] [Server thread/WARN]: A11y_UwU moved too quickly! 16.250387637920873,-3.0653052318363336,-8.567487749325664
[12:05:35] [Server thread/INFO]: A11y_UwU lost connection: Disconnected
[12:05:35] [Server thread/INFO]: A11y_UwU left the game
[12:07:07] [User Authenticator #21/INFO]: UUID of player A11y_UwU is cdf70681-d8c8-4cdb-9b1a-97a236ce8b1a
[12:07:07] [Server thread/INFO]: A11y_UwU[/127.0.0.1:61199] logged in with entity id 410780 at (-411.1479526825213, 63.0, 343.79080643265047)
[12:07:07] [Server thread/INFO]: A11y_UwU joined the game
[12:07:07] [Netty Server IO #2/INFO]: Player A11y_UwU joined with a matching carpet client
[12:11:43] [Server thread/WARN]: Fetching packet for removed entity class_1542['Air'/413969, l='ServerLevel[world]', x=-442.20, y=76.00, z=295.62]
[12:12:11] [Server thread/WARN]: Fetching packet for removed entity class_1542['Air'/414107, l='ServerLevel[world]', x=-442.20, y=76.00, z=295.20]
[12:14:54] [Server thread/WARN]: Fetching packet for removed entity class_1542['Air'/416066, l='ServerLevel[world]', x=-461.31, y=76.00, z=286.83]
[12:14:56] [Server thread/WARN]: Fetching packet for removed entity class_1542['Air'/416133, l='ServerLevel[world]', x=-443.80, y=76.00, z=295.20]
[12:22:40] [Server thread/WARN]: Fetching packet for removed entity class_1542['Air'/420662, l='ServerLevel[world]', x=-461.70, y=76.00, z=287.33]
[12:24:15] [Server thread/WARN]: Can't keep up! Is the server overloaded? Running 2056ms or 41 ticks behind
[12:24:55] [Server thread/WARN]: Fetching packet for removed entity class_1542['Air'/422276, l='ServerLevel[world]', x=-443.80, y=76.00, z=296.41]
[12:25:41] [Server thread/WARN]: Can't keep up! Is the server overloaded? Running 2071ms or 41 ticks behind
[12:26:22] [Server thread/WARN]: Fetching packet for removed entity class_1542['Air'/423953, l='ServerLevel[world]', x=-442.20, y=76.00, z=295.63]
[12:27:29] [Server thread/INFO]: A11y_UwU lost connection: Disconnected
[12:27:29] [Server thread/INFO]: A11y_UwU left the game
[12:31:23] [Server thread/WARN]: Fibblifubb moved too quickly! -12.159922428126691,-3.4727515485854354,-12.194373844796438
[12:31:41] [Server thread/INFO]: Fibblifubb lost connection: Disconnected
[12:31:41] [Server thread/INFO]: Fibblifubb left the game
[12:31:44] [User Authenticator #22/INFO]: UUID of player Fibblifubb is 4bbaee98-9f81-4e74-8429-d1000fba6674
[12:31:44] [Server thread/INFO]: Fibblifubb[/89.160.200.16:64578] logged in with entity id 428480 at (-219.69999998807907, 69.5625, -53.73153670619455)
[12:31:44] [Server thread/INFO]: Fibblifubb joined the game
[12:44:48] [Server thread/WARN]: Mismatch in destroy block pos: class_2338{x=-1439, y=61, z=-570} class_2338{x=-1440, y=61, z=-570}
[12:44:48] [Server thread/WARN]: Mismatch in destroy block pos: class_2338{x=-1439, y=61, z=-570} class_2338{x=-1440, y=61, z=-570}
[12:44:48] [Server thread/WARN]: Mismatch in destroy block pos: class_2338{x=-1439, y=61, z=-570} class_2338{x=-1440, y=61, z=-570}
[12:44:48] [Server thread/WARN]: Mismatch in destroy block pos: class_2338{x=-1439, y=61, z=-570} class_2338{x=-1440, y=61, z=-570}
[12:44:48] [Server thread/WARN]: Mismatch in destroy block pos: class_2338{x=-1439, y=61, z=-570} class_2338{x=-1440, y=61, z=-570}
[12:44:48] [Server thread/WARN]: Mismatch in destroy block pos: class_2338{x=-1439, y=61, z=-570} class_2338{x=-1440, y=61, z=-570}
[12:44:48] [Server thread/WARN]: Mismatch in destroy block pos: class_2338{x=-1439, y=61, z=-570} class_2338{x=-1440, y=61, z=-570}
[12:44:48] [Server thread/WARN]: Mismatch in destroy block pos: class_2338{x=-1439, y=61, z=-570} class_2338{x=-1440, y=61, z=-570}
[12:44:48] [Server thread/WARN]: Mismatch in destroy block pos: class_2338{x=-1439, y=61, z=-570} class_2338{x=-1440, y=61, z=-570}
[12:44:48] [Server thread/WARN]: Mismatch in destroy block pos: class_2338{x=-1439, y=61, z=-570} class_2338{x=-1440, y=61, z=-570}
[12:44:48] [Server thread/WARN]: Mismatch in destroy block pos: class_2338{x=-1439, y=61, z=-570} class_2338{x=-1440, y=61, z=-570}
[12:46:58] [Server thread/WARN]: Mismatch in destroy block pos: class_2338{x=-1435, y=61, z=-576} class_2338{x=-1436, y=61, z=-576}
[12:46:58] [Server thread/WARN]: Mismatch in destroy block pos: class_2338{x=-1435, y=61, z=-576} class_2338{x=-1436, y=61, z=-576}
[12:46:58] [Server thread/WARN]: Mismatch in destroy block pos: class_2338{x=-1435, y=61, z=-576} class_2338{x=-1436, y=61, z=-576}
[12:46:58] [Server thread/WARN]: Mismatch in destroy block pos: class_2338{x=-1435, y=61, z=-576} class_2338{x=-1436, y=61, z=-576}
[12:46:58] [Server thread/WARN]: Mismatch in destroy block pos: class_2338{x=-1435, y=61, z=-576} class_2338{x=-1436, y=61, z=-576}
[12:46:58] [Server thread/WARN]: Mismatch in destroy block pos: class_2338{x=-1435, y=61, z=-576} class_2338{x=-1436, y=61, z=-576}
[12:46:58] [Server thread/WARN]: Mismatch in destroy block pos: class_2338{x=-1435, y=61, z=-576} class_2338{x=-1436, y=61, z=-576}
[12:51:06] [Server thread/WARN]: Mismatch in destroy block pos: class_2338{x=-1442, y=61, z=-580} class_2338{x=-1440, y=61, z=-580}
[12:51:06] [Server thread/WARN]: Mismatch in destroy block pos: class_2338{x=-1441, y=61, z=-579} class_2338{x=-1440, y=61, z=-580}
[12:53:04] [Server thread/WARN]: Mismatch in destroy block pos: class_2338{x=-1438, y=61, z=-590} class_2338{x=-1439, y=61, z=-591}
[14:36:29] [Server thread/INFO]: Fibblifubb lost connection: Disconnected
[14:36:29] [Server thread/INFO]: Fibblifubb left the game
[17:02:01] [Server thread/INFO]: Unknown or incomplete command, see below for error
[17:02:01] [Server thread/INFO]: x<--[HERE]
[17:06:52] [Server thread/WARN]: Can't keep up! Is the server overloaded? Running 2878ms or 57 ticks behind
[18:11:37] [Server thread/INFO]: WheatMan was killed by Witch using magic
[18:11:37] [Server thread/INFO]: WheatMan lost connection: Killed
[18:11:37] [Server thread/INFO]: WheatMan left the game
[20:06:36] [User Authenticator #23/INFO]: UUID of player _Velmca is 27220f5c-cf83-4471-b20b-abf6be098e56
[20:06:36] [Server thread/INFO]: _Velmca[/157.157.180.211:59211] logged in with entity id 504312 at (425.3028624692529, 68.0, -10.643375883603795)
[20:06:36] [Server thread/INFO]: _Velmca joined the game
[20:12:37] [Server thread/INFO]: Pumpkin[local] logged in with entity id 506004 at (241.49533380028313, 74.0, 37.53440967923172)
[20:12:37] [Server thread/INFO]: Pumpkin joined the game
[20:13:30] [Server thread/INFO]: Pumpin[local] logged in with entity id 506141 at (241.4483477232295, 74.0, 37.490623734420055)
[20:13:30] [Server thread/INFO]: Pumpin joined the game
[20:13:37] [Server thread/INFO]: Pumpkin was slain by _Velmca
[20:13:37] [Server thread/INFO]: Pumpkin lost connection: Killed
[20:13:37] [Server thread/INFO]: Pumpkin left the game
[20:18:28] [Server thread/INFO]: _Velmca has made the advancement [Ol' Betsy]
[20:20:05] [Server thread/INFO]: _Velmca was slain by Piglin
[20:30:04] [Server thread/WARN]: Can't keep up! Is the server overloaded? Running 2039ms or 40 ticks behind
[20:30:26] [Server thread/WARN]: Can't keep up! Is the server overloaded? Running 6917ms or 138 ticks behind
[20:30:38] [Server thread/INFO]: Unknown or incomplete command, see below for error
[20:30:38] [Server thread/INFO]: g<--[HERE]
[20:30:49] [User Authenticator #24/INFO]: UUID of player A11y_UwU is cdf70681-d8c8-4cdb-9b1a-97a236ce8b1a
[20:30:51] [Server thread/INFO]: A11y_UwU[/127.0.0.1:62581] logged in with entity id 511637 at (-426.91507677364893, 75.5625, 336.35171395325096)
[20:30:51] [Server thread/INFO]: A11y_UwU joined the game
[20:30:51] [Server thread/WARN]: Can't keep up! Is the server overloaded? Running 2628ms or 52 ticks behind
[20:30:55] [Netty Server IO #0/INFO]: Player A11y_UwU joined with a matching carpet client
[20:30:56] [Server thread/INFO]: <_Velmca> blessa[ur
[20:31:05] [Server thread/INFO]: <A11y_UwU> blelluð
[20:31:07] [Server thread/INFO]: <_Velmca> blessaður*
[20:31:20] [Server thread/WARN]: Fetching packet for removed entity class_1542['Air'/512167, l='ServerLevel[world]', x=-461.23, y=76.00, z=288.17]
[20:31:23] [Server thread/WARN]: Can't keep up! Is the server overloaded? Running 16938ms or 338 ticks behind
[20:31:38] [Server thread/WARN]: A11y_UwU moved too quickly! 1.3039768803214429,-13.312445427021373,12.416533483903606
[20:31:47] [Server thread/WARN]: Can't keep up! Is the server overloaded? Running 8945ms or 178 ticks behind
[20:33:32] [Server thread/INFO]: <_Velmca> wassup
[20:33:50] [Server thread/INFO]: <_Velmca> hvadda gera
[20:33:58] [Server thread/INFO]: <A11y_UwU> bara koma í heimskókn
[20:34:06] [Server thread/INFO]: <_Velmca> noice
[20:34:23] [Server thread/INFO]: <A11y_UwU> gott að sjá að einhver sé að nota gamla beetroot farmið mitt
[20:34:29] [Server thread/INFO]: <_Velmca> jaa
[20:35:27] [Server thread/INFO]: <A11y_UwU> þú ert með næst fallegasta basið
[20:35:34] [Server thread/INFO]: <_Velmca> thanks luv <3
[20:35:37] [Server thread/INFO]: <A11y_UwU> fyrir utan mitt auðvita B))
[20:35:47] [Server thread/INFO]: <_Velmca> ja þú ert með mjög flott base
[20:36:00] [Server thread/INFO]: <_Velmca> en nenniru að segja broðir þinum að drulla ser afram að byggja husið sitt
[20:36:02] [Server thread/WARN]: A11y_UwU moved too quickly! -12.883479000481202,11.613135874734454,2.495977703659401
[20:36:10] [Server thread/INFO]: <A11y_UwU> haha jaja
[20:36:19] [Server thread/INFO]: <_Velmca> thankju
[20:37:02] [Server thread/INFO]: <_Velmca> skil afh hann vill eiga heima hja mer samt
[20:37:08] [Server thread/INFO]: <_Velmca> það er svo fegurt herna
[20:37:18] [Server thread/INFO]: <A11y_UwU> yamms
[20:37:47] [Server thread/INFO]: <A11y_UwU> hann sagðist ættla að checka á því einhvertíman
[20:37:51] [Server thread/INFO]: <_Velmca> oker
[20:38:39] [Server thread/INFO]: <A11y_UwU> ég bauðst til að koma honum af stað þannig hann verður örugglega snöggur er ég redda honum smá dótaríi
[20:38:59] [Server thread/INFO]: <_Velmca> eg get gefið honum obsidion armour og dot
[20:39:04] [Server thread/INFO]: <_Velmca> hef 1 og halfan stakka af obi
[20:39:21] [Server thread/INFO]: <_Velmca> brb
[20:39:49] [Server thread/INFO]: <A11y_UwU> swoge, ég er að pæla í að lenda honum fortune III og oda að honum enchantmets
[20:40:16] [Server thread/WARN]: Can't keep up! Is the server overloaded? Running 2129ms or 42 ticks behind
[20:42:01] [Server thread/WARN]: Fetching packet for removed entity class_1542['Air'/519180, l='ServerLevel[world]', x=-442.20, y=76.00, z=296.80]
[20:42:36] [Server thread/INFO]: <_Velmca> okeee
[20:42:59] [Server thread/INFO]: <_Velmca> a eg þá að redda tools og armour og þu enchantar þau?
[20:43:00] [Server thread/WARN]: Fetching packet for removed entity class_1542['Air'/519651, l='ServerLevel[world]', x=-442.20, y=76.00, z=296.80]
[20:43:45] [Server thread/INFO]: <A11y_UwU> ég ættla að láta hann minea diamonds fyrir tools sjálfur og hjálpa honum að enchanta þau
[20:44:01] [Server thread/INFO]: <_Velmca> okke
[20:45:05] [Server thread/WARN]: A11y_UwU moved too quickly! 9.69656164872606,-2.5432821121722924,15.348161479817463
[20:45:58] [Server thread/INFO]: willywonka[local] logged in with entity id 521714 at (413.4043164122887, 75.0, -10.66613431736222)
[20:45:58] [Server thread/INFO]: willywonka joined the game
[20:46:24] [Server thread/INFO]: <A11y_UwU> heitur
[20:46:30] [Server thread/INFO]: <_Velmca> svaka
[20:49:58] [Server thread/WARN]: A11y_UwU moved too quickly! -1.7618297494842636,-1.6780831668179843,17.709931571946413
[20:50:28] [Server thread/INFO]: <A11y_UwU> gatta go for now, see ya
[20:50:31] [Server thread/INFO]: <_Velmca> bæ
[20:50:33] [Server thread/INFO]: A11y_UwU lost connection: Disconnected
[20:50:33] [Server thread/INFO]: A11y_UwU left the game
[21:09:28] [Server thread/INFO]: _Velmca lost connection: Disconnected
[21:09:28] [Server thread/INFO]: _Velmca left the game
[21:27:28] [Server thread/INFO]: Unknown or incomplete command, see below for error
[21:27:28] [Server thread/INFO]:  x<--[HERE]
[21:35:56] [Server thread/WARN]: Can't keep up! Is the server overloaded? Running 2474ms or 49 ticks behind
[22:52:14] [Server thread/WARN]: Can't keep up! Is the server overloaded? Running 2552ms or 51 ticks behind
[23:14:50] [Server thread/INFO]: Unknown or incomplete command, see below for error
[23:14:50] [Server thread/INFO]: s<--[HERE]
[23:41:46] [User Authenticator #25/INFO]: UUID of player A11y_UwU is cdf70681-d8c8-4cdb-9b1a-97a236ce8b1a
[23:41:47] [Server thread/INFO]: A11y_UwU[/127.0.0.1:62487] logged in with entity id 566899 at (-442.7675505775698, 75.0, 318.56340807070245)
[23:41:47] [Server thread/INFO]: A11y_UwU joined the game
[23:41:47] [Netty Server IO #4/INFO]: Player A11y_UwU joined with a matching carpet client
[23:42:13] [Server thread/WARN]: Fetching packet for removed entity class_1542['Air'/567425, l='ServerLevel[world]', x=-465.56, y=76.00, z=283.39]
[23:43:19] [Server thread/INFO]: A11y_UwU lost connection: Disconnected
[23:43:19] [Server thread/INFO]: A11y_UwU left the game
[23:43:28] [Server thread/WARN]: Can't keep up! Is the server overloaded? Running 2936ms or 58 ticks behind
