[14:05:36] [main/INFO]: Loading for game Minecraft 1.16.4
[14:05:37] [ForkJoinPool-1-worker-2/WARN]: The mod "autoconfig1u" contains invalid entries in its mod json:
- Unsupported root entry "$schema" at line 2 column 14
[14:05:37] [main/INFO]: [FabricLoader] Loading 48 mods: fabric-renderer-api-v1@0.3.3+a4467d2a95, minecraft@1.16.4, fabric-screen-handler-api-v1@1.1.0+8724984195, fabric-networking-blockentity-v0@0.2.5+b50ffc7b95, fabric-keybindings-v0@0.2.0+3fa9f7c595, cloth-basic-math@0.5.1, fabric-command-api-v1@1.0.9+a4467d2a95, fabricloader@0.10.6+build.214, fabric-tool-attribute-api-v1@1.2.4+2b46237995, fabric-structure-api-v1@1.1.0+f8ac1db295, fabric-renderer-indigo@0.4.3+a4467d2a95, fabric-containers-v0@0.1.8+045df74f95, fabric-object-builder-api-v1@1.9.2+a89534ab95, fabric-crash-report-info-v1@0.1.2+b7f9825d95, fabric-events-interaction-v0@0.4.1+f8ac1db295, fabric-item-api-v1@1.2.0+f8ac1db295, fabric-game-rule-api-v1@1.0.3+a4467d2a95, fabric-api-base@0.2.0+9f0fb4b895, fabric-rendering-v0@1.1.1+f8ac1db295, fabric-rendering-v1@1.3.1+f8ac1db295, fabric-key-binding-api-v1@1.0.1+730711c695, cloth-config2@4.8.1, fabric-rendering-data-attachment-v1@0.1.4+f8ac1db295, autoconfig1u@3.2.2, fabric-resource-loader-v0@0.3.1+facf3bbf95, cloth-dynamic-registry-api-v1@1.4.8, fabric-textures-v0@1.0.5+a4467d2a95, fabric-content-registries-v0@0.1.9+059ea86695, fabric-tag-extensions-v0@1.0.3+ac8e8c5995, fabric-rendering-fluids-v1@0.1.12+f8ac1db295, fabric-biome-api-v1@3.0.0+8367596d95, fabric-commands-v0@0.2.0+52d3083695, fabric-registry-sync-v0@0.6.1+a4467d2a95, fabric-blockrenderlayer-v1@1.1.4+c6a8ea8995, fabric-lifecycle-events-v1@1.2.0+74cc3b2095, vanillaenhanced@1.3.0, fabric-mining-levels-v0@0.1.2+b764ce9995, fabric-renderer-registries-v1@2.2.0+f8ac1db295, carpet-extra@1.4.14, fabric-loot-tables-v1@1.0.1+432ea18895, fabric-events-lifecycle-v0@0.2.0+16acbe5b95, fabric@0.25.0+build.415-1.16, carpet@1.4.12, fabric-particles-v1@0.2.2+fb0d9b0e95, fabric-item-groups-v0@0.2.1+a4467d2a95, fabric-models-v0@0.1.1+f8ac1db295, fabric-networking-v0@0.1.10+e00ecb5f95, fabric-object-builders-v0@0.7.1+a4467d2a95
[14:05:37] [main/INFO]: SpongePowered MIXIN Subsystem Version=0.8.2 Source=file:/C:/Users/bjartur2004/gits/Raudrofur/server%20-1.16.4%20carpetmod/fabric-server-launch.jar Service=Knot/Fabric Env=SERVER
[14:05:50] [main/INFO]: [VanillaEnhanced] Hello there.
[14:05:52] [main/INFO]: Environment: authHost='https://authserver.mojang.com', accountsHost='https://api.mojang.com', sessionHost='https://sessionserver.mojang.com', servicesHost='https://api.minecraftservices.com', name='PROD'
[14:05:55] [main/WARN]: Ambiguity between arguments [teleport, destination] and [teleport, targets] with inputs: [Player, 0123, @e, dd12be42-52a9-4a91-a8a1-11c01849e498]
[14:05:55] [main/WARN]: Ambiguity between arguments [teleport, location] and [teleport, destination] with inputs: [0.1 -0.5 .9, 0 0 0]
[14:05:55] [main/WARN]: Ambiguity between arguments [teleport, location] and [teleport, targets] with inputs: [0.1 -0.5 .9, 0 0 0]
[14:05:55] [main/WARN]: Ambiguity between arguments [teleport, targets] and [teleport, destination] with inputs: [Player, 0123, dd12be42-52a9-4a91-a8a1-11c01849e498]
[14:05:55] [main/WARN]: Ambiguity between arguments [teleport, targets, location] and [teleport, targets, destination] with inputs: [0.1 -0.5 .9, 0 0 0]
[14:05:55] [main/INFO]: Reloading ResourceManager: Default, Fabric Tool Attribute API (v1), VanillaEnhanced, Tools v. Luki2811, Tools by Luki2811, raudrofur.zip, afk display v1.1.0.zip, dragon drops v1.3.0.zip, durability ping v1.1.0.zip, real time clock v1.1.0.zip
[14:05:59] [Worker-Main-5/INFO]: Loaded 7 recipes
[14:05:59] [Worker-Main-5/WARN]: Found validation problem in {minecraft:entities/ender_dragon}.pools[1].entries[0]: Unknown loot table called minecraft:entities/reference/mmh/ender_dragon
[14:05:59] [Worker-Main-5/ERROR]: Couldn't load function tag minecraft:tick as it is missing following references: example:loop (from raudrofur.zip)
[14:05:59] [Worker-Main-5/INFO]: Loaded 997 advancements
[14:06:01] [main/INFO]: Applied 0 biome modifications to 0 of 85 new biomes in 1.912 ms
[14:06:01] [Server thread/INFO]: Starting minecraft server version 1.16.4
[14:06:01] [Server thread/INFO]: Loading properties
[14:06:01] [Server thread/INFO]: Default game type: SURVIVAL
[14:06:01] [Server thread/INFO]: Generating keypair
[14:06:01] [Server thread/INFO]: Starting Minecraft server on *:25565
[14:06:01] [Server thread/INFO]: Using default channel type
[14:06:12] [Server thread/INFO]: Preparing level "world"
[14:06:12] [Server thread/INFO]: [CM]: loaded setting carpets as true from carpet.conf
[14:06:12] [Server thread/INFO]: [CM]: loaded setting combineXPOrbs as true from carpet.conf
[14:06:12] [Server thread/INFO]: [CM]: loaded setting fastRedstoneDust as true from carpet.conf
[14:06:12] [Server thread/INFO]: [CM]: loaded setting rotatorBlock as true from carpet.conf
[14:06:12] [Server thread/INFO]: [CM]: loaded setting renewableBlackstone as true from carpet.conf
[14:06:12] [Server thread/INFO]: [CM]: loaded setting renewableSponges as true from carpet.conf
[14:06:12] [Server thread/INFO]: [CM]: loaded setting desertShrubs as true from carpet.conf
[14:06:12] [Server thread/INFO]: [CM]: loaded setting missingTools as true from carpet.conf
[14:06:12] [Server thread/INFO]: [CM]: loaded setting hopperCounters as true from carpet.conf
[14:06:12] [Server thread/INFO]: [CM]: loaded setting maxEntityCollisions as 2 from carpet.conf
[14:06:12] [Server thread/INFO]: [CM]: loaded setting commandSpawn as true from carpet.conf
[14:06:12] [Server thread/INFO]: [CM]: loaded setting movableBlockEntities as true from carpet.conf
[14:06:12] [Server thread/INFO]: [CM]: loaded setting accurateBlockPlacement as true from carpet.conf
[14:06:12] [Server thread/INFO]: [CM]: loaded setting huskSpawningInTemples as true from carpet.conf
[14:06:13] [Server thread/INFO]: [CM]: loaded setting renewableCoral as true from carpet.conf
[14:06:13] [Server thread/INFO]: [CM]: loaded setting shulkerSpawningInEndCities as true from carpet.conf
[14:06:13] [Server thread/INFO]: [CM]: loaded setting stackableShulkerBoxes as true from carpet.conf
[14:06:13] [Server thread/INFO]: [CM]: loaded setting onePlayerSleeping as true from carpet.conf
[14:06:13] [Server thread/INFO]: [CM]: loaded setting dispenserPlacesBlocks as true from carpet.conf
[14:06:13] [Server thread/INFO]: [CM]: loaded setting commandTick as ops from carpet.conf
[14:06:13] [Server thread/INFO]: [CM]: loaded setting commandDraw as false from carpet.conf
[14:06:13] [Server thread/INFO]: [CM]: loaded setting portalSurvivalDelay as 1 from carpet.conf
[14:06:13] [Server thread/INFO]: [CM]: loaded setting commandScript as false from carpet.conf
[14:06:13] [Server thread/INFO]: [CM]: loaded setting persistentParrots as true from carpet.conf
[14:06:13] [Server thread/INFO]: [CM]: loaded setting flippinCactus as true from carpet.conf
[14:06:13] [Server thread/INFO]: [CM]: loaded setting lagFreeSpawning as true from carpet.conf
[14:06:14] [Server thread/INFO]: Preparing start region for dimension minecraft:overworld
[14:06:17] [Server thread/INFO]: Preparing spawn area: 0%
[14:06:17] [Server thread/INFO]: Preparing spawn area: 0%
[14:06:17] [Server thread/INFO]: Preparing spawn area: 0%
[14:06:18] [Server thread/INFO]: Preparing spawn area: 0%
[14:06:18] [Server thread/INFO]: Preparing spawn area: 0%
[14:06:18] [Server thread/INFO]: Preparing spawn area: 0%
[14:06:18] [Server thread/INFO]: Preparing spawn area: 0%
[14:06:18] [Server thread/INFO]: Preparing spawn area: 0%
[14:06:18] [Server thread/INFO]: Preparing spawn area: 0%
[14:06:18] [Server thread/INFO]: Preparing spawn area: 0%
[14:06:19] [Server thread/INFO]: Preparing spawn area: 0%
[14:06:19] [Server thread/INFO]: Preparing spawn area: 0%
[14:06:20] [Server thread/INFO]: Preparing spawn area: 83%
[14:06:26] [Server thread/INFO]: Time elapsed: 12443 ms
[14:06:26] [Server thread/INFO]: Done (13.991s)! For help, type "help"
[15:56:00] [User Authenticator #1/INFO]: UUID of player Sminky52 is 78fda775-d5e2-4bda-9ad2-4a579f297e40
[15:56:01] [Server thread/INFO]: Sminky52[/89.17.139.9:64583] logged in with entity id 75 at (-52.30000001192093, 13.0, 204.69999998807907)
[15:56:01] [Server thread/INFO]: Sminky52 joined the game
[15:56:28] [Server thread/WARN]: Sminky52 moved too quickly! -10.029982123183743,0.0,0.012245068716197238
[15:56:29] [Server thread/WARN]: Can't keep up! Is the server overloaded? Running 2339ms or 46 ticks behind
[16:02:18] [Server thread/WARN]: Mismatch in destroy block pos: class_2338{x=16, y=10, z=214} class_2338{x=16, y=10, z=215}
[16:13:05] [Server thread/WARN]: Mismatch in destroy block pos: class_2338{x=1, y=12, z=107} class_2338{x=-7, y=13, z=104}
[16:13:05] [Server thread/WARN]: Mismatch in destroy block pos: class_2338{x=1, y=12, z=107} class_2338{x=-7, y=13, z=104}
[16:23:08] [Server thread/WARN]: Can't keep up! Is the server overloaded? Running 2008ms or 40 ticks behind
[16:24:43] [Server thread/WARN]: Mismatch in destroy block pos: class_2338{x=23, y=15, z=160} class_2338{x=22, y=13, z=160}
[16:26:21] [Server thread/WARN]: Fetching packet for removed entity class_1542['Air'/4379, l='ServerLevel[world]', x=-11.50, y=13.88, z=210.50]
[16:32:56] [Server thread/INFO]: Sminky52 lost connection: Disconnected
[16:32:56] [Server thread/INFO]: Sminky52 left the game
[20:54:47] [Server thread/INFO]: Unknown or incomplete command, see below for error
[20:54:48] [Server thread/INFO]: s<--[HERE]
[22:37:55] [User Authenticator #2/INFO]: UUID of player A11y_UwU is cdf70681-d8c8-4cdb-9b1a-97a236ce8b1a
[22:37:55] [Server thread/INFO]: A11y_UwU[/127.0.0.1:52763] logged in with entity id 6619 at (-429.918194028152, 75.0, 339.90651610903046)
[22:37:56] [Server thread/INFO]: A11y_UwU joined the game
[22:37:56] [Netty Server IO #4/INFO]: Player A11y_UwU joined with a matching carpet client
[22:37:58] [Server thread/WARN]: Can't keep up! Is the server overloaded? Running 2216ms or 44 ticks behind
[22:42:28] [Server thread/WARN]: Fetching packet for removed entity class_1542['Air'/9237, l='ServerLevel[world]', x=-373.64, y=9.00, z=684.79]
[22:54:03] [Server thread/INFO]: A11y_UwU lost connection: Disconnected
[22:54:03] [Server thread/INFO]: A11y_UwU left the game
[23:56:44] [User Authenticator #3/INFO]: UUID of player A11y_UwU is cdf70681-d8c8-4cdb-9b1a-97a236ce8b1a
[23:56:44] [Server thread/INFO]: A11y_UwU[/127.0.0.1:53236] logged in with entity id 21259 at (-516.3143256235462, 76.0, -265.0336579855857)
[23:56:44] [Server thread/INFO]: A11y_UwU joined the game
[23:56:45] [Netty Server IO #4/INFO]: Player A11y_UwU joined with a matching carpet client
