[20:45:40] [main/INFO]: Loading for game Minecraft 1.16.4
[20:45:40] [ForkJoinPool-1-worker-2/WARN]: The mod "autoconfig1u" contains invalid entries in its mod json:
- Unsupported root entry "$schema" at line 2 column 14
[20:45:40] [main/INFO]: [FabricLoader] Loading 48 mods: fabric-renderer-api-v1@0.3.3+a4467d2a95, minecraft@1.16.4, fabric-screen-handler-api-v1@1.1.0+8724984195, fabric-networking-blockentity-v0@0.2.5+b50ffc7b95, fabric-keybindings-v0@0.2.0+3fa9f7c595, cloth-basic-math@0.5.1, fabric-command-api-v1@1.0.9+a4467d2a95, fabricloader@0.10.6+build.214, fabric-tool-attribute-api-v1@1.2.4+2b46237995, fabric-structure-api-v1@1.1.0+f8ac1db295, fabric-renderer-indigo@0.4.3+a4467d2a95, fabric-containers-v0@0.1.8+045df74f95, fabric-object-builder-api-v1@1.9.2+a89534ab95, fabric-item-api-v1@1.2.0+f8ac1db295, fabric-events-interaction-v0@0.4.1+f8ac1db295, fabric-crash-report-info-v1@0.1.2+b7f9825d95, fabric-game-rule-api-v1@1.0.3+a4467d2a95, fabric-api-base@0.2.0+9f0fb4b895, fabric-rendering-v0@1.1.1+f8ac1db295, fabric-rendering-v1@1.3.1+f8ac1db295, fabric-key-binding-api-v1@1.0.1+730711c695, cloth-config2@4.8.1, fabric-rendering-data-attachment-v1@0.1.4+f8ac1db295, autoconfig1u@3.2.2, fabric-resource-loader-v0@0.3.1+facf3bbf95, cloth-dynamic-registry-api-v1@1.4.8, fabric-textures-v0@1.0.5+a4467d2a95, fabric-content-registries-v0@0.1.9+059ea86695, fabric-tag-extensions-v0@1.0.3+ac8e8c5995, fabric-rendering-fluids-v1@0.1.12+f8ac1db295, fabric-biome-api-v1@3.0.0+8367596d95, fabric-commands-v0@0.2.0+52d3083695, fabric-registry-sync-v0@0.6.1+a4467d2a95, fabric-blockrenderlayer-v1@1.1.4+c6a8ea8995, fabric-lifecycle-events-v1@1.2.0+74cc3b2095, vanillaenhanced@1.3.0, fabric-mining-levels-v0@0.1.2+b764ce9995, fabric-renderer-registries-v1@2.2.0+f8ac1db295, fabric-loot-tables-v1@1.0.1+432ea18895, carpet-extra@1.4.14, fabric-events-lifecycle-v0@0.2.0+16acbe5b95, fabric@0.25.0+build.415-1.16, carpet@1.4.12, fabric-particles-v1@0.2.2+fb0d9b0e95, fabric-models-v0@0.1.1+f8ac1db295, fabric-item-groups-v0@0.2.1+a4467d2a95, fabric-networking-v0@0.1.10+e00ecb5f95, fabric-object-builders-v0@0.7.1+a4467d2a95
[20:45:41] [main/INFO]: SpongePowered MIXIN Subsystem Version=0.8.2 Source=file:/C:/Users/bjartur2004/gits/Raudrofur/server%20-1.16.4%20carpetmod/fabric-server-launch.jar Service=Knot/Fabric Env=SERVER
[20:45:53] [main/INFO]: [VanillaEnhanced] Hello there.
[20:45:54] [main/INFO]: Environment: authHost='https://authserver.mojang.com', accountsHost='https://api.mojang.com', sessionHost='https://sessionserver.mojang.com', servicesHost='https://api.minecraftservices.com', name='PROD'
[20:45:56] [main/WARN]: Ambiguity between arguments [teleport, destination] and [teleport, targets] with inputs: [Player, 0123, @e, dd12be42-52a9-4a91-a8a1-11c01849e498]
[20:45:56] [main/WARN]: Ambiguity between arguments [teleport, location] and [teleport, destination] with inputs: [0.1 -0.5 .9, 0 0 0]
[20:45:56] [main/WARN]: Ambiguity between arguments [teleport, location] and [teleport, targets] with inputs: [0.1 -0.5 .9, 0 0 0]
[20:45:56] [main/WARN]: Ambiguity between arguments [teleport, targets] and [teleport, destination] with inputs: [Player, 0123, dd12be42-52a9-4a91-a8a1-11c01849e498]
[20:45:56] [main/WARN]: Ambiguity between arguments [teleport, targets, location] and [teleport, targets, destination] with inputs: [0.1 -0.5 .9, 0 0 0]
[20:45:56] [main/INFO]: Reloading ResourceManager: Default, Fabric Tool Attribute API (v1), VanillaEnhanced, Tools v. Luki2811, Tools by Luki2811, raudrofur.zip, afk display v1.1.0.zip, dragon drops v1.3.0.zip, durability ping v1.1.0.zip, real time clock v1.1.0.zip
[20:45:59] [Worker-Main-6/INFO]: Loaded 7 recipes
[20:45:59] [Worker-Main-6/WARN]: Found validation problem in {minecraft:entities/ender_dragon}.pools[1].entries[0]: Unknown loot table called minecraft:entities/reference/mmh/ender_dragon
[20:45:59] [Worker-Main-6/ERROR]: Couldn't load function tag minecraft:tick as it is missing following references: example:loop (from raudrofur.zip)
[20:45:59] [Worker-Main-6/INFO]: Loaded 997 advancements
[20:46:00] [main/INFO]: Applied 0 biome modifications to 0 of 85 new biomes in 2.290 ms
[20:46:00] [Server thread/INFO]: Starting minecraft server version 1.16.4
[20:46:00] [Server thread/INFO]: Loading properties
[20:46:00] [Server thread/INFO]: Default game type: SURVIVAL
[20:46:00] [Server thread/INFO]: Generating keypair
[20:46:01] [Server thread/INFO]: Starting Minecraft server on *:25565
[20:46:01] [Server thread/INFO]: Using default channel type
[20:46:03] [Server thread/INFO]: Preparing level "world"
[20:46:03] [Server thread/INFO]: [CM]: loaded setting carpets as true from carpet.conf
[20:46:03] [Server thread/INFO]: [CM]: loaded setting combineXPOrbs as true from carpet.conf
[20:46:03] [Server thread/INFO]: [CM]: loaded setting fastRedstoneDust as true from carpet.conf
[20:46:03] [Server thread/INFO]: [CM]: loaded setting rotatorBlock as true from carpet.conf
[20:46:03] [Server thread/INFO]: [CM]: loaded setting renewableBlackstone as true from carpet.conf
[20:46:03] [Server thread/INFO]: [CM]: loaded setting renewableSponges as true from carpet.conf
[20:46:03] [Server thread/INFO]: [CM]: loaded setting desertShrubs as true from carpet.conf
[20:46:03] [Server thread/INFO]: [CM]: loaded setting missingTools as true from carpet.conf
[20:46:03] [Server thread/INFO]: [CM]: loaded setting hopperCounters as true from carpet.conf
[20:46:03] [Server thread/INFO]: [CM]: loaded setting maxEntityCollisions as 2 from carpet.conf
[20:46:03] [Server thread/INFO]: [CM]: loaded setting commandSpawn as true from carpet.conf
[20:46:03] [Server thread/INFO]: [CM]: loaded setting movableBlockEntities as true from carpet.conf
[20:46:03] [Server thread/INFO]: [CM]: loaded setting accurateBlockPlacement as true from carpet.conf
[20:46:03] [Server thread/INFO]: [CM]: loaded setting huskSpawningInTemples as true from carpet.conf
[20:46:03] [Server thread/INFO]: [CM]: loaded setting renewableCoral as true from carpet.conf
[20:46:03] [Server thread/INFO]: [CM]: loaded setting shulkerSpawningInEndCities as true from carpet.conf
[20:46:03] [Server thread/INFO]: [CM]: loaded setting stackableShulkerBoxes as true from carpet.conf
[20:46:03] [Server thread/INFO]: [CM]: loaded setting onePlayerSleeping as true from carpet.conf
[20:46:03] [Server thread/INFO]: [CM]: loaded setting dispenserPlacesBlocks as true from carpet.conf
[20:46:03] [Server thread/INFO]: [CM]: loaded setting commandTick as ops from carpet.conf
[20:46:03] [Server thread/INFO]: [CM]: loaded setting commandDraw as false from carpet.conf
[20:46:03] [Server thread/INFO]: [CM]: loaded setting portalSurvivalDelay as 1 from carpet.conf
[20:46:03] [Server thread/INFO]: [CM]: loaded setting commandScript as false from carpet.conf
[20:46:03] [Server thread/INFO]: [CM]: loaded setting persistentParrots as true from carpet.conf
[20:46:03] [Server thread/INFO]: [CM]: loaded setting flippinCactus as true from carpet.conf
[20:46:03] [Server thread/INFO]: [CM]: loaded setting lagFreeSpawning as true from carpet.conf
[20:46:03] [Server thread/INFO]: Preparing start region for dimension minecraft:overworld
[20:46:04] [Server thread/INFO]: Preparing spawn area: 0%
[20:46:04] [Server thread/INFO]: Preparing spawn area: 0%
[20:46:05] [Server thread/INFO]: Preparing spawn area: 0%
[20:46:05] [Server thread/INFO]: Preparing spawn area: 0%
[20:46:05] [Server thread/INFO]: Preparing spawn area: 0%
[20:46:06] [Server thread/INFO]: Time elapsed: 3401 ms
[20:46:06] [Server thread/INFO]: Done (3.723s)! For help, type "help"
[20:48:11] [User Authenticator #1/INFO]: UUID of player A11y_UwU is cdf70681-d8c8-4cdb-9b1a-97a236ce8b1a
[20:48:11] [Server thread/INFO]: A11y_UwU[/127.0.0.1:63272] logged in with entity id 77 at (-318.11788927668914, 133.5, 113.6805878010708)
[20:48:12] [Server thread/INFO]: A11y_UwU joined the game
[20:48:17] [Netty Server IO #3/INFO]: Player A11y_UwU joined with a matching carpet client
[20:48:26] [Server thread/WARN]: Can't keep up! Is the server overloaded? Running 2253ms or 45 ticks behind
[20:49:03] [Server thread/WARN]: Can't keep up! Is the server overloaded? Running 22411ms or 448 ticks behind
[20:50:04] [Server thread/ERROR]: Can't find any space for item in the inventory
[20:50:04] [Server thread/ERROR]: Can't find any space for item in the inventory
[20:50:04] [Server thread/ERROR]: Can't find any space for item in the inventory
[20:50:04] [Server thread/ERROR]: Can't find any space for item in the inventory
[20:50:04] [Server thread/ERROR]: Can't find any space for item in the inventory
[20:50:04] [Server thread/ERROR]: Can't find any space for item in the inventory
[20:50:04] [Server thread/ERROR]: Can't find any space for item in the inventory
[20:50:04] [Server thread/ERROR]: Can't find any space for item in the inventory
[20:50:04] [Server thread/ERROR]: Can't find any space for item in the inventory
[20:50:04] [Server thread/ERROR]: Can't find any space for item in the inventory
[20:50:04] [Server thread/ERROR]: Can't find any space for item in the inventory
[20:50:04] [Server thread/ERROR]: Can't find any space for item in the inventory
[20:50:04] [Server thread/ERROR]: Can't find any space for item in the inventory
[20:50:04] [Server thread/ERROR]: Can't find any space for item in the inventory
[20:50:04] [Server thread/ERROR]: Can't find any space for item in the inventory
[20:50:04] [Server thread/ERROR]: Can't find any space for item in the inventory
[20:50:04] [Server thread/ERROR]: Can't find any space for item in the inventory
[20:50:04] [Server thread/ERROR]: Can't find any space for item in the inventory
[20:55:48] [Server thread/INFO]: Steve[local] logged in with entity id 45851 at (-291.6003320588034, 222.0, 111.47357329079652)
[20:55:48] [Server thread/INFO]: Steve joined the game
[20:56:35] [Server thread/WARN]: Can't keep up! Is the server overloaded? Running 3882ms or 77 ticks behind
[20:56:42] [Server thread/WARN]: A11y_UwU moved too quickly! -17.317222286868002,-5.545577822840215,3.1917439445037417
[20:56:45] [Server thread/WARN]: A11y_UwU moved too quickly! -14.192659413698436,2.082884581713273,-10.222200858469137
[20:56:47] [Server thread/WARN]: A11y_UwU moved too quickly! -8.304353909560064,7.673336218173503,-14.213356936450168
[20:57:03] [Server thread/WARN]: Can't keep up! Is the server overloaded? Running 12784ms or 255 ticks behind
[20:57:57] [Server thread/WARN]: Can't keep up! Is the server overloaded? Running 2048ms or 40 ticks behind
[21:01:43] [Server thread/INFO]: A11y_UwU lost connection: Disconnected
[21:01:43] [Server thread/INFO]: A11y_UwU left the game
[21:02:21] [User Authenticator #2/INFO]: UUID of player A11y_UwU is cdf70681-d8c8-4cdb-9b1a-97a236ce8b1a
[21:02:21] [Server thread/INFO]: A11y_UwU[/127.0.0.1:63366] logged in with entity id 54280 at (-489.4891962638201, 82.0, 315.60063062113954)
[21:02:21] [Server thread/INFO]: A11y_UwU joined the game
[21:02:21] [Netty Server IO #6/INFO]: Player A11y_UwU joined with a matching carpet client
[21:03:57] [Server thread/WARN]: Fetching packet for removed entity class_1542['Air'/56857, l='ServerLevel[world]', x=-466.98, y=61.00, z=362.29]
[21:04:32] [Server thread/WARN]: Fetching packet for removed entity class_1542['Air'/57625, l='ServerLevel[world]', x=-465.57, y=61.00, z=360.92]
[21:09:25] [Server thread/INFO]: A11y_UwU lost connection: Disconnected
[21:09:25] [Server thread/INFO]: A11y_UwU left the game
[21:09:27] [User Authenticator #3/INFO]: UUID of player A11y_UwU is cdf70681-d8c8-4cdb-9b1a-97a236ce8b1a
[21:09:27] [Server thread/INFO]: A11y_UwU[/127.0.0.1:63405] logged in with entity id 63369 at (-471.4037627579805, 79.0, 340.81782883025113)
[21:09:27] [Server thread/INFO]: A11y_UwU joined the game
[21:09:27] [Netty Server IO #1/INFO]: Player A11y_UwU joined with a matching carpet client
[21:16:25] [Server thread/INFO]: A11y_UwU lost connection: Disconnected
[21:16:25] [Server thread/INFO]: A11y_UwU left the game
[21:25:01] [User Authenticator #4/INFO]: UUID of player A11y_UwU is cdf70681-d8c8-4cdb-9b1a-97a236ce8b1a
[21:25:01] [Server thread/INFO]: A11y_UwU[/127.0.0.1:63464] logged in with entity id 80931 at (-467.21674967485313, 74.0, 328.7715778179152)
[21:25:01] [Server thread/INFO]: A11y_UwU joined the game
[21:25:02] [Netty Server IO #4/INFO]: Player A11y_UwU joined with a matching carpet client
[21:45:51] [User Authenticator #5/INFO]: UUID of player Sminky52 is 78fda775-d5e2-4bda-9ad2-4a579f297e40
[21:45:52] [Server thread/INFO]: Sminky52[/89.17.139.9:57928] logged in with entity id 106988 at (-683.6999999880791, 70.0, 638.3000000119209)
[21:45:52] [Server thread/INFO]: Sminky52 joined the game
[21:46:10] [Server thread/INFO]: <A11y_UwU> hæ
[21:46:15] [Server thread/INFO]: <Sminky52> yo
[21:48:07] [Server thread/WARN]: Mismatch in destroy block pos: class_2338{x=-684, y=73, z=664} class_2338{x=-684, y=73, z=665}
[21:50:25] [Server thread/WARN]: Fetching packet for removed entity class_1542['Air'/113493, l='ServerLevel[world]', x=-465.10, y=61.00, z=349.81]
[21:51:50] [Server thread/WARN]: A11y_UwU moved too quickly! 17.50267994997938,1.6666238973780025,2.3695143930739846
[21:52:58] [Server thread/WARN]: Fetching packet for removed entity class_1542['Air'/116884, l='ServerLevel[world]', x=-462.97, y=61.00, z=362.63]
[21:55:26] [Server thread/WARN]: Can't keep up! Is the server overloaded? Running 2073ms or 41 ticks behind
[21:56:55] [Server thread/WARN]: Can't keep up! Is the server overloaded? Running 2087ms or 41 ticks behind
[21:57:19] [Server thread/INFO]: Sminky52 lost connection: Disconnected
[21:57:19] [Server thread/INFO]: Sminky52 left the game
[21:58:03] [User Authenticator #6/INFO]: UUID of player Sminky52 is 78fda775-d5e2-4bda-9ad2-4a579f297e40
[21:58:03] [Server thread/INFO]: Sminky52[/89.17.139.9:58013] logged in with entity id 123416 at (-684.5803668061433, 70.0, 643.4075693391399)
[21:58:03] [Server thread/INFO]: Sminky52 joined the game
[21:58:24] [Server thread/INFO]: <Sminky52> hey ma eg takka sma tre?
[21:58:33] [Server thread/INFO]: <A11y_UwU> já já
[21:58:39] [Server thread/INFO]: <Sminky52> takk
[21:58:53] [Server thread/INFO]: <A11y_UwU> sérstaklega neather woodið það er alveg opið
[21:59:00] [Server thread/INFO]: <Sminky52> k
[21:59:19] [Server thread/INFO]: <Sminky52> nicw suger caein farm
[21:59:26] [Server thread/INFO]: <A11y_UwU> thank
[21:59:46] [Server thread/INFO]: <A11y_UwU> það er smá shit tbh en það er nógu gott
[22:00:02] [Server thread/INFO]: <Sminky52> litur vel utt tho
[22:03:19] [Server thread/WARN]: Fetching packet for removed entity class_1542['Air'/129804, l='ServerLevel[world]', x=-456.81, y=76.00, z=272.74]
[22:03:53] [Server thread/WARN]: Fetching packet for removed entity class_1542['Air'/130328, l='ServerLevel[world]', x=-462.24, y=61.00, z=360.43]
[22:11:44] [Server thread/WARN]: Fetching packet for removed entity class_1542['Air'/136500, l='ServerLevel[world]', x=-461.71, y=76.00, z=287.49]
[22:13:20] [Server thread/WARN]: Fetching packet for removed entity class_1542['Air'/137195, l='ServerLevel[world]', x=-463.08, y=61.00, z=361.96]
[22:13:20] [Server thread/WARN]: Fetching packet for removed entity class_1542['Air'/137196, l='ServerLevel[world]', x=-462.46, y=61.00, z=362.30]
[22:13:20] [Server thread/WARN]: Fetching packet for removed entity class_1542['Air'/137197, l='ServerLevel[world]', x=-461.74, y=61.00, z=361.50]
[22:13:50] [Server thread/WARN]: Fetching packet for removed entity class_1542['Air'/137397, l='ServerLevel[world]', x=-462.06, y=61.00, z=361.44]
[22:14:50] [Server thread/WARN]: Fetching packet for removed entity class_1542['Air'/137854, l='ServerLevel[world]', x=-469.50, y=61.00, z=354.80]
[22:18:01] [Server thread/WARN]: Fetching packet for removed entity class_1542['Air'/139959, l='ServerLevel[world]', x=-464.98, y=61.00, z=356.94]
[22:20:26] [Server thread/WARN]: Mismatch in destroy block pos: class_2338{x=131, y=73, z=273} class_2338{x=131, y=72, z=273}
[22:20:27] [Server thread/WARN]: Mismatch in destroy block pos: class_2338{x=131, y=73, z=273} class_2338{x=131, y=72, z=273}
[22:20:27] [Server thread/WARN]: Mismatch in destroy block pos: class_2338{x=131, y=73, z=273} class_2338{x=131, y=72, z=273}
[22:20:41] [Server thread/WARN]: Can't keep up! Is the server overloaded? Running 2044ms or 40 ticks behind
[22:21:24] [Server thread/WARN]: Can't keep up! Is the server overloaded? Running 2069ms or 41 ticks behind
[22:23:02] [Server thread/INFO]: Sminky52 lost connection: Disconnected
[22:23:02] [Server thread/INFO]: Sminky52 left the game
[22:23:15] [User Authenticator #7/INFO]: UUID of player Sminky52 is 78fda775-d5e2-4bda-9ad2-4a579f297e40
[22:23:15] [Server thread/INFO]: Sminky52[/89.17.139.9:58150] logged in with entity id 142978 at (55.55972342026135, 78.69251995437179, 492.69999998807907)
[22:23:15] [Server thread/INFO]: Sminky52 joined the game
[22:24:12] [Server thread/INFO]: Sminky52 has completed the challenge [Hot Tourist Destinations]
[22:24:20] [Server thread/INFO]: <Sminky52> pog
[22:25:41] [Server thread/WARN]: Fetching packet for removed entity class_1542['Air'/144855, l='ServerLevel[world]', x=-463.57, y=61.00, z=361.88]
[22:26:19] [Server thread/WARN]: Fetching packet for removed entity class_1542['Air'/145520, l='ServerLevel[world]', x=-465.56, y=61.00, z=360.50]
[22:26:19] [Server thread/WARN]: Fetching packet for removed entity class_1542['Air'/145521, l='ServerLevel[world]', x=-464.85, y=61.00, z=361.42]
[22:26:28] [Server thread/WARN]: Mismatch in destroy block pos: class_2338{x=65, y=92, z=683} class_2338{x=-32, y=72, z=826}
[22:26:28] [Server thread/WARN]: Mismatch in destroy block pos: class_2338{x=65, y=92, z=683} class_2338{x=-32, y=72, z=826}
[22:26:29] [Server thread/WARN]: Mismatch in destroy block pos: class_2338{x=65, y=92, z=683} class_2338{x=-32, y=72, z=826}
[22:26:29] [Server thread/WARN]: Mismatch in destroy block pos: class_2338{x=65, y=92, z=683} class_2338{x=-32, y=72, z=826}
[22:26:29] [Server thread/WARN]: Mismatch in destroy block pos: class_2338{x=65, y=92, z=683} class_2338{x=-32, y=72, z=826}
[22:26:29] [Server thread/WARN]: Mismatch in destroy block pos: class_2338{x=65, y=92, z=683} class_2338{x=-32, y=72, z=826}
[22:26:49] [Server thread/WARN]: Fetching packet for removed entity class_1542['Air'/146229, l='ServerLevel[world]', x=-468.42, y=61.00, z=356.02]
[22:26:49] [Server thread/WARN]: Mismatch in destroy block pos: class_2338{x=-32, y=73, z=826} class_2338{x=-112, y=69, z=830}
[22:26:54] [Server thread/WARN]: Mismatch in destroy block pos: class_2338{x=-115, y=70, z=830} class_2338{x=-117, y=65, z=830}
[22:27:18] [Server thread/WARN]: Fetching packet for removed entity class_1542['Air'/146576, l='ServerLevel[world]', x=-459.09, y=61.00, z=360.46]
[22:27:19] [Server thread/WARN]: Fetching packet for removed entity class_1542['Air'/146588, l='ServerLevel[world]', x=-465.44, y=61.00, z=350.17]
[22:30:09] [Server thread/WARN]: Fetching packet for removed entity class_1542['Air'/147812, l='ServerLevel[world]', x=-465.31, y=60.77, z=353.27]
[22:33:03] [Server thread/WARN]: Mismatch in destroy block pos: class_2338{x=-212, y=59, z=715} class_2338{x=-212, y=59, z=716}
[22:33:03] [Server thread/WARN]: Mismatch in destroy block pos: class_2338{x=-212, y=59, z=715} class_2338{x=-212, y=59, z=716}
[22:33:03] [Server thread/WARN]: Mismatch in destroy block pos: class_2338{x=-212, y=59, z=715} class_2338{x=-212, y=59, z=716}
[22:33:03] [Server thread/WARN]: Mismatch in destroy block pos: class_2338{x=-212, y=59, z=715} class_2338{x=-212, y=59, z=716}
[22:33:03] [Server thread/WARN]: Mismatch in destroy block pos: class_2338{x=-212, y=59, z=715} class_2338{x=-212, y=59, z=716}
[22:33:03] [Server thread/WARN]: Mismatch in destroy block pos: class_2338{x=-212, y=59, z=715} class_2338{x=-212, y=59, z=716}
[22:33:37] [Server thread/INFO]: <A11y_UwU> lit achevment
[22:34:06] [Server thread/WARN]: Mismatch in destroy block pos: class_2338{x=-212, y=64, z=642} class_2338{x=-212, y=62, z=605}
[22:34:06] [Server thread/WARN]: Mismatch in destroy block pos: class_2338{x=-212, y=64, z=642} class_2338{x=-212, y=62, z=605}
[22:34:08] [Server thread/WARN]: Mismatch in destroy block pos: class_2338{x=-212, y=64, z=606} class_2338{x=-212, y=62, z=602}
[22:34:08] [Server thread/WARN]: Mismatch in destroy block pos: class_2338{x=-212, y=64, z=606} class_2338{x=-212, y=62, z=602}
[22:34:25] [Server thread/WARN]: Can't keep up! Is the server overloaded? Running 2153ms or 43 ticks behind
[22:38:06] [Server thread/INFO]: Sminky52 lost connection: Disconnected
[22:38:06] [Server thread/INFO]: Sminky52 left the game
[22:41:44] [User Authenticator #8/INFO]: UUID of player Sminky52 is 78fda775-d5e2-4bda-9ad2-4a579f297e40
[22:41:44] [Server thread/INFO]: Sminky52[/89.17.139.9:58345] logged in with entity id 158089 at (-211.5383316181041, 63.0, 372.06652121300687)
[22:41:44] [Server thread/INFO]: Sminky52 joined the game
[22:44:34] [Server thread/WARN]: Mismatch in destroy block pos: class_2338{x=-211, y=56, z=173} class_2338{x=-211, y=56, z=174}
[22:47:44] [Server thread/WARN]: Fetching packet for removed entity class_1542['Air'/161604, l='ServerLevel[world]', x=-461.72, y=76.00, z=287.72]
[22:49:32] [User Authenticator #9/INFO]: UUID of player togga99 is 3df4725c-55ba-4ca9-a0cd-b0aaef0d3d0a
[22:49:33] [Server thread/INFO]: togga99[/89.160.212.94:57049] logged in with entity id 162531 at (-464.20786653890286, 68.0, 351.4929075175702)
[22:49:33] [Server thread/INFO]: togga99 joined the game
[22:49:38] [Server thread/INFO]: <A11y_UwU> eyy hæ
[22:49:38] [Server thread/INFO]: <Sminky52> yo
[22:49:52] [Server thread/INFO]: <togga99> hææ sætu
[22:49:56] [Server thread/INFO]: <A11y_UwU> ættlaði að fara að skrifa þér togga.. áttu köku?
[22:50:10] [Server thread/INFO]: <togga99> í alvörunni eða min
[22:50:16] [Server thread/INFO]: <A11y_UwU> mine
[22:50:33] [Server thread/INFO]: <togga99> nei en nágrannarnir eiga 1ö00
[22:50:52] [Server thread/INFO]: <A11y_UwU> ja en get ekki tekið þær upp :/
[22:50:57] [Server thread/INFO]: <togga99> damn
[22:51:04] [Server thread/INFO]: <togga99> skal gera hversu margar viltu
[22:51:09] [Server thread/INFO]: <A11y_UwU> bara 1
[22:51:19] [Server thread/INFO]: <togga99> yoko
[22:51:24] [Server thread/INFO]: <A11y_UwU> fyrir redstone stúff
[22:53:00] [Server thread/INFO]: <A11y_UwU> takk kærlega kjútí
[22:53:07] [Server thread/INFO]: <togga99> eg veit eg er góð manneskja
[22:53:24] [Server thread/INFO]: <togga99> get eg ekki sett svona rör undir berin hja rebbunum til að safna eim
[22:53:27] [Server thread/INFO]: <togga99> ?
[22:53:55] [Server thread/INFO]: <A11y_UwU> ha?
[22:54:14] [Server thread/INFO]: <togga99> svon hopper get eg sett það og þá dettur stuffið ofaní það?
[22:54:24] [Server thread/INFO]: <A11y_UwU> ju
[22:54:40] [Server thread/INFO]: <togga99> notar maður svona kassa kistu fyrr það
[22:55:02] [Server thread/INFO]: <A11y_UwU> meinaru hvernig þeir eru búnir til?
[22:55:46] [Server thread/INFO]: <togga99> nei hvernig læt eg það tengjast við kistuna þannig það fari ofaní hana
[22:55:58] [Server thread/INFO]: Sminky52 lost connection: Disconnected
[22:55:58] [Server thread/INFO]: Sminky52 left the game
[22:56:04] [Server thread/INFO]: <A11y_UwU> láta þá snúa að þeim
[22:56:10] [Server thread/INFO]: <togga99> oh lol
[22:56:16] [Server thread/INFO]: <togga99> afsakið meinti hu
[22:56:33] [Server thread/INFO]: <togga99> virkar það með venjuegar kistur undir?
[22:56:46] [Server thread/WARN]: Fetching packet for removed entity class_1542['Air'/167956, l='ServerLevel[world]', x=-462.17, y=76.00, z=288.11]
[22:56:48] [Server thread/INFO]: <A11y_UwU> þegar þú setur trektina nyður þá ýtur á kubbin sem hann á að tengjast
[22:56:55] [Server thread/INFO]: <A11y_UwU> ja
[22:56:59] [Server thread/INFO]: <togga99> oh ok skil
[22:57:11] [Server thread/INFO]: <A11y_UwU> hvaða kubb sem er sem getur geymt items
[22:57:18] [Server thread/INFO]: <togga99> oh
[22:57:21] [Server thread/INFO]: <togga99> klikað
[22:57:48] [Server thread/INFO]: <A11y_UwU> nema enderchest.. en þú veist
[22:58:04] [Server thread/WARN]: Fetching packet for removed entity class_1542['Air'/169623, l='ServerLevel[world]', x=-464.03, y=61.00, z=361.50]
[22:59:39] [Server thread/INFO]: <togga99> eg naði loksins
[22:59:46] [Server thread/INFO]: <A11y_UwU> noice
[23:05:37] [Server thread/INFO]: <togga99> sætt hús
[23:05:43] [Server thread/INFO]: <A11y_UwU> þakkir
[23:07:01] [Server thread/WARN]: A11y_UwU moved too quickly! -15.921789329738132,3.521005745288022,-7.0007425988598015
[23:07:27] [Server thread/WARN]: Mismatch in destroy block pos: class_2338{x=-215, y=64, z=70} class_2338{x=-68, y=59, z=-295}
[23:07:27] [Server thread/WARN]: Mismatch in destroy block pos: class_2338{x=-215, y=64, z=70} class_2338{x=-68, y=59, z=-295}
[23:07:27] [Server thread/WARN]: Mismatch in destroy block pos: class_2338{x=-215, y=64, z=70} class_2338{x=-68, y=59, z=-295}
[23:07:27] [Server thread/WARN]: Mismatch in destroy block pos: class_2338{x=-215, y=64, z=70} class_2338{x=-68, y=59, z=-295}
[23:08:01] [Server thread/WARN]: Can't keep up! Is the server overloaded? Running 2114ms or 42 ticks behind
[23:10:20] [Server thread/INFO]: togga99 was poked to death by a sweet berry bush
[23:10:38] [Server thread/INFO]: <A11y_UwU> togga.. ég meira að segja sá það gerast
[23:10:51] [Server thread/INFO]: <A11y_UwU> lol
[23:10:54] [Server thread/INFO]: <togga99> rgyfuikshfu.kshfnk
[23:11:13] [Server thread/INFO]: <togga99> veistu um úlfa
[23:11:21] [Server thread/INFO]: <togga99> mig vantar þeir eru betri en refir
[23:11:28] [Server thread/INFO]: <A11y_UwU> ne bara hvar þeir eiga að spawna
[23:11:34] [Server thread/INFO]: <togga99> jaaaaaaaaaaaaaaaaaaaaaaa
[23:11:36] [Server thread/INFO]: <togga99> hvaaaaaaaaaaaaaaaaaaaaaaaaaar
[23:11:38] [Server thread/INFO]: <A11y_UwU> oh úlfar
[23:11:51] [Server thread/INFO]: <A11y_UwU> man það ekki en skal checka
[23:11:56] [Server thread/WARN]: Can't keep up! Is the server overloaded? Running 2010ms or 40 ticks behind
[23:12:14] [Server thread/WARN]: Can't keep up! Is the server overloaded? Running 3385ms or 67 ticks behind
[23:12:28] [Server thread/INFO]: <A11y_UwU> forests, taigas, giant tree taigas and snowy taigas,
[23:12:41] [Server thread/INFO]: <togga99> okokokokok
[23:12:48] [Server thread/INFO]: <togga99> er giant tree moddið?
[23:12:52] [Server thread/INFO]: <A11y_UwU> ne
[23:13:04] [Server thread/INFO]: <A11y_UwU> það er redwood
[23:13:08] [Server thread/INFO]: <togga99> oooh ok
[23:13:14] [Server thread/INFO]: <togga99> hvað er tiagas
[23:13:37] [Server thread/INFO]: <A11y_UwU> man ekki
[23:17:06] [Server thread/WARN]: Mismatch in destroy block pos: class_2338{x=-1258, y=80, z=-529} class_2338{x=-1262, y=67, z=-532}
[23:17:06] [Server thread/WARN]: Mismatch in destroy block pos: class_2338{x=-1258, y=80, z=-529} class_2338{x=-1262, y=67, z=-532}
[23:19:50] [Server thread/INFO]: <togga99> 300 78 BLABLABLA
[23:22:09] [Server thread/WARN]: A11y_UwU moved too quickly! 15.70562750167295,-1.2854054003975932,-8.067583557029366
[23:27:24] [Server thread/INFO]: <togga99> eg held að voffar seu utdauðir
[23:27:33] [Server thread/INFO]: <A11y_UwU> nene
[23:33:04] [Server thread/INFO]: <togga99> eg fann 2 demantaaaaaaaaaaaa
[23:33:10] [Server thread/INFO]: <A11y_UwU> swaggg
[23:39:05] [Server thread/INFO]: <togga99> ups
[23:40:12] [Server thread/INFO]: <togga99> slæp
[23:50:51] [Server thread/WARN]: Can't keep up! Is the server overloaded? Running 2205ms or 44 ticks behind
[23:51:13] [Server thread/INFO]: <A11y_UwU> geturu sofið?
[23:51:17] [Server thread/INFO]: <togga99> juh
[23:51:23] [Server thread/INFO]: <A11y_UwU> takk takk
[23:51:28] [Server thread/WARN]: Fetching packet for removed entity class_1542['Air'/237103, l='ServerLevel[world]', x=-456.63, y=76.00, z=272.80]
[23:51:36] [Server thread/INFO]: <togga99> ektm
[23:54:55] [Server thread/INFO]: <togga99> skipta rauðu kubbarnir i kringum portalið miklu máli?
[23:55:05] [Server thread/INFO]: <A11y_UwU> nei
[23:55:20] [Server thread/INFO]: <A11y_UwU> ég mun gera fallegri portal bráðum annarstaðar
[23:55:23] [Server thread/INFO]: <togga99> ma eg taka nokkra það þvi þeir eru sma fyrir
[23:55:26] [Server thread/INFO]: <togga99> oh ok
[23:55:40] [Server thread/INFO]: <A11y_UwU> en já það máttu
