[20:44:59] [main/INFO]: Loading for game Minecraft 1.16.4
[20:45:06] [ForkJoinPool-1-worker-1/WARN]: The mod "autoconfig1u" contains invalid entries in its mod json:
- Unsupported root entry "$schema" at line 2 column 14
[20:45:06] [main/INFO]: [FabricLoader] Loading 49 mods: fabric-renderer-api-v1@0.3.3+a4467d2a95, fabric-keybindings-v0@0.2.0+3fa9f7c595, fabricloader@0.10.6+build.214, fabric-structure-api-v1@1.1.0+f8ac1db295, fabric-containers-v0@0.1.8+045df74f95, fabric-object-builder-api-v1@1.9.2+a89534ab95, fabric-game-rule-api-v1@1.0.3+a4467d2a95, fabric-api-base@0.2.0+9f0fb4b895, fabric-rendering-data-attachment-v1@0.1.4+f8ac1db295, cloth-dynamic-registry-api-v1@1.4.8, fabric-textures-v0@1.0.5+a4467d2a95, fabric-rendering-fluids-v1@0.1.12+f8ac1db295, fabric-blockrenderlayer-v1@1.1.4+c6a8ea8995, fabric-lifecycle-events-v1@1.2.0+74cc3b2095, fabric-renderer-registries-v1@2.2.0+f8ac1db295, carpet-extra@1.4.14, fabric-loot-tables-v1@1.0.1+432ea18895, fabric@0.25.0+build.415-1.16, carpet@1.4.12, fabric-particles-v1@0.2.2+fb0d9b0e95, fabric-networking-v0@0.1.10+e00ecb5f95, servux@0.1.3, fabric-networking-blockentity-v0@0.2.5+b50ffc7b95, fabric-screen-handler-api-v1@1.1.0+8724984195, minecraft@1.16.4, cloth-basic-math@0.5.1, fabric-command-api-v1@1.0.9+a4467d2a95, fabric-tool-attribute-api-v1@1.2.4+2b46237995, fabric-renderer-indigo@0.4.3+a4467d2a95, fabric-crash-report-info-v1@0.1.2+b7f9825d95, fabric-events-interaction-v0@0.4.1+f8ac1db295, fabric-item-api-v1@1.2.0+f8ac1db295, fabric-rendering-v0@1.1.1+f8ac1db295, fabric-rendering-v1@1.3.1+f8ac1db295, fabric-key-binding-api-v1@1.0.1+730711c695, cloth-config2@4.8.1, autoconfig1u@3.2.2, fabric-resource-loader-v0@0.3.1+facf3bbf95, fabric-content-registries-v0@0.1.9+059ea86695, fabric-tag-extensions-v0@1.0.3+ac8e8c5995, fabric-biome-api-v1@3.0.0+8367596d95, fabric-commands-v0@0.2.0+52d3083695, fabric-registry-sync-v0@0.6.1+a4467d2a95, vanillaenhanced@1.3.0, fabric-mining-levels-v0@0.1.2+b764ce9995, fabric-events-lifecycle-v0@0.2.0+16acbe5b95, fabric-models-v0@0.1.1+f8ac1db295, fabric-item-groups-v0@0.2.1+a4467d2a95, fabric-object-builders-v0@0.7.1+a4467d2a95
[20:45:07] [main/INFO]: SpongePowered MIXIN Subsystem Version=0.8.2 Source=file:/C:/Users/bjartur2004/gits/Raudrofur/server%20-1.16.4%20carpetmod/fabric-server-launch.jar Service=Knot/Fabric Env=SERVER
[20:56:44] [Netty Server IO #1/WARN]: Method overwrite conflict for getChannel in mixins.servux.json:IMixinCustomPayloadC2SPacket, previously written by net.fabricmc.fabric.mixin.networking.MixinCustomPayloadC2SPacket. Skipping method.
[20:56:44] [Netty Server IO #1/WARN]: Method overwrite conflict for getData in mixins.servux.json:IMixinCustomPayloadC2SPacket, previously written by net.fabricmc.fabric.mixin.networking.MixinCustomPayloadC2SPacket. Skipping method.
n/WARN]: Ambiguity between arguments [teleport, location] and [teleport, destination] with inputs: [0.1 -0.5 .9, 0 0 0]
[20:45:34] [main/WARN]: Ambiguity between arguments [teleport, location] and [teleport, targets] with inputs: [0.1 -0.5 .9, 0 0 0]
[20:45:34] [main/WARN]: Ambiguity between arguments [teleport, targets] and [teleport, destination] with inputs: [Player, 0123, dd12be42-52a9-4a91-a8a1-11c01849e498]
[20:45:34] [main/WARN]: Ambiguity between arguments [teleport, targets, location] and [teleport, targets, destination] with inputs: [0.1 -0.5 .9, 0 0 0]
[20:45:35] [main/INFO]: Reloading ResourceManager: Default, Fabric Tool Attribute API (v1), VanillaEnhanced, Tools v. Luki2811, Tools by Luki2811, raudrofur.zip, afk display v1.1.0.zip, dragon drops v1.3.0.zip, durability ping v1.1.0.zip, real time clock v1.1.0.zip
[20:45:38] [Worker-Main-5/INFO]: Loaded 7 recipes
[20:45:39] [Worker-Main-5/WARN]: Found validation problem in {minecraft:entities/ender_dragon}.pools[1].entries[0]: Unknown loot table called minecraft:entities/reference/mmh/ender_dragon
[20:45:39] [Worker-Main-5/ERROR]: Couldn't load function tag minecraft:tick as it is missing following references: example:loop (from raudrofur.zip)
[20:45:39] [Worker-Main-5/INFO]: Loaded 997 advancements
[20:45:43] [main/INFO]: Applied 0 biome modifications to 0 of 85 new biomes in 14.86 ms
[20:45:43] [Server thread/INFO]: Starting minecraft server version 1.16.4
[20:45:43] [Server thread/INFO]: Loading properties
[20:45:43] [Server thread/INFO]: Default game type: SURVIVAL
[20:45:43] [Server thread/INFO]: Generating keypair
[20:45:44] [Server thread/INFO]: Starting Minecraft server on *:25565
[20:45:44] [Server thread/INFO]: Using default channel type
[20:45:53] [Server thread/INFO]: Preparing level "world"
[20:45:53] [Server thread/INFO]: [CM]: loaded setting carpets as true from carpet.conf
[20:45:53] [Server thread/INFO]: [CM]: loaded setting combineXPOrbs as true from carpet.conf
[20:45:53] [Server thread/INFO]: [CM]: loaded setting fastRedstoneDust as true from carpet.conf
[20:45:53] [Server thread/INFO]: [CM]: loaded setting rotatorBlock as true from carpet.conf
[20:45:53] [Server thread/INFO]: [CM]: loaded setting renewableBlackstone as true from carpet.conf
[20:45:53] [Server thread/INFO]: [CM]: loaded setting renewableSponges as true from carpet.conf
[20:45:54] [Server thread/INFO]: [CM]: loaded setting desertShrubs as true from carpet.conf
[20:45:54] [Server thread/INFO]: [CM]: loaded setting missingTools as true from carpet.conf
[20:45:54] [Server thread/INFO]: [CM]: loaded setting hopperCounters as true from carpet.conf
[20:45:54] [Server thread/INFO]: [CM]: loaded setting maxEntityCollisions as 2 from carpet.conf
[20:45:54] [Server thread/INFO]: [CM]: loaded setting commandSpawn as true from carpet.conf
[20:45:54] [Server thread/INFO]: [CM]: loaded setting movableBlockEntities as true from carpet.conf
[20:45:54] [Server thread/INFO]: [CM]: loaded setting accurateBlockPlacement as true from carpet.conf
[20:45:54] [Server thread/INFO]: [CM]: loaded setting huskSpawningInTemples as true from carpet.conf
[20:45:54] [Server thread/INFO]: [CM]: loaded setting renewableCoral as true from carpet.conf
[20:45:54] [Server thread/INFO]: [CM]: loaded setting shulkerSpawningInEndCities as true from carpet.conf
[20:45:54] [Server thread/INFO]: [CM]: loaded setting stackableShulkerBoxes as true from carpet.conf
[20:45:54] [Server thread/INFO]: [CM]: loaded setting onePlayerSleeping as true from carpet.conf
[20:45:54] [Server thread/INFO]: [CM]: loaded setting dispenserPlacesBlocks as true from carpet.conf
[20:45:54] [Server thread/INFO]: [CM]: loaded setting commandTick as ops from carpet.conf
[20:45:55] [Server thread/INFO]: [CM]: loaded setting commandDraw as false from carpet.conf
[20:45:55] [Server thread/INFO]: [CM]: loaded setting portalSurvivalDelay as 1 from carpet.conf
[20:45:55] [Server thread/INFO]: [CM]: loaded setting commandScript as false from carpet.conf
[20:45:55] [Server thread/INFO]: [CM]: loaded setting persistentParrots as true from carpet.conf
[20:45:55] [Server thread/INFO]: [CM]: loaded setting flippinCactus as true from carpet.conf
[20:45:55] [Server thread/INFO]: [CM]: loaded setting lagFreeSpawning as true from carpet.conf
[20:45:55] [Server thread/INFO]: Preparing start region for dimension minecraft:overworld
[20:45:58] [Server thread/INFO]: Preparing spawn area: 0%
[20:45:58] [Server thread/INFO]: Preparing spawn area: 0%
[20:45:58] [Server thread/INFO]: Preparing spawn area: 0%
[20:45:58] [Server thread/INFO]: Preparing spawn area: 0%
[20:45:58] [Server thread/INFO]: Preparing spawn area: 0%
[20:45:58] [Server thread/INFO]: Preparing spawn area: 0%
[20:45:59] [Server thread/INFO]: Preparing spawn area: 0%
[20:45:59] [Server thread/INFO]: Preparing spawn area: 48%
[20:46:03] [Server thread/INFO]: Time elapsed: 7114 ms
[20:46:03] [Server thread/INFO]: Done (9.606s)! For help, type "help"
[20:56:49] [Server thread/INFO]: com.mojang.authlib.GameProfile@7e0fe172[id=<null>,name=SKAF_PathFinder,properties={},legacy=false] (/85.220.31.107:63586) lost connection: Disconnected
[20:56:54] [Server thread/INFO]: com.mojang.authlib.GameProfile@6e109594[id=<null>,name=SKAF_PathFinder,properties={},legacy=false] (/85.220.31.107:63593) lost connection: Disconnected
[20:57:54] [User Authenticator #1/INFO]: UUID of player SKAF_PathFinder is 9028ab8d-5e35-442a-a961-4e2492618936
[20:57:55] [Server thread/INFO]: SKAF_PathFinder[/85.220.31.107:63916] logged in with entity id 78 at (-377.1237302791676, 9.0, 700.209975216871)
[20:57:55] [Server thread/INFO]: SKAF_PathFinder joined the game
[21:00:49] [Server thread/INFO]: [Server] kinda cool you joined now, i like just started the server lul
[21:00:55] [Server thread/INFO]: <SKAF_PathFinder> lol
[21:01:06] [Server thread/INFO]: <SKAF_PathFinder> the rockets stopped working
[21:02:19] [Server thread/WARN]: Fetching packet for removed entity class_1542['Air'/1142, l='ServerLevel[world]', x=-373.53, y=9.00, z=681.68]
[21:03:07] [Server thread/INFO]: [Server] ye they do that a lot on servers..
[21:10:21] [Server thread/INFO]: <SKAF_PathFinder> I am gonna be afk for awhile
[21:12:57] [Server thread/WARN]: Fetching packet for removed entity class_1542['Air'/2272, l='ServerLevel[world]', x=-373.43, y=9.00, z=684.44]
[21:19:57] [Server thread/WARN]: Fetching packet for removed entity class_1542['Air'/2944, l='ServerLevel[world]', x=-373.66, y=9.00, z=682.14]
[21:28:44] [User Authenticator #2/INFO]: UUID of player togga99 is 3df4725c-55ba-4ca9-a0cd-b0aaef0d3d0a
[21:28:45] [Server thread/INFO]: togga99[/89.160.212.94:54577] logged in with entity id 3820 at (-533.9418802076474, 76.0, 224.66066147036992)
[21:28:45] [Server thread/INFO]: togga99 joined the game
[21:30:32] [Server thread/INFO]: togga99 lost connection: Disconnected
[21:30:32] [Server thread/INFO]: togga99 left the game
[21:36:54] [Server thread/WARN]: Fetching packet for removed entity class_1542['Air'/5241, l='ServerLevel[world]', x=-373.53, y=9.00, z=681.68]
[21:51:23] [Server thread/WARN]: Fetching packet for removed entity class_1542['Air'/6560, l='ServerLevel[world]', x=-373.43, y=9.00, z=684.44]
[21:56:03] [Server thread/WARN]: Fetching packet for removed entity class_1542['Air'/6998, l='ServerLevel[world]', x=-374.06, y=9.00, z=683.01]
[22:25:03] [Server thread/WARN]: Can't keep up! Is the server overloaded? Running 2061ms or 41 ticks behind
[22:36:40] [Server thread/INFO]: SKAF_PathFinder lost connection: Disconnected
[22:36:40] [Server thread/INFO]: SKAF_PathFinder left the game
