[21:09:43] [main/INFO]: Loading for game Minecraft 1.16.4
[21:09:44] [ForkJoinPool-1-worker-1/WARN]: The mod "autoconfig1u" contains invalid entries in its mod json:
- Unsupported root entry "$schema" at line 2 column 14
[21:09:44] [main/INFO]: [FabricLoader] Loading 48 mods: fabric-renderer-api-v1@0.3.3+a4467d2a95, minecraft@1.16.4, fabric-screen-handler-api-v1@1.1.0+8724984195, fabric-networking-blockentity-v0@0.2.5+b50ffc7b95, fabric-keybindings-v0@0.2.0+3fa9f7c595, cloth-basic-math@0.5.1, fabric-command-api-v1@1.0.9+a4467d2a95, fabricloader@0.10.6+build.214, fabric-tool-attribute-api-v1@1.2.4+2b46237995, fabric-structure-api-v1@1.1.0+f8ac1db295, fabric-renderer-indigo@0.4.3+a4467d2a95, fabric-containers-v0@0.1.8+045df74f95, fabric-object-builder-api-v1@1.9.2+a89534ab95, fabric-crash-report-info-v1@0.1.2+b7f9825d95, fabric-events-interaction-v0@0.4.1+f8ac1db295, fabric-item-api-v1@1.2.0+f8ac1db295, fabric-game-rule-api-v1@1.0.3+a4467d2a95, fabric-api-base@0.2.0+9f0fb4b895, fabric-rendering-v0@1.1.1+f8ac1db295, fabric-rendering-v1@1.3.1+f8ac1db295, fabric-key-binding-api-v1@1.0.1+730711c695, cloth-config2@4.8.1, fabric-rendering-data-attachment-v1@0.1.4+f8ac1db295, autoconfig1u@3.2.2, fabric-resource-loader-v0@0.3.1+facf3bbf95, cloth-dynamic-registry-api-v1@1.4.8, fabric-textures-v0@1.0.5+a4467d2a95, fabric-content-registries-v0@0.1.9+059ea86695, fabric-tag-extensions-v0@1.0.3+ac8e8c5995, fabric-rendering-fluids-v1@0.1.12+f8ac1db295, fabric-biome-api-v1@3.0.0+8367596d95, fabric-commands-v0@0.2.0+52d3083695, fabric-registry-sync-v0@0.6.1+a4467d2a95, fabric-blockrenderlayer-v1@1.1.4+c6a8ea8995, fabric-lifecycle-events-v1@1.2.0+74cc3b2095, vanillaenhanced@1.3.0, fabric-mining-levels-v0@0.1.2+b764ce9995, fabric-renderer-registries-v1@2.2.0+f8ac1db295, fabric-loot-tables-v1@1.0.1+432ea18895, carpet-extra@1.4.14, fabric-events-lifecycle-v0@0.2.0+16acbe5b95, fabric@0.25.0+build.415-1.16, carpet@1.4.12, fabric-particles-v1@0.2.2+fb0d9b0e95, fabric-models-v0@0.1.1+f8ac1db295, fabric-item-groups-v0@0.2.1+a4467d2a95, fabric-networking-v0@0.1.10+e00ecb5f95, fabric-object-builders-v0@0.7.1+a4467d2a95
[21:09:44] [main/INFO]: SpongePowered MIXIN Subsystem Version=0.8.2 Source=file:/C:/Users/bjartur2004/gits/Raudrofur/server%20-1.16.4%20carpetmod/fabric-server-launch.jar Service=Knot/Fabric Env=SERVER
[21:09:53] [main/INFO]: [VanillaEnhanced] Hello there.
[21:09:54] [main/INFO]: Environment: authHost='https://authserver.mojang.com', accountsHost='https://api.mojang.com', sessionHost='https://sessionserver.mojang.com', servicesHost='https://api.minecraftservices.com', name='PROD'
[21:09:56] [main/WARN]: Ambiguity between arguments [teleport, destination] and [teleport, targets] with inputs: [Player, 0123, @e, dd12be42-52a9-4a91-a8a1-11c01849e498]
[21:09:56] [main/WARN]: Ambiguity between arguments [teleport, location] and [teleport, destination] with inputs: [0.1 -0.5 .9, 0 0 0]
[21:09:56] [main/WARN]: Ambiguity between arguments [teleport, location] and [teleport, targets] with inputs: [0.1 -0.5 .9, 0 0 0]
[21:09:56] [main/WARN]: Ambiguity between arguments [teleport, targets] and [teleport, destination] with inputs: [Player, 0123, dd12be42-52a9-4a91-a8a1-11c01849e498]
[21:09:56] [main/WARN]: Ambiguity between arguments [teleport, targets, location] and [teleport, targets, destination] with inputs: [0.1 -0.5 .9, 0 0 0]
[21:09:56] [main/INFO]: Reloading ResourceManager: Default, Fabric Tool Attribute API (v1), VanillaEnhanced, Tools v. Luki2811, Tools by Luki2811, raudrofur.zip, afk display v1.1.0.zip, dragon drops v1.3.0.zip, durability ping v1.1.0.zip, real time clock v1.1.0.zip
[21:09:58] [Worker-Main-4/INFO]: Loaded 7 recipes
[21:09:58] [Worker-Main-4/WARN]: Found validation problem in {minecraft:entities/ender_dragon}.pools[1].entries[0]: Unknown loot table called minecraft:entities/reference/mmh/ender_dragon
[21:09:58] [Worker-Main-4/ERROR]: Couldn't load function tag minecraft:tick as it is missing following references: example:loop (from raudrofur.zip)
[21:09:59] [Worker-Main-4/INFO]: Loaded 997 advancements
[21:10:00] [main/INFO]: Applied 0 biome modifications to 0 of 85 new biomes in 2.092 ms
[21:10:00] [Server thread/INFO]: Starting minecraft server version 1.16.4
[21:10:00] [Server thread/INFO]: Loading properties
[21:10:00] [Server thread/INFO]: Default game type: SURVIVAL
[21:10:00] [Server thread/INFO]: Generating keypair
[21:10:00] [Server thread/INFO]: Starting Minecraft server on *:25565
[21:10:00] [Server thread/INFO]: Using default channel type
[21:10:01] [Server thread/INFO]: Preparing level "world"
[21:10:01] [Server thread/INFO]: [CM]: loaded setting carpets as true from carpet.conf
[21:10:01] [Server thread/INFO]: [CM]: loaded setting combineXPOrbs as true from carpet.conf
[21:10:01] [Server thread/INFO]: [CM]: loaded setting fastRedstoneDust as true from carpet.conf
[21:10:01] [Server thread/INFO]: [CM]: loaded setting rotatorBlock as true from carpet.conf
[21:10:01] [Server thread/INFO]: [CM]: loaded setting renewableBlackstone as true from carpet.conf
[21:10:01] [Server thread/INFO]: [CM]: loaded setting renewableSponges as true from carpet.conf
[21:10:01] [Server thread/INFO]: [CM]: loaded setting desertShrubs as true from carpet.conf
[21:10:01] [Server thread/INFO]: [CM]: loaded setting missingTools as true from carpet.conf
[21:10:01] [Server thread/INFO]: [CM]: loaded setting hopperCounters as true from carpet.conf
[21:10:01] [Server thread/INFO]: [CM]: loaded setting maxEntityCollisions as 2 from carpet.conf
[21:10:01] [Server thread/INFO]: [CM]: loaded setting commandSpawn as true from carpet.conf
[21:10:01] [Server thread/INFO]: [CM]: loaded setting movableBlockEntities as true from carpet.conf
[21:10:01] [Server thread/INFO]: [CM]: loaded setting accurateBlockPlacement as true from carpet.conf
[21:10:01] [Server thread/INFO]: [CM]: loaded setting huskSpawningInTemples as true from carpet.conf
[21:10:01] [Server thread/INFO]: [CM]: loaded setting renewableCoral as true from carpet.conf
[21:10:01] [Server thread/INFO]: [CM]: loaded setting shulkerSpawningInEndCities as true from carpet.conf
[21:10:01] [Server thread/INFO]: [CM]: loaded setting stackableShulkerBoxes as true from carpet.conf
[21:10:01] [Server thread/INFO]: [CM]: loaded setting onePlayerSleeping as true from carpet.conf
[21:10:01] [Server thread/INFO]: [CM]: loaded setting dispenserPlacesBlocks as true from carpet.conf
[21:10:01] [Server thread/INFO]: [CM]: loaded setting commandTick as ops from carpet.conf
[21:10:01] [Server thread/INFO]: [CM]: loaded setting commandDraw as false from carpet.conf
[21:10:01] [Server thread/INFO]: [CM]: loaded setting portalSurvivalDelay as 1 from carpet.conf
[21:10:01] [Server thread/INFO]: [CM]: loaded setting commandScript as false from carpet.conf
[21:10:01] [Server thread/INFO]: [CM]: loaded setting persistentParrots as true from carpet.conf
[21:10:01] [Server thread/INFO]: [CM]: loaded setting flippinCactus as true from carpet.conf
[21:10:01] [Server thread/INFO]: [CM]: loaded setting lagFreeSpawning as true from carpet.conf
[21:10:02] [Server thread/INFO]: Preparing start region for dimension minecraft:overworld
[21:10:03] [Server thread/INFO]: Preparing spawn area: 0%
[21:10:03] [Server thread/INFO]: Preparing spawn area: 0%
[21:10:03] [Server thread/INFO]: Preparing spawn area: 0%
[21:10:04] [Server thread/INFO]: Preparing spawn area: 0%
[21:10:04] [Server thread/INFO]: Time elapsed: 2520 ms
[21:10:04] [Server thread/INFO]: Done (2.973s)! For help, type "help"
[21:10:22] [User Authenticator #1/INFO]: UUID of player A11y_UwU is cdf70681-d8c8-4cdb-9b1a-97a236ce8b1a
[21:10:22] [Server thread/INFO]: A11y_UwU[/127.0.0.1:54195] logged in with entity id 76 at (-432.6022819247874, 84.5, 329.2293195132453)
[21:10:23] [Server thread/INFO]: A11y_UwU joined the game
[21:10:24] [Netty Server IO #1/INFO]: Player A11y_UwU joined with a matching carpet client
[21:10:24] [Server thread/WARN]: Can't keep up! Is the server overloaded? Running 2481ms or 49 ticks behind
[21:10:32] [Server thread/INFO]: A11y_UwU lost connection: Disconnected
[21:10:32] [Server thread/INFO]: A11y_UwU left the game
[21:10:34] [User Authenticator #2/INFO]: UUID of player A11y_UwU is cdf70681-d8c8-4cdb-9b1a-97a236ce8b1a
[21:10:34] [Server thread/INFO]: A11y_UwU[/127.0.0.1:54210] logged in with entity id 322 at (-431.7722520170901, 84.5625, 326.30000001192093)
[21:10:34] [Server thread/INFO]: A11y_UwU joined the game
[21:10:35] [Netty Server IO #4/INFO]: Player A11y_UwU joined with a matching carpet client
[21:10:42] [Server thread/WARN]: Can't keep up! Is the server overloaded? Running 2081ms or 41 ticks behind
[21:11:38] [Server thread/WARN]: Fetching packet for removed entity class_1542['Air'/1027, l='ServerLevel[world]', x=-461.70, y=76.00, z=286.83]
[21:35:32] [Server thread/INFO]: A11y_UwU lost connection: Disconnected
[21:35:32] [Server thread/INFO]: A11y_UwU left the game
[23:06:02] [User Authenticator #3/INFO]: UUID of player A11y_UwU is cdf70681-d8c8-4cdb-9b1a-97a236ce8b1a
[23:06:02] [Server thread/INFO]: A11y_UwU[/127.0.0.1:54778] logged in with entity id 4681 at (-426.7908652037609, 75.0, 341.328728033418)
[23:06:02] [Server thread/INFO]: A11y_UwU joined the game
[23:06:03] [Netty Server IO #1/INFO]: Player A11y_UwU joined with a matching carpet client
[23:07:07] [Server thread/WARN]: Fetching packet for removed entity class_1542['Air'/5561, l='ServerLevel[world]', x=-461.44, y=76.00, z=287.67]
[23:15:46] [Server thread/INFO]: A11y_UwU lost connection: Disconnected
[23:15:46] [Server thread/INFO]: A11y_UwU left the game
