[00:01:36] [Server thread/WARN]: Can't keep up! Is the server overloaded? Running 2926ms or 58 ticks behind
[00:04:40] [Server thread/WARN]: Fetching packet for removed entity class_1542['Air'/39287, l='ServerLevel[world]', x=-516.52, y=86.67, z=-251.74]
[00:05:32] [Server thread/WARN]: Fetching packet for removed entity class_1542['Air'/40288, l='ServerLevel[world]', x=-516.57, y=86.73, z=-252.36]
[00:23:32] [Server thread/WARN]: Fetching packet for removed entity class_1542['Air'/47301, l='ServerLevel[world]', x=-466.92, y=68.00, z=366.92]
[00:27:18] [Server thread/INFO]: A11y_UwU lost connection: Disconnected
[00:27:18] [Server thread/INFO]: A11y_UwU left the game
[00:27:52] [User Authenticator #4/INFO]: UUID of player A11y_UwU is cdf70681-d8c8-4cdb-9b1a-97a236ce8b1a
[00:27:52] [Server thread/INFO]: A11y_UwU[/127.0.0.1:50609] logged in with entity id 47920 at (-429.9727554578981, 76.0, 317.6559831335604)
[00:27:52] [Server thread/INFO]: A11y_UwU joined the game
[00:27:53] [Netty Server IO #7/INFO]: Player A11y_UwU joined with a matching carpet client
[00:28:21] [Server thread/WARN]: Fetching packet for removed entity class_1542['Air'/48513, l='ServerLevel[world]', x=-462.17, y=76.00, z=286.83]
[00:28:27] [Server thread/INFO]: Iron[local] logged in with entity id 48515 at (-478.66059333043916, 70.0, 302.33569724686055)
[00:28:27] [Server thread/INFO]: Iron joined the game
[00:30:35] [Server thread/INFO]: A11y_UwU lost connection: Disconnected
[00:30:36] [Server thread/INFO]: A11y_UwU left the game
[00:34:31] [Server thread/WARN]: Fetching packet for removed entity class_1542['Air'/49191, l='ServerLevel[world]', x=-461.76, y=76.00, z=286.83]
[00:59:05] [Server thread/WARN]: Fetching packet for removed entity class_1542['Air'/52090, l='ServerLevel[world]', x=-460.88, y=76.00, z=286.96]
[02:07:45] [Server thread/WARN]: Fetching packet for removed entity class_1542['Air'/59589, l='ServerLevel[world]', x=-461.65, y=76.00, z=287.76]
[02:33:24] [Server thread/WARN]: Fetching packet for removed entity class_1542['Air'/62074, l='ServerLevel[world]', x=-461.25, y=76.00, z=287.67]
[03:00:11] [Server thread/WARN]: Fetching packet for removed entity class_1542['Air'/64317, l='ServerLevel[world]', x=-461.36, y=76.00, z=286.83]
[03:01:53] [Server thread/WARN]: Fetching packet for removed entity class_1542['Air'/64454, l='ServerLevel[world]', x=-462.17, y=76.00, z=287.26]
[03:06:11] [Server thread/WARN]: Fetching packet for removed entity class_1542['Air'/64815, l='ServerLevel[world]', x=-460.88, y=76.00, z=287.77]
[04:04:05] [Server thread/WARN]: Fetching packet for removed entity class_1542['Air'/69462, l='ServerLevel[world]', x=-461.71, y=76.00, z=288.17]
[04:27:23] [Server thread/WARN]: Fetching packet for removed entity class_1542['Air'/71166, l='ServerLevel[world]', x=-461.25, y=76.00, z=287.72]
[04:40:27] [Server thread/WARN]: Fetching packet for removed entity class_1542['Air'/72093, l='ServerLevel[world]', x=-461.68, y=76.00, z=288.17]
[06:19:06] [Server thread/WARN]: Fetching packet for removed entity class_1542['Air'/78798, l='ServerLevel[world]', x=-461.24, y=76.00, z=286.83]
[06:43:04] [Server thread/WARN]: Fetching packet for removed entity class_1542['Air'/80388, l='ServerLevel[world]', x=-462.17, y=76.00, z=287.73]
[06:55:18] [Server thread/WARN]: Fetching packet for removed entity class_1542['Air'/81193, l='ServerLevel[world]', x=-461.68, y=76.00, z=287.29]
[07:21:41] [Server thread/WARN]: Fetching packet for removed entity class_1542['Air'/82844, l='ServerLevel[world]', x=-461.24, y=76.00, z=287.46]
[07:38:17] [Server thread/WARN]: Fetching packet for removed entity class_1542['Air'/83872, l='ServerLevel[world]', x=-461.27, y=76.00, z=287.26]
[07:59:52] [Server thread/WARN]: Fetching packet for removed entity class_1542['Air'/85191, l='ServerLevel[world]', x=-460.83, y=76.00, z=286.83]
[08:12:38] [Server thread/WARN]: Fetching packet for removed entity class_1542['Air'/85976, l='ServerLevel[world]', x=-460.88, y=76.00, z=286.83]
[08:25:13] [Server thread/WARN]: Fetching packet for removed entity class_1542['Air'/86762, l='ServerLevel[world]', x=-461.86, y=76.00, z=287.76]
[08:27:55] [Server thread/WARN]: Fetching packet for removed entity class_1542['Air'/86933, l='ServerLevel[world]', x=-462.16, y=76.00, z=287.25]
[09:21:21] [Server thread/WARN]: Fetching packet for removed entity class_1542['Air'/90085, l='ServerLevel[world]', x=-461.49, y=76.00, z=287.33]
[09:31:36] [Server thread/WARN]: Fetching packet for removed entity class_1542['Air'/90647, l='ServerLevel[world]', x=-461.74, y=76.00, z=288.17]
[10:35:52] [Server thread/WARN]: Fetching packet for removed entity class_1542['Air'/94419, l='ServerLevel[world]', x=-461.31, y=76.00, z=286.83]
[11:10:40] [Server thread/WARN]: Fetching packet for removed entity class_1542['Air'/96315, l='ServerLevel[world]', x=-462.06, y=76.00, z=287.35]
[11:26:04] [Server thread/WARN]: Fetching packet for removed entity class_1542['Air'/97141, l='ServerLevel[world]', x=-460.83, y=76.00, z=287.03]
[11:40:29] [Server thread/WARN]: Fetching packet for removed entity class_1542['Air'/97944, l='ServerLevel[world]', x=-460.83, y=76.00, z=287.71]
[12:08:08] [Server thread/WARN]: Fetching packet for removed entity class_1542['Air'/99499, l='ServerLevel[world]', x=-465.50, y=68.00, z=368.35]
[12:25:17] [Server thread/WARN]: Fetching packet for removed entity class_1542['Air'/100473, l='ServerLevel[world]', x=-461.15, y=76.00, z=288.17]
[12:46:46] [Server thread/WARN]: Fetching packet for removed entity class_1542['Air'/101637, l='ServerLevel[world]', x=-461.04, y=76.00, z=286.83]
[12:55:02] [Server thread/WARN]: Fetching packet for removed entity class_1542['Air'/102082, l='ServerLevel[world]', x=-461.31, y=76.00, z=287.30]
[13:47:09] [Server thread/INFO]: Unknown or incomplete command, see below for error
[13:47:09] [Server thread/INFO]: n<--[HERE]
[14:42:04] [Server thread/WARN]: Fetching packet for removed entity class_1542['Air'/107853, l='ServerLevel[world]', x=-461.64, y=76.00, z=287.20]
[15:36:11] [Server thread/WARN]: Fetching packet for removed entity class_1542['Air'/110702, l='ServerLevel[world]', x=-461.67, y=76.00, z=287.01]
[15:40:25] [Server thread/WARN]: Fetching packet for removed entity class_1542['Air'/110911, l='ServerLevel[world]', x=-460.83, y=76.00, z=287.75]
[16:34:36] [Server thread/WARN]: Fetching packet for removed entity class_1542['Air'/113701, l='ServerLevel[world]', x=-460.83, y=76.00, z=287.77]
[16:38:41] [Server thread/WARN]: Fetching packet for removed entity class_1542['Air'/113919, l='ServerLevel[world]', x=-461.56, y=76.00, z=287.35]
[16:39:59] [Server thread/WARN]: Fetching packet for removed entity class_1542['Air'/113970, l='ServerLevel[world]', x=-461.69, y=76.00, z=286.83]
[16:58:48] [Server thread/WARN]: Fetching packet for removed entity class_1542['Air'/114924, l='ServerLevel[world]', x=-461.15, y=76.00, z=288.17]
[17:14:07] [Server thread/WARN]: Fetching packet for removed entity class_1542['Air'/115654, l='ServerLevel[world]', x=-462.13, y=76.00, z=287.45]
[18:03:32] [Server thread/WARN]: Fetching packet for removed entity class_1542['Air'/118167, l='ServerLevel[world]', x=-461.35, y=76.00, z=287.22]
[18:13:29] [Server thread/WARN]: Fetching packet for removed entity class_1542['Air'/118670, l='ServerLevel[world]', x=-462.17, y=76.00, z=286.83]
[18:29:49] [Server thread/WARN]: Fetching packet for removed entity class_1542['Air'/119470, l='ServerLevel[world]', x=-461.31, y=76.00, z=286.83]
[18:33:11] [Server thread/WARN]: Fetching packet for removed entity class_1542['Air'/119658, l='ServerLevel[world]', x=-462.17, y=76.00, z=286.83]
[18:52:15] [Server thread/WARN]: Fetching packet for removed entity class_1542['Air'/120678, l='ServerLevel[world]', x=-460.83, y=76.00, z=287.17]
[19:58:27] [Server thread/WARN]: Can't keep up! Is the server overloaded? Running 2089ms or 41 ticks behind
[19:58:45] [Server thread/WARN]: Can't keep up! Is the server overloaded? Running 2608ms or 52 ticks behind
[19:59:04] [Server thread/WARN]: Can't keep up! Is the server overloaded? Running 4044ms or 80 ticks behind
[20:00:06] [User Authenticator #5/INFO]: UUID of player A11y_UwU is cdf70681-d8c8-4cdb-9b1a-97a236ce8b1a
[20:00:07] [Server thread/INFO]: A11y_UwU[/127.0.0.1:54534] logged in with entity id 123922 at (-440.84350135232114, 75.0, 294.40732649447347)
[20:00:07] [Server thread/INFO]: A11y_UwU joined the game
[20:00:10] [Netty Server IO #3/INFO]: Player A11y_UwU joined with a matching carpet client
[20:00:19] [Server thread/WARN]: Can't keep up! Is the server overloaded? Running 2014ms or 40 ticks behind
[20:00:19] [Server thread/INFO]: A11y_UwU lost connection: Disconnected
[20:00:19] [Server thread/INFO]: A11y_UwU left the game
[20:00:21] [User Authenticator #6/INFO]: UUID of player A11y_UwU is cdf70681-d8c8-4cdb-9b1a-97a236ce8b1a
[20:00:21] [Server thread/INFO]: A11y_UwU[/127.0.0.1:54545] logged in with entity id 123952 at (-436.19162508137174, 76.0, 300.9349576728516)
[20:00:21] [Server thread/INFO]: A11y_UwU joined the game
[20:00:30] [Netty Server IO #6/INFO]: Player A11y_UwU joined with a matching carpet client
[20:00:42] [Server thread/WARN]: Can't keep up! Is the server overloaded? Running 8711ms or 174 ticks behind
[20:03:54] [Server thread/WARN]: Can't keep up! Is the server overloaded? Running 2053ms or 41 ticks behind
[20:09:50] [Server thread/INFO]: A11y_UwU lost connection: Disconnected
[20:09:50] [Server thread/INFO]: A11y_UwU left the game
[20:10:01] [Server thread/WARN]: Can't keep up! Is the server overloaded? Running 2373ms or 47 ticks behind
[20:12:59] [Server thread/WARN]: Fetching packet for removed entity class_1542['Air'/124970, l='ServerLevel[world]', x=-460.95, y=76.00, z=287.41]
[20:31:06] [User Authenticator #7/INFO]: UUID of player A11y_UwU is cdf70681-d8c8-4cdb-9b1a-97a236ce8b1a
[20:31:06] [Server thread/INFO]: A11y_UwU[/127.0.0.1:54705] logged in with entity id 125974 at (-469.18476248486854, 73.9375, 320.0652546110049)
[20:31:06] [Server thread/INFO]: A11y_UwU joined the game
[20:31:09] [Netty Server IO #3/INFO]: Player A11y_UwU joined with a matching carpet client
[20:41:16] [Server thread/WARN]: Fetching packet for removed entity class_1542['Air'/127251, l='ServerLevel[world]', x=-467.70, y=68.00, z=368.70]
[20:41:16] [Server thread/WARN]: Fetching packet for removed entity class_1542['Air'/127251, l='ServerLevel[world]', x=-467.70, y=68.00, z=368.70]
[20:41:19] [Server thread/WARN]: Fetching packet for removed entity class_1542['Air'/127255, l='ServerLevel[world]', x=-461.37, y=76.00, z=286.83]
[20:41:19] [Server thread/WARN]: Fetching packet for removed entity class_1542['Air'/127255, l='ServerLevel[world]', x=-461.37, y=76.00, z=286.83]
[20:47:43] [Server thread/WARN]: Mismatch in destroy block pos: class_2338{x=-473, y=88, z=317} class_2338{x=-473, y=90, z=317}
[20:47:43] [Server thread/WARN]: Mismatch in destroy block pos: class_2338{x=-473, y=88, z=317} class_2338{x=-473, y=90, z=317}
[20:47:43] [Server thread/WARN]: Mismatch in destroy block pos: class_2338{x=-473, y=88, z=317} class_2338{x=-473, y=90, z=317}
[20:47:43] [Server thread/WARN]: Mismatch in destroy block pos: class_2338{x=-473, y=88, z=317} class_2338{x=-473, y=90, z=317}
[20:47:44] [Server thread/WARN]: Mismatch in destroy block pos: class_2338{x=-473, y=88, z=317} class_2338{x=-473, y=90, z=317}
[20:47:44] [Server thread/WARN]: Mismatch in destroy block pos: class_2338{x=-473, y=86, z=317} class_2338{x=-473, y=90, z=317}
[20:49:06] [Server thread/WARN]: Fetching packet for removed entity class_1542['Air'/128047, l='ServerLevel[world]', x=-460.83, y=76.00, z=288.17]
[20:49:06] [Server thread/WARN]: Fetching packet for removed entity class_1542['Air'/128047, l='ServerLevel[world]', x=-460.83, y=76.00, z=288.17]
[20:51:29] [Server thread/WARN]: Fetching packet for removed entity class_1542['Air'/128282, l='ServerLevel[world]', x=-462.17, y=76.00, z=287.38]
[20:51:29] [Server thread/WARN]: Fetching packet for removed entity class_1542['Air'/128282, l='ServerLevel[world]', x=-462.17, y=76.00, z=287.38]
[20:57:16] [Server thread/WARN]: Mismatch in destroy block pos: class_2338{x=-415, y=66, z=634} class_2338{x=-415, y=65, z=634}
[20:57:16] [Server thread/WARN]: Mismatch in destroy block pos: class_2338{x=-415, y=66, z=634} class_2338{x=-415, y=65, z=634}
[21:14:34] [Server thread/INFO]: A11y_UwU lost connection: Disconnected
[21:14:34] [Server thread/INFO]: A11y_UwU left the game
[21:15:23] [Server thread/WARN]: Can't keep up! Is the server overloaded? Running 2033ms or 40 ticks behind
[21:24:53] [User Authenticator #8/INFO]: UUID of player togga99 is 3df4725c-55ba-4ca9-a0cd-b0aaef0d3d0a
[21:24:53] [Server thread/INFO]: togga99[/89.160.212.94:54866] logged in with entity id 132794 at (-463.29452782519184, 67.0625, 343.0009578159111)
[21:24:53] [Server thread/INFO]: togga99 joined the game
[21:25:23] [Server thread/INFO]: <togga99> kúmbæjamajaa kúmbæjaaaaaaaaaaaaaaa
[21:25:26] [Server thread/INFO]: togga99 lost connection: Disconnected
[21:25:26] [Server thread/INFO]: togga99 left the game
[21:37:46] [User Authenticator #9/INFO]: UUID of player A11y_UwU is cdf70681-d8c8-4cdb-9b1a-97a236ce8b1a
[21:37:46] [Server thread/INFO]: A11y_UwU[/127.0.0.1:52984] logged in with entity id 133882 at (-446.1672877292099, 74.48433804100742, 360.66859869605145)
[21:37:46] [Server thread/INFO]: A11y_UwU joined the game
[21:37:49] [Netty Server IO #5/INFO]: Player A11y_UwU joined with a matching carpet client
[21:45:59] [Server thread/INFO]: [A11y_UwU: Set the weather to rain]
[21:46:59] [Server thread/INFO]: [A11y_UwU: Set the weather to clear]
[21:48:15] [Server thread/INFO]: [A11y_UwU: Set the weather to rain]
[21:49:02] [Server thread/INFO]: [A11y_UwU: Set the weather to clear]
[21:55:47] [Server thread/WARN]: Can't keep up! Is the server overloaded? Running 2012ms or 40 ticks behind
[21:57:05] [Server thread/WARN]: A11y_UwU moved too quickly! 9.175432201173862,7.522617231545567,-14.814175940294263
[21:57:09] [Server thread/WARN]: Can't keep up! Is the server overloaded? Running 2007ms or 40 ticks behind
[22:00:47] [Server thread/WARN]: Fetching packet for removed entity class_1542['Air'/137107, l='ServerLevel[world]', x=-461.35, y=76.00, z=286.83]
[22:00:47] [Server thread/WARN]: Fetching packet for removed entity class_1542['Air'/137107, l='ServerLevel[world]', x=-461.35, y=76.00, z=286.83]
[22:03:36] [Server thread/INFO]: A11y_UwU lost connection: Disconnected
[22:03:36] [Server thread/INFO]: A11y_UwU left the game
[22:12:06] [Server thread/WARN]: Fetching packet for removed entity class_1542['Air'/137983, l='ServerLevel[world]', x=-461.25, y=76.00, z=288.17]
[23:09:03] [Server thread/WARN]: Fetching packet for removed entity class_1542['Air'/142773, l='ServerLevel[world]', x=-461.77, y=76.00, z=287.27]
