[19:20:21] [main/INFO]: Loading for game Minecraft 1.16.4
[19:20:22] [ForkJoinPool-1-worker-1/WARN]: The mod "autoconfig1u" contains invalid entries in its mod json:
- Unsupported root entry "$schema" at line 2 column 14
[19:20:22] [main/INFO]: [FabricLoader] Loading 49 mods: fabric-renderer-api-v1@0.3.3+a4467d2a95, fabric-keybindings-v0@0.2.0+3fa9f7c595, fabricloader@0.10.6+build.214, fabric-structure-api-v1@1.1.0+f8ac1db295, fabric-containers-v0@0.1.8+045df74f95, fabric-object-builder-api-v1@1.9.2+a89534ab95, fabric-game-rule-api-v1@1.0.3+a4467d2a95, fabric-api-base@0.2.0+9f0fb4b895, fabric-rendering-data-attachment-v1@0.1.4+f8ac1db295, cloth-dynamic-registry-api-v1@1.4.8, fabric-textures-v0@1.0.5+a4467d2a95, fabric-rendering-fluids-v1@0.1.12+f8ac1db295, fabric-blockrenderlayer-v1@1.1.4+c6a8ea8995, fabric-lifecycle-events-v1@1.2.0+74cc3b2095, fabric-renderer-registries-v1@2.2.0+f8ac1db295, fabric-loot-tables-v1@1.0.1+432ea18895, carpet-extra@1.4.14, fabric@0.25.0+build.415-1.16, carpet@1.4.12, fabric-particles-v1@0.2.2+fb0d9b0e95, fabric-networking-v0@0.1.10+e00ecb5f95, servux@0.1.3, minecraft@1.16.4, fabric-screen-handler-api-v1@1.1.0+8724984195, fabric-networking-blockentity-v0@0.2.5+b50ffc7b95, cloth-basic-math@0.5.1, fabric-command-api-v1@1.0.9+a4467d2a95, fabric-tool-attribute-api-v1@1.2.4+2b46237995, fabric-renderer-indigo@0.4.3+a4467d2a95, fabric-item-api-v1@1.2.0+f8ac1db295, fabric-events-interaction-v0@0.4.1+f8ac1db295, fabric-crash-report-info-v1@0.1.2+b7f9825d95, fabric-rendering-v0@1.1.1+f8ac1db295, fabric-rendering-v1@1.3.1+f8ac1db295, fabric-key-binding-api-v1@1.0.1+730711c695, cloth-config2@4.8.1, autoconfig1u@3.2.2, fabric-resource-loader-v0@0.3.1+facf3bbf95, fabric-content-registries-v0@0.1.9+059ea86695, fabric-tag-extensions-v0@1.0.3+ac8e8c5995, fabric-biome-api-v1@3.0.0+8367596d95, fabric-registry-sync-v0@0.6.1+a4467d2a95, fabric-commands-v0@0.2.0+52d3083695, vanillaenhanced@1.3.0, fabric-mining-levels-v0@0.1.2+b764ce9995, fabric-events-lifecycle-v0@0.2.0+16acbe5b95, fabric-models-v0@0.1.1+f8ac1db295, fabric-item-groups-v0@0.2.1+a4467d2a95, fabric-object-builders-v0@0.7.1+a4467d2a95
[19:20:22] [main/INFO]: SpongePowered MIXIN Subsystem Version=0.8.2 Source=file:/C:/Users/bjartur2004/gits/Raudrofur/server%20-1.16.4%20carpetmod/fabric-server-launch.jar Service=Knot/Fabric Env=SERVER
[19:42:08] [Netty Server IO #1/WARN]: Method overwrite conflict for getChannel in mixins.servux.json:IMixinCustomPayloadC2SPacket, previously written by net.fabricmc.fabric.mixin.networking.MixinCustomPayloadC2SPacket. Skipping method.
[19:42:08] [Netty Server IO #1/WARN]: Method overwrite conflict for getData in mixins.servux.json:IMixinCustomPayloadC2SPacket, previously written by net.fabricmc.fabric.mixin.networking.MixinCustomPayloadC2SPacket. Skipping method.
n/WARN]: Ambiguity between arguments [teleport, location] and [teleport, destination] with inputs: [0.1 -0.5 .9, 0 0 0]
[19:20:39] [main/WARN]: Ambiguity between arguments [teleport, location] and [teleport, targets] with inputs: [0.1 -0.5 .9, 0 0 0]
[19:20:39] [main/WARN]: Ambiguity between arguments [teleport, targets] and [teleport, destination] with inputs: [Player, 0123, dd12be42-52a9-4a91-a8a1-11c01849e498]
[19:20:39] [main/WARN]: Ambiguity between arguments [teleport, targets, location] and [teleport, targets, destination] with inputs: [0.1 -0.5 .9, 0 0 0]
[19:20:39] [main/INFO]: Reloading ResourceManager: Default, Fabric Tool Attribute API (v1), VanillaEnhanced, Tools v. Luki2811, Tools by Luki2811, raudrofur.zip, afk display v1.1.0.zip, dragon drops v1.3.0.zip, durability ping v1.1.0.zip, real time clock v1.1.0.zip
[19:20:42] [Worker-Main-4/INFO]: Loaded 7 recipes
[19:20:42] [Worker-Main-4/WARN]: Found validation problem in {minecraft:entities/ender_dragon}.pools[1].entries[0]: Unknown loot table called minecraft:entities/reference/mmh/ender_dragon
[19:20:42] [Worker-Main-4/ERROR]: Couldn't load function tag minecraft:tick as it is missing following references: example:loop (from raudrofur.zip)
[19:20:43] [Worker-Main-4/INFO]: Loaded 997 advancements
[19:20:44] [main/INFO]: Applied 0 biome modifications to 0 of 85 new biomes in 4.966 ms
[19:20:44] [Server thread/INFO]: Starting minecraft server version 1.16.4
[19:20:44] [Server thread/INFO]: Loading properties
[19:20:44] [Server thread/INFO]: Default game type: SURVIVAL
[19:20:44] [Server thread/INFO]: Generating keypair
[19:20:44] [Server thread/INFO]: Starting Minecraft server on *:25565
[19:20:44] [Server thread/INFO]: Using default channel type
[19:20:48] [Server thread/INFO]: Preparing level "world"
[19:20:48] [Server thread/INFO]: [CM]: loaded setting carpets as true from carpet.conf
[19:20:48] [Server thread/INFO]: [CM]: loaded setting combineXPOrbs as true from carpet.conf
[19:20:48] [Server thread/INFO]: [CM]: loaded setting fastRedstoneDust as true from carpet.conf
[19:20:48] [Server thread/INFO]: [CM]: loaded setting rotatorBlock as true from carpet.conf
[19:20:48] [Server thread/INFO]: [CM]: loaded setting renewableBlackstone as true from carpet.conf
[19:20:48] [Server thread/INFO]: [CM]: loaded setting renewableSponges as true from carpet.conf
[19:20:48] [Server thread/INFO]: [CM]: loaded setting desertShrubs as true from carpet.conf
[19:20:48] [Server thread/INFO]: [CM]: loaded setting missingTools as true from carpet.conf
[19:20:48] [Server thread/INFO]: [CM]: loaded setting hopperCounters as true from carpet.conf
[19:20:48] [Server thread/INFO]: [CM]: loaded setting maxEntityCollisions as 2 from carpet.conf
[19:20:48] [Server thread/INFO]: [CM]: loaded setting commandSpawn as true from carpet.conf
[19:20:48] [Server thread/INFO]: [CM]: loaded setting movableBlockEntities as true from carpet.conf
[19:20:48] [Server thread/INFO]: [CM]: loaded setting accurateBlockPlacement as true from carpet.conf
[19:20:48] [Server thread/INFO]: [CM]: loaded setting huskSpawningInTemples as true from carpet.conf
[19:20:48] [Server thread/INFO]: [CM]: loaded setting renewableCoral as true from carpet.conf
[19:20:48] [Server thread/INFO]: [CM]: loaded setting shulkerSpawningInEndCities as true from carpet.conf
[19:20:48] [Server thread/INFO]: [CM]: loaded setting stackableShulkerBoxes as true from carpet.conf
[19:20:48] [Server thread/INFO]: [CM]: loaded setting onePlayerSleeping as true from carpet.conf
[19:20:48] [Server thread/INFO]: [CM]: loaded setting dispenserPlacesBlocks as true from carpet.conf
[19:20:48] [Server thread/INFO]: [CM]: loaded setting commandTick as ops from carpet.conf
[19:20:48] [Server thread/INFO]: [CM]: loaded setting commandDraw as false from carpet.conf
[19:20:48] [Server thread/INFO]: [CM]: loaded setting portalSurvivalDelay as 1 from carpet.conf
[19:20:48] [Server thread/INFO]: [CM]: loaded setting commandScript as false from carpet.conf
[19:20:48] [Server thread/INFO]: [CM]: loaded setting persistentParrots as true from carpet.conf
[19:20:48] [Server thread/INFO]: [CM]: loaded setting flippinCactus as true from carpet.conf
[19:20:48] [Server thread/INFO]: [CM]: loaded setting lagFreeSpawning as true from carpet.conf
[19:20:48] [Server thread/INFO]: Preparing start region for dimension minecraft:overworld
[19:20:50] [Server thread/INFO]: Preparing spawn area: 0%
[19:20:50] [Server thread/INFO]: Preparing spawn area: 0%
[19:20:50] [Server thread/INFO]: Preparing spawn area: 0%
[19:20:50] [Server thread/INFO]: Preparing spawn area: 0%
[19:20:51] [Server thread/INFO]: Preparing spawn area: 0%
[19:20:54] [Server thread/INFO]: Time elapsed: 5756 ms
[19:20:54] [Server thread/INFO]: Done (6.222s)! For help, type "help"
[19:25:41] [Server thread/INFO]: Unknown or incomplete command, see below for error
[19:25:41] [Server thread/INFO]: 1<--[HERE]
[19:42:12] [User Authenticator #1/INFO]: UUID of player A11y_UwU is cdf70681-d8c8-4cdb-9b1a-97a236ce8b1a
[19:42:13] [Server thread/INFO]: A11y_UwU[/127.0.0.1:60303] logged in with entity id 77 at (-433.07726787312714, 85.0, 327.5437271679478)
[19:42:13] [Server thread/INFO]: A11y_UwU joined the game
[19:42:16] [Server thread/INFO]: Player A11y_UwU joined with a matching carpet client
[19:42:16] [Server thread/WARN]: Can't keep up! Is the server overloaded? Running 3928ms or 78 ticks behind
[19:42:51] [Server thread/WARN]: Can't keep up! Is the server overloaded? Running 19194ms or 383 ticks behind
[19:45:01] [Server thread/INFO]: A11y_UwU lost connection: Disconnected
[19:45:01] [Server thread/INFO]: A11y_UwU left the game
[19:45:41] [User Authenticator #2/INFO]: UUID of player A11y_UwU is cdf70681-d8c8-4cdb-9b1a-97a236ce8b1a
[19:45:41] [Server thread/INFO]: A11y_UwU[/127.0.0.1:60331] logged in with entity id 1578 at (-1821.0943832134428, 68.0, -418.0092466491221)
[19:45:41] [Server thread/INFO]: A11y_UwU joined the game
[19:45:42] [Server thread/INFO]: Player A11y_UwU joined with a matching carpet client
[19:46:00] [Server thread/INFO]: A11y_UwU lost connection: Disconnected
[19:46:00] [Server thread/INFO]: A11y_UwU left the game
[20:02:28] [User Authenticator #3/INFO]: UUID of player A11y_UwU is cdf70681-d8c8-4cdb-9b1a-97a236ce8b1a
[20:02:28] [Server thread/INFO]: A11y_UwU[/127.0.0.1:60406] logged in with entity id 2060 at (-1970.712020682007, 35.0, -368.33299876350077)
[20:02:28] [Server thread/INFO]: A11y_UwU joined the game
[20:02:29] [Server thread/INFO]: Player A11y_UwU joined with a matching carpet client
[20:02:51] [Server thread/INFO]: Scanning for legacy world dragon fight...
[20:02:51] [Server thread/INFO]: Found that the dragon has been killed in this world already.
[20:05:23] [Server thread/WARN]: Fetching packet for removed entity class_1678['Shulker Bullet'/4393, l='ServerLevel[world]', x=-1815.50, y=102.50, z=2614.50]
[20:05:25] [Server thread/INFO]: dirt[local] logged in with entity id 4447 at (-1812.4796534891937, 212.0, 2612.3460336373114)
[20:05:25] [Server thread/INFO]: dirt joined the game
[20:05:29] [Server thread/WARN]: Fetching packet for removed entity class_1678['Shulker Bullet'/4512, l='ServerLevel[world]', x=-1812.50, y=108.50, z=2610.50]
[20:05:29] [Server thread/WARN]: Fetching packet for removed entity class_1678['Shulker Bullet'/4512, l='ServerLevel[world]', x=-1812.50, y=108.50, z=2610.50]
[20:05:29] [Server thread/WARN]: Fetching packet for removed entity class_1678['Shulker Bullet'/4513, l='ServerLevel[world]', x=-1811.50, y=102.50, z=2610.50]
[20:05:29] [Server thread/WARN]: Fetching packet for removed entity class_1678['Shulker Bullet'/4513, l='ServerLevel[world]', x=-1811.50, y=102.50, z=2610.50]
[20:10:36] [Server thread/WARN]: Fetching packet for removed entity class_1542['Air'/6816, l='ServerLevel[world]', x=-464.37, y=61.00, z=362.59]
[20:11:06] [Server thread/WARN]: Fetching packet for removed entity class_1542['Air'/7063, l='ServerLevel[world]', x=-466.02, y=61.00, z=359.65]
[20:11:43] [Server thread/INFO]: A11y_UwU lost connection: Disconnected
[20:11:43] [Server thread/INFO]: A11y_UwU left the game
