[00:00:37] [Server thread/WARN]: Fetching packet for removed entity class_1542['Air'/247822, l='ServerLevel[world]', x=-461.28, y=76.00, z=286.83]
[00:02:13] [Server thread/WARN]: Can't keep up! Is the server overloaded? Running 2747ms or 54 ticks behind
[00:04:53] [Server thread/INFO]: <A11y_UwU> kem eftir sma
[00:04:54] [Server thread/INFO]: A11y_UwU lost connection: Disconnected
[00:04:54] [Server thread/INFO]: A11y_UwU left the game
[00:04:56] [Server thread/INFO]: <togga99> okr
[00:05:02] [Server thread/WARN]: Can't keep up! Is the server overloaded? Running 2163ms or 43 ticks behind
[00:05:17] [Server thread/INFO]: com.mojang.authlib.GameProfile@68b6d332[id=<null>,name=A11y_UwU,properties={},legacy=false] (/127.0.0.1:64110) lost connection: Disconnected
[00:05:19] [User Authenticator #10/INFO]: UUID of player A11y_UwU is cdf70681-d8c8-4cdb-9b1a-97a236ce8b1a
[00:05:19] [Server thread/INFO]: A11y_UwU[/127.0.0.1:64115] logged in with entity id 253273 at (-503.85063154424523, 86.0, -240.98275046309718)
[00:05:19] [Server thread/INFO]: A11y_UwU joined the game
[00:05:20] [Netty Server IO #4/INFO]: Player A11y_UwU joined with a matching carpet client
[00:16:03] [Server thread/INFO]: <togga99> awwd
[00:16:56] [Server thread/INFO]: <togga99> rg naði að drepa creeper inni husinu an þess ð hann spryngi stolt
[00:17:04] [Server thread/INFO]: <A11y_UwU> yeyy
[00:24:38] [Server thread/INFO]: <togga99> hva
[00:24:43] [Server thread/INFO]: <A11y_UwU> ekkert
[00:24:52] [Server thread/INFO]: <togga99> brjalæðingur'
[00:25:15] [Server thread/INFO]: <A11y_UwU> vildi bara sjá grasið og þú varst firi
[00:25:17] [Server thread/INFO]: <A11y_UwU> r
[00:25:21] [Server thread/INFO]: <togga99> oh haha
[00:27:05] [Server thread/WARN]: Fetching packet for removed entity class_1542['Air'/280040, l='ServerLevel[world]', x=-462.32, y=61.23, z=362.70]
[00:27:05] [Server thread/WARN]: Fetching packet for removed entity class_1542['Air'/280040, l='ServerLevel[world]', x=-462.32, y=61.23, z=362.70]
[00:27:17] [Server thread/WARN]: Can't keep up! Is the server overloaded? Running 2708ms or 54 ticks behind
[00:32:19] [Server thread/WARN]: Can't keep up! Is the server overloaded? Running 2008ms or 40 ticks behind
[00:34:00] [Server thread/WARN]: Can't keep up! Is the server overloaded? Running 2050ms or 41 ticks behind
[00:34:18] [Server thread/WARN]: Can't keep up! Is the server overloaded? Running 2493ms or 49 ticks behind
[00:34:37] [Server thread/WARN]: Can't keep up! Is the server overloaded? Running 4588ms or 91 ticks behind
[00:34:57] [Server thread/WARN]: Can't keep up! Is the server overloaded? Running 2002ms or 40 ticks behind
[00:39:12] [Server thread/INFO]: <togga99> yee
[00:39:32] [Server thread/WARN]: Can't keep up! Is the server overloaded? Running 2053ms or 41 ticks behind
[00:52:09] [Server thread/INFO]: Cane[local] logged in with entity id 322595 at (-579.5350276037211, 69.0, -238.55452077497134)
[00:52:09] [Server thread/INFO]: Cane joined the game
[00:52:21] [Server thread/INFO]: <togga99> hjrllo cnae
[00:52:33] [Server thread/WARN]: togga99 moved too quickly! -3.5963690002485578,-2.0013359791121417,-9.118009569093488
[00:52:36] [Server thread/INFO]: [Cane] hæ
[00:53:50] [Server thread/INFO]: <A11y_UwU> aw
[00:54:09] [Server thread/INFO]: <togga99> oj noj
[00:57:36] [Server thread/WARN]: Can't keep up! Is the server overloaded? Running 2652ms or 53 ticks behind
[01:01:38] [Server thread/INFO]: <togga99> iddoædd
[01:04:27] [Server thread/INFO]: <togga99> finnengnan voffa:(
[01:04:47] [Server thread/INFO]: <A11y_UwU> geturu ekki breedað þeim sem þú átt?
[01:04:52] [Server thread/INFO]: <togga99> omg var að fatta að eg gleymdi beinum
[01:05:08] [Server thread/INFO]: <togga99> hahhahahah juuuuuuuuuuuuuuuuuuuuuuuuuuuuuuuuuuu
[01:09:13] [Server thread/INFO]: <togga99> upa'
[01:11:05] [Server thread/WARN]: Can't keep up! Is the server overloaded? Running 2004ms or 40 ticks behind
[01:12:15] [Server thread/INFO]: <togga99> gullugubba
[01:15:26] [Server thread/INFO]: <A11y_UwU> hva er þetta
[01:15:36] [Server thread/INFO]: <togga99> lesta náma minnir mig'
[01:15:46] [Server thread/INFO]: <A11y_UwU> oh ok
[01:16:12] [Server thread/INFO]: <togga99> awww þetta var viljandi
[01:18:05] [Server thread/INFO]: <togga99> hva er þetta
[01:18:12] [Server thread/INFO]: <A11y_UwU> bara hellir
[01:18:23] [Server thread/INFO]: <togga99> oh svalt
[01:18:28] [Server thread/WARN]: Can't keep up! Is the server overloaded? Running 2024ms or 40 ticks behind
[01:19:09] [Server thread/WARN]: Fetching packet for removed entity class_1542['Air'/356156, l='ServerLevel[world]', x=-456.20, y=76.00, z=273.74]
[01:19:09] [Server thread/WARN]: Fetching packet for removed entity class_1542['Air'/356156, l='ServerLevel[world]', x=-456.20, y=76.00, z=273.74]
[01:19:28] [Server thread/INFO]: <A11y_UwU> ég ættla að reyna að gera allt basið okkar fallegra
[01:19:38] [Server thread/INFO]: <togga99> yoko toko
[01:19:40] [Server thread/INFO]: <A11y_UwU> þar að segja umhverfið
[01:24:22] [Server thread/INFO]: <togga99> ma eg ger tröppur frá hurðinni upp'
[01:24:37] [Server thread/INFO]: <A11y_UwU> hvar?
[01:24:40] [Server thread/INFO]: <A11y_UwU> oh já
[01:24:48] [Server thread/INFO]: <togga99> hr
[01:24:56] [Server thread/INFO]: <A11y_UwU> yess yess
[01:24:58] [Server thread/INFO]: <togga99> þannig maður komist up
[01:34:04] [Server thread/INFO]: togga99 lost connection: Disconnected
[01:34:04] [Server thread/INFO]: togga99 left the game
[01:38:29] [Server thread/INFO]: com.mojang.authlib.GameProfile@567cf00d[id=<null>,name=togga99,properties={},legacy=false] (/89.160.212.94:57730) lost connection: Disconnected
[01:38:33] [Server thread/INFO]: com.mojang.authlib.GameProfile@1d1910ce[id=<null>,name=togga99,properties={},legacy=false] (/89.160.212.94:57733) lost connection: Disconnected
[01:39:24] [User Authenticator #11/INFO]: UUID of player togga99 is 3df4725c-55ba-4ca9-a0cd-b0aaef0d3d0a
[01:39:24] [Server thread/INFO]: togga99[/89.160.212.94:57843] logged in with entity id 379918 at (-459.5, 68.0, 349.5)
[01:39:24] [Server thread/INFO]: togga99 joined the game
[01:40:47] [Server thread/INFO]: <A11y_UwU> ég get gert fallega leið upp á eftir
[01:40:53] [Server thread/INFO]: <togga99> lalalalalalalalala
[01:41:36] [Server thread/WARN]: Can't keep up! Is the server overloaded? Running 2037ms or 40 ticks behind
[01:42:44] [Server thread/WARN]: togga99 moved too quickly! -7.960260343472328,0.0,-6.290558945957912
[01:42:44] [Server thread/WARN]: Can't keep up! Is the server overloaded? Running 3082ms or 61 ticks behind
[01:48:31] [Server thread/WARN]: Fetching packet for removed entity class_1542['Air'/391748, l='ServerLevel[world]', x=-461.25, y=76.00, z=287.19]
[01:48:31] [Server thread/WARN]: Fetching packet for removed entity class_1542['Air'/391748, l='ServerLevel[world]', x=-461.25, y=76.00, z=287.19]
[01:52:58] [Server thread/INFO]: togga99 has made the advancement [Fishy Business]
[02:00:35] [Server thread/WARN]: Can't keep up! Is the server overloaded? Running 2018ms or 40 ticks behind
[02:04:56] [Server thread/WARN]: Fetching packet for removed entity class_1542['Air'/410902, l='ServerLevel[world]', x=-461.71, y=76.00, z=287.23]
[02:04:56] [Server thread/WARN]: Fetching packet for removed entity class_1542['Air'/410902, l='ServerLevel[world]', x=-461.71, y=76.00, z=287.23]
[02:05:21] [Server thread/INFO]: <A11y_UwU> er þetta allt í lagi?
[02:05:26] [Server thread/INFO]: <togga99> yuh
[02:07:48] [Server thread/WARN]: Can't keep up! Is the server overloaded? Running 2012ms or 40 ticks behind
[02:09:00] [Server thread/INFO]: <togga99> afh er navn mitt grátt
[02:09:05] [Server thread/INFO]: <togga99> ekki lengur
[02:09:26] [Server thread/INFO]: <A11y_UwU> nafnið manns verður grát ef maður hreifir sig ekki í 5 min
[02:09:31] [Server thread/INFO]: <togga99> ooooooooooooooooh
[02:09:37] [Server thread/INFO]: <A11y_UwU> til að sjá hverjir eru ekki að spila
[02:09:49] [Server thread/INFO]: <togga99> nenenennnnnnnnnnneeeeeeeeeeeeeeeeeeeeeeenn
[02:09:57] [Server thread/INFO]: <togga99> við teljum stjörnunranr
[02:10:05] [Server thread/WARN]: Mismatch in destroy block pos: class_2338{x=-459, y=74, z=300} class_2338{x=-458, y=72, z=339}
[02:10:05] [Server thread/WARN]: Mismatch in destroy block pos: class_2338{x=-459, y=74, z=300} class_2338{x=-458, y=72, z=339}
[02:10:42] [Server thread/WARN]: Fetching packet for removed entity class_1542['Air'/417541, l='ServerLevel[world]', x=-462.03, y=67.06, z=339.57]
[02:10:42] [Server thread/WARN]: Fetching packet for removed entity class_1542['Air'/417541, l='ServerLevel[world]', x=-462.03, y=67.06, z=339.57]
[02:11:51] [Server thread/INFO]: <togga99> ef maður lætur ref og hund eignast afkvæmi kemur svartibaldur
[02:12:04] [Server thread/INFO]: <A11y_UwU> uu.. ne
[02:12:18] [Server thread/INFO]: <togga99> ef maður lætur kött og ref eignast afkvæmi heitir það nei nuna glymdi ege
[02:12:54] [Server thread/WARN]: Fetching packet for removed entity class_1542['Gold Nugget'/420256, l='ServerLevel[world]', x=-290.88, y=222.12, z=113.60]
[02:12:59] [Server thread/INFO]: <togga99> refur og köttur er skoffín
[02:13:11] [Server thread/INFO]: <togga99> ef .ú horfit í augun á skoffíni deyrðu
[02:13:31] [Server thread/INFO]: <A11y_UwU> ok
[02:15:40] [Server thread/WARN]: Mismatch in destroy block pos: class_2338{x=-452, y=74, z=306} class_2338{x=-452, y=74, z=305}
[02:15:43] [Server thread/WARN]: Mismatch in destroy block pos: class_2338{x=-456, y=74, z=300} class_2338{x=-456, y=74, z=302}
[02:15:52] [Server thread/WARN]: Mismatch in destroy block pos: class_2338{x=-446, y=75, z=286} class_2338{x=-445, y=75, z=286}
[02:15:55] [Server thread/WARN]: Mismatch in destroy block pos: class_2338{x=-450, y=75, z=285} class_2338{x=-443, y=74, z=294}
[02:15:55] [Server thread/WARN]: Mismatch in destroy block pos: class_2338{x=-450, y=75, z=285} class_2338{x=-443, y=74, z=294}
[02:15:55] [Server thread/WARN]: Mismatch in destroy block pos: class_2338{x=-450, y=75, z=285} class_2338{x=-443, y=74, z=294}
[02:15:55] [Server thread/WARN]: Mismatch in destroy block pos: class_2338{x=-450, y=75, z=285} class_2338{x=-443, y=74, z=294}
[02:15:55] [Server thread/WARN]: Mismatch in destroy block pos: class_2338{x=-450, y=75, z=285} class_2338{x=-443, y=74, z=294}
[02:15:55] [Server thread/WARN]: Mismatch in destroy block pos: class_2338{x=-450, y=75, z=285} class_2338{x=-443, y=74, z=294}
[02:15:55] [Server thread/WARN]: Mismatch in destroy block pos: class_2338{x=-450, y=75, z=285} class_2338{x=-443, y=74, z=294}
[02:15:55] [Server thread/WARN]: Mismatch in destroy block pos: class_2338{x=-450, y=75, z=285} class_2338{x=-443, y=74, z=294}
[02:15:56] [Server thread/WARN]: Mismatch in destroy block pos: class_2338{x=-450, y=75, z=285} class_2338{x=-443, y=74, z=294}
[02:15:56] [Server thread/WARN]: Mismatch in destroy block pos: class_2338{x=-450, y=75, z=285} class_2338{x=-443, y=74, z=294}
[02:16:03] [Server thread/INFO]: <togga99> ok eg ætla að fara að sofa þarf að gera mig andlega tibúna fyrir skolann sjaumst
[02:16:10] [Server thread/INFO]: <A11y_UwU> ok
[02:16:14] [Server thread/INFO]: <A11y_UwU> sjáums
[02:16:16] [Server thread/INFO]: <A11y_UwU> t
[02:16:21] [Server thread/INFO]: togga99 lost connection: Disconnected
[02:16:21] [Server thread/INFO]: togga99 left the game
[02:17:32] [Server thread/WARN]: Mismatch in destroy block pos: class_2338{x=-478, y=75, z=277} class_2338{x=-480, y=75, z=276}
[02:17:32] [Server thread/WARN]: Mismatch in destroy block pos: class_2338{x=-478, y=75, z=277} class_2338{x=-480, y=75, z=276}
[02:32:38] [Server thread/INFO]: A11y_UwU lost connection: Disconnected
[02:32:38] [Server thread/INFO]: A11y_UwU left the game
[06:15:10] [Server thread/WARN]: Fetching packet for removed entity class_1542['Air'/672721, l='ServerLevel[world]', x=-292.08, y=253.00, z=114.06]
[06:30:21] [Server thread/WARN]: Fetching packet for removed entity class_1542['Air'/688510, l='ServerLevel[world]', x=-291.05, y=252.77, z=113.30]
[13:28:57] [Server thread/INFO]: Stopping the server
[13:28:57] [Server thread/INFO]: Stopping server
[13:28:57] [Server thread/INFO]: Saving players
[13:28:57] [Server thread/INFO]: Saving worlds
[13:28:57] [Server thread/INFO]: Saving chunks for level 'ServerLevel[world]'/minecraft:overworld
[13:28:58] [Server thread/INFO]: ThreadedAnvilChunkStorage (world): All chunks are saved
[13:28:58] [Server thread/INFO]: Saving chunks for level 'ServerLevel[world]'/minecraft:the_nether
[13:28:58] [Server thread/INFO]: ThreadedAnvilChunkStorage (DIM-1): All chunks are saved
[13:28:58] [Server thread/INFO]: Saving chunks for level 'ServerLevel[world]'/minecraft:the_end
[13:28:58] [Server thread/INFO]: ThreadedAnvilChunkStorage (DIM1): All chunks are saved
[13:28:58] [Server thread/INFO]: ThreadedAnvilChunkStorage (world): All chunks are saved
[13:28:59] [Server thread/INFO]: ThreadedAnvilChunkStorage (DIM-1): All chunks are saved
[13:28:59] [Server thread/INFO]: ThreadedAnvilChunkStorage (DIM1): All chunks are saved
